スコア: 8590518
5 4 3 4 2 229 264 245 80 253 501 462 0 0 460 0 0 329 407 0 0 0 0 114 0
一番高いモンスター: 6524
召喚 ID: 524
スコア: 8596966
0 1 2 1 1 229 264 245 80 253 501 462 0 0 460 0 0 329 407 0 0 0 0 114 0
一番高いモンスター: -1
スコア: 8596966
2 3 4 2 6 230 264 246 80 253 504 464 0 0 460 0 0 329 407 0 0 0 0 115 0
一番高いモンスター: 6036
召喚 ID: 747
スコア: 8602894
0 1 0 0 4 230 264 246 80 253 504 464 0 0 460 0 0 329 407 0 0 0 0 115 0
一番高いモンスター: -1
スコア: 8602894
0 1 0 0 4 230 264 246 80 253 504 464 0 0 460 0 0 329 407 0 0 0 0 115 0
一番高いモンスター: -1
スコア: 8602894
0 1 0 0 4 230 264 246 80 253 504 464 0 0 460 0 0 329 407 0 0 0 0 115 0
一番高いモンスター: -1
スコア: 8602894
0 1 0 0 4 230 264 246 80 253 504 464 0 0 460 0 0 329 407 0 0 0 0 115 0
一番高いモンスター: -1
スコア: 8602894
0 1 0 0 4 230 264 246 80 253 504 464 0 0 460 0 0 329 407 0 0 0 0 115 0
一番高いモンスター: -1
スコア: 8602894
0 1 0 0 4 230 264 246 80 253 504 464 0 0 460 0 0 329 407 0 0 0 0 115 0
一番高いモンスター: -1
スコア: 8602894
0 1 0 0 4 230 264 246 80 253 504 464 0 0 460 0 0 329 407 0 0 0 0 115 0
一番高いモンスター: -1
スコア: 8602894
0 1 0 0 4 230 264 246 80 253 504 464 0 0 460 0 0 329 407 0 0 0 0 115 0
一番高いモンスター: -1
スコア: 8602894
0 2 1 1 8 230 265 249 80 254 506 464 0 0 462 0 0 330 408 0 0 0 0 117 0
一番高いモンスター: 4538
スコア: 8602894
0 2 1 1 8 230 265 249 80 254 506 464 0 0 462 0 0 330 408 0 0 0 0 117 0
一番高いモンスター: 4538
スコア: 8602894
0 2 1 1 8 230 265 249 80 254 506 464 0 0 462 0 0 330 408 0 0 0 0 117 0
一番高いモンスター: 4538
スコア: 8602894
0 2 1 1 8 230 265 249 80 254 506 464 0 0 462 0 0 330 408 0 0 0 0 117 0
一番高いモンスター: 4538
スコア: 8602894
0 2 1 1 8 230 265 249 80 254 506 464 0 0 462 0 0 330 408 0 0 0 0 117 0
一番高いモンスター: 4538
スコア: 8602894
0 2 1 1 8 230 265 249 80 254 506 464 0 0 462 0 0 330 408 0 0 0 0 117 0
一番高いモンスター: 4538
スコア: 8602894
0 2 1 1 8 230 265 249 80 254 506 464 0 0 462 0 0 330 408 0 0 0 0 117 0
一番高いモンスター: 4538
スコア: 8602894
0 2 1 1 8 230 265 249 80 254 506 464 0 0 462 0 0 330 408 0 0 0 0 117 0
一番高いモンスター: 4538
スコア: 8602894
0 2 1 1 8 230 265 249 80 254 506 464 0 0 462 0 0 330 408 0 0 0 0 117 0
一番高いモンスター: 4538
スコア: 8602894
0 2 1 1 8 230 265 249 80 254 506 464 0 0 462 0 0 330 408 0 0 0 0 117 0
一番高いモンスター: 4538
