スコア: 87075866
168 167 165 178 167 3 87 240 1 156 353 191 8 10 357 13 14 37 34 16 10 5 4 16 0
スコア: 87075866
168 167 165 178 167 3 87 240 1 156 353 191 8 10 357 13 14 37 34 16 10 5 4 16 0
求:12 出:17 数:5
一番高いモンスター: 10098	id:953
召喚 ID: 953
スコア: 87082804
167 161 164 177 156 3 87 240 1 156 353 191 13 10 357 13 14 32 34 16 10 5 4 16 0
求:15 出:23 数:5
一番高いモンスター: 10098	id:953
召喚 ID: 953
スコア: 87089740
166 155 163 176 145 3 87 240 1 156 353 191 13 10 357 18 14 32 34 16 10 5 4 11 0
求:8 出:14 数:5
一番高いモンスター: 10098	id:953
召喚 ID: 953
スコア: 87096674
165 149 162 175 134 3 87 240 2 156 353 191 13 10 352 18 14 32 34 16 10 5 4 11 0
求:13 出:18 数:5
一番高いモンスター: 10098	id:953
召喚 ID: 953
スコア: 87103606
164 143 161 174 123 3 87 240 2 156 353 191 13 15 352 18 14 32 29 16 10 5 4 11 0
一番高いモンスター: 10098	id:953
召喚 ID: 953
スコア: 87110535
163 137 160 173 112 3 87 240 2 156 353 191 13 15 352 18 14 32 29 16 10 5 4 11 0
スコア: 87110535
163 137 160 173 112 3 87 240 6 156 353 191 13 15 352 18 14 32 29 16 10 5 4 11 0
求:12 出:7 数:5
一番高いモンスター: 10098	id:953
召喚 ID: 953
スコア: 87117462
165 135 161 173 103 3 91 240 6 158 353 191 13 15 353 18 14 32 30 16 10 5 4 11 0
一番高いモンスター: 10098	id:953
召喚 ID: 953
スコア: 87124387
164 129 160 172 92 3 91 240 6 158 353 191 13 15 353 18 14 32 30 16 10 5 4 11 0
求:5 出:10 数:5
一番高いモンスター: 10098	id:953
召喚 ID: 953
スコア: 87131310
163 123 159 171 81 8 91 240 6 158 348 191 13 15 353 18 14 32 30 16 10 5 4 11 0
求:12 出:7 数:5
一番高いモンスター: 10098	id:953
召喚 ID: 953
スコア: 87138231
162 117 158 170 70 8 91 240 6 158 348 191 13 15 353 18 14 32 30 16 10 5 4 11 0
一番高いモンスター: 10098	id:953
召喚 ID: 953
スコア: 87145150
161 111 157 169 59 8 91 240 6 158 348 191 13 15 353 18 14 32 30 16 10 5 4 11 0
求:8 出:7 数:5
一番高いモンスター: 10098	id:953
召喚 ID: 953
スコア: 87152067
160 105 156 168 48 8 91 240 6 158 348 191 13 15 353 18 14 32 30 16 10 5 4 11 0
求:12 出:7 数:5
一番高いモンスター: 10098	id:953
召喚 ID: 953
スコア: 87158982
159 99 155 167 37 8 91 240 6 158 348 191 13 15 353 18 14 32 30 16 10 5 4 11 0
一番高いモンスター: 10098	id:953
召喚 ID: 953
スコア: 87165895
158 93 154 166 26 8 91 240 6 158 348 191 13 15 353 18 14 32 30 16 10 5 4 11 0
スコア: 87165895
158 93 154 166 26 8 91 240 6 158 348 191 13 15 353 18 14 32 30 16 10 5 4 11 0
求:12 出:17 数:5
一番高いモンスター: 10098	id:953
召喚 ID: 953
スコア: 87172806
157 90 154 168 15 8 94 242 6 159 349 191 18 15 355 18 14 28 31 16 10 5 4 13 0
一番高いモンスター: 10098	id:953
召喚 ID: 953
スコア: 87179715
156 84 153 167 4 8 94 242 6 159 349 191 18 15 355 18 14 28 31 16 10 5 4 13 0
求:8 出:14 数:5
一番高いモンスター: 10094	id:547
召喚 ID: 547
スコア: 87188426
139 82 153 167 3 8 94 242 6 159 349 191 18 15 350 18 14 28 31 16 10 5 4 13 0
求:13 出:7 数:5
一番高いモンスター: 10094	id:547
召喚 ID: 547
スコア: 87197132
122 80 153 167 2 8 94 242 6 159 349 191 18 15 350 18 14 28 31 16 10 5 4 13 0
一番高いモンスター: 10094	id:547
召喚 ID: 547
スコア: 87205833
105 78 153 167 1 8 94 242 6 159 349 191 18 15 350 18 14 28 31 16 10 5 4 13 0
スコア: 87205833
105 78 153 167 1 8 94 242 6 159 349 191 18 15 350 18 14 28 31 16 10 5 4 13 0
求:13 出:18 数:5
一番高いモンスター: 10094	id:547
召喚 ID: 547
スコア: 87214526
88 76 153 167 0 8 94 242 6 159 349 191 18 20 350 18 14 28 26 16 10 5 4 13 0
求:16 出:17 数:5
一番高いモンスター: 10078	id:743
召喚 ID: 743
スコア: 87223079
82 70 145 167 0 8 94 242 6 159 349 191 18 20 350 18 14 23 26 16 10 5 4 13 0
スコア: 87223079
82 70 145 167 0 8 94 242 6 159 349 191 18 20 350 18 14 23 26 16 10 5 4 13 0
求:12 出:18 数:5
一番高いモンスター: 10078	id:743
召喚 ID: 743
スコア: 87231624
76 64 137 167 0 8 94 242 6 159 349 191 23 20 350 18 14 23 21 16 10 5 4 13 0
求:16 出:14 数:5
一番高いモンスター: 10078	id:743
召喚 ID: 743
スコア: 87240164
71 59 130 170 2 8 98 243 6 162 349 193 23 20 351 18 14 23 22 16 10 5 4 13 0
求:8 出:14 数:5
一番高いモンスター: 10094	id:547
召喚 ID: 547
スコア: 87248854
54 57 130 170 1 8 98 243 6 162 349 193 23 20 351 18 14 23 22 16 10 5 4 13 0
求:13 出:7 数:5
一番高いモンスター: 10094	id:547
召喚 ID: 547
スコア: 87257539
37 55 130 170 0 8 98 243 6 162 349 193 23 20 351 18 14 23 22 16 10 5 4 13 0
求:16 出:17 数:5
一番高いモンスター: 10078	id:743
召喚 ID: 743
スコア: 87266074
31 49 122 170 0 8 98 243 6 162 349 193 23 20 351 18 14 23 22 16 10 5 4 13 0
スコア: 87266074
31 49 122 170 0 8 98 243 6 162 349 193 23 20 351 18 14 23 22 16 10 5 4 13 0
求:13 出:7 数:5
一番高いモンスター: 10078	id:743
召喚 ID: 743
スコア: 87274601
25 43 114 170 0 8 98 243 6 162 349 193 23 20 351 18 14 23 22 16 10 5 4 13 0
求:16 出:14 数:5
一番高いモンスター: 10078	id:743
召喚 ID: 743
スコア: 87283123
19 37 106 170 0 8 98 243 6 162 349 193 23 20 351 18 14 23 22 16 10 5 4 13 0
求:8 出:14 数:5
一番高いモンスター: 10078	id:743
召喚 ID: 743
スコア: 87291640
13 31 98 170 0 8 98 243 6 162 349 193 23 20 351 18 14 23 22 16 10 5 4 13 0
求:13 出:7 数:5
一番高いモンスター: 10078	id:743
召喚 ID: 743
スコア: 87300152
7 25 90 170 0 8 98 243 6 162 349 193 23 20 351 18 14 23 22 16 10 5 4 13 0
求:16 出:17 数:5
一番高いモンスター: 10078	id:743
召喚 ID: 743
スコア: 87308658
2 21 86 173 2 8 98 247 6 163 349 196 23 20 351 18 14 23 22 16 10 5 4 13 0
求:8 出:14 数:5
一番高いモンスター: 10066	id:624
召喚 ID: 624
スコア: 87317471
0 11 82 171 0 8 98 247 6 163 349 196 23 20 351 18 14 23 22 16 10 5 4 13 0
求:13 出:14 数:5
一番高いモンスター: 10036	id:847
召喚 ID: 847
スコア: 87325763
0 11 75 158 0 8 98 247 6 163 349 196 23 20 351 18 14 23 22 16 10 5 4 13 0
一番高いモンスター: 10036	id:847
召喚 ID: 847
