スコア: 52960108
6 11 4 9 7 8 9 13 0 8 266 147 8 0 334 10 12 96 102 16 0 0 0 5 0
求:15 出:18 数:5
一番高いモンスター: 534239
召喚 ID: 113
スコア: 53387974
6 11 4 9 7 8 9 13 0 8 266 147 8 0 334 8 10 94 101 13 0 0 0 5 0
求:13 出:14 数:5
一番高いモンスター: 534239
召喚 ID: 113
スコア: 53815712
6 11 4 9 7 8 9 13 0 8 266 147 8 0 334 6 8 92 100 10 0 0 0 5 0
求:15 出:18 数:5
一番高いモンスター: 534239
召喚 ID: 113
スコア: 54243065
6 11 4 9 7 8 9 13 0 8 266 147 8 0 334 4 6 90 99 7 0 0 0 5 0
求:13 出:18 数:5
一番高いモンスター: 534239
召喚 ID: 113
スコア: 54670290
6 11 4 9 7 8 9 13 0 8 266 147 8 0 334 2 4 88 98 4 0 0 0 5 0
求:15 出:18 数:5
一番高いモンスター: 534239
召喚 ID: 113
スコア: 55097386
6 11 4 9 7 8 9 13 0 8 266 147 8 0 334 0 2 86 97 1 0 0 0 5 0
求:13 出:18 数:5
一番高いモンスター: 174306
召喚 ID: 196
