スコア: 5652541
601 612 588 587 561 4 54 31 0 3 284 266 0 0 251 0 0 237 223 0 0 0 0 1 0
一番高いモンスター: 50801
召喚 ID: 385
スコア: 5702466
601 612 588 587 561 0 50 20 0 3 284 266 0 0 251 0 0 237 223 0 0 0 0 1 0
一番高いモンスター: 38018
スコア: 5702466
601 612 588 587 561 0 50 20 0 3 284 266 0 0 251 0 0 237 223 0 0 0 0 1 0
一番高いモンスター: 38018
スコア: 5702466
601 612 588 587 561 0 50 20 0 3 284 266 0 0 251 0 0 237 223 0 0 0 0 1 0
一番高いモンスター: 38018
スコア: 5702466
601 612 588 587 561 0 50 20 0 3 284 266 0 0 251 0 0 237 223 0 0 0 0 1 0
一番高いモンスター: 38018
スコア: 5702466
601 617 589 589 561 1 51 21 0 5 285 267 0 0 253 0 0 239 224 0 0 0 0 1 0
一番高いモンスター: 48387
召喚 ID: 392
スコア: 5750520
601 617 589 589 561 1 46 14 0 1 285 267 0 0 253 0 0 239 224 0 0 0 0 1 0
一番高いモンスター: 31539
スコア: 5750520
601 617 589 589 561 1 46 14 0 1 285 267 0 0 253 0 0 239 224 0 0 0 0 1 0
一番高いモンスター: 31539
スコア: 5750520
601 617 589 589 561 1 46 14 0 1 285 267 0 0 253 0 0 239 224 0 0 0 0 1 0
一番高いモンスター: 31539
スコア: 5750520
601 617 589 589 561 1 46 14 0 1 285 267 0 0 253 0 0 239 224 0 0 0 0 1 0
一番高いモンスター: 31539
スコア: 5750520
604 618 590 593 564 2 48 14 0 1 287 268 0 0 253 0 0 239 224 0 0 0 0 3 0
一番高いモンスター: 31539
スコア: 5750520
604 618 590 593 564 2 48 14 0 1 287 268 0 0 253 0 0 239 224 0 0 0 0 3 0
一番高いモンスター: 31539
スコア: 5750520
604 618 590 593 564 2 48 14 0 1 287 268 0 0 253 0 0 239 224 0 0 0 0 3 0
一番高いモンスター: 31539
スコア: 5750520
604 618 590 593 564 2 48 14 0 1 287 268 0 0 253 0 0 239 224 0 0 0 0 3 0
一番高いモンスター: 31539
スコア: 5750520
608 619 591 594 568 2 49 16 0 1 289 268 0 0 256 0 0 240 224 0 0 0 0 3 0
一番高いモンスター: 31539
スコア: 5750520
608 619 591 594 568 2 49 16 0 1 289 268 0 0 256 0 0 240 224 0 0 0 0 3 0
一番高いモンスター: 31539
スコア: 5750520
608 619 591 594 568 2 49 16 0 1 289 268 0 0 256 0 0 240 224 0 0 0 0 3 0
一番高いモンスター: 31539
スコア: 5750520
608 619 591 594 568 2 49 16 0 1 289 268 0 0 256 0 0 240 224 0 0 0 0 3 0
一番高いモンスター: 31539
スコア: 5750520
608 619 591 594 568 2 49 16 0 1 289 268 0 0 256 0 0 240 224 0 0 0 0 3 0
一番高いモンスター: 31539
スコア: 5750520
609 621 591 598 572 3 50 19 0 1 289 269 0 0 256 0 0 241 226 0 0 0 0 3 0
一番高いモンスター: 32202
スコア: 5750520
609 621 591 598 572 3 50 19 0 1 289 269 0 0 256 0 0 241 226 0 0 0 0 3 0
一番高いモンスター: 32202
スコア: 5750520
609 621 591 598 572 3 50 19 0 1 289 269 0 0 256 0 0 241 226 0 0 0 0 3 0
一番高いモンスター: 32202
スコア: 5750520
609 621 591 598 572 3 50 19 0 1 289 269 0 0 256 0 0 241 226 0 0 0 0 3 0
一番高いモンスター: 32202
スコア: 5750520
609 621 591 598 572 3 50 19 0 1 289 269 0 0 256 0 0 241 226 0 0 0 0 3 0
一番高いモンスター: 32202
スコア: 5750520
609 622 593 599 576 4 53 21 0 2 292 269 0 0 256 0 0 242 227 0 0 0 0 3 0
一番高いモンスター: 50801
召喚 ID: 385
スコア: 5800385
609 622 593 599 576 0 49 10 0 2 292 269 0 0 256 0 0 242 227 0 0 0 0 3 0
一番高いモンスター: 38018
スコア: 5800385
609 622 593 599 576 0 49 10 0 2 292 269 0 0 256 0 0 242 227 0 0 0 0 3 0
一番高いモンスター: 38018
スコア: 5800385
609 622 593 599 576 0 49 10 0 2 292 269 0 0 256 0 0 242 227 0 0 0 0 3 0
一番高いモンスター: 38018
スコア: 5800385
609 622 593 599 576 0 49 10 0 2 292 269 0 0 256 0 0 242 227 0 0 0 0 3 0
一番高いモンスター: 38018
スコア: 5800385
611 625 597 601 576 0 50 12 0 4 292 270 0 0 256 0 0 242 230 0 0 0 0 3 0
一番高いモンスター: 48387
召喚 ID: 392
スコア: 5848410
611 625 597 601 576 0 45 5 0 0 292 270 0 0 256 0 0 242 230 0 0 0 0 3 0
一番高いモンスター: 31539
スコア: 5848410
611 625 597 601 576 0 45 5 0 0 292 270 0 0 256 0 0 242 230 0 0 0 0 3 0
一番高いモンスター: 31539
スコア: 5848410
611 625 597 601 576 0 45 5 0 0 292 270 0 0 256 0 0 242 230 0 0 0 0 3 0
一番高いモンスター: 31539
