スコア: 77374027
62 63 61 75 64 50 142 183 0 96 326 189 2 1 379 15 7 56 61 11 7 0 5 14 2
求:21 出:18 数:1
一番高いモンスター: 129751
スコア: 77374027
62 63 61 75 64 50 142 183 0 96 326 189 2 1 379 15 7 56 65 11 7 0 5 14 2
求:8 出:7 数:5
一番高いモンスター: 129751
スコア: 77374027
62 63 61 75 64 50 142 183 0 96 326 189 2 1 379 15 7 56 65 11 7 0 5 14 2
求:13 出:14 数:5
一番高いモンスター: 129751
スコア: 77374027
62 63 61 75 64 50 142 183 0 96 326 189 2 1 379 15 7 56 65 11 7 0 5 14 2
求:16 出:18 数:5
一番高いモンスター: 129751
スコア: 77374027
62 63 61 75 64 50 142 183 0 96 326 189 2 1 379 15 7 56 65 11 7 0 5 14 2
求:21 出:23 数:1
一番高いモンスター: 129751
スコア: 77374027
62 63 61 75 64 50 142 183 0 96 326 189 2 1 379 15 7 56 65 11 7 0 5 14 2
求:8 出:7 数:5
一番高いモンスター: 129751
スコア: 77374027
62 63 61 75 64 50 142 183 0 96 326 189 2 1 379 15 7 56 65 11 7 0 5 14 2
求:13 出:14 数:5
一番高いモンスター: 129751
スコア: 77374027
62 63 61 75 64 50 142 183 0 96 326 189 2 1 379 15 7 56 65 11 7 0 5 14 2
求:16 出:18 数:5
一番高いモンスター: 129751
スコア: 77374027
62 63 61 75 64 50 142 183 0 96 326 189 2 1 379 15 7 56 65 11 7 0 5 14 2
求:21 出:23 数:1
一番高いモンスター: 129751
スコア: 77374027
63 66 62 75 66 53 143 184 0 97 327 191 2 1 380 15 7 57 66 11 7 0 5 15 2
求:8 出:7 数:5
一番高いモンスター: 129751
スコア: 77374027
63 66 62 75 66 53 143 184 0 97 327 191 2 1 380 15 7 57 66 11 7 0 5 15 2
求:13 出:14 数:5
一番高いモンスター: 129751
スコア: 77374027
63 66 62 75 66 53 143 184 0 97 327 191 2 1 380 15 7 57 66 11 7 0 5 15 2
求:16 出:18 数:5
一番高いモンスター: 129751
スコア: 77374027
63 66 62 75 66 53 143 184 0 97 327 191 2 1 380 15 7 57 66 11 7 0 5 15 2
求:21 出:18 数:1
一番高いモンスター: 129751
スコア: 77374027
63 66 62 75 66 53 143 184 0 97 327 191 2 1 380 15 7 57 66 11 7 0 5 15 2
求:8 出:7 数:5
一番高いモンスター: 129751
スコア: 77374027
63 66 62 75 66 53 143 184 0 97 327 191 2 1 380 15 7 57 66 11 7 0 5 15 2
求:13 出:14 数:5
一番高いモンスター: 129751
スコア: 77374027
63 66 62 75 66 53 143 184 0 97 327 191 2 1 380 15 7 57 66 11 7 0 5 15 2
求:16 出:18 数:5
一番高いモンスター: 129751
スコア: 77374027
63 66 62 75 66 53 143 184 0 97 327 191 2 1 380 15 7 57 66 11 7 0 5 15 2
求:21 出:18 数:1
一番高いモンスター: 129751
スコア: 77374027
63 66 62 75 66 53 143 184 0 97 327 191 2 1 380 15 7 57 66 11 7 0 5 15 2
求:8 出:7 数:5
一番高いモンスター: 129751
スコア: 77374027
63 68 69 76 66 54 143 185 0 98 329 191 2 1 381 15 7 58 67 11 7 0 5 17 2
求:13 出:7 数:5
一番高いモンスター: 129751
スコア: 77374027
63 68 69 76 66 54 143 185 0 98 329 191 2 1 381 15 7 58 67 11 7 0 5 17 2
求:16 出:14 数:5
一番高いモンスター: 129751
スコア: 77374027
63 68 69 76 66 54 143 185 0 98 329 191 2 1 381 15 7 58 67 11 7 0 5 17 2
求:21 出:23 数:1
一番高いモンスター: 129751
スコア: 77374027
63 68 69 76 66 54 143 185 0 98 329 191 2 1 381 15 7 58 67 11 7 0 5 17 2
求:8 出:7 数:5
一番高いモンスター: 129751
スコア: 77374027
63 68 69 76 66 54 143 185 0 98 329 191 2 1 381 15 7 58 67 11 7 0 5 17 2
求:13 出:14 数:5
一番高いモンスター: 129751
スコア: 77374027
63 68 69 76 66 54 143 185 0 98 329 191 2 1 381 15 7 58 67 11 7 0 5 17 2
求:16 出:18 数:5
一番高いモンスター: 129751
スコア: 77374027
63 68 69 76 66 54 143 185 0 98 329 191 2 1 381 15 7 58 67 11 7 0 5 17 2
求:21 出:18 数:1
一番高いモンスター: 129751
スコア: 77374027
63 68 69 76 66 54 143 185 0 98 329 191 2 1 381 15 7 58 67 11 7 0 5 17 2
求:8 出:7 数:5
一番高いモンスター: 129751
スコア: 77374027
63 68 69 76 66 54 143 185 0 98 329 191 2 1 381 15 7 58 67 11 7 0 5 17 2
求:13 出:14 数:5
一番高いモンスター: 129751
スコア: 77374027
65 68 72 77 68 57 145 186 0 99 330 191 2 1 383 15 7 59 67 11 7 0 5 18 2
求:16 出:18 数:5
一番高いモンスター: 129751
スコア: 77374027
65 68 72 77 68 57 145 186 0 99 330 191 2 1 383 15 7 59 67 11 7 0 5 18 2
求:21 出:23 数:1
一番高いモンスター: 129751
スコア: 77374027
65 68 72 77 68 57 145 186 0 100 330 191 2 1 383 15 7 59 67 11 7 0 5 18 2
求:8 出:7 数:5
一番高いモンスター: 129751
スコア: 77374027
65 68 72 77 68 57 145 186 0 100 330 191 2 1 383 15 7 59 67 11 7 0 5 18 2
求:13 出:14 数:5
一番高いモンスター: 129751
スコア: 77374027
65 68 72 77 68 57 145 186 0 100 330 191 2 1 383 15 7 59 67 11 7 0 5 18 2
求:16 出:18 数:5
一番高いモンスター: 129751
スコア: 77374027
65 68 72 77 68 57 145 186 0 100 330 191 2 1 383 15 7 59 67 11 7 0 5 18 2
求:21 出:23 数:1
一番高いモンスター: 129751
スコア: 77374027
65 68 72 77 68 57 145 186 0 100 330 191 2 1 383 15 7 59 67 11 7 0 5 18 2
求:8 出:7 数:5
一番高いモンスター: 129751
スコア: 77374027
65 68 72 77 68 57 145 186 0 100 330 191 2 1 383 15 7 59 67 11 7 0 5 18 2
求:13 出:7 数:5
一番高いモンスター: 129751
スコア: 77374027
65 68 72 77 68 57 145 186 0 100 330 191 2 1 383 15 7 59 67 11 7 0 5 18 2
求:16 出:18 数:5
一番高いモンスター: 129751
スコア: 77374027
65 71 75 78 71 60 145 186 0 101 330 193 2 1 384 15 7 60 68 11 7 0 5 19 2
求:21 出:18 数:1
一番高いモンスター: 129751
スコア: 77374027
65 71 75 78 71 60 145 186 0 101 330 193 2 1 384 15 7 60 68 11 7 0 5 19 2
求:8 出:7 数:5
一番高いモンスター: 129751
スコア: 77374027
65 71 75 78 71 60 145 186 0 101 330 193 2 1 384 15 7 60 68 11 7 0 5 19 2
求:13 出:14 数:5
一番高いモンスター: 129751
スコア: 77374027
65 71 75 78 71 60 145 186 0 101 330 193 2 1 384 15 7 60 68 11 7 0 5 19 2
求:16 出:14 数:5
一番高いモンスター: 129751
スコア: 77374027
65 71 75 78 71 60 145 186 0 101 330 193 2 1 384 15 7 60 68 11 7 0 5 19 2
求:21 出:18 数:1
一番高いモンスター: 129751
スコア: 77374027
65 71 75 78 71 60 145 186 0 101 330 193 2 1 384 15 7 60 68 11 7 0 5 19 2
求:8 出:7 数:5
一番高いモンスター: 129751
スコア: 77374027
65 71 75 78 71 60 145 186 0 102 330 193 2 1 384 15 7 60 68 11 7 0 5 19 2
求:13 出:7 数:5
一番高いモンスター: 129751
スコア: 77374027
65 71 75 78 71 60 145 186 0 102 330 193 2 1 384 15 7 60 68 11 7 0 5 19 2
求:16 出:14 数:5
一番高いモンスター: 129751
スコア: 77374027
65 71 75 78 71 60 145 186 0 102 330 193 2 1 384 15 7 60 68 11 7 0 5 19 2
求:21 出:18 数:1
一番高いモンスター: 129751
スコア: 77374027
68 73 79 81 72 60 145 187 0 102 331 194 2 1 385 15 7 61 69 11 7 0 5 20 2
求:8 出:7 数:5
一番高いモンスター: 129751
スコア: 77374027
68 73 79 81 72 60 145 187 0 102 331 194 2 1 385 15 7 61 69 11 7 0 5 20 2
求:13 出:7 数:5
一番高いモンスター: 129751
スコア: 77374027
68 73 79 81 72 60 145 187 0 102 331 194 2 1 385 15 7 61 69 11 7 0 5 20 2
求:16 出:14 数:5
一番高いモンスター: 129751
スコア: 77374027
68 73 79 81 72 60 145 187 0 102 331 194 2 1 385 15 7 61 69 11 7 0 5 20 2
求:21 出:18 数:1
一番高いモンスター: 129751
スコア: 77374027
68 73 79 81 72 60 145 187 0 102 331 194 2 1 385 15 7 61 69 11 7 0 5 20 2
求:8 出:7 数:5
一番高いモンスター: 129751
スコア: 77374027
68 73 79 81 72 60 145 187 0 102 331 194 2 1 385 15 7 61 69 11 7 0 5 20 2
求:13 出:7 数:5
一番高いモンスター: 129751
スコア: 77374027
68 73 79 81 72 60 145 187 0 102 331 194 2 1 385 15 7 61 69 11 7 0 5 20 2
求:16 出:18 数:5
一番高いモンスター: 129751
スコア: 77374027
68 73 79 81 72 60 145 187 0 102 331 194 2 1 385 15 7 61 69 11 7 0 5 20 2
求:21 出:23 数:1
一番高いモンスター: 129751
スコア: 77374027
68 73 79 81 72 60 145 187 0 102 331 194 2 1 385 15 7 61 69 11 7 0 5 20 2
求:8 出:7 数:5
一番高いモンスター: 129751
スコア: 77374027
68 73 79 81 72 60 145 187 0 102 331 194 2 1 385 15 7 61 69 11 7 0 5 20 2
求:13 出:14 数:5
一番高いモンスター: 129751
スコア: 77374027
69 76 81 83 74 62 146 188 0 104 332 195 2 1 385 15 7 61 72 11 7 0 5 20 2
求:16 出:14 数:5
一番高いモンスター: 129751
スコア: 77374027
69 76 81 83 74 62 146 188 0 104 332 195 2 1 385 15 7 61 72 11 7 0 5 20 2
求:21 出:18 数:1
一番高いモンスター: 129751
スコア: 77374027
69 76 81 83 74 62 146 188 0 104 332 195 2 1 385 15 7 61 72 11 7 0 5 20 2
求:8 出:7 数:5
一番高いモンスター: 129751
スコア: 77374027
69 76 81 83 74 62 146 188 0 104 332 195 2 1 385 15 7 61 72 11 7 0 5 20 2
求:13 出:14 数:5
一番高いモンスター: 129751
スコア: 77374027
69 76 81 83 74 62 146 188 0 104 332 195 2 1 385 15 7 61 72 11 7 0 5 20 2
求:16 出:14 数:5
一番高いモンスター: 129751
スコア: 77374027
69 76 81 83 74 62 146 188 0 104 332 195 2 1 385 15 7 61 72 11 7 0 5 20 2
求:21 出:23 数:1
一番高いモンスター: 129751
スコア: 77374027
69 76 81 83 74 62 146 188 0 104 332 195 2 1 385 15 7 61 72 11 7 0 5 20 2
求:8 出:7 数:5
一番高いモンスター: 129751
スコア: 77374027
69 76 81 83 74 62 146 188 0 104 332 195 2 1 385 15 7 61 72 11 7 0 5 20 2
求:13 出:14 数:5
一番高いモンスター: 129751
スコア: 77374027
69 76 81 83 74 62 146 188 0 104 332 195 2 1 385 15 7 61 72 11 7 1 5 20 2
求:16 出:18 数:5
一番高いモンスター: 129751
スコア: 77374027
70 77 82 85 78 62 146 189 0 107 334 196 2 1 386 15 7 62 73 11 7 1 5 21 2
求:21 出:18 数:1
一番高いモンスター: 129751
スコア: 77374027
70 77 82 85 78 62 146 189 0 107 334 196 2 1 386 15 7 62 73 11 7 1 5 21 2
求:8 出:7 数:5
一番高いモンスター: 129751
スコア: 77374027
70 77 82 85 78 62 146 189 0 107 334 196 2 1 386 15 7 62 73 11 7 1 5 21 2
求:13 出:7 数:5
一番高いモンスター: 129751
スコア: 77374027
70 77 82 85 78 62 146 189 0 107 334 196 2 1 386 15 7 62 73 11 7 1 5 21 2
求:16 出:14 数:5
一番高いモンスター: 129751
スコア: 77374027
70 77 82 85 78 62 146 189 0 108 334 196 2 1 386 15 7 62 73 11 7 1 5 21 2
求:21 出:18 数:1
一番高いモンスター: 129751
スコア: 77374027
70 77 82 85 78 62 146 189 0 108 334 196 2 1 386 15 7 62 73 11 7 1 5 21 2
求:8 出:7 数:5
一番高いモンスター: 129751
スコア: 77374027
70 77 82 85 78 62 146 189 0 108 334 196 2 1 386 15 7 62 73 11 7 1 5 21 2
求:13 出:7 数:5
一番高いモンスター: 129751
スコア: 77374027
70 77 82 85 78 62 146 189 0 108 334 196 2 1 386 15 7 62 73 11 7 1 5 21 2
求:16 出:14 数:5
一番高いモンスター: 129751
スコア: 77374027
70 77 82 85 78 62 146 189 0 108 334 196 2 1 386 15 7 62 73 11 7 1 5 21 2
求:21 出:23 数:1
一番高いモンスター: 129751
スコア: 77374027
72 77 84 90 79 62 146 193 0 108 335 196 2 1 388 15 7 63 73 11 7 1 5 23 2
求:8 出:7 数:5
一番高いモンスター: 129751
スコア: 77374027
72 77 84 90 79 62 146 193 0 108 335 196 2 1 388 15 7 63 73 11 7 1 5 23 2
求:13 出:7 数:5
一番高いモンスター: 129751
スコア: 77374027
72 77 84 90 79 62 146 193 0 108 335 196 2 1 388 15 7 63 73 11 7 1 5 23 2
求:16 出:18 数:5
一番高いモンスター: 129751
スコア: 77374027
72 77 84 90 79 62 146 193 0 108 335 196 2 1 388 15 7 63 73 11 7 1 5 23 2
求:21 出:18 数:1
一番高いモンスター: 129751
スコア: 77374027
72 77 84 90 79 62 146 193 0 108 335 196 2 1 388 15 7 63 73 11 7 1 5 23 2
求:8 出:7 数:5
一番高いモンスター: 129751
スコア: 77374027
72 77 84 90 79 62 146 193 0 108 335 196 2 1 388 15 7 63 73 11 7 1 5 23 2
求:13 出:14 数:5
一番高いモンスター: 129751
スコア: 77374027
72 77 84 90 79 62 146 193 0 108 335 196 2 1 388 15 7 63 73 11 7 1 5 23 2
求:16 出:14 数:5
一番高いモンスター: 129751
スコア: 77374027
72 77 84 90 79 62 146 193 0 109 335 196 2 1 388 15 7 63 73 11 7 1 5 23 2
求:21 出:23 数:1
一番高いモンスター: 129751
スコア: 77374027
72 77 84 90 79 62 146 193 0 109 335 196 2 1 388 15 7 63 73 11 7 1 5 23 2
求:8 出:7 数:5
一番高いモンスター: 129751
スコア: 77374027
72 77 84 90 79 62 146 193 0 109 335 196 2 1 388 15 7 63 73 11 7 1 5 23 2
求:13 出:14 数:5
一番高いモンスター: 129751
スコア: 77374027
77 79 84 92 80 64 147 194 0 110 335 197 2 1 391 15 7 63 74 11 7 1 5 23 2
求:16 出:14 数:5
一番高いモンスター: 129751
スコア: 77374027
77 79 84 92 80 64 147 194 0 110 335 197 2 1 391 15 7 63 74 11 7 1 5 23 2
求:21 出:23 数:1
一番高いモンスター: 129751
スコア: 77374027
77 79 84 92 80 64 147 194 0 110 335 197 2 1 391 15 7 63 74 11 7 1 5 23 2
求:8 出:7 数:5
一番高いモンスター: 129751
スコア: 77374027
77 79 84 92 80 64 147 194 0 110 335 197 2 1 391 15 7 63 74 11 7 1 5 23 2
求:13 出:14 数:5
一番高いモンスター: 129751
スコア: 77374027
77 79 84 92 80 64 147 194 0 110 335 197 2 1 391 15 7 63 74 11 7 1 5 23 2
求:16 出:18 数:5
一番高いモンスター: 129751
スコア: 77374027
77 79 84 92 80 64 147 194 0 110 335 197 2 1 391 15 7 63 74 11 7 1 5 23 2
求:21 出:18 数:1
一番高いモンスター: 129751
スコア: 77374027
77 79 84 92 80 64 147 194 0 110 335 197 2 1 391 15 7 63 74 11 7 1 5 23 2
求:8 出:7 数:5
一番高いモンスター: 129751
スコア: 77374027
77 79 84 92 80 64 147 194 0 110 335 197 2 1 391 15 7 63 74 11 7 1 5 23 2
求:13 出:14 数:5
一番高いモンスター: 129751
スコア: 77374027
77 79 84 92 80 64 147 194 0 110 335 197 2 1 391 15 7 63 74 11 7 1 5 23 2
求:16 出:14 数:5
一番高いモンスター: 129751
スコア: 77374027
77 81 89 96 81 65 150 195 0 110 337 198 2 1 391 15 7 63 74 11 7 1 5 23 2
求:21 出:18 数:1
一番高いモンスター: 129751
スコア: 77374027
77 81 89 96 81 65 150 195 0 110 337 198 2 1 391 15 7 63 74 11 7 1 5 23 2
求:8 出:7 数:5
一番高いモンスター: 129751
スコア: 77374027
77 81 89 96 81 65 150 195 0 110 337 198 2 1 391 15 7 63 74 11 7 1 5 23 2
求:13 出:7 数:5
一番高いモンスター: 129751
スコア: 77374027
77 81 89 96 81 65 150 195 0 110 337 198 2 1 391 15 7 63 74 11 7 1 5 23 2
求:16 出:18 数:5
一番高いモンスター: 129751
スコア: 77374027
77 81 89 96 81 65 150 195 0 111 337 198 2 1 391 15 7 63 74 11 7 1 5 23 2
求:21 出:18 数:1
一番高いモンスター: 129751
スコア: 77374027
77 81 89 96 81 65 150 195 0 111 337 198 2 1 391 15 7 63 74 11 7 1 5 23 2
求:8 出:7 数:5
一番高いモンスター: 129751
スコア: 77374027
77 81 89 96 81 65 150 195 0 111 337 198 2 1 391 15 7 63 74 11 7 1 5 23 2
求:13 出:7 数:5
一番高いモンスター: 129751
スコア: 77374027
77 81 89 96 81 65 150 195 0 111 337 198 2 1 391 15 7 63 74 11 7 1 5 23 2
求:16 出:18 数:5
一番高いモンスター: 129751
スコア: 77374027
77 81 89 96 81 65 150 195 0 111 337 198 2 1 391 15 7 63 74 11 7 1 5 23 2
求:21 出:18 数:1
一番高いモンスター: 129751
スコア: 77374027
79 83 92 100 83 65 151 196 0 113 338 198 2 1 393 15 7 63 74 11 7 1 5 23 2
求:8 出:7 数:5
一番高いモンスター: 129751
スコア: 77374027
79 83 92 100 83 65 151 196 0 113 338 198 2 1 393 15 7 63 74 11 7 1 5 23 2
求:13 出:7 数:5
一番高いモンスター: 129751
スコア: 77374027
79 83 92 100 83 65 151 196 0 113 338 198 2 1 393 15 7 63 74 11 7 1 5 23 2
求:16 出:14 数:5
一番高いモンスター: 129751
スコア: 77374027
79 83 92 100 83 65 151 196 0 113 338 198 2 1 393 15 7 63 74 11 7 1 5 23 2
求:21 出:18 数:1
一番高いモンスター: 129751
スコア: 77374027
79 83 92 100 83 65 151 196 0 113 338 198 2 1 393 15 7 63 74 11 7 1 5 23 2
求:8 出:7 数:5
一番高いモンスター: 129751
スコア: 77374027
79 83 92 100 83 65 151 196 0 113 338 198 2 1 393 15 7 63 74 11 7 1 5 23 2
求:13 出:14 数:5
一番高いモンスター: 129751
スコア: 77374027
79 83 92 100 83 65 151 196 0 113 338 198 2 1 393 15 7 63 74 11 7 1 5 23 2
求:16 出:14 数:5
一番高いモンスター: 129751
スコア: 77374027
79 83 92 100 83 65 151 196 0 113 338 198 2 1 393 15 7 63 74 11 7 1 5 23 2
求:21 出:23 数:1
一番高いモンスター: 129751
スコア: 77374027
79 83 92 100 83 65 151 196 0 113 338 198 2 1 393 15 7 63 74 11 7 1 5 23 2
求:8 出:7 数:5
一番高いモンスター: 129751
スコア: 77374027
81 88 96 101 85 65 151 196 0 115 340 198 2 1 393 15 7 65 74 11 7 1 5 23 2
求:13 出:7 数:5
一番高いモンスター: 129751
スコア: 77374027
81 88 96 101 85 65 151 196 0 115 340 198 2 1 393 15 7 65 74 11 7 1 5 23 2
求:16 出:14 数:5
一番高いモンスター: 129751
スコア: 77374027
81 88 96 101 85 65 151 196 0 115 340 198 2 1 393 15 7 65 74 11 7 1 5 23 2
求:21 出:23 数:1
一番高いモンスター: 129751
スコア: 77374027
81 88 96 101 85 65 151 196 0 115 340 198 2 1 393 15 7 65 74 11 7 1 5 23 2
求:8 出:7 数:5
一番高いモンスター: 129751
スコア: 77374027
81 88 96 101 85 65 151 196 0 115 340 198 2 1 393 15 7 65 74 11 7 1 5 23 2
求:13 出:14 数:5
一番高いモンスター: 129751
スコア: 77374027
81 88 96 101 85 65 151 196 0 115 340 198 2 1 393 15 7 65 74 11 7 1 5 23 2
求:16 出:14 数:5
一番高いモンスター: 129751
スコア: 77374027
81 88 96 101 85 65 151 196 0 115 340 198 2 1 393 15 7 65 74 11 7 1 5 23 2
求:21 出:23 数:1
一番高いモンスター: 129751
スコア: 77374027
81 88 96 101 85 65 151 196 0 115 340 198 2 1 393 15 7 65 74 11 7 1 5 23 2
求:8 出:7 数:5
一番高いモンスター: 129751
スコア: 77374027
81 88 96 101 85 65 151 196 0 115 340 198 2 1 393 15 7 65 74 11 7 1 5 23 2
求:13 出:7 数:5
一番高いモンスター: 129751
スコア: 77374027
81 88 96 101 85 65 151 196 0 115 340 198 2 1 393 15 7 65 74 11 7 1 5 23 2
求:16 出:18 数:5
一番高いモンスター: 129751
スコア: 77374027
81 89 98 104 89 65 152 198 0 117 341 198 2 1 394 15 7 66 74 11 7 1 5 25 2
求:21 出:23 数:1
一番高いモンスター: 129751
スコア: 77374027
81 89 98 104 89 65 152 198 0 117 341 198 2 1 394 15 7 66 74 11 7 1 5 25 2
求:8 出:7 数:5
一番高いモンスター: 129751
スコア: 77374027
81 89 98 104 89 65 152 198 0 117 341 198 2 1 394 15 7 66 74 11 7 1 5 25 2
求:13 出:7 数:5
一番高いモンスター: 129751
スコア: 77374027
81 89 98 104 89 65 152 198 0 117 341 198 2 1 394 15 7 66 74 11 7 1 5 25 2
求:16 出:18 数:5
一番高いモンスター: 129751
スコア: 77374027
81 89 98 104 89 65 152 198 0 117 341 198 2 1 394 15 7 66 74 11 7 1 5 25 2
求:21 出:23 数:1
一番高いモンスター: 129751
スコア: 77374027
81 89 98 104 89 65 152 198 0 117 341 198 2 1 394 15 7 66 74 11 7 1 5 25 2
求:8 出:7 数:5
一番高いモンスター: 129751
スコア: 77374027
81 89 98 104 89 65 152 198 0 117 341 198 2 1 394 15 7 66 74 11 7 1 5 25 2
求:13 出:7 数:5
一番高いモンスター: 129751
スコア: 77374027
81 89 98 104 89 65 152 198 0 117 341 198 2 1 394 15 7 66 74 11 7 1 5 25 2
求:16 出:14 数:5
一番高いモンスター: 129751
スコア: 77374027
81 89 98 104 89 65 152 198 0 117 341 198 2 1 394 15 7 66 74 11 7 1 5 25 2
求:21 出:23 数:1
一番高いモンスター: 129751
スコア: 77374027
83 90 99 106 91 65 153 198 0 118 343 199 2 1 397 15 7 68 75 11 7 1 5 26 2
求:8 出:7 数:5
一番高いモンスター: 129751
スコア: 77374027
83 90 99 106 91 65 153 198 0 118 343 199 2 1 397 15 7 68 75 11 7 1 5 26 2
求:13 出:14 数:5
一番高いモンスター: 129751
スコア: 77374027
83 90 99 106 91 65 153 198 0 118 343 199 2 1 397 15 7 68 75 11 7 1 5 26 2
求:16 出:18 数:5
一番高いモンスター: 129751
スコア: 77374027
83 90 99 106 91 65 153 198 0 118 343 199 2 1 397 15 7 68 75 11 7 1 5 26 2
求:21 出:18 数:1
一番高いモンスター: 129751
スコア: 77374027
83 90 99 106 91 65 153 198 0 118 343 199 2 1 397 15 7 68 75 11 7 1 5 26 2
求:8 出:7 数:5
一番高いモンスター: 129751
スコア: 77374027
83 90 99 106 91 65 153 198 0 118 343 199 2 1 397 15 7 68 75 11 7 1 5 26 2
求:13 出:14 数:5
一番高いモンスター: 129751
スコア: 77374027
83 90 99 106 91 65 153 198 0 118 343 199 2 1 397 15 7 68 75 11 7 1 5 26 2
求:16 出:18 数:5
一番高いモンスター: 129751
スコア: 77374027
83 90 99 106 91 65 153 198 0 118 343 199 2 1 397 15 7 68 75 11 7 1 5 26 2
求:21 出:23 数:1
一番高いモンスター: 129751
スコア: 77374027
83 90 99 106 91 65 153 198 0 118 343 199 2 1 397 15 7 68 75 11 7 1 5 26 2
求:8 出:7 数:5
一番高いモンスター: 129751
スコア: 77374027
87 92 100 107 91 68 153 200 0 122 344 199 2 1 397 15 7 68 77 11 7 1 5 26 2
求:13 出:14 数:5
一番高いモンスター: 129751
スコア: 77374027
87 92 100 107 91 68 153 200 0 123 344 199 2 1 397 15 7 68 77 11 7 1 5 26 2
求:16 出:18 数:5
一番高いモンスター: 129751
スコア: 77374027
87 92 100 107 91 68 153 200 0 123 344 199 2 1 397 15 7 68 77 11 7 1 5 26 2
求:21 出:18 数:1
一番高いモンスター: 129751
スコア: 77374027
87 92 100 107 91 68 153 200 0 123 344 199 2 1 397 15 7 68 77 11 7 1 5 26 2
求:8 出:7 数:5
一番高いモンスター: 129751
スコア: 77374027
87 92 100 107 91 68 153 200 0 123 344 199 2 1 397 15 7 68 77 11 7 1 5 26 2
求:13 出:7 数:5
一番高いモンスター: 129751
スコア: 77374027
87 92 100 107 91 68 153 200 0 123 344 199 2 1 397 15 7 68 77 11 7 1 5 26 2
求:16 出:18 数:5
一番高いモンスター: 129751
スコア: 77374027
87 92 100 107 91 68 153 200 0 123 344 199 2 1 397 15 7 68 77 11 7 1 5 26 2
求:21 出:18 数:1
一番高いモンスター: 129751
スコア: 77374027
87 92 100 107 91 68 153 200 0 123 344 199 2 1 397 15 7 68 77 11 7 1 5 26 2
求:8 出:7 数:5
一番高いモンスター: 129751
スコア: 77374027
87 92 100 107 91 68 153 200 0 123 344 199 2 1 397 15 7 68 77 11 7 1 5 26 2
求:13 出:14 数:5
一番高いモンスター: 129751
スコア: 77374027
88 93 102 110 92 69 155 202 0 124 344 199 2 1 397 15 7 71 79 11 7 1 5 27 2
求:16 出:14 数:5
一番高いモンスター: 129751
スコア: 77374027
88 93 102 110 92 69 155 202 0 124 344 199 2 1 397 15 7 71 79 11 7 1 5 27 2
求:21 出:23 数:1
一番高いモンスター: 129751
スコア: 77374027
88 93 102 110 92 69 155 202 0 124 344 199 2 1 397 15 7 71 79 11 7 1 5 27 2
求:8 出:7 数:5
一番高いモンスター: 129751
スコア: 77374027
88 93 102 110 92 69 155 202 0 124 344 199 2 1 397 15 7 71 79 11 7 1 5 27 2
求:13 出:14 数:5
一番高いモンスター: 129751
スコア: 77374027
88 93 102 110 92 69 155 202 0 124 344 199 2 1 397 15 7 71 79 11 7 1 5 27 2
求:16 出:18 数:5
一番高いモンスター: 129751
スコア: 77374027
88 93 102 110 92 69 155 202 0 124 344 199 2 1 397 15 7 71 79 11 7 1 5 27 2
求:21 出:23 数:1
一番高いモンスター: 129751
スコア: 77374027
88 93 102 110 92 69 155 202 0 124 344 199 2 1 397 15 7 71 79 11 7 1 5 27 2
求:8 出:7 数:5
一番高いモンスター: 129751
スコア: 77374027
88 93 102 110 92 69 155 202 0 124 344 199 2 1 397 15 7 71 79 11 7 1 5 27 2
求:13 出:7 数:5
一番高いモンスター: 129751
スコア: 77374027
88 93 102 110 92 69 155 202 0 124 344 199 2 1 397 15 7 71 79 11 7 1 5 27 2
求:16 出:18 数:5
一番高いモンスター: 129751
