スコア: 64838886
2 4 2 4 4 79 126 101 6 86 260 131 18 16 310 20 10 39 43 10 5 5 5 4 5
求:13 出:14 数:5
一番高いモンスター: 803142
召喚 ID: 15
スコア: 65469312
2 4 2 4 4 79 126 101 6 86 260 131 18 16 310 20 10 39 43 10 4 3 4 3 4
求:16 出:18 数:5
一番高いモンスター: 803142
召喚 ID: 15
スコア: 66099549
2 4 2 4 4 79 126 101 6 86 260 131 18 16 310 20 10 39 43 10 3 1 3 2 3
求:21 出:20 数:5
一番高いモンスター: 800949
召喚 ID: 43
スコア: 66726558
2 4 2 4 4 79 126 101 6 86 260 131 18 16 310 20 10 39 43 10 2 0 2 1 1
求:13 出:14 数:5
一番高いモンスター: 534239
スコア: 66726558
2 4 2 4 4 79 126 101 6 86 260 131 18 16 310 20 10 39 43 10 2 0 2 1 1
求:16 出:18 数:5
一番高いモンスター: 534239
