スコア: 75562521
2 3 0 2 2 17 104 153 0 61 302 162 2 1 349 15 7 36 41 11 6 5 8 4 1
求:13 出:14 数:5
一番高いモンスター: 2507
召喚 ID: 657
スコア: 75564916
1 0 0 2 1 17 104 153 0 61 302 162 2 1 349 15 7 36 41 11 6 5 8 4 1
求:16 出:18 数:5
一番高いモンスター: -1
スコア: 75564916
1 0 0 2 1 17 104 153 0 61 302 162 2 1 349 15 7 36 41 11 6 5 8 4 1
求:24 出:22 数:5
一番高いモンスター: -1
スコア: 75564916
1 0 0 2 1 17 104 153 0 61 302 162 2 1 349 15 7 36 41 11 8 5 3 4 6
求:13 出:14 数:5
一番高いモンスター: -1
スコア: 75564916
1 0 0 2 1 17 104 153 0 61 302 162 2 1 349 15 7 36 41 11 8 5 3 4 6
求:16 出:18 数:5
一番高いモンスター: -1
スコア: 75564916
1 0 0 2 1 17 104 153 0 61 302 162 2 1 349 15 7 36 41 11 8 5 3 4 6
求:22 出:20 数:5
一番高いモンスター: -1
スコア: 75564916
1 0 0 2 1 17 104 153 0 61 302 162 2 1 349 15 7 36 41 11 8 5 3 4 6
求:13 出:14 数:5
一番高いモンスター: -1
スコア: 75564916
1 0 0 2 1 17 104 153 0 61 302 162 2 1 349 15 7 36 41 11 8 5 3 4 6
求:16 出:18 数:5
一番高いモンスター: -1
