スコア: 17164670
2 7 3 3 1 59 59 54 0 53 642 597 0 0 577 0 0 421 479 0 0 2 9 114 0
求:20 出:18 数:4
一番高いモンスター: 6543
召喚 ID: 629
スコア: 17171141
1 0 0 2 0 59 59 54 0 53 642 597 0 0 577 0 0 421 475 0 0 2 9 114 0
求:20 出:18 数:4
一番高いモンスター: -1
スコア: 17171141
1 0 0 2 0 59 59 54 0 53 642 597 0 0 577 0 0 421 475 0 0 2 9 114 0
求:20 出:18 数:4
一番高いモンスター: -1
スコア: 17171141
1 0 0 2 0 59 59 54 0 53 642 597 0 0 577 0 0 421 475 0 0 2 9 114 0
求:20 出:18 数:4
一番高いモンスター: -1
スコア: 17171141
1 0 0 2 0 59 59 54 0 53 642 597 0 0 577 0 0 421 475 0 0 2 9 114 0
求:20 出:18 数:4
一番高いモンスター: -1
スコア: 17171141
1 0 0 2 0 59 59 54 0 53 642 597 0 0 577 0 0 421 475 0 0 2 9 114 0
求:20 出:18 数:4
一番高いモンスター: -1
スコア: 17171141
1 0 0 2 0 59 59 54 0 53 642 597 0 0 577 0 0 421 475 0 0 2 9 114 0
求:20 出:18 数:4
一番高いモンスター: -1
スコア: 17171141
1 0 0 2 0 59 59 54 0 53 642 597 0 0 577 0 0 421 475 0 0 2 9 114 0
求:20 出:18 数:4
一番高いモンスター: -1
スコア: 17171141
1 0 0 2 0 59 59 54 0 53 642 597 0 0 577 0 0 421 475 0 0 2 9 114 0
求:20 出:18 数:4
一番高いモンスター: -1
スコア: 17171141
4 9 1 2 0 60 60 55 0 53 642 597 0 0 579 0 0 422 476 0 0 2 9 114 0
求:20 出:18 数:4
一番高いモンスター: 6010
召喚 ID: 638
スコア: 17177106
0 3 1 0 0 60 60 55 0 53 642 597 0 0 579 0 0 422 476 0 0 2 9 114 0
求:20 出:18 数:4
一番高いモンスター: -1
スコア: 17177106
0 3 1 0 0 60 60 55 0 53 642 597 0 0 579 0 0 422 476 0 0 2 9 114 0
求:20 出:18 数:4
一番高いモンスター: -1
スコア: 17177106
0 3 1 0 0 60 60 55 0 53 642 597 0 0 579 0 0 422 476 0 0 2 9 114 0
求:20 出:18 数:4
一番高いモンスター: -1
スコア: 17177106
0 3 1 0 0 60 60 55 0 53 642 597 0 0 579 0 0 422 476 0 0 2 9 114 0
求:20 出:18 数:4
一番高いモンスター: -1
スコア: 17177106
0 3 1 0 0 60 60 55 0 53 642 597 0 0 579 0 0 422 476 0 0 2 9 114 0
求:20 出:18 数:4
一番高いモンスター: -1
スコア: 17177106
0 3 1 0 0 60 60 55 0 53 642 597 0 0 579 0 0 422 476 0 0 2 9 114 0
求:20 出:18 数:4
一番高いモンスター: -1
スコア: 17177106
0 3 1 0 0 60 60 55 0 53 642 597 0 0 579 0 0 422 476 0 0 2 9 114 0
求:20 出:18 数:4
一番高いモンスター: -1
スコア: 17177106
0 3 1 0 0 60 60 55 0 53 642 597 0 0 579 0 0 422 476 0 0 2 9 114 0
求:20 出:18 数:4
一番高いモンスター: -1
スコア: 17177106
0 3 1 0 0 60 60 55 0 53 642 597 0 0 579 0 0 422 476 0 0 2 9 114 0
求:20 出:18 数:4
一番高いモンスター: -1
