スコア: 8673521
4 1 5 2 3 249 252 261 115 262 517 476 0 0 474 0 0 341 420 0 0 2 0 126 0
出:12 求:10 数:4
一番高いモンスター: 7015
スコア: 8673521
4 1 5 2 3 249 252 261 115 262 517 476 0 0 474 0 0 341 420 0 0 2 0 126 0
出:16 求:18 数:3
一番高いモンスター: 7015
スコア: 8673521
4 1 5 2 3 249 252 261 115 262 517 476 0 0 474 0 0 341 420 0 0 2 0 126 0
出:22 求:23 数:2
一番高いモンスター: 7015
スコア: 8673521
4 1 5 2 3 249 252 261 115 262 517 476 0 0 474 0 0 341 420 0 0 2 0 126 0
出:8 求:9 数:5
一番高いモンスター: 7015
スコア: 8673521
4 1 5 2 3 249 252 261 115 262 517 476 0 0 474 0 0 341 420 0 0 2 0 126 0
出:12 求:10 数:4
一番高いモンスター: 7015
