スコア: 64838886
1 2 0 4 2 76 125 100 6 85 260 128 18 16 308 20 10 37 43 10 5 5 5 4 5
求:13 出:14 数:5
一番高いモンスター: 803142
スコア: 64838886
1 2 0 4 2 76 125 100 6 85 260 128 18 16 308 20 10 37 43 10 5 5 5 4 5
求:16 出:18 数:5
一番高いモンスター: 803142
スコア: 64838886
1 2 0 4 2 76 125 100 6 85 260 128 18 16 308 20 10 37 43 10 5 5 5 4 5
求:23 出:20 数:5
一番高いモンスター: 803142
スコア: 64838886
1 2 0 4 2 76 125 100 6 85 260 128 18 16 308 20 10 37 43 10 5 5 5 4 5
求:13 出:14 数:5
一番高いモンスター: 803142
スコア: 64838886
1 2 0 4 2 76 125 100 6 85 260 128 18 16 308 20 10 37 43 10 5 5 5 4 5
求:16 出:18 数:5
一番高いモンスター: 803142
スコア: 64838886
1 2 0 4 2 76 125 100 6 85 260 128 18 16 308 20 10 37 43 10 5 5 5 4 5
求:23 出:20 数:5
一番高いモンスター: 803142
スコア: 64838886
1 2 0 4 2 76 125 100 6 85 260 128 18 16 308 20 10 37 43 10 5 5 5 4 5
求:13 出:14 数:5
一番高いモンスター: 803142
スコア: 64838886
2 4 2 4 4 79 126 101 6 86 260 131 18 16 310 20 10 39 43 10 5 5 5 4 5
求:16 出:18 数:5
一番高いモンスター: 803142
スコア: 64838886
2 4 2 4 4 79 126 101 6 86 260 131 18 16 310 20 10 39 43 10 5 5 5 4 5
求:23 出:20 数:5
