スコア: 42141033
45 46 46 58 47 19 28 54 1 47 374 323 6 3 409 0 0 264 261 1 0 0 0 1 0
求:15 出:23 数:5
一番高いモンスター: 187041
召喚 ID: 178
スコア: 42318453
45 46 46 58 47 19 28 54 1 47 371 321 0 1 407 1 0 264 261 1 0 0 0 0 0
求:12 出:17 数:5
一番高いモンスター: 111793
スコア: 42318453
45 46 46 58 47 19 28 54 1 47 371 321 5 1 407 1 0 259 261 1 0 0 0 0 0
一番高いモンスター: 174306
召喚 ID: 196
スコア: 42484838
45 46 46 58 47 19 28 54 1 47 368 318 0 1 404 1 0 259 261 1 0 0 0 0 0
求:12 出:18 数:5
一番高いモンスター: 111793
スコア: 42484838
47 51 49 62 49 20 29 54 1 48 368 318 3 1 405 1 0 259 256 1 0 0 0 0 0
一番高いモンスター: 129751
スコア: 42484838
47 51 49 62 49 20 29 54 1 48 368 318 3 1 405 1 0 259 256 1 0 0 0 0 0
求:13 出:17 数:5
一番高いモンスター: 129751
スコア: 42484838
47 51 49 62 49 20 29 54 1 48 368 318 3 1 405 1 0 259 256 1 0 0 0 0 0
一番高いモンスター: 129751
スコア: 42484838
47 51 49 62 49 20 29 54 1 48 368 318 3 1 405 1 0 259 256 1 0 0 0 0 0
求:13 出:17 数:5
一番高いモンスター: 129751
スコア: 42484838
47 51 49 62 49 20 29 54 1 48 368 318 3 1 405 1 0 259 256 1 0 0 0 0 0
一番高いモンスター: 129751
スコア: 42484838
47 51 49 62 49 20 29 54 1 48 368 318 3 1 405 1 0 259 256 1 0 0 0 0 0
求:13 出:17 数:5
一番高いモンスター: 129751
スコア: 42484838
47 51 49 62 49 20 29 54 1 48 368 318 3 1 405 1 0 259 256 1 0 0 0 0 0
一番高いモンスター: 129751
スコア: 42484838
47 51 49 62 49 20 29 54 1 48 368 318 3 1 405 1 0 259 256 1 0 0 0 0 0
求:13 出:17 数:5
一番高いモンスター: 129751
スコア: 42484838
47 51 49 62 49 20 29 54 1 48 368 318 3 1 405 1 0 259 256 1 0 0 0 0 0
一番高いモンスター: 129751
スコア: 42484838
47 51 49 62 49 20 29 54 1 48 368 318 3 1 405 1 0 259 256 1 0 0 0 0 0
求:13 出:17 数:5
一番高いモンスター: 129751
スコア: 42484838
49 53 49 64 53 21 30 56 1 51 369 318 5 1 406 1 0 259 256 1 0 0 0 1 0
求:16 出:23 数:5
一番高いモンスター: 174306
召喚 ID: 196
スコア: 42651123
49 53 49 64 53 21 30 56 1 51 366 315 0 1 403 1 1 259 256 1 0 0 0 0 0
求:12 出:17 数:5
一番高いモンスター: 111793
スコア: 42651123
49 53 49 64 53 21 30 56 1 51 366 315 2 1 403 1 1 254 256 1 0 0 0 0 0
一番高いモンスター: 129751
スコア: 42651123
49 53 49 64 53 21 30 56 1 51 366 315 2 1 403 1 1 254 256 1 0 0 0 0 0
求:13 出:18 数:5
一番高いモンスター: 129751
スコア: 42651123
49 53 49 64 53 21 30 56 1 51 366 315 5 1 403 1 1 254 253 1 0 0 0 0 0
一番高いモンスター: 174306
召喚 ID: 196
スコア: 42817309
49 53 49 64 53 21 30 56 1 51 363 312 0 1 400 1 1 254 253 1 0 0 0 0 0
求:12 出:17 数:5
一番高いモンスター: 111793
スコア: 42817309
49 53 49 64 53 21 30 56 1 51 363 312 0 1 400 1 1 249 253 1 0 0 0 0 0
一番高いモンスター: 111793
スコア: 42817309
49 53 49 64 53 21 30 56 1 51 363 312 0 1 400 1 1 249 253 1 0 0 0 0 0
求:12 出:18 数:5
一番高いモンスター: 111793
スコア: 42817309
49 53 49 64 53 21 30 56 1 51 363 312 3 5 400 1 1 249 248 1 0 0 0 0 0
一番高いモンスター: 187869
召喚 ID: 153
スコア: 42990923
51 53 51 66 54 21 31 59 1 52 363 307 1 0 400 1 1 253 249 1 0 0 0 0 0
求:13 出:17 数:5
一番高いモンスター: 82129
スコア: 42990923
51 53 51 66 54 21 31 59 1 52 363 307 1 0 400 1 1 253 249 1 0 0 0 0 0
一番高いモンスター: 82129
スコア: 42990923
51 53 51 66 54 21 31 59 1 52 363 307 1 0 400 1 1 253 249 1 0 0 0 0 0
求:13 出:17 数:5
一番高いモンスター: 82129
スコア: 42990923
51 53 51 66 54 21 31 59 1 52 363 307 3 4 400 1 1 253 249 1 0 0 0 0 0
一番高いモンスター: 162747
召喚 ID: 221
スコア: 43145623
51 53 51 66 54 21 31 59 1 52 361 306 0 0 397 1 1 253 249 1 0 0 0 0 0
求:12 出:17 数:5
一番高いモンスター: 82129
スコア: 43145623
51 53 51 66 54 21 31 59 1 52 361 306 0 0 397 1 1 253 249 1 0 0 0 0 0
一番高いモンスター: 82129
スコア: 43145623
51 53 51 66 54 21 31 59 1 52 361 306 0 0 397 1 1 253 249 1 0 0 0 0 0
求:12 出:17 数:5
一番高いモンスター: 82129
スコア: 43145623
51 53 51 66 54 21 31 59 1 52 361 306 0 0 397 1 1 253 249 1 0 0 0 0 0
一番高いモンスター: 82129
スコア: 43145623
51 53 51 66 54 21 31 59 1 52 361 306 0 0 397 1 1 253 249 1 0 0 0 0 0
求:12 出:17 数:5
一番高いモンスター: 82129
スコア: 43145623
52 53 53 70 58 22 32 59 1 53 364 307 0 0 397 1 1 253 251 1 0 0 0 0 0
一番高いモンスター: 82129
スコア: 43145623
52 53 53 70 58 22 32 59 1 53 364 307 0 0 397 1 1 253 251 1 0 0 0 0 0
求:12 出:17 数:5
一番高いモンスター: 82129
スコア: 43145623
52 53 53 70 58 22 32 59 1 53 364 307 0 0 397 1 1 253 251 1 0 0 0 0 0
一番高いモンスター: 82129
スコア: 43145623
52 53 53 70 58 22 32 59 1 53 364 307 0 0 397 1 1 253 251 1 0 0 0 0 0
求:12 出:17 数:5
一番高いモンスター: 82129
スコア: 43145623
52 53 53 70 58 22 32 59 1 53 364 307 0 0 397 1 1 253 251 1 0 0 0 0 0
一番高いモンスター: 82129
スコア: 43145623
52 53 53 70 58 22 32 59 1 53 364 307 0 0 397 1 1 253 251 1 0 0 0 0 0
求:12 出:17 数:5
一番高いモンスター: 82129
スコア: 43145623
52 53 53 70 58 22 32 59 1 53 364 307 0 1 397 1 1 253 251 1 0 0 0 0 0
一番高いモンスター: 111793
スコア: 43145623
52 53 53 70 58 22 32 59 1 53 364 307 0 1 397 1 1 253 251 1 0 0 0 0 0
求:12 出:17 数:5
一番高いモンスター: 111793
スコア: 43145623
52 53 53 70 58 22 32 59 1 53 364 307 0 2 397 1 1 253 251 1 0 0 0 0 0
一番高いモンスター: 111793
スコア: 43145623
52 53 53 70 58 22 32 59 1 53 364 307 0 2 397 1 1 253 251 1 0 0 0 0 0
求:12 出:17 数:5
一番高いモンスター: 111793
スコア: 43145623
54 54 55 71 61 22 32 60 1 57 365 307 5 2 397 1 1 255 253 1 0 0 0 1 0
一番高いモンスター: 174306
召喚 ID: 196
スコア: 43311659
54 54 55 71 61 22 32 60 1 57 362 304 0 2 394 1 1 255 253 1 0 0 0 1 0
求:12 出:17 数:5
一番高いモンスター: 111793
スコア: 43311659
54 54 55 71 61 22 32 60 1 57 362 304 0 2 394 1 1 250 253 1 0 0 0 1 0
一番高いモンスター: 111793
スコア: 43311659
54 54 55 71 61 22 32 60 1 57 362 304 0 2 394 1 1 250 253 1 0 0 0 1 0
求:12 出:18 数:5
一番高いモンスター: 111793
スコア: 43311659
54 54 55 71 61 22 32 60 1 57 362 304 1 2 394 1 1 250 248 1 0 0 0 1 0
一番高いモンスター: 111793
スコア: 43311659
54 54 55 71 61 22 32 60 1 57 362 304 1 2 394 1 1 250 248 1 0 0 0 1 0
求:12 出:17 数:5
一番高いモンスター: 111793
スコア: 43311659
54 54 55 71 61 22 32 60 1 57 362 304 1 2 394 1 1 250 248 1 0 0 0 1 0
一番高いモンスター: 111793
スコア: 43311659
54 54 55 71 61 22 32 60 1 57 362 304 1 2 394 1 1 250 248 1 0 0 0 1 0
求:12 出:17 数:5
一番高いモンスター: 111793
スコア: 43311659
54 54 55 71 61 22 32 60 1 57 362 304 6 2 394 1 1 250 248 1 0 0 0 1 0
一番高いモンスター: 187041
召喚 ID: 178
スコア: 43488707
57 54 57 73 64 23 32 61 1 60 360 302 4 0 392 1 1 250 249 1 0 0 0 4 0
求:13 出:17 数:5
一番高いモンスター: 129751
スコア: 43488707
57 54 57 73 64 23 32 61 1 60 360 302 4 3 392 1 1 245 249 1 0 0 0 4 0
求:15 出:23 数:5
一番高いモンスター: 129751
スコア: 43488707
57 54 57 73 64 23 32 61 1 60 360 302 4 3 392 5 1 245 249 1 0 0 0 0 0
求:13 出:18 数:5
一番高いモンスター: 129751
スコア: 43488707
57 54 57 73 64 23 32 61 1 60 360 302 4 6 392 5 1 245 244 1 0 0 0 0 0
一番高いモンスター: 187869
召喚 ID: 153
スコア: 43661386
57 54 57 73 64 23 32 61 1 60 358 296 2 1 392 5 1 245 244 1 0 0 0 0 0
求:13 出:17 数:5
一番高いモンスター: 129751
スコア: 43661386
57 54 57 73 64 23 32 61 1 60 358 296 2 1 392 5 1 242 244 1 0 0 0 0 0
一番高いモンスター: 129751
スコア: 43661386
57 54 57 73 64 23 32 61 1 60 358 296 2 1 392 5 1 242 244 1 0 0 0 0 0
求:13 出:18 数:5
一番高いモンスター: 129751
スコア: 43661386
57 54 57 73 64 23 32 61 1 60 358 296 2 6 392 5 1 242 241 1 0 0 0 0 0
一番高いモンスター: 187869
召喚 ID: 153
スコア: 43833858
57 54 57 73 64 23 32 61 1 60 356 290 0 6 392 5 1 242 241 1 0 0 0 0 0
求:12 出:17 数:5
一番高いモンスター: 111793
スコア: 43833858
58 55 60 75 65 24 37 61 1 63 356 291 5 6 394 5 1 237 241 1 0 0 0 0 0
一番高いモンスター: 187869
召喚 ID: 153
スコア: 44006278
58 55 60 75 65 24 37 61 1 63 354 285 3 1 394 5 1 237 241 1 0 0 0 0 0
求:13 出:18 数:5
一番高いモンスター: 129751
スコア: 44006278
58 55 60 75 65 24 37 61 1 63 354 285 3 1 394 5 1 237 236 1 0 0 0 0 0
一番高いモンスター: 129751
スコア: 44006278
58 55 60 75 65 24 37 61 1 63 354 285 3 1 394 5 1 237 236 1 0 0 0 0 0
求:13 出:17 数:5
一番高いモンスター: 129751
スコア: 44006278
58 55 60 75 65 24 37 61 1 63 354 285 3 9 394 5 1 232 236 1 0 0 0 0 0
一番高いモンスター: 187869
召喚 ID: 153
スコア: 44178543
58 55 60 75 65 24 37 61 1 63 352 279 1 4 394 5 1 232 236 1 0 0 0 0 0
求:12 出:18 数:5
一番高いモンスター: 111793
スコア: 44178543
58 55 60 75 65 24 37 61 1 63 352 279 6 4 394 5 1 232 231 1 0 0 0 0 0
一番高いモンスター: 187041
召喚 ID: 178
スコア: 44355538
58 55 60 75 65 24 37 61 1 63 349 277 0 2 392 5 1 232 231 1 0 0 0 0 0
求:12 出:17 数:5
一番高いモンスター: 111793
スコア: 44355538
58 55 60 75 65 24 37 61 1 63 349 277 5 2 392 5 1 227 231 1 0 0 0 0 0
一番高いモンスター: 174306
召喚 ID: 196
スコア: 44520432
58 55 60 75 65 24 37 61 1 63 346 274 0 2 389 5 1 227 231 1 0 0 0 0 0
求:12 出:18 数:5
一番高いモンスター: 111793
スコア: 44520432
62 55 62 77 68 25 37 61 1 65 348 275 5 2 390 5 1 227 228 1 0 0 0 0 0
一番高いモンスター: 174306
召喚 ID: 196
スコア: 44685178
62 55 62 77 68 25 37 61 1 65 345 272 0 2 387 5 1 227 228 1 0 0 0 0 0
求:12 出:18 数:5
一番高いモンスター: 111793
スコア: 44685178
62 55 62 77 68 25 37 61 1 65 345 272 5 2 387 5 1 227 223 1 0 0 0 0 0
一番高いモンスター: 174306
召喚 ID: 196
スコア: 44849776
62 55 62 77 68 25 37 61 1 65 342 269 0 2 384 5 1 227 223 1 0 0 0 0 0
求:12 出:17 数:5
一番高いモンスター: 111793
スコア: 44849776
62 55 62 77 68 25 37 61 1 65 342 269 5 2 384 5 1 222 223 1 0 0 0 0 0
一番高いモンスター: 174306
召喚 ID: 196
スコア: 45014226
62 55 62 77 68 25 37 61 1 65 339 266 0 2 381 5 1 222 223 1 0 0 0 0 0
求:12 出:18 数:5
一番高いモンスター: 111793
スコア: 45014226
62 55 62 77 68 25 37 61 1 65 339 266 5 2 381 5 1 222 218 1 0 0 0 0 0
一番高いモンスター: 174306
召喚 ID: 196
スコア: 45178528
62 55 62 77 68 25 37 61 1 65 336 263 0 2 378 5 1 222 218 1 0 0 0 0 0
求:12 出:17 数:5
一番高いモンスター: 111793
スコア: 45178528
62 55 62 77 68 25 37 61 1 65 336 263 1 2 378 5 1 217 218 1 0 0 0 0 0
一番高いモンスター: 111793
