スコア: 17074577
3 1 5 4 2 36 31 29 0 32 613 573 0 0 559 0 0 403 463 0 0 2 9 98 0
求:16 出:18 数:3
一番高いモンスター: 5526
召喚 ID: 842
スコア: 17080034
0 0 2 0 2 36 31 29 0 32 613 573 0 0 559 0 0 403 463 0 0 2 9 98 0
求:16 出:18 数:4
一番高いモンスター: -1
スコア: 17080034
0 0 2 0 2 36 31 29 0 32 613 573 0 0 559 0 0 403 462 0 0 2 9 98 0
求:16 出:18 数:4
一番高いモンスター: -1
スコア: 17080034
0 0 2 0 2 36 31 29 0 32 613 573 0 0 559 0 0 403 462 0 0 2 9 98 0
求:16 出:18 数:3
一番高いモンスター: -1
スコア: 17080034
0 0 2 0 2 36 31 29 0 32 613 573 0 0 559 0 0 403 463 0 0 2 9 98 0
求:16 出:18 数:3
一番高いモンスター: -1
スコア: 17080034
0 0 2 0 2 36 31 29 0 32 613 573 0 0 559 0 0 403 463 0 0 2 9 98 0
求:16 出:18 数:4
一番高いモンスター: -1
スコア: 17080034
0 0 2 0 2 36 31 29 0 32 613 573 0 0 559 0 0 403 462 0 0 2 9 98 0
求:16 出:18 数:3
一番高いモンスター: -1
スコア: 17080034
0 0 2 0 2 36 31 29 0 32 613 573 0 0 559 0 0 403 463 0 0 2 9 98 0
求:16 出:18 数:3
一番高いモンスター: -1
スコア: 17080034
0 0 2 0 2 36 31 29 0 32 613 573 0 0 559 0 0 403 463 0 0 2 9 98 0
求:16 出:18 数:4
一番高いモンスター: -1
スコア: 17080034
0 2 5 1 5 36 33 31 0 33 613 574 0 0 560 0 0 405 462 0 0 2 9 100 0
求:16 出:18 数:4
一番高いモンスター: 5001
召喚 ID: 904
スコア: 17084978
0 0 3 0 0 36 33 31 0 33 613 574 0 0 560 0 0 405 462 0 0 2 9 100 0
求:16 出:18 数:4
一番高いモンスター: -1
スコア: 17084978
0 0 3 0 0 36 33 31 0 33 613 574 0 0 560 0 0 405 462 0 0 2 9 100 0
求:16 出:18 数:4
一番高いモンスター: -1
スコア: 17084978
0 0 3 0 0 36 33 31 0 33 613 574 0 0 560 0 0 405 462 0 0 2 9 100 0
求:16 出:18 数:3
一番高いモンスター: -1
