スコア: 64813227
1 1 4 1 3 65 118 97 6 80 252 116 18 16 300 20 10 33 36 10 5 0 0 25 0
求:16 出:18 数:5
一番高いモンスター: 3534
召喚 ID: 925
スコア: 64816644
0 0 3 0 0 65 118 97 6 80 252 116 18 16 300 20 10 33 36 10 5 0 0 25 0
求:21 出:23 数:5
一番高いモンスター: -1
スコア: 64816644
0 0 3 0 0 65 118 97 6 80 252 116 18 16 300 20 10 33 36 10 5 5 0 20 0
スコア: 64816644
0 0 3 0 0 65 118 97 6 80 252 116 18 16 300 20 10 33 36 10 5 5 0 20 0
求:13 出:14 数:5
一番高いモンスター: -1
スコア: 64816644
0 0 3 0 0 65 118 97 6 80 252 116 18 16 300 20 10 33 36 10 5 5 0 20 0
求:16 出:18 数:5
一番高いモンスター: -1
スコア: 64816644
0 0 3 0 0 65 118 97 6 80 252 116 18 16 300 20 10 33 36 10 5 5 0 20 0
求:22 出:23 数:5
一番高いモンスター: -1
スコア: 64816644
0 0 3 0 0 65 118 97 6 80 252 116 18 16 300 20 10 33 36 10 5 5 5 15 0
スコア: 64816644
1 1 4 2 1 70 119 97 6 81 252 118 18 16 302 20 10 33 38 10 5 5 5 16 0
求:13 出:14 数:5
一番高いモンスター: 3016
召喚 ID: 757
スコア: 64819580
0 1 1 0 1 70 119 97 6 81 252 118 18 16 302 20 10 33 38 10 5 5 5 16 0
求:16 出:18 数:5
一番高いモンスター: -1
