スコア: 38888717
27 28 35 34 31 11 22 45 1 31 371 332 2 3 403 6 13 275 271 12 0 0 1 7 0
一番高いモンスター: 129751
スコア: 38888717
27 28 35 34 31 11 22 45 1 31 371 332 2 3 403 6 13 275 271 12 0 0 1 7 0
一番高いモンスター: 129751
スコア: 38888717
27 28 35 34 31 11 22 45 1 31 371 332 2 3 403 6 13 275 271 12 0 0 1 7 0
一番高いモンスター: 129751
スコア: 38888717
27 28 35 34 31 11 22 45 1 31 371 332 2 3 403 6 13 275 271 12 0 0 1 7 0
一番高いモンスター: 129751
スコア: 38888717
27 28 35 34 31 11 22 45 1 31 371 332 2 3 403 6 13 275 271 12 0 0 1 7 0
一番高いモンスター: 129751
スコア: 38888717
27 28 35 34 31 11 22 45 1 31 371 332 2 5 403 6 13 275 271 12 0 0 1 7 0
一番高いモンスター: 187869
召喚 ID: 153
スコア: 39063533
27 28 35 34 31 11 22 45 1 31 369 326 0 0 403 6 13 275 271 12 0 0 1 7 0
一番高いモンスター: 82129
スコア: 39063533
27 28 35 34 31 11 22 45 1 31 369 326 0 0 403 6 13 275 271 12 0 0 1 7 0
一番高いモンスター: 82129
スコア: 39063533
27 28 35 34 31 11 22 45 1 31 369 326 0 0 403 6 13 275 271 12 0 0 1 7 0
一番高いモンスター: 82129
スコア: 39063533
29 29 35 37 32 12 23 46 1 36 370 326 0 0 404 6 13 276 272 12 0 0 1 8 0
求:15 出:23 数:5
一番高いモンスター: 82129
スコア: 39063533
29 29 35 37 32 12 23 46 1 36 370 326 0 0 404 11 13 276 272 12 0 0 1 3 0
一番高いモンスター: 82129
スコア: 39063533
29 29 35 37 32 12 23 46 1 36 370 326 0 0 404 11 13 276 272 12 0 0 1 3 0
一番高いモンスター: 82129
スコア: 39063533
29 29 35 37 32 12 23 46 1 36 370 326 0 0 404 11 13 276 272 12 0 0 1 3 0
一番高いモンスター: 82129
スコア: 39063533
29 29 35 37 32 12 23 46 1 36 370 326 0 0 404 11 13 276 272 12 0 0 1 3 0
一番高いモンスター: 82129
スコア: 39063533
29 29 35 37 32 12 23 46 1 36 370 326 0 0 404 11 13 276 272 12 0 0 1 3 0
一番高いモンスター: 82129
スコア: 39063533
29 29 35 37 32 12 23 46 1 36 370 326 0 0 404 11 13 276 272 12 0 0 1 3 0
一番高いモンスター: 82129
スコア: 39063533
29 29 35 37 32 12 23 46 1 36 370 326 0 0 404 11 13 276 272 12 0 0 1 3 0
一番高いモンスター: 82129
スコア: 39063533
29 29 35 37 32 12 23 46 1 36 370 326 0 0 404 11 13 276 272 12 0 0 1 3 0
一番高いモンスター: 82129
スコア: 39063533
32 31 35 41 34 13 24 47 1 38 370 327 0 0 404 11 13 277 273 12 0 0 1 4 0
一番高いモンスター: 82129
スコア: 39063533
32 31 35 41 34 13 24 47 1 38 370 327 0 0 404 11 13 277 273 12 0 0 1 4 0
一番高いモンスター: 82129
スコア: 39063533
32 31 35 41 34 13 24 47 1 38 370 327 0 0 404 11 13 277 273 12 0 0 1 4 0
一番高いモンスター: 82129
スコア: 39063533
32 31 35 41 34 13 24 47 1 38 370 327 0 0 404 11 13 277 273 12 0 0 1 4 0
一番高いモンスター: 82129
スコア: 39063533
32 31 35 41 34 13 24 47 1 38 370 327 0 0 404 11 13 277 273 12 0 0 1 4 0
一番高いモンスター: 82129
スコア: 39063533
32 31 35 41 34 13 24 47 1 38 370 327 0 0 404 11 13 277 273 12 0 0 1 4 0
一番高いモンスター: 82129
スコア: 39063533
32 31 35 41 34 13 24 47 1 38 370 327 0 0 404 11 13 277 273 12 0 0 1 4 0
一番高いモンスター: 82129
スコア: 39063533
32 31 35 41 34 13 24 47 1 38 370 327 0 0 404 11 13 277 273 12 0 0 1 4 0
一番高いモンスター: 82129
スコア: 39063533
32 31 35 41 34 13 24 47 1 38 370 327 0 0 404 11 13 277 273 12 0 0 1 4 0
一番高いモンスター: 82129
スコア: 39063533
32 31 35 41 34 13 24 47 1 38 370 327 0 0 404 11 13 277 273 12 0 0 1 4 0
一番高いモンスター: 82129
スコア: 39063533
34 32 36 42 35 15 24 49 1 41 372 327 0 0 406 11 13 279 274 12 0 0 1 4 0
一番高いモンスター: 82129
スコア: 39063533
34 32 36 42 35 15 24 49 1 41 372 327 0 0 406 11 13 279 274 12 0 0 1 4 0
一番高いモンスター: 82129
スコア: 39063533
34 32 36 42 35 15 24 49 1 41 372 327 0 0 406 11 13 279 274 12 0 0 1 4 0
一番高いモンスター: 82129
スコア: 39063533
34 32 36 42 35 15 24 49 1 41 372 327 0 0 406 11 13 279 274 12 0 0 1 4 0
一番高いモンスター: 82129
スコア: 39063533
34 32 36 42 35 15 24 49 1 41 372 327 0 0 406 11 13 279 274 12 0 0 1 4 0
一番高いモンスター: 82129
