スコア: 75028032
81 76 86 60 74 38 108 142 0 69 286 152 2 1 343 5 2 30 35 1 5 5 5 8 1
求:13 出:7 数:5
一番高いモンスター: 82129
召喚 ID: 276
スコア: 75093336
81 81 87 61 75 33 105 143 0 65 288 152 2 1 344 5 2 30 36 1 5 5 5 8 1
求:19 出:14 数:5
一番高いモンスター: 82129
召喚 ID: 276
スコア: 75158621
81 81 87 61 75 26 100 141 0 60 288 152 2 1 344 5 2 30 36 1 5 5 5 8 1
求:24 出:18 数:5
一番高いモンスター: 82129
召喚 ID: 276
スコア: 75223886
81 81 87 61 75 19 95 139 0 55 288 152 2 1 344 5 2 30 36 1 5 5 5 8 1
求:13 出:14 数:5
一番高いモンスター: 82129
召喚 ID: 276
スコア: 75289131
81 81 87 61 75 12 90 137 0 50 288 152 2 1 344 5 2 30 36 1 5 5 5 8 1
求:19 出:14 数:5
一番高いモンスター: 82129
召喚 ID: 276
スコア: 75354357
81 81 87 61 75 5 85 135 0 45 288 152 2 1 344 5 2 30 36 1 5 5 5 8 1
求:24 出:18 数:5
一番高いモンスター: 57222
スコア: 75354357
81 81 87 61 75 5 85 135 0 45 288 152 2 1 344 5 2 30 36 1 5 5 5 8 1
求:13 出:7 数:5
一番高いモンスター: 57222
