スコア: 0
465 484 466 461 436 257 247 243 0 241 214 202 0 0 197 0 0 181 171 0 0 0 0 115 0
一番高いモンスター: 82129
召喚 ID: 276
スコア: 82080
465 484 466 461 436 250 242 241 0 236 214 202 0 0 197 0 0 181 171 0 0 0 0 115 0
一番高いモンスター: 82129
召喚 ID: 276
スコア: 164135
465 484 466 461 436 243 237 239 0 231 214 202 0 0 197 0 0 181 171 0 0 0 0 115 0
一番高いモンスター: 82129
召喚 ID: 276
スコア: 246165
465 484 466 461 436 236 232 237 0 226 214 202 0 0 197 0 0 181 171 0 0 0 0 115 0
一番高いモンスター: 82129
召喚 ID: 276
スコア: 328171
465 484 466 461 436 229 227 235 0 221 214 202 0 0 197 0 0 181 171 0 0 0 0 115 0
一番高いモンスター: 82129
召喚 ID: 276
スコア: 410152
466 487 467 466 438 222 222 233 0 218 215 202 0 0 199 0 0 183 171 0 0 0 0 116 0
一番高いモンスター: 82129
召喚 ID: 276
スコア: 492109
466 487 467 466 438 215 217 231 0 213 215 202 0 0 199 0 0 183 171 0 0 0 0 116 0
一番高いモンスター: 82129
召喚 ID: 276
スコア: 574041
466 487 467 466 438 208 212 229 0 208 215 202 0 0 199 0 0 183 171 0 0 0 0 116 0
一番高いモンスター: 82129
召喚 ID: 276
スコア: 655949
466 487 467 466 438 201 207 227 0 203 215 202 0 0 199 0 0 183 171 0 0 0 0 116 0
一番高いモンスター: 82129
召喚 ID: 276
スコア: 737832
466 487 467 466 438 194 202 225 0 198 215 202 0 0 199 0 0 183 171 0 0 0 0 116 0
一番高いモンスター: 82129
召喚 ID: 276
スコア: 819690
466 491 469 468 439 188 197 224 0 194 217 204 0 0 201 0 0 185 171 0 0 0 0 116 0
一番高いモンスター: 82129
召喚 ID: 276
スコア: 901524
466 491 469 468 439 181 192 222 0 189 217 204 0 0 201 0 0 185 171 0 0 0 0 116 0
一番高いモンスター: 82129
召喚 ID: 276
スコア: 983333
466 491 469 468 439 174 187 220 0 184 217 204 0 0 201 0 0 185 171 0 0 0 0 116 0
一番高いモンスター: 82129
召喚 ID: 276
スコア: 1065118
466 491 469 468 439 167 182 218 0 179 217 204 0 0 201 0 0 185 171 0 0 0 0 116 0
一番高いモンスター: 82129
召喚 ID: 276
スコア: 1146878
466 491 469 468 439 160 177 216 0 174 217 204 0 0 201 0 0 185 171 0 0 0 0 116 0
一番高いモンスター: 82129
召喚 ID: 276
スコア: 1228614
468 492 474 474 439 154 172 216 0 170 217 204 0 0 202 0 0 185 172 0 0 0 0 116 0
一番高いモンスター: 82129
召喚 ID: 276
スコア: 1310325
468 492 474 474 439 147 167 214 0 165 217 204 0 0 202 0 0 185 172 0 0 0 0 116 0
一番高いモンスター: 82129
召喚 ID: 276
スコア: 1392012
468 492 474 474 439 140 162 212 0 160 217 204 0 0 202 0 0 185 172 0 0 0 0 116 0
一番高いモンスター: 82129
召喚 ID: 276
スコア: 1473674
468 492 474 474 439 133 157 210 0 155 217 204 0 0 202 0 0 185 172 0 0 0 0 116 0
一番高いモンスター: 82129
召喚 ID: 276
スコア: 1555312
468 492 474 474 439 126 152 208 0 150 217 204 0 0 202 0 0 185 172 0 0 0 0 116 0
一番高いモンスター: 82129
召喚 ID: 276
スコア: 1636925
472 496 476 476 440 119 147 206 0 146 219 205 0 0 203 0 0 185 173 0 0 0 0 117 0
一番高いモンスター: 82129
召喚 ID: 276
スコア: 1718514
472 496 476 476 440 112 142 204 0 141 219 205 0 0 203 0 0 185 173 0 0 0 0 117 0
一番高いモンスター: 82129
召喚 ID: 276
スコア: 1800078
472 496 476 476 440 105 137 202 0 136 219 205 0 0 203 0 0 185 173 0 0 0 0 117 0
一番高いモンスター: 82129
召喚 ID: 276
スコア: 1881618
472 496 476 476 440 98 132 200 0 131 219 205 0 0 203 0 0 185 173 0 0 0 0 117 0
一番高いモンスター: 82129
召喚 ID: 276
スコア: 1963133
475 498 477 477 443 91 127 198 0 127 219 206 0 0 206 0 0 186 176 0 0 0 0 118 0
一番高いモンスター: 82129
召喚 ID: 276
スコア: 2044624
475 498 477 477 443 84 122 196 0 122 219 206 0 0 206 0 0 186 176 0 0 0 0 118 0
一番高いモンスター: 82129
召喚 ID: 276
スコア: 2126090
475 498 477 477 443 77 117 194 0 117 219 206 0 0 206 0 0 186 176 0 0 0 0 118 0
一番高いモンスター: 82129
召喚 ID: 276
スコア: 2207532
475 498 477 477 443 70 112 192 0 112 219 206 0 0 206 0 0 186 176 0 0 0 0 118 0
一番高いモンスター: 82129
召喚 ID: 276
スコア: 2288949
475 498 477 477 443 63 107 190 0 107 219 206 0 0 206 0 0 186 176 0 0 0 0 118 0
一番高いモンスター: 82129
召喚 ID: 276
スコア: 2370342
476 500 480 477 444 59 105 188 0 104 220 207 0 0 207 0 0 188 176 0 0 0 0 118 0
一番高いモンスター: 82129
召喚 ID: 276
スコア: 2451711
476 500 480 477 444 52 100 186 0 99 220 207 0 0 207 0 0 188 176 0 0 0 0 118 0
一番高いモンスター: 82129
召喚 ID: 276
スコア: 2533055
476 500 480 477 444 45 95 184 0 94 220 207 0 0 207 0 0 188 176 0 0 0 0 118 0
一番高いモンスター: 82129
召喚 ID: 276
スコア: 2614375
476 500 480 477 444 38 90 182 0 89 220 207 0 0 207 0 0 188 176 0 0 0 0 118 0
一番高いモンスター: 82129
召喚 ID: 276
スコア: 2695670
476 500 480 477 444 31 85 180 0 84 220 207 0 0 207 0 0 188 176 0 0 0 0 118 0
一番高いモンスター: 82129
召喚 ID: 276
スコア: 2776941
483 501 485 479 444 24 80 179 0 80 221 208 0 0 207 0 0 188 177 0 0 0 0 118 0
一番高いモンスター: 82129
召喚 ID: 276
スコア: 2858188
483 501 485 479 444 17 75 177 0 75 221 208 0 0 207 0 0 188 177 0 0 0 0 118 0
一番高いモンスター: 82129
召喚 ID: 276
スコア: 2939410
483 501 485 479 444 10 70 175 0 70 221 208 0 0 207 0 0 188 177 0 0 0 0 118 0
一番高いモンスター: 82129
召喚 ID: 276
スコア: 3020608
483 501 485 479 444 3 65 173 0 65 221 208 0 0 207 0 0 188 177 0 0 0 0 118 0
一番高いモンスター: 57222
召喚 ID: 453
スコア: 3077830
483 501 485 479 444 2 65 165 0 55 221 208 0 0 207 0 0 188 177 0 0 0 0 118 0
一番高いモンスター: 57222
召喚 ID: 453
スコア: 3135035
483 504 487 481 447 2 67 157 0 45 222 210 0 0 209 0 0 189 178 0 0 0 0 118 0
一番高いモンスター: 57222
召喚 ID: 453
スコア: 3192223
483 504 487 481 447 1 67 149 0 35 222 210 0 0 209 0 0 189 178 0 0 0 0 118 0
一番高いモンスター: 57222
召喚 ID: 453
スコア: 3249394
483 504 487 481 447 0 67 141 0 25 222 210 0 0 209 0 0 189 178 0 0 0 0 118 0
一番高いモンスター: 50463
召喚 ID: 39
スコア: 3299420
483 504 487 481 447 0 67 141 0 25 222 210 0 0 209 0 0 189 178 0 0 0 0 112 0
一番高いモンスター: 50463
召喚 ID: 39
スコア: 3349431
483 504 487 481 447 0 67 141 0 25 222 210 0 0 209 0 0 189 178 0 0 0 0 106 0
一番高いモンスター: 50463
召喚 ID: 39
スコア: 3399427
487 506 489 483 451 2 67 141 0 26 222 210 0 0 210 0 0 190 178 0 0 0 0 101 0
一番高いモンスター: 57222
召喚 ID: 453
スコア: 3456580
487 506 489 483 451 1 67 133 0 16 222 210 0 0 210 0 0 190 178 0 0 0 0 101 0
一番高いモンスター: 57222
召喚 ID: 453
スコア: 3513716
487 506 489 483 451 0 67 125 0 6 222 210 0 0 210 0 0 190 178 0 0 0 0 101 0
一番高いモンスター: 50463
召喚 ID: 39
スコア: 3563697
487 506 489 483 451 0 67 125 0 6 222 210 0 0 210 0 0 190 178 0 0 0 0 95 0
一番高いモンスター: 50463
召喚 ID: 39
スコア: 3613663
487 506 489 483 451 0 67 125 0 6 222 210 0 0 210 0 0 190 178 0 0 0 0 89 0
一番高いモンスター: 50463
召喚 ID: 39
スコア: 3663614
487 509 489 491 452 1 67 126 0 8 223 212 0 0 210 0 0 190 179 0 0 0 0 83 0
一番高いモンスター: 50463
召喚 ID: 39
スコア: 3713550
487 509 489 491 452 1 67 126 0 8 223 212 0 0 210 0 0 190 179 0 0 0 0 77 0
一番高いモンスター: 50463
召喚 ID: 39
スコア: 3763471
487 509 489 491 452 1 67 126 0 8 223 212 0 0 210 0 0 190 179 0 0 0 0 71 0
一番高いモンスター: 50463
召喚 ID: 39
スコア: 3813377
487 509 489 491 452 1 67 126 0 8 223 212 0 0 210 0 0 190 179 0 0 0 0 65 0
一番高いモンスター: 50463
召喚 ID: 39
スコア: 3863268
489 509 491 491 456 1 69 129 0 10 224 213 0 0 211 0 0 190 181 0 0 0 0 59 0
一番高いモンスター: 57222
召喚 ID: 453
スコア: 3920387
489 509 491 491 456 0 69 121 0 0 224 213 0 0 211 0 0 190 181 0 0 0 0 59 0
一番高いモンスター: 50463
召喚 ID: 39
スコア: 3970263
489 509 491 491 456 0 69 121 0 0 224 213 0 0 211 0 0 190 181 0 0 0 0 53 0
一番高いモンスター: 50463
召喚 ID: 39
スコア: 4020124
489 509 491 491 456 0 69 121 0 0 224 213 0 0 211 0 0 190 181 0 0 0 0 47 0
一番高いモンスター: 50463
召喚 ID: 39
スコア: 4069970
489 509 491 491 456 0 69 121 0 0 224 213 0 0 211 0 0 190 181 0 0 0 0 41 0
一番高いモンスター: 50463
召喚 ID: 39
スコア: 4119801
490 511 494 494 457 2 71 121 0 0 225 215 0 0 212 0 0 190 182 0 0 0 0 36 0
一番高いモンスター: 50463
召喚 ID: 39
スコア: 4169617
490 511 494 494 457 2 71 121 0 0 225 215 0 0 212 0 0 190 182 0 0 0 0 30 0
一番高いモンスター: 50463
召喚 ID: 39
スコア: 4219418
490 511 494 494 457 2 71 121 0 0 225 215 0 0 212 0 0 190 182 0 0 0 0 24 0
一番高いモンスター: 50463
召喚 ID: 39
スコア: 4269204
490 511 494 494 457 2 71 121 0 0 225 215 0 0 212 0 0 190 182 0 0 0 0 18 0
一番高いモンスター: 50463
召喚 ID: 39
スコア: 4318975
490 511 494 494 457 2 71 121 0 0 225 215 0 0 212 0 0 190 182 0 0 0 0 12 0
一番高いモンスター: 50463
召喚 ID: 39
スコア: 4368731
491 511 497 495 459 2 72 126 0 0 228 216 0 0 212 0 0 192 182 0 0 0 0 7 0
一番高いモンスター: 50463
召喚 ID: 39
スコア: 4418472
491 511 497 495 459 2 72 126 0 0 228 216 0 0 212 0 0 192 182 0 0 0 0 1 0
一番高いモンスター: 31539
スコア: 4418472
491 511 497 495 459 2 72 126 0 0 228 216 0 0 212 0 0 192 182 0 0 0 0 1 0
一番高いモンスター: 31539
スコア: 4418472
491 511 497 495 459 2 72 126 0 0 228 216 0 0 212 0 0 192 182 0 0 0 0 1 0
一番高いモンスター: 31539
スコア: 4418472
491 511 497 495 459 2 72 126 0 0 228 216 0 0 212 0 0 192 182 0 0 0 0 1 0
一番高いモンスター: 31539
スコア: 4418472
495 513 499 495 460 3 73 126 0 2 230 217 0 0 213 0 0 192 184 0 0 0 0 2 0
一番高いモンスター: 38018
スコア: 4418472
495 513 499 495 460 3 73 126 0 2 230 217 0 0 213 0 0 192 184 0 0 0 0 2 0
一番高いモンスター: 38018
スコア: 4418472
495 513 499 495 460 3 73 126 0 2 230 217 0 0 213 0 0 192 184 0 0 0 0 2 0
一番高いモンスター: 38018
スコア: 4418472
495 513 499 495 460 3 73 126 0 2 230 217 0 0 213 0 0 192 184 0 0 0 0 2 0
一番高いモンスター: 38018
スコア: 4418472
495 513 499 495 460 3 73 126 0 2 230 217 0 0 213 0 0 192 184 0 0 0 0 2 0
一番高いモンスター: 38018
スコア: 4418472
496 516 499 496 462 4 78 127 0 4 231 217 0 0 214 0 0 193 185 0 0 0 0 2 0
一番高いモンスター: 50801
召喚 ID: 385
スコア: 4468984
496 516 499 496 462 0 74 116 0 4 231 217 0 0 214 0 0 193 185 0 0 0 0 2 0
一番高いモンスター: 48387
スコア: 4468984
496 516 499 496 462 0 74 116 0 4 231 217 0 0 214 0 0 193 185 0 0 0 0 2 0
一番高いモンスター: 48387
スコア: 4468984
496 516 499 496 462 0 74 116 0 4 231 217 0 0 214 0 0 193 185 0 0 0 0 2 0
一番高いモンスター: 48387
スコア: 4468984
498 516 503 497 467 0 76 118 0 4 232 219 0 0 214 0 0 194 185 0 0 0 0 2 0
一番高いモンスター: 48387
スコア: 4468984
498 516 503 497 467 0 76 118 0 4 232 219 0 0 214 0 0 194 185 0 0 0 0 2 0
一番高いモンスター: 48387
スコア: 4468984
498 516 503 497 467 0 76 118 0 4 232 219 0 0 214 0 0 194 185 0 0 0 0 2 0
一番高いモンスター: 48387
スコア: 4468984
498 516 503 497 467 0 76 118 0 4 232 219 0 0 214 0 0 194 185 0 0 0 0 2 0
一番高いモンスター: 48387
スコア: 4468984
498 516 503 497 467 0 76 118 0 4 232 219 0 0 214 0 0 194 185 0 0 0 0 2 0
一番高いモンスター: 48387
スコア: 4468984
499 520 506 497 468 2 76 119 0 7 233 221 0 0 215 0 0 195 185 0 0 0 0 2 0
一番高いモンスター: 48387
スコア: 4468984
499 520 506 497 468 2 76 119 0 7 233 221 0 0 215 0 0 195 185 0 0 0 0 2 0
一番高いモンスター: 48387
スコア: 4468984
499 520 506 497 468 2 76 119 0 7 233 221 0 0 215 0 0 195 185 0 0 0 0 2 0
一番高いモンスター: 48387
スコア: 4468984
499 520 506 497 468 2 76 119 0 7 233 221 0 0 215 0 0 195 185 0 0 0 0 2 0
一番高いモンスター: 48387
スコア: 4468984
499 520 506 497 468 2 76 119 0 7 233 221 0 0 215 0 0 195 185 0 0 0 0 2 0
一番高いモンスター: 48387
スコア: 4468984
500 522 510 499 469 3 76 119 0 7 234 222 0 0 217 0 0 197 185 0 0 0 0 5 0
一番高いモンスター: 48387
スコア: 4468984
500 522 510 499 469 3 76 119 0 7 234 222 0 0 217 0 0 197 185 0 0 0 0 5 0
一番高いモンスター: 48387
スコア: 4468984
500 522 510 499 469 3 76 119 0 7 234 222 0 0 217 0 0 197 185 0 0 0 0 5 0
一番高いモンスター: 48387
スコア: 4468984
500 522 510 499 469 3 76 119 0 7 234 222 0 0 217 0 0 197 185 0 0 0 0 5 0
一番高いモンスター: 48387
スコア: 4468984
500 522 510 499 469 3 76 119 0 7 234 222 0 0 217 0 0 197 185 0 0 0 0 5 0
一番高いモンスター: 48387
スコア: 4468984
503 524 511 500 471 4 79 119 0 10 237 222 0 0 218 0 0 197 185 0 0 0 0 5 0
一番高いモンスター: 57222
召喚 ID: 453
スコア: 4526086
503 524 511 500 471 3 79 111 0 0 237 222 0 0 218 0 0 197 185 0 0 0 0 5 0
一番高いモンスター: 41713
スコア: 4526086
503 524 511 500 471 3 79 111 0 0 237 222 0 0 218 0 0 197 185 0 0 0 0 5 0
一番高いモンスター: 41713
スコア: 4526086
503 524 511 500 471 3 79 111 0 0 237 222 0 0 218 0 0 197 185 0 0 0 0 5 0
一番高いモンスター: 41713
スコア: 4526086
503 524 511 500 471 3 79 111 0 0 237 222 0 0 218 0 0 197 185 0 0 0 0 5 0
一番高いモンスター: 41713
スコア: 4526086
506 526 512 501 474 3 81 113 0 1 237 222 0 0 219 0 0 199 186 0 0 0 0 6 0
一番高いモンスター: 50463
召喚 ID: 39
スコア: 4575813
506 526 512 501 474 3 81 113 0 1 237 222 0 0 219 0 0 199 186 0 0 0 0 0 0
一番高いモンスター: 32202
スコア: 4575813
506 526 512 501 474 3 81 113 0 1 237 222 0 0 219 0 0 199 186 0 0 0 0 0 0
一番高いモンスター: 32202
スコア: 4575813
506 526 512 501 474 3 81 113 0 1 237 222 0 0 219 0 0 199 186 0 0 0 0 0 0
一番高いモンスター: 32202
スコア: 4575813
506 526 512 501 474 3 81 113 0 1 237 222 0 0 219 0 0 199 186 0 0 0 0 0 0
一番高いモンスター: 32202
スコア: 4575813
510 526 512 510 475 4 82 114 0 1 238 222 0 0 220 0 0 200 186 0 0 0 0 0 0
一番高いモンスター: 50801
召喚 ID: 385
スコア: 4626310
510 526 512 510 475 0 78 103 0 1 238 222 0 0 220 0 0 200 186 0 0 0 0 0 0
一番高いモンスター: 31539
スコア: 4626310
510 526 512 510 475 0 78 103 0 1 238 222 0 0 220 0 0 200 186 0 0 0 0 0 0
一番高いモンスター: 31539
スコア: 4626310
510 526 512 510 475 0 78 103 0 1 238 222 0 0 220 0 0 200 186 0 0 0 0 0 0
一番高いモンスター: 31539
スコア: 4626310
513 529 516 510 476 1 78 103 0 2 240 223 0 0 220 0 0 204 186 0 0 0 0 0 0
一番高いモンスター: 38018
スコア: 4626310
513 529 516 510 476 1 78 103 0 2 240 223 0 0 220 0 0 204 186 0 0 0 0 0 0
一番高いモンスター: 38018
スコア: 4626310
513 529 516 510 476 1 78 103 0 2 240 223 0 0 220 0 0 204 186 0 0 0 0 0 0
一番高いモンスター: 38018
スコア: 4626310
513 529 516 510 476 1 78 103 0 2 240 223 0 0 220 0 0 204 186 0 0 0 0 0 0
一番高いモンスター: 38018
スコア: 4626310
513 529 516 510 476 1 78 103 0 2 240 223 0 0 220 0 0 204 186 0 0 0 0 0 0
一番高いモンスター: 38018
スコア: 4626310
514 531 517 513 477 3 79 106 0 3 241 224 0 0 222 0 0 205 186 0 0 0 0 0 0
一番高いモンスター: 42414
スコア: 4626310
514 531 517 513 477 3 79 106 0 3 241 224 0 0 222 0 0 205 186 0 0 0 0 0 0
一番高いモンスター: 42414
スコア: 4626310
514 531 517 513 477 3 79 106 0 3 241 224 0 0 222 0 0 205 186 0 0 0 0 0 0
一番高いモンスター: 42414
