スコア: 78180803
103 101 89 113 104 131 200 265 13 198 410 248 14 10 436 17 23 104 99 17 10 0 4 42 0
求:8 出:7 数:5
一番高いモンスター: 534239	id:113
スコア: 78180803
103 101 89 113 104 131 200 265 13 198 410 248 14 10 436 17 23 104 99 17 10 0 4 42 0
求:13 出:7 数:5
一番高いモンスター: 534239	id:113
スコア: 78180803
103 101 89 113 104 131 200 265 13 198 410 248 14 10 436 17 23 104 99 17 10 0 4 42 0
求:15 出:14 数:5
一番高いモンスター: 534239	id:113
スコア: 78180803
103 101 89 113 104 131 200 265 13 198 410 248 14 10 436 17 23 104 99 17 10 0 4 42 0
求:8 出:7 数:5
一番高いモンスター: 534239	id:113
スコア: 78180803
103 101 89 113 104 131 200 265 13 198 410 248 14 10 436 17 23 104 99 17 10 0 4 42 0
求:13 出:14 数:5
一番高いモンスター: 534239	id:113
スコア: 78180803
103 101 89 113 104 131 200 265 13 198 410 248 14 10 436 17 23 104 99 17 10 0 4 42 0
求:15 出:14 数:5
一番高いモンスター: 534239	id:113
スコア: 78180803
103 101 89 113 104 131 200 265 13 198 410 248 14 10 436 17 23 104 99 17 10 0 4 42 0
求:8 出:7 数:5
一番高いモンスター: 534239	id:113
スコア: 78180803
103 101 89 113 104 131 200 265 13 198 410 248 14 10 436 17 23 104 99 17 10 0 4 42 0
求:13 出:7 数:5
一番高いモンスター: 534239	id:113
スコア: 78180803
103 101 89 113 104 131 200 265 13 198 410 248 14 10 436 17 23 104 99 17 10 0 4 42 0
求:15 出:14 数:5
一番高いモンスター: 534239	id:113
スコア: 78180803
104 104 90 116 106 132 201 265 13 199 412 249 14 10 437 17 23 107 99 17 10 0 4 42 0
求:8 出:7 数:5
一番高いモンスター: 534239	id:113
スコア: 78180803
104 104 90 116 106 132 201 265 13 199 412 249 14 10 437 17 23 107 99 17 10 0 4 42 0
求:13 出:7 数:5
一番高いモンスター: 534239	id:113
スコア: 78180803
104 104 90 116 106 132 201 265 13 199 412 249 14 10 437 17 23 107 99 17 10 0 4 42 0
求:15 出:14 数:5
一番高いモンスター: 534239	id:113
スコア: 78180803
104 104 90 116 106 132 201 265 13 199 412 249 14 10 437 17 23 107 99 17 10 0 4 42 0
求:8 出:7 数:5
一番高いモンスター: 534239	id:113
スコア: 78180803
104 104 90 116 106 132 201 265 13 199 412 249 14 10 437 17 23 107 99 17 10 0 4 42 0
求:13 出:14 数:5
一番高いモンスター: 534239	id:113
スコア: 78180803
104 104 90 116 106 132 201 265 13 199 412 249 14 10 437 17 23 107 99 17 10 0 4 42 0
求:15 出:17 数:5
一番高いモンスター: 534239	id:113
スコア: 78180803
104 104 90 116 106 132 201 265 13 199 412 249 14 10 437 17 23 107 99 17 10 0 4 42 0
求:8 出:7 数:5
一番高いモンスター: 534239	id:113
スコア: 78180803
104 104 90 116 106 132 201 265 13 199 412 249 14 10 437 17 23 107 99 17 10 0 4 42 0
求:13 出:7 数:5
一番高いモンスター: 534239	id:113
スコア: 78180803
104 104 90 116 106 132 201 265 13 199 412 249 14 10 437 17 23 107 99 17 10 0 4 42 0
求:15 出:17 数:5
一番高いモンスター: 534239	id:113
スコア: 78180803
104 104 90 116 106 132 201 265 13 199 412 249 14 10 437 17 23 107 99 17 10 0 4 42 0
求:8 出:7 数:5
一番高いモンスター: 534239	id:113
スコア: 78180803
106 106 94 120 108 132 202 266 13 199 413 249 14 10 439 17 23 108 99 17 10 0 4 42 0
求:13 出:14 数:5
一番高いモンスター: 534239	id:113
スコア: 78180803
106 106 94 120 108 132 202 266 13 199 413 249 14 10 439 17 23 108 99 17 10 0 4 42 0
求:15 出:17 数:5
一番高いモンスター: 534239	id:113
スコア: 78180803
106 106 94 120 108 132 202 266 13 199 413 249 14 10 439 17 23 108 99 17 10 0 4 42 0
求:8 出:7 数:5
一番高いモンスター: 534239	id:113
スコア: 78180803
106 106 94 120 108 132 202 266 13 199 413 249 14 10 439 17 23 108 99 17 10 0 4 42 0
求:13 出:7 数:5
一番高いモンスター: 534239	id:113
スコア: 78180803
106 106 94 120 108 132 202 266 13 199 413 249 14 10 439 17 23 108 99 17 10 0 4 42 0
求:15 出:17 数:5
一番高いモンスター: 534239	id:113
スコア: 78180803
106 106 94 120 108 132 202 266 13 199 413 249 14 10 439 17 23 108 99 17 10 0 4 42 0
求:8 出:7 数:5
一番高いモンスター: 534239	id:113
スコア: 78180803
106 106 94 120 108 132 202 266 13 199 413 249 14 10 439 17 23 108 99 17 10 0 4 42 0
求:13 出:7 数:5
一番高いモンスター: 534239	id:113
スコア: 78180803
106 106 94 120 108 132 202 266 13 199 413 249 14 10 439 17 23 108 99 17 10 0 4 42 0
求:15 出:14 数:5
一番高いモンスター: 534239	id:113
スコア: 78180803
106 106 94 120 108 132 202 266 13 199 413 249 14 10 439 17 23 108 99 17 10 0 4 42 0
求:8 出:7 数:5
一番高いモンスター: 534239	id:113
スコア: 78180803
106 111 99 120 109 133 202 267 13 200 414 251 14 10 440 17 23 108 101 17 10 0 4 42 0
求:13 出:7 数:5
一番高いモンスター: 534239	id:113
スコア: 78180803
106 111 99 120 109 133 202 267 13 200 414 251 14 10 440 17 23 108 101 17 10 0 4 42 0
求:15 出:17 数:5
一番高いモンスター: 534239	id:113
スコア: 78180803
106 111 99 120 109 133 202 267 13 200 414 251 14 10 440 17 23 108 101 17 10 0 4 42 0
求:8 出:7 数:5
一番高いモンスター: 534239	id:113
スコア: 78180803
106 111 99 120 109 133 202 267 13 200 414 251 14 10 440 17 23 108 101 17 10 0 4 42 0
求:13 出:7 数:5
一番高いモンスター: 534239	id:113
スコア: 78180803
106 111 99 120 109 133 202 267 13 200 414 251 14 10 440 17 23 108 101 17 10 0 4 42 0
求:15 出:14 数:5
一番高いモンスター: 534239	id:113
スコア: 78180803
106 111 99 120 109 133 202 267 13 200 414 251 14 10 440 17 23 108 101 17 10 0 4 42 0
求:8 出:7 数:5
一番高いモンスター: 534239	id:113
スコア: 78180803
106 111 99 120 109 133 202 267 13 200 414 251 14 10 440 17 23 108 101 17 10 0 4 42 0
求:13 出:14 数:5
一番高いモンスター: 534239	id:113
スコア: 78180803
106 111 99 120 109 133 202 267 13 200 414 251 14 10 440 17 23 108 101 17 10 0 4 42 0
求:15 出:17 数:5
一番高いモンスター: 534239	id:113
スコア: 78180803
106 111 99 120 109 133 202 267 13 200 414 251 14 10 440 17 23 108 101 17 10 0 4 42 0
求:8 出:7 数:5
一番高いモンスター: 534239	id:113
スコア: 78180803
109 115 100 122 110 135 202 268 13 200 415 251 14 10 441 17 23 109 102 17 10 0 4 44 0
求:13 出:7 数:5
一番高いモンスター: 534239	id:113
スコア: 78180803
109 115 100 122 110 135 202 268 13 200 415 251 14 10 441 17 23 109 102 17 10 0 4 44 0
求:15 出:14 数:5
一番高いモンスター: 534239	id:113
スコア: 78180803
109 115 100 122 110 135 202 268 13 200 415 251 14 10 441 17 23 109 102 17 10 0 4 44 0
求:8 出:7 数:5
一番高いモンスター: 534239	id:113
スコア: 78180803
109 115 100 122 110 135 202 268 13 200 415 251 14 10 441 17 23 109 102 17 10 0 4 44 0
求:13 出:14 数:5
一番高いモンスター: 534239	id:113
スコア: 78180803
109 115 100 122 110 135 202 268 13 200 415 251 14 10 441 17 23 109 102 17 10 0 4 44 0
求:15 出:17 数:5
一番高いモンスター: 534239	id:113
スコア: 78180803
109 115 100 122 110 135 202 268 13 200 415 251 14 10 441 17 23 109 102 17 10 0 4 44 0
求:8 出:7 数:5
一番高いモンスター: 534239	id:113
スコア: 78180803
109 115 100 122 110 135 202 268 13 200 415 251 14 10 441 17 23 109 102 17 10 0 4 44 0
求:13 出:14 数:5
一番高いモンスター: 534239	id:113
スコア: 78180803
109 115 100 122 110 135 202 268 13 200 415 251 14 10 441 17 23 109 102 17 10 0 4 44 0
求:15 出:14 数:5
一番高いモンスター: 534239	id:113
スコア: 78180803
109 115 100 122 110 135 202 268 13 200 415 251 14 10 441 17 23 109 102 17 10 0 4 44 0
求:8 出:7 数:5
一番高いモンスター: 534239	id:113
スコア: 78180803
110 116 103 124 111 137 202 272 13 201 415 251 14 10 442 17 23 111 103 17 10 0 4 45 0
求:13 出:14 数:5
一番高いモンスター: 534239	id:113
スコア: 78180803
110 116 103 124 111 137 202 272 13 201 415 251 14 10 442 17 23 111 103 17 10 0 4 45 0
求:15 出:14 数:5
一番高いモンスター: 534239	id:113
スコア: 78180803
110 116 103 124 111 137 202 272 13 201 415 251 14 10 442 17 23 111 103 17 10 0 4 45 0
求:8 出:7 数:5
一番高いモンスター: 534239	id:113
スコア: 78180803
110 116 103 124 111 137 202 272 13 201 415 251 14 10 442 17 23 111 103 17 10 0 4 45 0
求:13 出:7 数:5
一番高いモンスター: 534239	id:113
スコア: 78180803
110 116 103 124 111 137 202 272 13 201 415 251 14 10 442 17 23 111 103 17 10 0 4 45 0
求:15 出:17 数:5
一番高いモンスター: 534239	id:113
スコア: 78180803
110 116 103 124 111 137 202 272 13 201 415 251 14 10 442 17 23 111 103 17 10 0 4 45 0
求:8 出:7 数:5
一番高いモンスター: 534239	id:113
スコア: 78180803
110 116 103 124 111 137 202 272 13 201 415 251 14 10 442 17 23 111 103 17 10 0 4 45 0
求:13 出:14 数:5
一番高いモンスター: 534239	id:113
スコア: 78180803
110 116 103 124 111 137 202 272 13 201 415 251 14 10 442 17 23 111 103 17 10 0 4 45 0
求:15 出:14 数:5
一番高いモンスター: 534239	id:113
スコア: 78180803
110 116 103 124 111 137 202 272 13 201 415 251 14 10 442 17 23 111 103 17 10 0 4 45 0
求:8 出:7 数:5
一番高いモンスター: 534239	id:113
スコア: 78180803
110 116 103 124 111 137 202 272 13 201 415 251 14 10 442 17 23 111 103 17 10 0 4 45 0
求:13 出:14 数:5
一番高いモンスター: 534239	id:113
スコア: 78180803
114 118 104 125 113 138 204 272 13 203 415 251 14 10 444 17 23 113 104 17 10 0 4 45 0
求:15 出:14 数:5
一番高いモンスター: 534239	id:113
スコア: 78180803
114 118 104 125 113 138 204 272 13 203 415 251 14 10 444 17 23 113 104 17 10 0 4 45 0
求:8 出:7 数:5
一番高いモンスター: 534239	id:113
スコア: 78180803
114 118 104 125 113 138 204 272 13 203 415 251 14 10 444 17 23 113 104 17 10 0 4 45 0
求:13 出:14 数:5
一番高いモンスター: 534239	id:113
スコア: 78180803
114 118 104 125 113 138 204 272 13 203 415 251 14 10 444 17 23 113 104 17 10 0 4 45 0
求:15 出:14 数:5
一番高いモンスター: 534239	id:113
スコア: 78180803
114 118 104 125 113 138 204 272 13 203 415 251 14 10 444 17 23 113 104 17 10 0 4 45 0
求:8 出:7 数:5
一番高いモンスター: 534239	id:113
スコア: 78180803
114 118 104 125 113 138 204 272 13 203 415 251 14 10 444 17 23 113 104 17 10 0 4 45 0
求:13 出:7 数:5
一番高いモンスター: 534239	id:113
スコア: 78180803
114 118 104 125 113 138 204 272 13 203 415 251 14 10 444 17 23 113 104 17 10 0 4 45 0
求:15 出:14 数:5
一番高いモンスター: 534239	id:113
スコア: 78180803
114 118 104 125 113 138 204 272 13 203 415 251 14 10 444 17 23 113 104 17 10 0 4 45 0
求:8 出:7 数:5
一番高いモンスター: 534239	id:113
スコア: 78180803
114 118 104 125 113 138 204 272 13 203 415 251 14 10 444 17 23 113 104 17 10 0 4 45 0
求:13 出:7 数:5
一番高いモンスター: 534239	id:113
スコア: 78180803
116 118 107 127 118 138 206 272 13 204 417 252 14 10 445 17 23 114 104 17 10 0 4 45 0
求:15 出:17 数:5
一番高いモンスター: 534239	id:113
スコア: 78180803
116 118 107 127 118 138 206 272 13 204 417 252 14 10 445 17 23 114 104 17 10 0 4 45 0
求:8 出:7 数:5
一番高いモンスター: 534239	id:113
スコア: 78180803
116 118 107 127 118 138 206 272 13 204 417 252 14 10 445 17 23 114 104 17 10 0 4 45 0
求:13 出:14 数:5
一番高いモンスター: 534239	id:113
スコア: 78180803
116 118 107 127 118 138 206 272 13 204 417 252 14 10 445 17 23 114 104 17 10 0 4 45 0
求:15 出:17 数:5
一番高いモンスター: 534239	id:113
スコア: 78180803
116 118 107 127 118 138 206 272 13 204 417 252 14 10 445 17 23 114 104 17 10 0 4 45 0
求:8 出:7 数:5
一番高いモンスター: 534239	id:113
スコア: 78180803
116 118 107 127 118 138 206 272 13 204 417 252 14 10 445 17 23 114 104 17 10 0 4 45 0
求:13 出:7 数:5
一番高いモンスター: 534239	id:113
スコア: 78180803
116 118 107 127 118 138 206 272 13 204 417 252 14 10 445 17 23 114 104 17 10 0 4 45 0
求:15 出:14 数:5
一番高いモンスター: 534239	id:113
スコア: 78180803
116 118 107 127 118 138 206 272 13 204 417 252 14 10 445 17 23 114 104 17 10 0 4 45 0
求:8 出:7 数:5
一番高いモンスター: 534239	id:113
スコア: 78180803
116 118 107 127 118 138 206 272 13 204 417 252 14 10 445 17 23 114 104 17 10 0 4 45 0
求:13 出:14 数:5
一番高いモンスター: 534239	id:113
スコア: 78180803
117 121 109 128 119 139 210 273 13 204 421 252 14 10 446 17 23 114 104 17 10 0 4 46 0
求:15 出:14 数:5
一番高いモンスター: 534239	id:113
スコア: 78180803
117 121 109 128 119 139 210 273 13 204 421 252 14 10 446 17 23 114 104 17 10 0 4 46 0
求:8 出:7 数:5
一番高いモンスター: 534239	id:113
スコア: 78180803
117 121 109 128 119 139 210 273 13 204 421 252 14 10 446 17 23 114 104 17 10 0 4 46 0
求:13 出:7 数:5
一番高いモンスター: 534239	id:113
スコア: 78180803
117 121 109 128 119 139 210 273 13 204 421 252 14 10 446 17 23 114 104 17 10 0 4 46 0
求:15 出:14 数:5
一番高いモンスター: 534239	id:113
スコア: 78180803
117 121 109 128 119 139 210 273 13 204 421 252 14 10 446 17 23 114 104 17 10 0 4 46 0
求:8 出:7 数:5
一番高いモンスター: 534239	id:113
スコア: 78180803
117 121 109 128 119 139 210 273 13 204 421 252 14 10 446 17 23 114 104 17 10 0 4 46 0
求:13 出:7 数:5
一番高いモンスター: 534239	id:113
スコア: 78180803
117 121 109 128 119 139 210 273 13 204 421 252 14 10 446 17 23 114 104 17 10 0 4 46 0
求:15 出:14 数:5
一番高いモンスター: 534239	id:113
スコア: 78180803
117 121 109 128 119 139 210 273 13 204 421 252 14 10 446 17 23 114 104 17 10 0 4 46 0
求:8 出:7 数:5
一番高いモンスター: 534239	id:113
スコア: 78180803
117 121 109 128 119 139 210 273 13 204 421 252 14 10 446 17 23 114 104 17 10 0 4 46 0
求:13 出:14 数:5
一番高いモンスター: 534239	id:113
スコア: 78180803
119 125 110 130 121 139 212 273 13 205 422 252 14 10 449 17 23 114 106 17 10 0 4 46 0
求:15 出:14 数:5
一番高いモンスター: 534239	id:113
スコア: 78180803
119 125 110 130 121 139 212 273 13 205 422 252 14 10 449 17 23 114 106 17 10 0 4 46 0
求:8 出:7 数:5
一番高いモンスター: 534239	id:113
スコア: 78180803
119 125 110 130 121 139 212 273 13 205 422 252 14 10 449 17 23 114 106 17 10 0 4 46 0
求:13 出:7 数:5
一番高いモンスター: 534239	id:113
スコア: 78180803
119 125 110 130 121 139 212 273 13 205 422 252 14 10 449 17 23 114 106 17 10 0 4 46 0
求:15 出:14 数:5
一番高いモンスター: 534239	id:113
スコア: 78180803
119 125 110 130 121 139 212 273 13 205 422 252 14 10 449 17 23 114 106 17 10 0 4 46 0
求:8 出:7 数:5
一番高いモンスター: 534239	id:113
スコア: 78180803
119 125 110 130 121 139 212 273 13 205 422 252 14 10 449 17 23 114 106 17 10 0 4 46 0
求:13 出:14 数:5
一番高いモンスター: 534239	id:113
スコア: 78180803
119 125 110 130 121 139 212 273 13 205 422 252 14 10 449 17 23 114 106 17 10 0 4 46 0
求:15 出:17 数:5
一番高いモンスター: 534239	id:113
スコア: 78180803
119 125 110 130 121 139 212 273 13 205 422 252 14 10 449 17 23 114 106 17 10 0 4 46 0
求:8 出:7 数:5
一番高いモンスター: 534239	id:113
スコア: 78180803
119 125 110 130 121 139 212 273 13 205 422 252 14 10 449 17 23 114 106 17 10 0 4 46 0
求:13 出:14 数:5
一番高いモンスター: 534239	id:113
スコア: 78180803
120 125 114 134 123 142 213 273 13 205 423 254 14 10 449 17 23 115 106 17 10 0 4 47 0
求:15 出:14 数:5
一番高いモンスター: 534239	id:113
スコア: 78180803
120 125 114 134 123 142 213 273 13 205 423 254 14 10 449 17 23 115 106 17 10 0 4 47 0
求:8 出:7 数:5
一番高いモンスター: 534239	id:113
スコア: 78180803
120 125 114 134 123 142 213 273 13 205 423 254 14 10 449 17 23 115 106 17 10 0 4 47 0
求:13 出:14 数:5
一番高いモンスター: 534239	id:113
スコア: 78180803
120 125 114 134 123 142 213 273 13 205 423 254 14 10 449 17 23 115 106 17 10 0 4 47 0
求:15 出:17 数:5
一番高いモンスター: 534239	id:113
スコア: 78180803
120 125 114 134 123 142 213 273 13 205 423 254 14 10 449 17 23 115 106 17 10 0 4 47 0
求:8 出:7 数:5
一番高いモンスター: 534239	id:113
スコア: 78180803
120 125 114 134 123 142 213 273 13 205 423 254 14 10 449 17 23 115 106 17 10 0 4 47 0
求:13 出:7 数:5
一番高いモンスター: 534239	id:113
スコア: 78180803
120 125 114 134 123 142 213 273 13 205 423 254 14 10 449 17 23 115 106 17 10 0 4 47 0
求:15 出:17 数:5
一番高いモンスター: 534239	id:113
スコア: 78180803
120 125 114 134 123 142 213 273 13 205 423 254 14 10 449 17 23 115 106 17 10 0 4 47 0
求:8 出:7 数:5
一番高いモンスター: 534239	id:113
スコア: 78180803
120 125 114 134 123 142 213 273 13 205 423 254 14 10 449 17 23 115 106 17 10 0 4 47 0
求:13 出:14 数:5
一番高いモンスター: 534239	id:113
スコア: 78180803
120 125 114 134 123 142 213 273 13 205 423 254 14 10 449 17 23 115 106 17 10 0 4 47 0
求:15 出:17 数:5
一番高いモンスター: 534239	id:113
スコア: 78180803
121 126 116 136 123 142 216 275 13 208 424 254 14 10 452 17 23 115 108 17 10 0 4 47 0
求:8 出:7 数:5
一番高いモンスター: 534239	id:113
スコア: 78180803
121 126 116 136 123 142 216 275 13 208 424 254 14 10 452 17 23 115 108 17 10 0 4 47 0
求:13 出:7 数:5
一番高いモンスター: 534239	id:113
スコア: 78180803
121 126 116 136 123 142 216 275 13 208 424 254 14 10 452 17 23 115 108 17 10 0 4 47 0
求:15 出:14 数:5
一番高いモンスター: 534239	id:113
スコア: 78180803
121 126 116 136 123 142 216 275 13 208 424 254 14 10 452 17 23 115 108 17 10 0 4 47 0
求:8 出:7 数:5
一番高いモンスター: 534239	id:113
スコア: 78180803
121 126 116 136 123 142 216 275 13 208 424 254 14 10 452 17 23 115 108 17 10 0 4 47 0
求:13 出:14 数:5
一番高いモンスター: 534239	id:113
スコア: 78180803
121 126 116 136 123 142 216 275 13 208 424 254 14 10 452 17 23 115 108 17 10 0 4 47 0
求:15 出:14 数:5
一番高いモンスター: 534239	id:113
スコア: 78180803
121 126 116 136 123 142 216 275 13 208 424 254 14 10 452 17 23 115 108 17 10 0 4 47 0
求:8 出:7 数:5
一番高いモンスター: 534239	id:113
スコア: 78180803
121 126 116 136 123 142 216 275 13 208 424 254 14 10 452 17 23 115 108 17 10 0 4 47 0
求:13 出:14 数:5
一番高いモンスター: 534239	id:113
スコア: 78180803
121 126 116 136 123 142 216 275 13 208 424 254 14 10 452 17 23 115 108 17 10 0 4 47 0
求:15 出:17 数:5
一番高いモンスター: 534239	id:113
スコア: 78180803
122 127 116 139 123 147 216 277 13 208 426 256 14 10 455 17 23 115 108 17 10 0 4 48 0
求:8 出:7 数:5
一番高いモンスター: 534239	id:113
スコア: 78180803
122 127 116 139 123 147 216 277 13 208 426 256 14 10 455 17 23 115 108 17 10 0 4 48 0
求:13 出:7 数:5
一番高いモンスター: 534239	id:113
スコア: 78180803
122 127 116 139 123 147 216 277 13 208 426 256 14 10 455 17 23 115 108 17 10 0 4 48 0
求:15 出:17 数:5
一番高いモンスター: 534239	id:113
