スコア: 57712388
41 35 43 39 27 23 33 30 0 23 232 101 4 5 290 10 5 63 60 8 0 0 0 1 0
一番高いモンスター: 187869
召喚 ID: 153
スコア: 57880668
41 35 43 39 27 23 33 30 0 23 230 95 2 0 290 10 5 63 60 8 0 0 0 1 0
求:13 出:17 数:10
一番高いモンスター: 129751
スコア: 57880668
41 35 43 39 27 23 33 30 0 23 230 95 2 11 290 10 5 53 60 8 0 0 0 1 0
一番高いモンスター: 187869
召喚 ID: 153
スコア: 58048897
41 35 43 39 27 23 33 30 0 23 228 89 2 6 290 10 5 53 60 8 0 0 0 1 0
求:12 出:14 数:10
一番高いモンスター: 187869
召喚 ID: 153
スコア: 58217076
41 35 43 39 27 23 33 30 0 23 226 83 0 1 284 10 5 53 60 8 0 0 0 1 0
求:16 出:18 数:10
一番高いモンスター: 111793
スコア: 58217076
44 36 45 40 31 25 33 31 0 25 226 85 0 1 284 10 5 55 55 8 0 0 0 1 0
求:12 出:14 数:10
一番高いモンスター: 111793
スコア: 58217076
44 36 45 40 31 25 33 31 0 25 226 85 0 1 284 10 5 55 55 8 0 0 0 1 0
一番高いモンスター: 111793
スコア: 58217076
44 36 45 40 31 25 33 31 0 25 226 85 0 1 284 10 5 55 55 8 0 0 0 1 0
求:12 出:14 数:10
一番高いモンスター: 111793
スコア: 58217076
44 36 45 40 31 25 33 31 0 25 226 85 0 1 284 10 5 55 55 8 0 0 0 1 0
求:16 出:17 数:10
一番高いモンスター: 111793
スコア: 58217076
44 36 45 40 31 25 33 31 0 25 226 85 0 1 284 10 5 50 55 8 0 0 0 1 0
求:12 出:18 数:10
一番高いモンスター: 111793
スコア: 58217076
44 36 45 40 31 25 33 31 0 25 226 85 2 1 284 10 5 50 45 8 0 0 0 1 0
一番高いモンスター: 129751
スコア: 58217076
44 36 45 40 31 25 33 31 0 25 226 85 10 1 284 10 5 50 45 8 0 0 0 1 0
求:13 出:17 数:10
一番高いモンスター: 174306
召喚 ID: 196
スコア: 58374619
44 36 45 40 31 25 33 31 0 25 223 82 5 2 281 10 5 40 45 8 0 0 0 1 0
一番高いモンスター: 174306
召喚 ID: 196
スコア: 58532115
44 36 45 40 31 25 33 31 0 25 220 79 0 2 278 10 5 40 45 8 0 0 0 1 0
求:12 出:18 数:10
一番高いモンスター: 111793
スコア: 58532115
44 41 48 46 34 26 33 32 0 26 220 79 10 2 278 10 5 40 35 8 0 0 0 1 0
一番高いモンスター: 187041
召喚 ID: 178
スコア: 58705015
44 41 48 46 34 26 33 32 0 26 217 77 4 0 276 10 5 40 35 8 0 0 0 1 0
求:13 出:17 数:10
一番高いモンスター: 129751
スコア: 58705015
44 41 48 46 34 26 33 32 0 26 217 77 4 0 276 10 5 39 35 8 0 0 0 1 0
求:16 出:17 数:10
一番高いモンスター: 129751
スコア: 58705015
44 41 48 46 34 26 33 32 0 26 217 77 4 0 276 10 5 39 35 8 0 0 0 1 0
求:13 出:14 数:10
一番高いモンスター: 129751
スコア: 58705015
44 41 48 46 34 26 33 32 0 26 217 77 4 0 271 10 5 39 35 8 0 0 0 1 0
求:16 出:17 数:10
一番高いモンスター: 129751
スコア: 58705015
44 41 48 46 34 26 33 32 0 26 217 77 4 0 271 10 5 39 35 8 0 0 0 1 0
求:13 出:14 数:10
一番高いモンスター: 129751
スコア: 58705015
44 41 48 46 34 26 33 32 0 26 217 77 4 0 271 10 5 39 35 8 0 0 0 1 0
一番高いモンスター: 129751
スコア: 58705015
44 41 48 46 34 26 33 32 0 26 217 77 4 0 271 10 5 39 35 8 0 0 0 1 0
求:13 出:17 数:10
一番高いモンスター: 129751
スコア: 58705015
44 41 48 46 34 26 33 32 0 26 217 77 4 0 271 10 5 39 35 8 0 0 0 1 0
求:16 出:17 数:10
一番高いモンスター: 129751
スコア: 58705015
44 41 48 46 34 26 33 32 0 26 217 77 4 0 271 10 5 39 35 8 0 0 0 1 0
求:13 出:14 数:10
一番高いモンスター: 129751
スコア: 58705015
47 44 49 48 37 27 33 35 0 27 217 78 4 0 271 10 5 39 35 8 0 0 0 3 0
求:16 出:17 数:10
一番高いモンスター: 129751
スコア: 58705015
47 44 49 48 37 27 33 35 0 27 217 78 4 0 271 10 5 39 35 8 0 0 0 3 0
求:13 出:17 数:10
一番高いモンスター: 129751
スコア: 58705015
47 44 49 48 37 27 33 35 0 27 217 78 4 0 271 10 5 39 35 8 0 0 0 3 0
求:16 出:17 数:10
一番高いモンスター: 129751
スコア: 58705015
47 44 49 48 37 27 33 35 0 27 217 78 4 0 271 10 5 39 35 8 0 0 0 3 0
求:13 出:14 数:10
一番高いモンスター: 129751
スコア: 58705015
47 44 49 48 37 27 33 35 0 27 217 78 4 0 271 10 5 39 35 8 0 0 0 3 0
求:16 出:17 数:10
一番高いモンスター: 129751
スコア: 58705015
47 44 49 48 37 27 33 35 0 27 217 78 4 0 271 10 5 39 35 8 0 0 0 3 0
求:13 出:17 数:10
一番高いモンスター: 129751
スコア: 58705015
47 44 49 48 37 27 33 35 0 27 217 78 4 0 271 10 5 39 35 8 0 0 0 3 0
求:16 出:17 数:10
一番高いモンスター: 129751
スコア: 58705015
47 44 49 48 37 27 33 35 0 27 217 78 4 0 271 10 5 39 35 8 0 0 0 3 0
求:13 出:14 数:10
一番高いモンスター: 129751
スコア: 58705015
47 44 49 48 37 27 33 35 0 27 217 78 4 0 271 10 5 39 35 8 0 0 0 3 0
一番高いモンスター: 129751
スコア: 58705015
50 46 49 52 38 29 33 36 0 27 218 79 4 0 272 10 5 40 38 8 0 0 0 3 0
求:13 出:17 数:10
一番高いモンスター: 129751
スコア: 58705015
50 46 49 52 38 29 33 36 0 27 218 79 4 0 272 10 5 40 38 8 0 0 0 3 0
一番高いモンスター: 129751
スコア: 58705015
50 46 49 52 38 29 33 36 0 27 218 79 4 0 272 10 5 40 38 8 0 0 0 3 0
求:13 出:14 数:10
一番高いモンスター: 129751
スコア: 58705015
50 46 49 52 38 29 33 36 0 27 218 79 4 3 272 10 5 40 38 8 0 0 0 3 0
求:16 出:17 数:10
一番高いモンスター: 129751
スコア: 58705015
50 46 49 52 38 29 33 36 0 27 218 79 4 3 272 10 5 40 38 8 0 0 0 3 0
求:13 出:14 数:10
一番高いモンスター: 129751
スコア: 58705015
50 46 49 52 38 29 33 36 0 27 218 79 4 3 272 10 5 40 38 8 0 0 0 3 0
求:16 出:17 数:10
一番高いモンスター: 129751
スコア: 58705015
50 46 49 52 38 29 33 36 0 27 218 79 4 3 272 10 5 40 38 8 0 0 0 3 0
求:13 出:17 数:10
一番高いモンスター: 129751
スコア: 58705015
50 46 49 52 38 29 33 36 0 27 218 79 4 3 272 10 5 37 38 8 0 0 0 3 0
求:16 出:18 数:10
一番高いモンスター: 129751
スコア: 58705015
50 46 49 52 38 29 33 36 0 27 218 79 4 3 272 10 5 37 38 8 0 0 0 3 0
求:13 出:14 数:10
一番高いモンスター: 129751
スコア: 58705015
53 47 49 54 41 30 34 36 0 29 219 80 4 3 272 10 5 39 39 8 0 0 0 5 0
求:16 出:17 数:10
一番高いモンスター: 129751
スコア: 58705015
53 47 49 54 41 30 34 36 0 29 219 80 4 3 272 10 5 39 39 8 0 0 0 5 0
求:13 出:17 数:10
一番高いモンスター: 129751
スコア: 58705015
53 47 49 54 41 30 34 36 0 29 219 80 4 3 272 10 5 39 39 8 0 0 0 5 0
一番高いモンスター: 129751
スコア: 58705015
53 47 49 54 41 30 34 36 0 29 219 80 4 3 272 10 5 39 39 8 0 0 0 5 0
求:13 出:14 数:10
一番高いモンスター: 129751
スコア: 58705015
53 47 49 54 41 30 34 36 0 29 219 80 4 3 272 10 5 39 39 8 0 0 0 5 0
求:16 出:17 数:10
一番高いモンスター: 129751
スコア: 58705015
53 47 49 54 41 30 34 36 0 29 219 80 4 3 272 10 5 39 39 8 0 0 0 5 0
求:13 出:14 数:10
一番高いモンスター: 129751
スコア: 58705015
53 47 49 54 41 30 34 36 0 29 219 80 4 3 272 10 5 39 39 8 0 0 0 5 0
求:16 出:17 数:10
一番高いモンスター: 129751
スコア: 58705015
53 47 49 54 41 30 34 36 0 29 219 80 4 3 272 10 5 39 39 8 0 0 0 5 0
求:13 出:17 数:10
一番高いモンスター: 129751
スコア: 58705015
53 47 49 54 41 30 34 36 0 29 219 80 4 3 272 10 5 39 39 8 0 0 0 5 0
一番高いモンスター: 129751
スコア: 58705015
53 48 50 55 43 30 36 39 0 30 220 81 4 3 276 10 5 40 40 8 0 0 0 6 0
求:13 出:17 数:10
一番高いモンスター: 129751
スコア: 58705015
53 48 50 55 43 30 36 39 0 30 220 81 4 3 276 10 5 40 40 8 0 0 0 6 0
求:16 出:17 数:10
一番高いモンスター: 129751
スコア: 58705015
53 48 50 55 43 30 36 39 0 30 220 81 4 3 276 10 5 40 40 8 0 0 0 6 0
求:13 出:14 数:10
一番高いモンスター: 129751
スコア: 58705015
53 48 50 55 43 30 36 39 0 30 220 81 4 3 276 10 5 40 40 8 0 0 0 6 0
求:16 出:17 数:10
一番高いモンスター: 129751
スコア: 58705015
53 48 50 55 43 30 36 39 0 30 220 81 4 3 276 10 5 40 40 8 0 0 0 6 0
求:13 出:14 数:10
一番高いモンスター: 129751
スコア: 58705015
53 48 50 55 43 30 36 39 0 30 220 81 4 3 276 10 5 40 40 8 0 0 0 6 0
一番高いモンスター: 129751
スコア: 58705015
53 48 50 55 43 30 36 39 0 30 220 81 4 3 276 10 5 40 40 8 0 0 0 6 0
求:13 出:14 数:10
一番高いモンスター: 129751
スコア: 58705015
53 48 50 55 43 30 36 39 0 30 220 81 4 3 276 10 5 40 40 8 0 0 0 6 0
一番高いモンスター: 129751
スコア: 58705015
53 48 50 55 43 30 36 39 0 30 220 81 4 3 276 10 5 40 40 8 0 0 0 6 0
求:13 出:17 数:10
一番高いモンスター: 129751
