スコア: 77374027
91 95 104 112 94 70 155 204 0 126 346 199 2 1 397 15 7 73 79 11 7 1 5 27 2
求:21 出:18 数:1
一番高いモンスター: 10098
召喚 ID: 953
スコア: 77381432
90 89 103 111 83 70 155 204 0 126 346 199 2 1 397 15 7 73 79 11 7 1 5 27 2
求:8 出:7 数:5
一番高いモンスター: 10098
召喚 ID: 953
スコア: 77388834
89 83 102 110 72 70 155 204 0 126 346 199 2 1 397 15 7 73 79 11 7 1 5 27 2
求:13 出:14 数:5
一番高いモンスター: 10098
召喚 ID: 953
スコア: 77396234
88 77 101 109 61 70 155 204 0 126 346 199 2 1 397 15 7 73 79 11 7 1 5 27 2
求:16 出:14 数:5
一番高いモンスター: 10098
召喚 ID: 953
スコア: 77403632
87 71 100 108 50 70 155 204 0 126 346 199 2 1 397 15 7 73 79 11 7 1 5 27 2
求:21 出:23 数:1
一番高いモンスター: 10098
召喚 ID: 953
スコア: 77411028
86 65 99 107 39 70 155 204 0 126 346 199 2 1 397 15 7 73 79 11 7 1 5 27 2
求:8 出:7 数:5
一番高いモンスター: 10098
召喚 ID: 953
スコア: 77418421
85 59 98 106 28 70 155 204 0 126 346 199 2 1 397 15 7 73 79 11 7 1 5 27 2
求:13 出:7 数:5
一番高いモンスター: 10098
召喚 ID: 953
スコア: 77425812
84 53 97 105 17 70 155 204 0 126 346 199 2 1 397 15 7 73 79 11 7 1 5 27 2
求:16 出:14 数:5
一番高いモンスター: 10098
召喚 ID: 953
スコア: 77433201
85 52 97 109 9 70 155 204 0 127 346 200 2 1 397 15 7 73 80 11 7 1 5 28 2
求:21 出:18 数:1
一番高いモンスター: 10094
召喚 ID: 547
スコア: 77442049
68 50 97 109 8 70 155 204 0 127 346 200 2 1 397 15 7 73 80 11 7 1 5 28 2
求:8 出:7 数:5
一番高いモンスター: 10094
召喚 ID: 547
スコア: 77450895
51 48 97 109 7 70 155 204 0 127 346 200 2 1 397 15 7 73 80 11 7 1 5 28 2
求:13 出:7 数:5
一番高いモンスター: 10094
召喚 ID: 547
スコア: 77459738
34 46 97 109 6 70 155 204 0 127 346 200 2 1 397 15 7 73 80 11 7 1 5 28 2
求:16 出:18 数:5
一番高いモンスター: 10094
召喚 ID: 547
スコア: 77468578
17 44 97 109 5 70 155 204 0 127 346 200 2 1 397 15 7 73 80 11 7 1 5 28 2
求:21 出:23 数:1
一番高いモンスター: 10094
召喚 ID: 547
スコア: 77477416
0 42 97 109 4 70 155 204 0 127 346 200 2 1 397 15 7 73 80 11 7 1 5 28 2
求:8 出:7 数:5
一番高いモンスター: 10036
召喚 ID: 847
スコア: 77485897
0 42 90 96 4 70 155 204 0 127 346 200 2 1 397 15 7 73 80 11 7 1 5 28 2
求:13 出:7 数:5
一番高いモンスター: 10036
召喚 ID: 847
スコア: 77494376
0 42 83 83 4 70 155 204 0 127 346 200 2 1 397 15 7 73 80 11 7 1 5 28 2
求:16 出:18 数:5
一番高いモンスター: 10036
召喚 ID: 847
スコア: 77502852
0 42 76 70 4 70 155 204 0 127 346 200 2 1 397 15 7 73 80 11 7 1 5 28 2
求:21 出:23 数:1
一番高いモンスター: 10036
召喚 ID: 847
スコア: 77511326
0 42 69 57 4 70 155 204 0 127 346 200 2 1 397 15 7 73 80 11 7 1 5 28 2
求:8 出:7 数:5
一番高いモンスター: 10036
召喚 ID: 847
スコア: 77519797
3 45 65 46 5 71 156 206 0 129 346 200 2 1 398 15 7 74 80 11 7 1 5 28 2
求:13 出:14 数:5
一番高いモンスター: 10094
召喚 ID: 606
スコア: 77529044
1 38 59 44 2 71 156 206 0 129 346 200 2 1 398 15 7 74 80 11 7 1 5 28 2
求:16 出:18 数:5
一番高いモンスター: 10060
召喚 ID: 803
スコア: 77538274
0 32 59 31 2 71 156 206 0 129 346 200 2 1 398 15 7 74 80 11 7 1 5 28 2
求:21 出:23 数:1
一番高いモンスター: 10036
召喚 ID: 847
スコア: 77546742
0 32 52 18 2 71 156 206 0 129 346 200 2 1 398 15 7 74 80 11 7 1 5 28 2
求:8 出:7 数:5
一番高いモンスター: 10036
召喚 ID: 847
スコア: 77555208
0 32 45 5 2 71 156 206 0 129 346 200 2 1 398 15 7 74 80 11 7 1 5 28 2
求:13 出:14 数:5
一番高いモンスター: 10017
召喚 ID: 788
スコア: 77564459
0 25 36 1 2 71 156 206 0 129 346 200 2 1 398 15 7 74 80 11 7 1 5 28 2
求:16 出:18 数:5
一番高いモンスター: 9581
召喚 ID: 667
スコア: 77573640
0 6 36 1 2 71 156 206 0 129 346 200 2 1 398 15 7 74 80 11 7 1 5 28 2
求:21 出:18 数:1
一番高いモンスター: 8007
召喚 ID: 726
スコア: 77581249
0 6 20 1 2 71 156 206 0 129 346 200 2 1 398 15 7 74 80 11 7 1 5 28 2
求:8 出:7 数:5
一番高いモンスター: 8007
召喚 ID: 726
スコア: 77588856
0 6 4 1 2 71 156 206 0 129 346 200 2 1 398 15 7 74 80 11 7 1 5 28 2
求:13 出:14 数:5
一番高いモンスター: 5511
召喚 ID: 614
スコア: 77594264
2 1 2 0 5 71 158 206 0 130 346 203 2 1 400 15 7 77 80 11 7 1 5 29 2
求:16 出:18 数:5
一番高いモンスター: 3515
召喚 ID: 926
