スコア: 49751329
102 87 103 129 105 58 54 83 1 93 288 193 6 1 329 10 7 136 138 16 0 0 0 5 0
求:16 出:18 数:5
一番高いモンスター: 82129
召喚 ID: 276
スコア: 49820195
103 89 105 130 108 52 51 83 1 88 290 195 6 1 329 10 7 137 139 16 0 0 0 5 0
求:13 出:14 数:5
一番高いモンスター: 82129
召喚 ID: 276
スコア: 49889040
103 89 105 130 108 45 46 81 1 83 290 195 6 1 329 10 7 137 139 16 0 0 0 5 0
求:16 出:18 数:5
一番高いモンスター: 82129
召喚 ID: 276
スコア: 49957865
103 89 105 130 108 38 41 79 1 78 290 195 6 1 329 10 7 137 139 16 0 0 0 5 0
求:13 出:18 数:5
一番高いモンスター: 82129
召喚 ID: 276
スコア: 50026669
103 89 105 130 108 31 36 77 1 73 290 195 6 6 329 10 7 137 134 16 0 0 0 5 0
求:16 出:17 数:5
一番高いモンスター: 82129
召喚 ID: 276
スコア: 50095453
103 89 105 130 108 24 31 75 1 68 290 195 6 6 329 10 7 137 134 16 0 0 0 5 0
求:12 出:17 数:5
一番高いモンスター: 82129
召喚 ID: 276
スコア: 50164216
103 89 105 130 108 17 26 73 1 63 290 195 11 6 329 10 7 132 134 16 0 0 0 5 0
一番高いモンスター: 82129
召喚 ID: 276
スコア: 50232958
103 89 105 130 108 10 21 71 1 58 290 195 11 6 329 10 7 132 134 16 0 0 0 5 0
求:13 出:14 数:5
一番高いモンスター: 82129
召喚 ID: 276
スコア: 50301680
103 89 105 130 108 3 16 69 1 53 290 195 11 6 329 10 7 132 134 16 0 0 0 5 0
一番高いモンスター: 76238
召喚 ID: 339
スコア: 50377167
104 92 108 132 110 4 7 66 0 48 291 195 11 6 332 10 7 132 136 16 0 0 0 5 0
求:13 出:18 数:5
一番高いモンスター: 57222
召喚 ID: 453
スコア: 50430862
104 92 108 132 110 3 7 58 0 38 291 195 11 11 332 10 7 132 131 16 0 0 0 5 0
一番高いモンスター: 57222
召喚 ID: 453
スコア: 50484541
104 92 108 132 110 2 7 50 0 28 291 195 11 11 332 10 7 132 131 16 0 0 0 5 0
求:12 出:17 数:5
一番高いモンスター: 57222
召喚 ID: 453
スコア: 50538204
104 92 108 132 110 1 7 42 0 18 291 195 13 11 332 10 7 127 131 16 0 0 0 5 0
一番高いモンスター: 57222
召喚 ID: 453
