スコア: 26665623
27 21 22 24 18 0 4 29 0 3 661 616 0 0 607 6 3 404 473 2 0 0 1 1 0
求:12 出:18 数:4
一番高いモンスター: 17819
スコア: 26665623
33 25 24 24 20 1 4 29 0 4 662 616 4 0 609 6 3 404 469 2 0 0 1 2 0
求:8 出:10 数:4
一番高いモンスター: 17819
スコア: 26665623
33 25 24 24 20 1 4 29 4 4 658 616 4 0 609 6 3 404 469 2 0 0 1 2 0
求:13 出:18 数:4
一番高いモンスター: 51137
召喚 ID: 355
スコア: 26716546
33 25 24 24 20 0 1 18 1 3 658 616 4 4 609 6 3 404 465 2 0 0 1 2 0
求:5 出:10 数:4
一番高いモンスター: 22293
スコア: 26716546
33 25 24 24 20 2 1 18 1 3 654 616 4 4 609 6 3 404 465 2 0 0 1 2 0
求:12 出:18 数:4
一番高いモンスター: 29752
スコア: 26716546
33 25 24 24 20 2 1 18 1 3 654 616 8 4 609 6 3 404 461 2 0 0 1 2 0
求:6 出:10 数:4
一番高いモンスター: 29752
スコア: 26716546
33 25 24 24 20 2 5 18 1 3 650 616 8 4 609 6 3 404 461 2 0 0 1 2 0
求:13 出:18 数:4
一番高いモンスター: 31824
スコア: 26716546
33 25 24 24 20 4 5 18 1 3 650 616 8 8 609 6 3 404 457 2 0 0 1 2 0
求:8 出:10 数:4
一番高いモンスター: 50801
召喚 ID: 385
スコア: 26765024
33 25 24 24 20 0 1 7 5 3 646 616 8 8 609 6 3 404 457 2 0 0 1 2 0
求:12 出:18 数:4
一番高いモンスター: 11983
スコア: 26765024
33 25 24 24 20 0 1 7 5 3 646 616 12 8 609 6 3 404 453 2 0 0 1 2 0
求:5 出:10 数:4
一番高いモンスター: 11983
スコア: 26765024
33 25 24 24 20 2 1 7 5 3 642 616 12 8 609 6 3 404 453 2 0 0 1 2 0
求:13 出:18 数:4
一番高いモンスター: 48206
召喚 ID: 380
スコア: 26813071
34 29 25 24 20 4 4 1 0 2 642 617 12 12 610 6 3 405 451 2 0 0 1 3 0
求:8 出:10 数:4
一番高いモンスター: 13391
スコア: 26813071
34 29 25 24 20 5 4 1 4 2 638 617 12 12 610 6 3 405 451 2 0 0 1 3 0
求:12 出:18 数:4
一番高いモンスター: 17037
スコア: 26813071
34 29 25 24 20 5 4 1 4 2 638 617 16 12 610 6 3 405 447 2 0 0 1 3 0
求:7 出:10 数:4
一番高いモンスター: 17037
スコア: 26813071
34 29 25 24 20 5 4 5 4 2 634 617 16 12 610 6 3 405 447 2 0 0 1 3 0
求:13 出:18 数:4
一番高いモンスター: 32245
スコア: 26813071
34 29 25 24 20 5 4 5 4 2 634 617 16 16 610 6 3 405 443 2 0 0 1 3 0
求:9 出:10 数:4
一番高いモンスター: 32245
スコア: 26813071
34 29 25 24 20 5 4 5 4 6 630 617 16 16 610 6 3 405 443 2 0 0 1 3 0
求:12 出:18 数:4
一番高いモンスター: 103733
召喚 ID: 265
スコア: 26913949
34 29 25 24 20 0 2 1 0 2 630 617 20 16 610 6 3 405 439 2 0 0 1 3 0
求:5 出:10 数:4
一番高いモンスター: 10098
スコア: 26913949
34 29 25 24 20 2 2 1 0 2 626 617 20 16 610 6 3 405 439 2 0 0 1 3 0
求:13 出:18 数:4
一番高いモンスター: 10098
スコア: 26913949
34 29 25 24 20 3 2 1 0 2 626 617 20 20 610 6 3 405 435 2 0 0 1 3 0
求:8 出:10 数:4
一番高いモンスター: 10098
スコア: 26913949
37 29 30 24 23 5 2 3 4 2 623 618 20 20 611 6 3 407 436 2 0 0 1 3 0
求:12 出:18 数:4
一番高いモンスター: 23947
スコア: 26913949
37 29 30 24 23 5 2 3 4 2 623 618 24 20 611 6 3 407 432 2 0 0 1 3 0
求:6 出:10 数:4
一番高いモンスター: 23947
スコア: 26913949
37 29 30 24 23 5 3 3 4 2 619 618 24 20 611 6 3 407 432 2 0 0 1 3 0
求:13 出:18 数:4
一番高いモンスター: 32245
スコア: 26913949
37 29 30 24 23 5 3 3 4 2 619 618 24 24 611 6 3 407 428 2 0 0 1 3 0
求:9 出:10 数:4
一番高いモンスター: 32245
スコア: 26913949
37 29 30 24 23 5 3 3 4 6 615 618 24 24 611 6 3 407 428 2 0 0 1 3 0
求:12 出:18 数:4
一番高いモンスター: 91630
召喚 ID: 465
スコア: 27005031
37 29 30 24 23 1 0 0 1 0 615 618 28 24 611 6 3 407 424 2 0 0 1 3 0
求:6 出:11 数:4
一番高いモンスター: 10098
スコア: 27005031
37 29 30 24 23 1 4 0 1 0 615 614 28 24 611 6 3 407 424 2 0 0 1 3 0
求:13 出:18 数:4
一番高いモンスター: 10098
スコア: 27005031
37 29 30 24 23 1 7 0 1 0 615 614 28 28 611 6 3 407 420 2 0 0 1 3 0
求:7 出:10 数:4
一番高いモンスター: 10098
