スコア: 63669496
97 93 106 114 91 55 60 68 0 63 199 66 3 3 271 0 0 6 7 0 0 0 0 1 0
求:15 出:14 数:5
一番高いモンスター: 82129
召喚 ID: 276
スコア: 63737950
97 93 106 114 91 48 55 66 0 58 199 66 3 3 271 5 0 6 7 0 0 0 0 1 0
求:12 出:14 数:5
一番高いモンスター: 82129
召喚 ID: 276
スコア: 63806384
97 93 106 114 91 41 50 64 0 53 199 66 3 3 271 5 0 6 7 0 0 0 0 1 0
求:16 出:18 数:5
一番高いモンスター: 82129
召喚 ID: 276
スコア: 63874777
97 93 106 114 91 34 45 62 0 48 199 66 3 3 271 5 0 6 7 0 0 0 0 1 0
求:12 出:7 数:5
一番高いモンスター: 82129
召喚 ID: 276
スコア: 63943129
97 93 106 114 91 27 40 60 0 43 199 66 3 3 271 5 0 6 7 0 0 0 0 1 0
求:16 出:14 数:5
一番高いモンスター: 82129
召喚 ID: 276
スコア: 64011460
99 95 109 115 93 24 35 60 0 38 200 68 3 3 266 5 0 6 8 0 0 0 0 1 0
求:12 出:7 数:5
一番高いモンスター: 82129
召喚 ID: 276
スコア: 64079750
99 95 109 115 93 17 30 58 0 33 200 68 3 3 266 5 0 6 8 0 0 0 0 1 0
求:16 出:18 数:5
一番高いモンスター: 82129
召喚 ID: 276
スコア: 64147999
99 95 109 115 93 10 25 56 0 28 200 68 3 3 266 5 0 6 8 0 0 0 0 1 0
求:12 出:7 数:5
一番高いモンスター: 82129
召喚 ID: 276
スコア: 64216207
99 95 109 115 93 3 20 54 0 23 200 68 3 3 266 5 0 6 8 0 0 0 0 1 0
求:16 出:18 数:5
一番高いモンスター: 57222
召喚 ID: 453
スコア: 64269726
99 95 109 115 93 2 20 46 0 13 200 68 3 3 266 5 0 6 8 0 0 0 0 1 0
求:12 出:7 数:5
一番高いモンスター: 57222
召喚 ID: 453
スコア: 64323228
99 95 109 115 93 1 20 38 0 3 200 68 3 3 266 5 0 6 8 0 0 0 0 1 0
求:16 出:14 数:5
一番高いモンスター: 38018
スコア: 64323228
99 95 109 115 93 1 20 38 0 3 200 68 3 3 266 5 0 6 8 0 0 0 0 1 0
求:12 出:14 数:5
一番高いモンスター: 38018
スコア: 64323228
99 95 109 115 93 1 20 38 0 3 200 68 3 3 266 5 0 6 8 0 0 0 0 1 0
求:16 出:18 数:5
一番高いモンスター: 38018
