スコア: 8176132
4 2 13 7 3 142 155 149 80 155 426 397 0 0 383 0 0 273 341 0 0 0 0 74 0
出:6求8 155
一番高いモンスター: 10018
召喚 ID: 785
スコア: 8186013
0 1 2 5 1 142 155 149 80 155 426 397 0 0 383 0 0 273 341 0 0 0 0 74 0
出:6求8 155
一番高いモンスター: 3522
スコア: 8186013
3 2 4 6 4 144 155 151 80 156 426 397 0 0 386 0 0 274 342 0 0 0 0 74 0
出:9求8 156
一番高いモンスター: 7035
召喚 ID: 877
スコア: 8192995
0 0 3 1 1 144 155 151 80 156 426 397 0 0 386 0 0 274 342 0 0 0 0 74 0
出:9求8 156
一番高いモンスター: -1
スコア: 8192995
2 1 4 2 2 144 156 152 80 159 428 400 0 0 386 0 0 275 345 0 0 0 0 74 0
出:9求8 159
一番高いモンスター: 4524
スコア: 8192995
2 1 4 2 2 144 156 152 80 159 428 400 0 0 386 0 0 275 345 0 0 0 0 74 0
出:9求8 159
一番高いモンスター: 4524
スコア: 8200953
0 0 1 1 3 144 157 153 80 160 430 404 0 0 386 0 0 275 346 0 0 0 0 74 0
出:9求8 160
一番高いモンスター: 2512
スコア: 8200953
0 0 1 1 3 144 157 153 80 160 430 404 0 0 386 0 0 275 346 0 0 0 0 74 0
出:9求8 160
一番高いモンスター: 2512
スコア: 8200953
4 2 5 4 3 144 158 154 80 160 431 405 0 0 387 0 0 275 346 0 0 0 0 76 0
出:9求8 160
一番高いモンスター: 7015
召喚 ID: 755
スコア: 8207924
0 1 0 2 1 144 158 154 80 160 431 405 0 0 387 0 0 275 346 0 0 0 0 76 0
出:9求8 160
一番高いモンスター: -1
スコア: 8207924
1 1 4 4 4 144 160 157 80 161 433 405 0 0 388 0 0 275 347 0 0 0 0 76 0
出:9求8 161
一番高いモンスター: 4507
スコア: 8207924
1 1 4 4 4 144 160 157 80 161 433 405 0 0 388 0 0 275 347 0 0 0 0 76 0
出:9求8 161
一番高いモンスター: 4507
スコア: 8207924
4 3 6 8 5 145 160 158 80 161 434 405 0 0 391 0 0 277 347 0 0 0 0 76 0
出:9求8 161
一番高いモンスター: 10083
召喚 ID: 882
スコア: 8217697
1 0 3 0 2 145 160 158 80 161 434 405 0 0 391 0 0 277 347 0 0 0 0 76 0
出:9求8 161
一番高いモンスター: -1
スコア: 8217697
4 1 4 4 3 146 162 158 80 162 435 408 0 0 391 0 0 277 349 0 0 0 0 76 0
出:6求8 162
一番高いモンスター: 5551
召喚 ID: 840
スコア: 8223180
1 1 3 0 0 146 162 158 80 162 435 408 0 0 391 0 0 277 349 0 0 0 0 76 0
出:6求8 162
一番高いモンスター: -1
スコア: 8223180
2 4 6 1 3 148 164 159 80 162 435 408 0 0 391 0 0 277 352 0 0 0 0 77 0
出:6求8 164
一番高いモンスター: 5554
召喚 ID: 665
スコア: 8228684
0 0 4 1 0 148 164 159 80 162 435 408 0 0 391 0 0 277 352 0 0 0 0 77 0
出:6求8 164
一番高いモンスター: -1
スコア: 8228684
3 4 5 2 2 150 166 159 80 163 435 409 0 0 393 0 0 277 353 0 0 0 0 77 0
出:6求8 166
一番高いモンスター: 6036
召喚 ID: 747
スコア: 8234641
1 2 1 0 0 150 166 159 80 163 435 409 0 0 393 0 0 277 353 0 0 0 0 77 0
出:6求8 166
一番高いモンスター: -1
スコア: 8234641
2 4 3 3 1 150 168 161 80 165 437 410 0 0 393 0 0 278 354 0 0 0 0 77 0
出:6求8 168
一番高いモンスター: 5026
召喚 ID: 619
スコア: 8239614
1 0 0 2 0 150 168 161 80 165 437 410 0 0 393 0 0 278 354 0 0 0 0 77 0
出:6求8 168
一番高いモンスター: -1
スコア: 8239614
3 2 0 4 3 152 169 162 80 166 439 411 0 0 395 0 0 279 354 0 0 0 0 77 0
出:6求8 169
一番高いモンスター: 3530
スコア: 8239614
5 3 2 6 6 154 170 165 80 167 439 411 0 0 396 0 0 279 354 0 0 0 0 79 0
出:6求8 170
一番高いモンスター: 8029
召喚 ID: 992
スコア: 8247602
3 2 0 1 0 154 170 165 80 167 439 411 0 0 396 0 0 279 354 0 0 0 0 79 0
出:6求8 170
一番高いモンスター: -1
スコア: 8247602
7 2 1 2 2 155 170 165 80 168 443 411 0 0 399 0 0 280 356 0 0 0 0 79 0
出:6求8 170
一番高いモンスター: 5545
召喚 ID: 529
スコア: 8253101
0 1 0 2 0 155 170 165 80 168 443 411 0 0 399 0 0 280 356 0 0 0 0 79 0
出:6求8 170
一番高いモンスター: -1
スコア: 8253101
2 4 2 2 1 155 172 167 80 170 444 411 0 0 400 0 0 281 357 0 0 0 0 81 0
出:6求8 172
一番高いモンスター: 3530
スコア: 8253101
2 4 2 2 1 155 172 167 80 170 444 411 0 0 400 0 0 281 357 0 0 0 0 81 0
出:6求8 172
一番高いモンスター: 3530
スコア: 8253101
3 8 2 2 3 155 177 169 80 172 444 411 0 0 403 0 0 282 357 0 0 0 0 81 0
出:6求8 177
一番高いモンスター: 7035
召喚 ID: 662
スコア: 8260107
0 0 2 0 2 155 177 169 80 172 444 411 0 0 403 0 0 282 357 0 0 0 0 81 0
出:6求8 177
一番高いモンスター: -1
スコア: 8260107
2 2 4 2 6 157 177 169 80 174 444 413 0 0 404 0 0 282 358 0 0 0 0 81 0
出:6求8 177
一番高いモンスター: 6036
召喚 ID: 747
スコア: 8266060
0 0 0 0 4 157 177 169 80 174 444 413 0 0 404 0 0 282 358 0 0 0 0 81 0
出:6求8 177
一番高いモンスター: -1
スコア: 8266060
1 0 3 3 6 158 179 169 80 177 445 413 0 0 404 0 0 283 361 0 0 0 0 81 0
出:6求8 179
一番高いモンスター: 4506
スコア: 8266060
1 0 3 3 6 158 179 169 80 177 445 413 0 0 404 0 0 283 361 0 0 0 0 81 0
出:6求8 179
一番高いモンスター: 4506
スコア: 8266060
2 1 4 4 10 160 180 170 80 179 447 414 0 0 405 0 0 283 362 0 0 0 0 82 0
出:6求8 180
一番高いモンスター: 8001
召喚 ID: 965
スコア: 8274025
0 0 2 3 0 160 180 170 80 179 447 414 0 0 405 0 0 283 362 0 0 0 0 82 0
出:6求8 180
一番高いモンスター: -1
スコア: 8274025
3 3 2 8 1 161 182 170 80 180 448 415 0 0 406 0 0 284 362 0 0 0 0 82 0
出:6求8 182
一番高いモンスター: 6558
召喚 ID: 854
出:5求8 0
一番高いモンスター: 6558
召喚 ID: 854
