スコア: 5848410
618 633 605 623 587 3 55 7 0 7 298 272 0 0 260 0 0 246 235 0 0 0 0 4 0
一番高いモンスター: 31539
召喚 ID: 88
スコア: 5878998
620 637 609 628 588 3 55 8 0 8 298 272 0 0 261 0 0 236 236 0 0 0 0 4 0
一番高いモンスター: 31539
召喚 ID: 88
スコア: 5909577
620 637 609 628 588 3 55 8 0 8 298 272 0 0 261 0 0 226 236 0 0 0 0 4 0
一番高いモンスター: 31539
召喚 ID: 88
スコア: 5940147
622 638 611 630 588 5 58 8 0 11 299 272 0 0 262 0 0 217 236 0 0 0 0 6 0
一番高いモンスター: 31539
召喚 ID: 88
スコア: 5970708
622 638 611 630 588 5 58 8 0 11 299 272 0 0 262 0 0 207 236 0 0 0 0 6 0
一番高いモンスター: 31539
召喚 ID: 88
スコア: 6001260
625 641 612 634 591 6 58 8 0 11 300 273 0 0 263 0 0 198 236 0 0 0 0 7 0
一番高いモンスター: 31539
召喚 ID: 88
スコア: 6031803
625 641 612 634 591 6 58 8 0 11 300 273 0 0 263 0 0 188 236 0 0 0 0 7 0
一番高いモンスター: 31539
召喚 ID: 88
