スコア: 7352564
3 200 476 495 5 78 169 90 0 102 375 354 0 0 339 0 0 245 297 0 0 0 0 55 0
一番高いモンスター: 10094
召喚 ID: 606
出:5求8
スコア: 7372299
0 187 470 480 2 78 169 90 0 102 375 354 0 0 339 0 0 245 297 0 0 0 0 55 0
一番高いモンスター: 10036
召喚 ID: 847
出:5求8
スコア: 7391746
3 188 458 457 3 78 171 95 0 103 376 355 0 0 339 0 0 245 297 0 0 0 0 55 0
一番高いモンスター: 10094
召喚 ID: 606
出:5求8
スコア: 7411475
0 175 452 442 0 78 171 95 0 103 376 355 0 0 339 0 0 245 297 0 0 0 0 55 0
一番高いモンスター: 10036
召喚 ID: 847
出:5求8
スコア: 7430910
2 177 441 419 0 81 171 95 0 107 377 356 0 0 339 0 0 246 297 0 0 0 0 55 0
一番高いモンスター: 10060
召喚 ID: 803
出:5求8
