スコア: 70753539
59 49 58 42 47 21 98 125 0 59 275 139 2 1 338 15 12 54 51 10 6 5 2 3 6
求:13 出:14 数:5
一番高いモンスター: 129751
スコア: 70753539
59 49 58 42 47 21 98 125 0 59 275 139 2 1 338 15 12 54 51 10 6 5 2 3 6
求:19 出:17 数:5
一番高いモンスター: 129751
スコア: 70753539
59 49 58 42 47 21 98 125 0 59 275 139 2 1 338 15 12 54 51 10 6 5 2 3 6
求:22 出:20 数:5
一番高いモンスター: 129751
スコア: 70753539
59 49 58 42 47 21 98 125 0 59 275 139 2 1 338 15 12 54 51 10 6 5 2 3 6
求:13 出:14 数:5
一番高いモンスター: 129751
スコア: 70753539
59 49 58 42 47 21 98 125 0 59 275 139 2 1 338 15 12 54 51 10 6 5 2 3 6
求:19 出:17 数:5
一番高いモンスター: 129751
スコア: 70753539
59 49 58 42 47 21 98 125 0 59 275 139 2 1 338 15 12 54 51 10 6 5 2 3 6
求:22 出:20 数:5
一番高いモンスター: 129751
スコア: 70753539
59 49 58 42 47 21 98 125 0 59 275 139 2 1 338 15 12 54 51 10 6 5 2 3 6
求:13 出:14 数:5
一番高いモンスター: 129751
スコア: 70753539
59 49 58 42 47 21 98 125 0 59 275 139 2 1 338 15 12 54 51 10 6 5 2 3 6
求:19 出:17 数:5
一番高いモンスター: 129751
スコア: 70753539
59 49 58 42 47 21 98 125 0 59 275 139 2 1 338 15 12 54 51 10 6 5 2 3 6
求:22 出:20 数:5
一番高いモンスター: 129751
スコア: 70753539
60 51 61 45 51 22 99 127 0 60 275 139 2 1 339 15 12 54 51 10 6 5 2 4 6
求:13 出:14 数:5
一番高いモンスター: 129751
スコア: 70753539
60 51 61 45 51 22 99 127 0 60 275 139 2 1 339 15 12 54 51 10 6 7 2 4 6
求:19 出:17 数:5
一番高いモンスター: 129751
スコア: 70753539
60 51 61 45 51 22 99 127 0 60 275 139 2 1 339 15 12 54 51 10 6 7 2 4 6
求:22 出:21 数:5
一番高いモンスター: 129751
スコア: 70753539
60 51 61 45 51 22 99 127 0 60 275 139 2 1 339 15 12 54 51 10 6 2 2 4 6
求:13 出:14 数:5
一番高いモンスター: 129751
スコア: 70753539
60 51 61 45 51 22 99 127 0 60 275 139 2 1 339 15 12 54 51 10 6 2 3 4 6
求:19 出:17 数:5
一番高いモンスター: 129751
スコア: 70753539
60 51 61 45 51 22 99 127 0 60 275 139 2 1 339 15 12 54 51 10 6 2 3 4 6
求:21 出:20 数:5
一番高いモンスター: 129751
スコア: 70753539
60 51 61 45 51 22 99 127 0 60 275 139 2 1 339 15 12 54 51 10 4 2 3 4 6
求:13 出:14 数:5
一番高いモンスター: 129751
スコア: 70753539
60 51 61 45 51 22 99 127 0 60 275 139 2 1 339 15 12 54 51 10 4 2 3 4 6
求:19 出:17 数:5
一番高いモンスター: 129751
スコア: 70753539
60 51 61 45 51 22 99 127 0 60 275 139 2 1 339 15 12 54 51 10 4 2 3 4 6
求:21 出:24 数:5
一番高いモンスター: 129751
スコア: 70753539
60 51 61 45 51 22 99 127 0 60 275 139 2 1 339 15 12 54 51 10 4 2 5 4 1
求:13 出:14 数:5
一番高いモンスター: 129751
スコア: 70753539
65 52 64 46 52 24 99 128 0 61 276 141 2 1 339 15 12 55 52 10 4 2 5 4 1
求:19 出:17 数:5
一番高いモンスター: 129751
