スコア: 69809091
20 13 21 13 17 96 150 130 6 111 259 120 2 1 318 10 7 40 45 10 1 5 2 6 1
求:13 出:14 数:5
一番高いモンスター: 108786
召喚 ID: 407
スコア: 69901383
23 13 22 15 21 92 146 128 0 111 261 121 2 1 320 10 7 41 45 10 1 5 2 6 1
求:16 出:18 数:5
一番高いモンスター: 82129
召喚 ID: 276
スコア: 69967120
23 13 22 15 21 85 141 126 0 106 261 121 2 1 320 10 7 41 45 10 1 5 2 6 1
求:20 出:23 数:5
一番高いモンスター: 82129
召喚 ID: 276
スコア: 70032798
23 13 22 15 21 78 136 124 0 101 261 121 2 1 320 10 7 41 45 10 6 5 2 1 1
求:13 出:14 数:5
一番高いモンスター: 82129
召喚 ID: 276
スコア: 70098436
23 13 22 15 21 71 131 122 0 96 261 121 2 1 320 10 7 41 45 10 6 5 2 1 1
求:16 出:18 数:5
一番高いモンスター: 82129
召喚 ID: 276
スコア: 70164035
23 13 22 15 21 64 126 120 0 91 261 121 2 1 320 10 7 41 45 10 6 5 2 1 1
求:23 出:20 数:5
一番高いモンスター: 82129
召喚 ID: 276
スコア: 70229614
23 13 22 15 21 57 121 118 0 86 261 121 2 1 320 10 7 41 45 10 1 5 2 1 1
求:13 出:14 数:5
一番高いモンスター: 82129
召喚 ID: 276
スコア: 70295173
23 13 22 15 21 50 116 116 0 81 261 121 2 1 320 10 7 41 45 10 1 5 2 1 1
求:16 出:18 数:5
一番高いモンスター: 82129
召喚 ID: 276
スコア: 70360713
23 13 22 15 21 43 111 114 0 76 261 121 2 1 320 10 7 41 45 10 1 5 2 1 1
求:20 出:21 数:5
一番高いモンスター: 82129
召喚 ID: 276
スコア: 70426233
23 13 22 15 21 36 106 112 0 71 261 121 2 1 320 10 7 41 45 10 6 0 2 1 1
求:13 出:14 数:5
一番高いモンスター: 82129
召喚 ID: 276
スコア: 70491733
25 15 27 18 24 31 101 110 0 66 262 121 2 1 320 10 7 42 45 10 6 0 2 2 1
求:16 出:18 数:5
一番高いモンスター: 82129
召喚 ID: 276
スコア: 70557214
25 15 27 18 24 24 96 108 0 61 262 121 2 1 320 10 7 42 45 10 6 0 2 2 1
求:21 出:20 数:5
一番高いモンスター: 82129
召喚 ID: 276
スコア: 70622675
25 15 27 18 24 17 91 106 0 56 262 121 2 1 320 10 7 42 45 10 6 0 2 2 1
求:13 出:14 数:5
一番高いモンスター: 82129
召喚 ID: 276
スコア: 70688117
25 15 27 18 24 10 86 104 0 51 262 121 2 1 320 10 7 42 45 10 6 0 2 2 1
求:16 出:18 数:5
一番高いモンスター: 82129
召喚 ID: 276
スコア: 70753539
25 15 27 18 24 3 81 102 0 46 262 121 2 1 320 10 7 42 45 10 6 0 2 2 1
求:21 出:20 数:5
一番高いモンスター: 57222
スコア: 70753539
25 15 27 18 24 3 81 102 0 46 262 121 2 1 320 10 7 42 45 10 6 0 2 2 1
求:13 出:14 数:5
一番高いモンスター: 57222
スコア: 70753539
25 15 27 18 24 3 81 102 0 46 262 121 2 1 320 10 7 42 45 10 6 0 2 2 1
求:16 出:18 数:5
一番高いモンスター: 57222
スコア: 70753539
25 15 27 18 24 3 81 102 0 46 262 121 2 1 320 10 7 42 45 10 6 0 2 2 1
求:21 出:20 数:5
一番高いモンスター: 57222
スコア: 70753539
25 15 27 18 24 3 81 102 0 46 262 121 2 1 320 10 7 42 45 10 6 0 2 2 1
求:13 出:14 数:5
一番高いモンスター: 57222
スコア: 70753539
25 15 27 18 24 3 81 102 0 46 262 121 2 1 320 10 7 42 45 10 6 0 2 2 1
求:16 出:18 数:5
一番高いモンスター: 57222
スコア: 70753539
26 17 27 19 26 6 82 103 0 47 262 123 2 1 323 10 7 43 47 10 6 0 2 2 1
求:21 出:20 数:5
一番高いモンスター: 57222
