スコア: 16229563
105 102 117 94 114 0 6 38 0 8 567 527 0 0 529 0 0 367 417 0 0 0 0 80 0
求:12 出:10 数:7
一番高いモンスター: 48387
スコア: 16229563
105 102 117 94 114 0 6 38 0 8 561 527 0 0 529 0 0 367 417 0 0 0 0 80 0
求:8 出:7 数:5
一番高いモンスター: 48387
スコア: 16229563
105 102 117 94 114 0 6 34 0 8 561 527 0 0 529 0 0 367 417 0 0 0 0 80 0
求:12 出:10 数:12
一番高いモンスター: 48387
スコア: 16229563
105 102 117 94 114 0 6 34 0 8 556 527 0 0 529 0 0 367 417 0 0 0 0 80 0
求:8 出:7 数:9
一番高いモンスター: 48387
スコア: 16229563
107 103 120 98 114 2 8 33 0 9 556 528 0 0 529 0 0 367 418 0 0 0 0 80 0
求:12 出:10 数:10
一番高いモンスター: 48387
スコア: 16229563
107 103 120 98 114 2 8 33 0 9 558 528 0 0 529 0 0 367 418 0 0 0 0 80 0
求:8 出:7 数:14
一番高いモンスター: 48387
スコア: 16229563
107 103 120 98 114 2 8 28 0 9 558 528 0 0 529 0 0 367 418 0 0 0 0 80 0
求:12 出:10 数:13
一番高いモンスター: 48387
スコア: 16229563
107 103 120 98 114 2 8 28 0 9 555 528 0 0 529 0 0 367 418 0 0 0 0 80 0
求:8 出:7 数:13
一番高いモンスター: 48387
スコア: 16229563
107 103 120 98 114 2 8 29 0 9 555 528 0 0 529 0 0 367 418 0 0 0 0 80 0
求:12 出:10 数:6
一番高いモンスター: 48387
スコア: 16229563
107 103 120 98 114 2 8 29 0 9 562 528 0 0 529 0 0 367 418 0 0 0 0 80 0
求:8 出:7 数:10
一番高いモンスター: 48387
スコア: 16229563
107 103 120 98 114 2 8 32 0 9 562 528 0 0 529 0 0 367 418 0 0 0 0 80 0
求:12 出:10 数:12
一番高いモンスター: 48387
スコア: 16229563
107 103 120 98 114 2 8 32 0 9 556 528 0 0 529 0 0 367 418 0 0 0 0 80 0
求:8 出:7 数:7
一番高いモンスター: 48387
スコア: 16229563
107 103 120 98 114 2 8 35 0 9 556 528 0 0 529 0 0 367 418 0 0 0 0 80 0
求:12 出:10 数:10
一番高いモンスター: 48387
スコア: 16229563
110 104 124 100 118 2 8 36 0 9 558 530 0 0 530 0 0 367 420 0 0 0 0 80 0
求:8 出:7 数:7
一番高いモンスター: 48387
スコア: 16229563
110 104 124 100 118 2 8 36 0 9 558 530 0 0 530 0 0 367 420 0 0 0 0 80 0
求:12 出:10 数:6
一番高いモンスター: 48387
スコア: 16229563
110 104 124 100 118 2 8 36 0 9 562 530 0 0 530 0 0 367 420 0 0 0 0 80 0
求:8 出:7 数:6
一番高いモンスター: 48387
スコア: 16229563
110 104 124 100 118 2 8 37 0 9 562 530 0 0 530 0 0 367 420 0 0 0 0 80 0
求:12 出:10 数:6
一番高いモンスター: 48387
スコア: 16229563
110 104 124 100 118 2 8 37 0 9 562 530 0 0 530 0 0 367 420 0 0 0 0 80 0
求:8 出:7 数:8
一番高いモンスター: 48387
スコア: 16229563
110 104 124 100 118 2 8 35 0 9 562 530 0 0 530 0 0 367 420 0 0 0 0 80 0
求:12 出:10 数:6
一番高いモンスター: 48387
スコア: 16229563
110 104 124 100 118 2 8 35 0 9 562 530 0 0 530 0 0 367 420 0 0 0 0 80 0
求:8 出:7 数:13
一番高いモンスター: 48387
スコア: 16229563
110 104 124 100 118 2 8 30 0 9 562 530 0 0 530 0 0 367 420 0 0 0 0 80 0
求:12 出:10 数:10
一番高いモンスター: 48387
スコア: 16229563
110 104 124 100 118 2 8 30 0 9 558 530 0 0 530 0 0 367 420 0 0 0 0 80 0
求:8 出:7 数:10
一番高いモンスター: 48387
スコア: 16229563
113 106 128 101 119 3 8 37 0 11 558 531 0 0 530 0 0 368 420 0 0 0 0 80 0
求:12 出:10 数:12
一番高いモンスター: 57222
召喚 ID: 453
スコア: 16284894
113 106 128 101 119 2 8 29 0 1 556 531 0 0 530 0 0 368 420 0 0 0 0 80 0
求:8 出:7 数:13
一番高いモンスター: 29752
スコア: 16284894
113 106 128 101 119 2 8 26 0 1 556 531 0 0 530 0 0 368 420 0 0 0 0 80 0
求:12 出:10 数:10
一番高いモンスター: 29752
スコア: 16284894
113 106 128 101 119 2 8 26 0 1 558 531 0 0 530 0 0 368 420 0 0 0 0 80 0
求:8 出:7 数:10
一番高いモンスター: 29752
スコア: 16284894
113 106 128 101 119 2 8 29 0 1 558 531 0 0 530 0 0 368 420 0 0 0 1 80 0
求:12 出:10 数:6
一番高いモンスター: 29752
スコア: 16284894
113 106 128 101 119 2 8 29 0 1 562 531 0 0 530 0 0 368 420 0 0 0 1 80 0
求:8 出:7 数:12
一番高いモンスター: 29752
スコア: 16284894
113 106 128 101 119 2 8 27 0 1 562 531 0 0 530 0 0 368 420 0 0 0 1 80 0
求:12 出:10 数:6
一番高いモンスター: 29752
スコア: 16284894
113 106 128 101 119 2 8 27 0 1 562 531 0 0 530 0 0 368 420 0 0 0 1 80 0
求:8 出:7 数:10
一番高いモンスター: 29752
スコア: 16284894
113 106 128 101 119 2 8 29 0 1 562 531 0 0 530 0 0 368 420 0 0 0 1 80 0
求:12 出:10 数:7
一番高いモンスター: 29752
スコア: 16284894
113 106 128 101 119 2 8 29 0 1 561 531 0 0 530 0 0 368 420 0 0 0 1 80 0
求:8 出:7 数:14
一番高いモンスター: 29752
スコア: 16284894
113 110 131 103 120 2 11 26 0 2 563 531 0 0 530 0 0 369 422 0 0 0 1 80 0
求:12 出:10 数:11
一番高いモンスター: 31824
スコア: 16284894
113 110 131 103 120 2 11 26 0 2 559 531 0 0 530 0 0 369 422 0 0 0 1 80 0
求:8 出:7 数:7
一番高いモンスター: 31824
スコア: 16284894
113 110 131 103 120 2 11 33 0 2 559 531 0 0 530 0 0 369 422 0 0 0 1 80 0
求:12 出:10 数:7
一番高いモンスター: 31824
スコア: 16284894
113 110 131 103 120 2 11 33 0 2 563 531 0 0 530 0 0 369 422 0 0 0 1 80 0
求:8 出:7 数:12
一番高いモンスター: 31824
スコア: 16284894
113 110 131 103 120 2 11 28 0 2 563 531 0 0 530 0 0 369 422 0 0 0 1 80 0
求:12 出:10 数:9
一番高いモンスター: 31824
スコア: 16284894
113 110 131 103 120 2 11 28 0 2 561 531 0 0 530 0 0 369 422 0 0 0 1 80 0
求:8 出:7 数:7
一番高いモンスター: 31824
スコア: 16284894
113 110 131 103 120 2 11 33 0 2 561 531 0 0 530 0 0 369 422 0 0 0 1 80 0
求:12 出:10 数:8
一番高いモンスター: 31824
スコア: 16284894
113 110 131 103 120 2 11 33 0 2 562 531 0 0 530 0 0 369 422 0 0 0 1 80 0
求:8 出:7 数:6
一番高いモンスター: 31824
スコア: 16284894
113 110 131 103 120 2 11 34 0 2 562 531 0 0 530 0 0 369 422 0 0 0 1 80 0
求:12 出:10 数:5
一番高いモンスター: 31824
