スコア: 70753539
26 17 27 19 26 6 82 103 0 47 262 123 2 1 323 10 7 43 47 10 6 0 2 2 1
求:13 出:14 数:5
一番高いモンスター: 129751
スコア: 70753539
26 17 27 19 26 6 82 103 0 47 262 123 2 1 323 10 7 43 47 10 6 0 2 2 1
求:16 出:18 数:5
一番高いモンスター: 129751
スコア: 70753539
26 17 27 19 26 6 82 103 0 47 262 123 2 1 323 10 7 43 47 10 6 0 2 2 1
求:21 出:20 数:5
一番高いモンスター: 129751
スコア: 70753539
26 17 27 19 26 6 82 103 0 47 262 123 2 1 323 10 7 43 47 10 6 0 2 2 1
求:13 出:14 数:5
一番高いモンスター: 129751
スコア: 70753539
26 17 27 19 26 6 82 103 0 47 262 123 2 1 323 10 7 43 47 10 6 0 2 2 1
求:16 出:18 数:5
一番高いモンスター: 129751
スコア: 70753539
26 17 27 19 26 6 82 103 0 47 262 123 2 1 323 10 7 43 47 10 6 0 2 2 1
求:21 出:20 数:5
一番高いモンスター: 129751
スコア: 70753539
26 17 27 19 26 6 82 103 0 47 262 123 2 1 323 10 7 43 47 10 6 0 2 2 1
求:13 出:14 数:5
一番高いモンスター: 129751
スコア: 70753539
28 19 28 22 28 8 84 104 0 47 262 126 2 1 324 10 7 44 47 10 6 0 2 2 1
求:16 出:18 数:5
一番高いモンスター: 129751
スコア: 70753539
28 19 28 22 28 8 84 104 0 47 262 126 2 1 324 10 7 44 47 10 6 0 2 2 1
求:21 出:20 数:5
一番高いモンスター: 129751
スコア: 70753539
28 19 28 22 28 8 84 104 0 47 262 126 2 1 324 10 7 44 47 10 6 0 2 2 1
求:13 出:14 数:5
一番高いモンスター: 129751
スコア: 70753539
28 19 28 22 28 8 84 104 0 47 262 126 2 1 324 10 7 44 47 10 6 0 2 2 1
求:16 出:18 数:5
一番高いモンスター: 129751
スコア: 70753539
28 19 28 22 28 8 84 104 0 47 262 126 2 1 324 10 7 44 47 10 6 0 2 2 1
求:21 出:20 数:5
一番高いモンスター: 129751
スコア: 70753539
28 19 28 22 28 8 84 104 0 47 262 126 2 1 324 10 7 44 47 10 6 0 2 2 1
求:13 出:14 数:5
一番高いモンスター: 129751
スコア: 70753539
28 19 28 22 28 8 84 104 0 47 262 126 2 1 324 10 7 44 47 10 6 0 2 2 1
求:16 出:18 数:5
一番高いモンスター: 129751
スコア: 70753539
28 19 28 22 28 8 84 104 0 47 262 126 2 1 324 10 7 44 47 10 6 0 2 2 1
求:21 出:20 数:5
一番高いモンスター: 129751
スコア: 70753539
28 19 28 22 28 8 84 104 0 47 262 126 2 1 324 10 7 44 47 10 6 0 2 2 1
求:13 出:14 数:5
一番高いモンスター: 129751
スコア: 70753539
30 24 30 22 29 8 85 106 0 48 263 128 2 1 324 10 7 45 48 10 6 0 2 3 1
求:16 出:18 数:5
一番高いモンスター: 129751
スコア: 70753539
30 24 30 22 29 8 85 106 0 48 263 128 2 1 324 10 7 45 48 10 6 0 2 3 1
求:21 出:20 数:5
一番高いモンスター: 129751
スコア: 70753539
30 24 30 22 29 8 85 106 0 48 263 128 2 1 324 10 7 45 48 10 6 0 2 3 1
求:13 出:14 数:5
一番高いモンスター: 129751
スコア: 70753539
30 24 30 22 29 8 85 106 0 48 263 128 2 1 324 10 7 45 48 10 6 0 2 3 1
求:16 出:18 数:5
一番高いモンスター: 129751
スコア: 70753539
30 24 30 22 29 8 85 106 0 48 263 128 2 1 324 10 7 45 48 10 6 0 2 3 1
求:21 出:20 数:5
一番高いモンスター: 129751
スコア: 70753539
30 24 30 22 29 8 85 106 0 48 263 128 2 1 324 10 7 45 48 10 6 0 2 3 1
求:13 出:14 数:5
一番高いモンスター: 129751
スコア: 70753539
30 24 30 22 29 8 85 106 0 48 263 128 2 1 324 10 7 45 48 10 6 0 2 3 1
求:16 出:18 数:5
一番高いモンスター: 129751
スコア: 70753539
30 24 30 22 29 8 85 106 0 48 263 128 2 1 324 10 7 45 48 10 6 0 2 3 1
求:21 出:20 数:5
一番高いモンスター: 129751
スコア: 70753539
30 24 30 22 29 8 85 106 0 48 263 128 2 1 324 10 7 45 48 10 6 0 2 3 1
求:13 出:14 数:5
一番高いモンスター: 129751
スコア: 70753539
32 27 32 23 31 8 86 107 0 50 266 129 2 1 324 10 7 45 49 10 6 0 2 4 1
求:16 出:18 数:5
一番高いモンスター: 129751
スコア: 70753539
32 27 32 23 31 8 86 107 0 50 266 129 2 1 324 10 7 45 49 10 6 0 2 4 1
求:21 出:20 数:5
一番高いモンスター: 129751
スコア: 70753539
32 27 32 23 31 8 86 107 0 50 266 129 2 1 324 10 7 45 49 10 6 0 2 4 1
求:13 出:14 数:5
一番高いモンスター: 129751
スコア: 70753539
32 27 32 23 31 8 86 107 0 50 266 129 2 1 324 10 7 45 49 10 6 0 2 4 1
求:16 出:18 数:5
一番高いモンスター: 129751
スコア: 70753539
32 27 32 23 31 8 86 107 0 50 266 129 2 1 324 10 7 45 49 10 6 0 2 4 1
求:21 出:20 数:5
一番高いモンスター: 129751
スコア: 70753539
32 27 32 23 31 8 86 107 0 50 266 129 2 1 324 10 7 45 49 10 6 0 2 4 1
求:13 出:14 数:5
一番高いモンスター: 129751
スコア: 70753539
32 27 32 23 31 8 86 107 0 50 266 129 2 1 324 10 7 45 49 10 6 0 2 4 1
求:16 出:18 数:5
一番高いモンスター: 129751
スコア: 70753539
32 27 32 23 31 8 86 107 0 50 266 129 2 1 324 10 7 45 49 10 6 0 2 4 1
求:21 出:20 数:5
一番高いモンスター: 129751
スコア: 70753539
32 27 32 23 31 8 86 107 0 50 266 129 2 1 324 10 7 45 49 10 6 0 2 4 1
求:13 出:14 数:5
一番高いモンスター: 129751
スコア: 70753539
32 27 32 23 31 8 86 107 0 50 266 129 2 1 324 10 7 45 49 10 6 0 2 4 1
求:16 出:18 数:5
一番高いモンスター: 129751
スコア: 70753539
37 28 34 25 32 9 86 110 0 52 266 132 2 1 324 10 7 45 49 10 6 0 2 4 1
求:21 出:20 数:5
一番高いモンスター: 129751
スコア: 70753539
37 28 34 25 32 9 86 110 0 52 266 132 2 1 324 10 7 45 49 10 6 0 2 4 1
求:13 出:14 数:5
一番高いモンスター: 129751
スコア: 70753539
37 28 34 25 32 9 86 110 0 52 266 132 2 1 324 10 7 45 49 10 6 0 2 4 1
求:16 出:18 数:5
一番高いモンスター: 129751
スコア: 70753539
37 28 34 25 32 9 86 110 0 52 266 132 2 1 324 10 7 45 49 10 6 0 2 4 1
求:21 出:20 数:5
一番高いモンスター: 129751
スコア: 70753539
37 28 34 25 32 9 86 110 0 52 266 132 2 1 324 10 7 45 49 10 6 0 2 4 1
求:13 出:14 数:5
一番高いモンスター: 129751
スコア: 70753539
37 28 34 25 32 9 86 110 0 52 266 132 2 1 324 10 7 45 49 10 6 0 2 4 1
求:16 出:18 数:5
一番高いモンスター: 129751
スコア: 70753539
37 28 34 25 32 9 86 110 0 52 266 132 2 1 324 10 7 45 49 10 6 0 2 4 1
求:21 出:20 数:5
一番高いモンスター: 129751
スコア: 70753539
37 28 34 25 32 9 86 110 0 52 266 132 2 1 324 10 7 45 49 10 6 0 2 4 1
求:13 出:14 数:5
一番高いモンスター: 129751
スコア: 70753539
37 28 34 25 32 9 86 110 0 52 266 132 2 1 324 10 7 45 49 10 6 0 2 4 1
求:16 出:18 数:5
一番高いモンスター: 129751
スコア: 70753539
39 28 36 27 32 10 87 111 0 54 266 134 2 1 328 10 7 48 49 10 6 0 2 4 1
求:21 出:20 数:5
一番高いモンスター: 129751
スコア: 70753539
39 28 36 27 32 10 87 111 0 54 266 134 2 1 328 10 7 48 49 10 6 0 2 4 1
求:13 出:14 数:5
一番高いモンスター: 129751
スコア: 70753539
39 28 36 27 32 10 87 111 0 54 266 134 2 1 328 10 7 48 49 10 6 0 2 4 1
求:16 出:18 数:5
一番高いモンスター: 129751
スコア: 70753539
39 28 36 27 32 10 87 111 0 54 266 134 2 1 328 10 7 48 49 10 6 0 2 4 1
求:21 出:20 数:5
一番高いモンスター: 129751
スコア: 70753539
39 28 36 27 32 10 87 111 0 54 266 134 2 1 328 10 7 48 49 10 6 0 2 4 1
求:13 出:14 数:5
一番高いモンスター: 129751
スコア: 70753539
39 28 36 27 32 10 87 111 0 54 266 134 2 1 328 10 7 48 49 10 6 0 2 4 1
求:16 出:18 数:5
一番高いモンスター: 129751
スコア: 70753539
39 28 36 27 32 10 87 111 0 54 266 134 2 1 328 10 7 48 49 10 6 0 2 4 1
求:21 出:20 数:5
一番高いモンスター: 129751
スコア: 70753539
39 28 36 27 32 10 87 111 0 54 266 134 2 1 328 10 7 48 49 10 6 0 2 4 1
求:13 出:14 数:5
一番高いモンスター: 129751
スコア: 70753539
39 28 36 27 32 10 87 111 0 54 266 134 2 1 328 10 7 48 49 10 6 0 2 4 1
求:16 出:18 数:5
一番高いモンスター: 129751
スコア: 70753539
41 28 40 30 35 10 89 112 0 55 267 135 2 1 330 10 7 48 49 10 6 0 2 4 1
求:21 出:20 数:5
一番高いモンスター: 129751
スコア: 70753539
41 28 40 30 35 10 89 112 0 55 267 135 2 1 330 10 7 48 49 10 6 0 2 4 1
求:13 出:14 数:5
一番高いモンスター: 129751
スコア: 70753539
41 28 40 30 35 10 89 112 0 55 267 135 2 1 330 10 7 48 49 10 6 0 2 4 1
求:16 出:18 数:5
一番高いモンスター: 129751
スコア: 70753539
41 28 40 30 35 10 89 112 0 55 267 135 2 1 330 10 7 48 49 10 6 0 2 4 1
求:21 出:20 数:5
一番高いモンスター: 129751
スコア: 70753539
41 28 40 30 35 10 89 112 0 55 267 135 2 1 330 10 7 48 49 10 6 0 2 4 1
求:13 出:14 数:5
一番高いモンスター: 129751
スコア: 70753539
41 28 40 30 35 10 89 112 0 55 267 135 2 1 330 10 7 48 49 10 6 0 2 4 1
求:16 出:18 数:5
一番高いモンスター: 129751
スコア: 70753539
41 28 40 30 35 10 89 112 0 55 267 135 2 1 330 10 7 48 49 10 6 0 2 4 1
求:21 出:20 数:5
一番高いモンスター: 129751
スコア: 70753539
41 28 40 30 35 10 89 112 0 55 267 135 2 1 330 10 7 48 49 10 6 0 2 4 1
求:13 出:14 数:5
一番高いモンスター: 129751
スコア: 70753539
41 28 40 30 35 10 89 112 0 55 267 135 2 1 330 10 7 48 49 10 6 0 2 4 6
求:16 出:18 数:5
一番高いモンスター: 129751
スコア: 70753539
44 31 42 33 36 11 90 115 0 55 268 135 2 1 331 10 7 48 50 10 6 0 2 4 6
求:21 出:20 数:5
一番高いモンスター: 129751
スコア: 70753539
44 31 42 33 36 11 90 115 0 55 268 135 2 1 331 10 7 48 50 10 6 0 2 4 6
求:13 出:14 数:5
一番高いモンスター: 129751
スコア: 70753539
44 31 42 33 36 11 90 115 0 55 268 135 2 1 331 10 7 48 50 10 6 0 2 4 6
求:16 出:18 数:5
一番高いモンスター: 129751
スコア: 70753539
44 31 42 33 36 11 90 115 0 55 268 135 2 1 331 10 9 48 50 10 6 0 2 4 6
求:21 出:20 数:5
一番高いモンスター: 129751
スコア: 70753539
44 31 42 33 36 11 90 115 0 55 268 135 2 1 331 10 9 48 50 10 6 0 2 4 6
求:13 出:14 数:5
一番高いモンスター: 129751
スコア: 70753539
44 31 42 33 36 11 90 115 0 55 268 135 2 1 331 10 9 48 50 10 6 0 2 4 6
求:16 出:18 数:5
一番高いモンスター: 129751
スコア: 70753539
44 31 42 33 36 11 90 115 0 55 268 135 2 1 331 10 9 48 50 10 6 0 2 4 6
求:21 出:20 数:5
一番高いモンスター: 129751
スコア: 70753539
44 31 42 33 36 11 90 115 0 55 268 135 2 1 331 10 12 48 50 10 6 0 2 4 6
求:13 出:14 数:5
一番高いモンスター: 129751
スコア: 70753539
44 31 42 33 36 11 90 115 0 55 268 135 2 1 331 10 12 48 50 10 6 0 2 4 6
求:15 出:18 数:5
一番高いモンスター: 129751
スコア: 70753539
44 31 42 33 36 11 90 115 0 55 268 135 2 1 331 15 12 48 45 10 6 0 2 4 6
求:21 出:20 数:5
一番高いモンスター: 129751
スコア: 70753539
50 34 43 34 39 13 91 115 0 55 268 135 2 1 331 15 12 51 45 10 6 0 2 4 6
求:13 出:14 数:5
一番高いモンスター: 129751
スコア: 70753539
50 34 43 34 39 13 91 115 0 55 268 135 2 1 331 15 12 51 45 10 6 0 2 4 6
求:19 出:17 数:5
一番高いモンスター: 129751
スコア: 70753539
50 34 43 34 39 13 91 115 0 55 268 135 2 1 331 15 12 46 45 10 6 0 2 4 6
求:21 出:20 数:5
一番高いモンスター: 129751
スコア: 70753539
50 34 43 34 39 13 91 115 0 55 268 135 2 1 331 15 12 46 45 10 6 0 2 4 6
求:13 出:14 数:5
一番高いモンスター: 129751
スコア: 70753539
50 34 43 34 39 13 91 115 0 55 268 135 2 1 331 15 12 46 45 10 6 0 2 4 6
求:19 出:17 数:5
一番高いモンスター: 129751
スコア: 70753539
50 34 43 34 39 13 91 115 0 55 268 135 2 1 331 15 12 46 45 10 6 0 2 4 6
求:21 出:20 数:5
一番高いモンスター: 129751
スコア: 70753539
50 34 43 34 39 13 91 115 0 55 268 135 2 1 331 15 12 46 45 10 6 0 2 4 9
求:13 出:14 数:5
一番高いモンスター: 129751
スコア: 70753539
50 34 43 34 39 13 91 115 0 55 268 135 2 1 331 15 12 46 45 10 6 0 2 4 9
求:19 出:17 数:5
一番高いモンスター: 129751
スコア: 70753539
50 34 43 34 39 13 91 115 0 55 268 135 2 1 331 15 12 46 45 10 6 0 2 4 9
求:21 出:24 数:5
一番高いモンスター: 129751
スコア: 70753539
50 39 47 35 40 13 92 116 0 56 270 135 2 1 332 15 12 48 45 10 6 5 2 7 4
求:13 出:14 数:5
一番高いモンスター: 129751
スコア: 70753539
50 39 47 35 40 13 92 116 0 56 270 135 2 1 332 15 12 48 45 10 6 5 2 7 4
求:19 出:17 数:5
一番高いモンスター: 129751
スコア: 70753539
50 39 47 35 40 13 92 116 0 56 270 135 2 1 332 15 12 48 45 10 6 5 2 10 4
求:22 出:23 数:5
一番高いモンスター: 129751
スコア: 70753539
50 39 47 35 40 13 92 116 0 56 270 135 2 1 332 15 12 48 45 10 6 5 2 5 4
求:13 出:14 数:5
一番高いモンスター: 129751
スコア: 70753539
50 39 47 35 40 13 92 116 0 56 270 135 2 1 332 15 12 48 45 10 6 5 2 5 4
求:19 出:17 数:5
一番高いモンスター: 129751
スコア: 70753539
50 39 47 35 40 13 92 116 0 56 270 135 2 1 332 15 12 48 45 10 6 5 2 5 4
求:22 出:20 数:5
一番高いモンスター: 129751
スコア: 70753539
50 39 47 35 40 13 92 116 0 56 270 135 2 1 332 15 12 48 45 10 1 5 2 5 4
求:13 出:14 数:5
一番高いモンスター: 129751
スコア: 70753539
50 39 47 35 40 13 92 116 0 56 270 135 2 1 332 15 12 48 45 10 1 5 2 5 4
求:19 出:17 数:5
一番高いモンスター: 129751
スコア: 70753539
50 39 47 35 40 13 92 116 0 56 270 135 2 1 332 15 12 48 45 10 1 5 2 5 4
求:20 出:21 数:5
一番高いモンスター: 129751
スコア: 70753539
55 41 47 36 43 16 92 118 0 56 270 136 2 1 333 15 12 48 47 10 6 0 2 5 4
求:13 出:14 数:5
一番高いモンスター: 129751
スコア: 70753539
55 41 47 36 43 16 92 118 0 56 270 136 2 1 333 15 12 48 47 10 6 0 2 5 4
求:19 出:17 数:5
一番高いモンスター: 129751
スコア: 70753539
55 41 47 36 43 16 92 118 0 56 270 136 2 1 333 15 12 48 47 10 6 0 2 5 4
求:21 出:20 数:5
一番高いモンスター: 129751
スコア: 70753539
55 41 47 36 43 16 92 118 0 56 270 136 2 1 333 15 12 48 47 10 6 0 2 5 4
求:13 出:14 数:5
一番高いモンスター: 129751
スコア: 70753539
55 41 47 36 43 16 92 118 0 56 270 136 2 1 333 15 12 48 47 10 6 0 2 5 4
求:19 出:17 数:5
一番高いモンスター: 129751
スコア: 70753539
55 41 47 36 43 16 92 118 0 56 270 136 2 1 333 15 12 48 47 10 6 0 2 5 4
求:21 出:20 数:5
一番高いモンスター: 129751
スコア: 70753539
55 41 47 36 43 16 92 118 0 56 270 136 2 1 333 15 12 48 47 10 6 0 2 5 4
求:13 出:14 数:5
一番高いモンスター: 129751
スコア: 70753539
55 41 47 36 43 16 92 118 0 56 270 136 2 1 333 15 12 48 47 10 6 0 2 5 4
求:19 出:17 数:5
一番高いモンスター: 129751
スコア: 70753539
55 41 47 36 43 16 92 118 0 56 270 136 2 1 333 15 12 48 47 10 6 0 2 5 4
求:21 出:20 数:5
一番高いモンスター: 129751
スコア: 70753539
55 41 47 36 43 16 92 118 0 56 270 136 2 1 333 15 12 48 47 10 6 0 2 5 4
求:13 出:14 数:5
一番高いモンスター: 129751
スコア: 70753539
56 43 53 39 45 16 93 119 0 56 270 136 2 1 334 15 12 50 47 10 6 0 2 6 4
求:19 出:17 数:5
一番高いモンスター: 129751
スコア: 70753539
56 43 53 39 45 16 93 119 0 56 270 136 2 1 334 15 12 50 47 10 6 0 2 6 5
求:21 出:20 数:5
一番高いモンスター: 129751
スコア: 70753539
56 43 53 39 45 16 93 119 0 56 270 136 2 1 334 15 12 50 47 10 6 0 2 6 5
求:13 出:14 数:5
一番高いモンスター: 129751
スコア: 70753539
56 43 53 39 45 16 93 119 0 56 270 136 2 1 334 15 12 50 47 10 6 0 2 6 5
求:19 出:17 数:5
一番高いモンスター: 129751
スコア: 70753539
56 43 53 39 45 16 93 119 0 56 270 136 2 1 334 15 12 50 47 10 6 0 2 6 5
求:21 出:20 数:5
一番高いモンスター: 129751
スコア: 70753539
56 43 53 39 45 16 93 119 0 56 270 136 2 1 334 15 12 50 47 10 6 0 2 6 5
求:13 出:14 数:5
一番高いモンスター: 129751
スコア: 70753539
56 43 53 39 45 16 93 119 0 56 270 136 2 1 334 15 12 50 47 10 6 0 2 6 5
求:19 出:17 数:5
一番高いモンスター: 129751
スコア: 70753539
56 43 53 39 45 16 93 119 0 56 270 136 2 1 334 15 12 50 47 10 6 0 2 6 5
求:21 出:20 数:5
一番高いモンスター: 129751
スコア: 70753539
56 43 53 39 45 16 93 119 0 56 270 136 2 1 334 15 12 50 47 10 6 0 2 6 5
求:13 出:14 数:5
一番高いモンスター: 129751
スコア: 70753539
58 46 55 39 45 17 94 122 0 57 271 137 2 1 336 15 12 52 47 10 6 0 2 7 5
求:19 出:17 数:5
一番高いモンスター: 129751
スコア: 70753539
58 46 55 39 45 17 94 122 0 57 271 137 2 1 336 15 12 52 47 10 6 0 2 7 5
求:21 出:23 数:5
一番高いモンスター: 129751
スコア: 70753539
58 46 55 39 45 17 94 122 0 57 271 137 2 1 336 15 12 52 47 10 6 5 2 2 5
求:13 出:14 数:5
一番高いモンスター: 129751
スコア: 70753539
58 46 55 39 45 17 94 122 0 57 271 137 2 1 336 15 12 52 47 10 6 5 2 2 5
求:19 出:17 数:5
一番高いモンスター: 129751
スコア: 70753539
58 46 55 39 45 17 94 122 0 57 271 137 2 1 336 15 12 52 47 10 6 5 2 2 5
求:22 出:20 数:5
一番高いモンスター: 129751
スコア: 70753539
58 46 55 39 45 17 94 122 0 57 271 137 2 1 336 15 12 52 47 10 6 5 2 2 6
求:13 出:14 数:5
一番高いモンスター: 129751
スコア: 70753539
58 46 55 39 45 17 94 122 0 57 271 137 2 1 336 15 12 52 47 10 6 5 2 2 6
求:19 出:17 数:5
一番高いモンスター: 129751
スコア: 70753539
58 46 55 39 45 17 94 122 0 57 271 137 2 1 336 15 12 52 47 10 6 5 2 2 6
求:22 出:20 数:5
一番高いモンスター: 129751
スコア: 70753539
58 46 55 39 45 17 94 122 0 57 271 137 2 1 336 15 12 52 47 10 6 5 2 2 6
求:13 出:14 数:5
一番高いモンスター: 129751
スコア: 70753539
58 46 55 39 45 17 94 122 0 57 271 137 2 1 336 15 12 52 47 10 6 5 2 2 6
求:19 出:17 数:5
一番高いモンスター: 129751
スコア: 70753539
58 47 57 41 46 18 96 125 0 58 273 138 2 1 338 15 12 53 48 10 6 5 2 2 6
求:22 出:20 数:5
一番高いモンスター: 129751
スコア: 70753539
58 47 57 41 46 18 96 125 0 58 273 138 2 1 338 15 12 53 48 10 6 5 2 2 6
求:13 出:14 数:5
一番高いモンスター: 129751
スコア: 70753539
58 47 57 41 46 18 96 125 0 58 273 138 2 1 338 15 12 53 48 10 6 5 2 2 6
求:19 出:17 数:5
一番高いモンスター: 129751
スコア: 70753539
58 47 57 41 46 18 96 125 0 58 273 138 2 1 338 15 12 53 48 10 6 5 2 2 6
求:22 出:20 数:5
一番高いモンスター: 129751
スコア: 70753539
58 47 57 41 46 18 96 125 0 58 273 138 2 1 338 15 12 53 48 10 6 5 2 2 6
求:13 出:14 数:5
一番高いモンスター: 129751
スコア: 70753539
58 47 57 41 46 18 96 125 0 58 273 138 2 1 338 15 12 53 48 10 6 5 2 2 6
求:19 出:17 数:5
一番高いモンスター: 129751
スコア: 70753539
58 47 57 41 46 18 96 125 0 58 273 138 2 1 338 15 12 53 48 10 6 5 2 2 6
求:22 出:20 数:5
一番高いモンスター: 129751
