スコア: 7841609
0 85 254 1 1 102 194 111 0 125 390 366 0 0 347 0 0 254 312 0 0 0 0 61 0
一番高いモンスター: 9581
召喚 ID: 667
出:5求8 0
スコア: 7851098
3 67 258 2 3 103 196 113 0 126 392 367 0 0 347 0 0 254 312 0 0 0 0 61 0
一番高いモンスター: 10094
召喚 ID: 606
出:5求8 0
スコア: 7860882
1 60 252 0 0 103 196 113 0 126 392 367 0 0 347 0 0 254 312 0 0 0 0 61 0
一番高いモンスター: 9581
召喚 ID: 667
出:5求8 0
スコア: 7870369
6 44 253 0 3 103 198 115 0 126 394 368 0 0 348 0 0 254 312 0 0 0 0 61 0
一番高いモンスター: 10078
召喚 ID: 743
出:5求8 0
スコア: 7880047
0 38 245 0 3 103 198 115 0 126 394 368 0 0 348 0 0 254 312 0 0 0 0 61 0
一番高いモンスター: 9581
召喚 ID: 667
出:5求8 0
スコア: 7889531
1 19 247 5 6 104 198 116 0 128 395 370 0 0 349 0 0 254 313 0 0 0 0 61 0
一番高いモンスター: 10017
召喚 ID: 788
出:5求8 0
スコア: 7899437
1 12 238 1 6 104 198 116 0 128 395 370 0 0 349 0 0 254 313 0 0 0 0 61 0
一番高いモンスター: 9024
召喚 ID: 604
出:5求8 0
スコア: 7908437
3 6 235 4 4 105 198 117 0 128 395 371 0 0 351 0 0 254 315 0 0 0 0 62 0
一番高いモンスター: 9548
召喚 ID: 716
出:5求8 0
スコア: 7917945
2 3 227 0 1 105 198 117 0 128 395 371 0 0 351 0 0 254 315 0 0 0 0 62 0
一番高いモンスター: 8007
出:5求8 0
スコア: 7917945
7 6 230 2 6 105 198 117 0 128 395 372 0 0 351 0 0 254 315 0 0 0 0 63 0
一番高いモンスター: 10078
召喚 ID: 743
出:5求8 0
スコア: 7927620
1 0 222 2 6 105 198 117 0 128 395 372 0 0 351 0 0 254 315 0 0 0 0 63 0
一番高いモンスター: 8007
出:5求8 0
スコア: 7927620
4 0 222 5 9 108 198 118 0 129 398 372 0 0 351 0 0 256 316 0 0 0 0 63 0
一番高いモンスター: 10072
召喚 ID: 791
出:5求8 0
スコア: 7937530
1 0 211 5 3 108 198 118 0 129 398 372 0 0 351 0 0 256 316 0 0 0 0 63 0
一番高いモンスター: 8040
出:5求8 0
