スコア: 66726558
7 8 7 8 10 80 129 106 6 87 262 131 18 16 312 20 10 40 44 10 2 0 2 1 1
求:13 出:14 数:5
一番高いモンスター: 10094
召喚 ID: 606
スコア: 66735855
5 1 1 6 7 80 129 106 6 87 262 131 18 16 312 20 10 40 44 10 2 0 2 1 1
求:16 出:18 数:5
一番高いモンスター: 6506
召喚 ID: 950
スコア: 66742047
2 0 0 3 2 80 129 106 6 87 262 131 18 16 312 20 10 40 44 10 2 0 2 1 1
求:21 出:20 数:5
一番高いモンスター: 2507
召喚 ID: 825
スコア: 66744476
2 0 0 0 0 80 129 106 6 87 262 131 18 16 312 20 10 40 44 10 2 0 2 1 1
求:13 出:14 数:5
一番高いモンスター: -1
スコア: 66744476
2 0 0 0 0 80 129 106 6 87 262 131 18 16 312 20 10 40 44 10 2 0 2 1 1
求:16 出:18 数:5
一番高いモンスター: -1
スコア: 66744476
2 0 0 0 0 80 129 106 6 87 262 131 18 16 312 20 10 40 44 10 2 0 2 1 1
求:21 出:20 数:5
一番高いモンスター: -1
スコア: 66744476
2 0 0 0 0 80 129 106 6 87 262 131 18 16 312 20 10 40 44 10 2 0 2 1 1
求:13 出:14 数:5
一番高いモンスター: -1
スコア: 66744476
4 0 4 2 1 80 132 107 6 89 263 131 18 16 312 20 10 43 45 10 2 0 2 1 1
求:16 出:18 数:5
一番高いモンスター: 4013
召喚 ID: 550
スコア: 66748430
0 0 2 0 1 80 132 107 6 89 263 131 18 16 312 20 10 43 45 10 2 0 2 1 1
求:21 出:20 数:5
一番高いモンスター: -1
スコア: 66748430
0 0 2 0 1 80 132 107 6 89 263 131 18 16 312 20 10 43 45 10 2 0 2 1 1
求:13 出:14 数:5
一番高いモンスター: -1
スコア: 66748430
0 0 2 0 1 80 132 107 6 89 263 131 18 16 312 20 10 43 45 10 2 0 2 1 1
求:16 出:18 数:5
一番高いモンスター: -1
スコア: 66748430
0 0 2 0 1 80 132 107 6 89 263 131 18 16 312 20 10 43 45 10 2 0 2 1 1
求:21 出:20 数:5
一番高いモンスター: -1
スコア: 66748430
0 0 2 0 1 80 132 107 6 89 263 131 18 16 312 20 10 43 45 10 2 0 2 1 1
求:13 出:14 数:5
一番高いモンスター: -1
スコア: 66748430
0 0 2 0 1 80 132 107 6 89 263 131 18 16 312 20 10 43 45 10 2 0 2 1 1
求:16 出:18 数:5
一番高いモンスター: -1
スコア: 66748430
0 0 2 0 1 80 132 107 6 89 263 131 18 16 312 20 10 43 45 10 2 0 2 1 1
求:21 出:20 数:5
一番高いモンスター: -1
スコア: 66748430
0 0 2 0 1 80 132 107 6 89 263 131 18 16 312 20 10 43 45 10 2 0 2 1 1
求:13 出:14 数:5
一番高いモンスター: -1
スコア: 66748430
2 3 3 1 6 81 132 108 6 89 264 134 18 16 313 20 10 43 45 10 2 0 2 2 1
求:16 出:18 数:5
一番高いモンスター: 5506
召喚 ID: 912
スコア: 66753856
1 2 1 0 0 81 132 108 6 89 264 134 18 16 313 20 10 43 45 10 2 0 2 2 1
求:21 出:20 数:5
一番高いモンスター: -1
スコア: 66753856
1 2 1 0 0 81 132 108 6 89 264 134 18 16 313 20 10 43 45 10 2 0 2 2 1
求:13 出:14 数:5
一番高いモンスター: -1
スコア: 66753856
1 2 1 0 0 81 132 108 6 89 264 134 18 16 313 20 10 43 45 10 2 0 2 2 1
求:16 出:18 数:5
一番高いモンスター: -1
スコア: 66753856
1 2 1 0 0 81 132 108 6 89 264 134 23 16 313 20 10 43 45 10 2 0 2 2 1
求:21 出:20 数:5
一番高いモンスター: -1
スコア: 66753856
1 2 1 0 0 81 132 108 6 89 264 134 23 16 313 20 10 43 45 10 2 0 2 2 1
求:13 出:14 数:5
一番高いモンスター: -1
スコア: 66753856
1 2 1 0 0 81 132 108 6 89 264 134 23 16 313 20 10 43 45 10 2 0 2 2 1
求:16 出:18 数:5
一番高いモンスター: -1
