スコア: 39063533
34 36 39 45 36 15 24 51 1 42 372 329 0 7 408 11 13 279 275 12 0 0 1 5 0
一番高いモンスター: 111793
スコア: 39063533
34 36 39 45 36 15 24 51 1 42 372 329 0 7 408 11 13 279 275 12 0 0 1 5 0
求:12 出:17 数:5
一番高いモンスター: 111793
スコア: 39063533
34 36 39 45 36 15 24 51 1 42 372 329 5 7 408 11 13 274 275 12 0 0 1 5 0
一番高いモンスター: 187869
召喚 ID: 153
スコア: 39238297
34 36 39 45 36 15 24 51 1 42 370 323 3 2 408 11 13 274 275 12 0 0 1 5 0
求:13 出:18 数:5
一番高いモンスター: 129751
スコア: 39238297
34 36 39 45 36 15 24 51 1 42 370 323 3 2 408 11 13 274 270 12 0 0 1 5 0
一番高いモンスター: 129751
スコア: 39238297
34 36 39 45 36 15 24 51 1 42 370 323 3 2 408 11 13 274 270 12 0 0 1 5 0
求:13 出:17 数:5
一番高いモンスター: 129751
スコア: 39238297
34 36 39 45 36 15 24 51 1 42 370 323 3 2 408 11 13 272 270 12 0 0 1 5 0
一番高いモンスター: 129751
スコア: 39238297
34 36 39 45 36 15 24 51 1 42 370 323 3 2 408 11 13 272 270 12 0 0 1 5 0
求:13 出:17 数:5
一番高いモンスター: 129751
スコア: 39238297
37 37 40 48 39 16 25 51 1 43 373 324 3 2 409 11 13 272 270 12 0 0 1 6 0
一番高いモンスター: 129751
スコア: 39238297
37 37 40 48 39 16 25 51 1 43 373 324 3 2 409 11 13 272 270 12 0 0 1 6 0
求:13 出:17 数:5
一番高いモンスター: 129751
スコア: 39238297
37 37 40 48 39 16 25 51 1 43 373 324 3 2 409 11 13 272 270 12 0 0 1 6 0
一番高いモンスター: 129751
スコア: 39238297
37 37 40 48 39 16 25 51 1 43 373 324 3 2 409 11 13 272 270 12 0 0 1 6 0
求:13 出:17 数:5
一番高いモンスター: 129751
スコア: 39238297
37 37 40 48 39 16 25 51 1 43 373 324 3 2 409 11 13 272 270 12 0 0 1 6 0
一番高いモンスター: 129751
スコア: 39238297
37 37 40 48 39 16 25 51 1 43 373 324 3 2 409 11 13 272 270 12 0 0 1 6 0
求:13 出:17 数:5
一番高いモンスター: 129751
スコア: 39238297
37 37 40 48 39 16 25 51 1 43 373 324 3 2 409 11 13 272 270 12 0 0 1 6 0
一番高いモンスター: 129751
スコア: 39238297
37 37 40 48 39 16 25 51 1 43 373 324 3 2 409 11 13 272 270 12 0 0 1 6 0
求:13 出:17 数:5
一番高いモンスター: 129751
スコア: 39238297
37 37 40 48 39 16 25 51 1 43 373 324 3 2 409 11 13 272 270 12 0 0 1 6 0
一番高いモンスター: 129751
スコア: 39238297
39 39 43 49 40 17 27 53 1 44 374 324 3 2 409 11 13 273 272 12 0 0 1 7 0
求:13 出:17 数:5
一番高いモンスター: 129751
スコア: 39238297
39 39 43 49 40 17 27 53 1 44 374 324 3 2 409 11 13 273 272 12 0 0 1 7 0
一番高いモンスター: 129751
スコア: 39238297
39 39 43 49 40 17 27 53 1 44 374 324 3 2 409 11 13 273 272 12 0 0 1 7 0
求:13 出:17 数:5
一番高いモンスター: 129751
スコア: 39238297
39 39 43 49 40 17 27 53 1 44 374 324 3 2 409 11 13 273 272 12 0 0 1 7 0
一番高いモンスター: 129751
スコア: 39238297
39 39 43 49 40 17 27 53 1 44 374 324 3 2 409 11 13 273 272 12 0 0 1 7 0
求:13 出:17 数:5
一番高いモンスター: 129751
スコア: 39238297
39 39 43 49 40 17 27 53 1 44 374 324 3 5 409 11 13 273 272 12 0 0 1 7 0
一番高いモンスター: 187869
召喚 ID: 153
スコア: 39413008
39 39 43 49 40 17 27 53 1 44 372 318 1 0 409 11 13 273 272 12 0 0 1 7 0
求:13 出:17 数:5
一番高いモンスター: 82129
スコア: 39413008
39 39 43 49 40 17 27 53 1 44 372 318 1 0 409 11 13 273 272 12 0 0 1 7 0
一番高いモンスター: 82129
スコア: 39413008
39 39 43 49 40 17 27 53 1 44 372 318 1 0 409 11 13 273 272 12 0 0 1 7 0
求:13 出:17 数:5
一番高いモンスター: 82129
スコア: 39413008
39 39 43 49 40 17 27 53 1 44 372 318 1 0 409 11 13 273 272 12 0 0 1 7 0
一番高いモンスター: 82129
スコア: 39413008
40 40 44 55 44 17 28 53 1 44 372 320 1 0 409 11 13 275 272 12 0 0 1 9 0
求:13 出:17 数:5
一番高いモンスター: 82129
スコア: 39413008
40 40 44 55 44 17 28 53 1 44 372 320 1 0 409 11 13 275 272 12 0 0 1 9 0
一番高いモンスター: 82129
スコア: 39413008
40 40 44 55 44 17 28 53 1 44 372 320 1 0 409 11 13 275 272 12 0 0 1 9 0
求:13 出:17 数:5
一番高いモンスター: 82129
スコア: 39413008
40 40 44 55 44 17 28 53 1 44 372 320 1 0 409 11 13 275 272 12 0 0 1 9 0
一番高いモンスター: 82129
スコア: 39413008
40 40 44 55 44 17 28 53 1 44 372 320 1 0 409 11 13 275 272 12 0 0 1 9 0
求:13 出:17 数:5
一番高いモンスター: 82129
スコア: 39413008
40 40 44 55 44 17 28 53 1 44 372 320 1 0 409 11 13 275 272 12 0 0 1 9 0
一番高いモンスター: 82129
