スコア: 66753856
8 9 7 5 8 86 137 116 6 96 268 137 23 16 317 20 10 46 49 15 2 0 2 9 1
求:13 出:14 数:5
一番高いモンスター: 10094
召喚 ID: 606
スコア: 66763148
6 2 1 3 5 86 137 116 6 96 268 137 23 16 317 20 10 46 49 15 2 0 2 9 1
求:16 出:18 数:5
一番高いモンスター: 6506
召喚 ID: 950
スコア: 66769338
3 1 0 0 0 86 137 116 6 96 268 137 23 16 317 20 10 46 49 15 2 0 2 9 1
求:21 出:23 数:5
一番高いモンスター: -1
スコア: 66769338
3 1 0 0 0 86 137 116 6 96 268 137 23 16 317 20 10 46 49 15 2 0 2 4 1
求:13 出:14 数:5
一番高いモンスター: -1
スコア: 66769338
3 1 0 0 0 86 137 116 6 96 268 137 23 16 317 20 10 46 49 15 2 0 2 4 1
求:16 出:18 数:5
一番高いモンスター: -1
スコア: 66769338
3 1 0 0 0 86 137 116 6 96 268 137 23 16 317 20 10 46 49 15 2 0 2 4 1
求:21 出:23 数:5
一番高いモンスター: -1
スコア: 66769338
3 1 0 0 0 86 137 116 6 96 268 137 23 16 317 20 10 46 49 15 2 0 2 4 1
求:13 出:14 数:5
一番高いモンスター: -1
スコア: 66769338
3 1 0 0 0 86 137 116 6 96 268 137 23 16 317 20 10 46 49 15 2 0 2 4 1
求:16 出:18 数:5
一番高いモンスター: -1
スコア: 66769338
3 1 0 0 0 86 137 116 6 96 268 137 23 16 317 20 10 46 49 15 2 0 2 4 1
求:21 出:23 数:5
一番高いモンスター: -1
スコア: 66769338
5 2 4 2 3 87 137 116 6 98 269 138 23 16 317 20 10 47 51 15 2 0 2 4 1
求:13 出:14 数:5
一番高いモンスター: 6500
召喚 ID: 554
スコア: 66775556
0 0 2 0 1 87 137 116 6 98 269 138 23 16 317 20 10 47 51 15 2 0 2 4 1
求:16 出:18 数:5
一番高いモンスター: -1
スコア: 66775556
0 0 2 0 1 87 137 116 6 98 269 138 23 16 317 20 10 47 51 15 2 0 2 4 1
求:21 出:23 数:5
一番高いモンスター: -1
スコア: 66775556
0 0 2 0 1 87 137 116 6 98 269 138 23 16 317 20 10 47 51 15 2 0 2 4 1
求:13 出:14 数:5
一番高いモンスター: -1
スコア: 66775556
0 0 2 0 1 87 137 116 6 98 269 138 23 16 317 20 10 47 51 15 2 0 2 6 1
求:16 出:18 数:5
一番高いモンスター: -1
スコア: 66775556
0 0 2 0 1 87 137 116 6 98 269 138 23 16 317 20 10 47 51 15 2 0 2 6 1
求:21 出:23 数:5
一番高いモンスター: -1
スコア: 66775556
0 0 2 0 1 87 137 116 6 98 269 138 23 16 317 20 10 47 51 15 2 0 2 6 1
求:13 出:14 数:5
一番高いモンスター: -1
スコア: 66775556
0 0 2 0 1 87 137 116 6 98 269 138 23 16 317 20 10 47 51 15 2 0 2 6 1
求:16 出:18 数:5
一番高いモンスター: -1
スコア: 66775556
0 0 2 0 1 87 137 116 6 98 269 138 23 16 317 20 10 47 51 15 2 0 2 6 1
求:21 出:23 数:5
一番高いモンスター: -1
スコア: 66775556
2 2 4 3 2 88 139 116 6 99 270 139 23 16 317 20 10 48 53 15 2 0 2 7 1
求:13 出:14 数:5
一番高いモンスター: 6560
召喚 ID: 749
スコア: 66781777
0 0 0 0 0 88 139 116 6 99 270 139 23 16 317 20 10 48 53 15 2 0 2 7 1
求:16 出:18 数:5
一番高いモンスター: -1
スコア: 66781777
0 0 0 0 0 88 139 116 6 99 270 139 23 16 317 20 10 48 53 15 2 0 2 7 1
求:21 出:23 数:5
一番高いモンスター: -1
スコア: 66781777
0 0 0 0 0 88 139 116 6 99 270 139 23 16 317 20 10 48 53 15 2 0 2 7 1
求:13 出:14 数:5
一番高いモンスター: -1
