スコア: 91655259
24 31 91 160 16 5 97 254 3 170 329 149 0 0 330 7 3 5 6 7 5 5 4 8 0
スコア: 91655259
24 31 91 160 16 5 97 254 3 170 329 149 0 0 330 7 3 5 6 7 5 5 4 8 0
一番高いモンスター: 92160	id:322
召喚 ID: 322
スコア: 91740836
24 31 91 160 16 2 91 250 5 167 329 149 0 0 330 7 3 5 6 7 5 5 4 8 0
一番高いモンスター: 76668	id:326
召喚 ID: 326
スコア: 91809181
24 31 91 160 16 1 82 250 3 159 329 149 0 0 330 7 3 5 6 7 5 5 4 8 0
スコア: 91809181
24 31 91 160 16 1 82 250 3 159 329 149 0 0 330 7 3 5 6 7 5 5 4 8 0
求:12 出:14 数:5
一番高いモンスター: 76668	id:326
召喚 ID: 326
スコア: 91877505
24 31 91 160 16 0 73 250 1 151 329 149 0 0 330 7 3 5 6 7 5 5 4 8 0
求:16 出:14 数:5
一番高いモンスター: 48387	id:392
召喚 ID: 392
スコア: 91920912
24 31 91 160 16 0 68 243 1 147 329 149 0 0 330 7 3 5 6 7 5 5 4 8 0
求:5 出:14 数:5
一番高いモンスター: 48387	id:392
召喚 ID: 392
スコア: 91964293
25 34 95 163 17 5 65 237 6 144 330 150 0 0 325 7 3 6 7 7 5 5 4 8 0
求:12 出:10 数:5
一番高いモンスター: 108786	id:407
召喚 ID: 407
スコア: 92050379
25 34 95 163 17 0 60 235 0 142 330 150 0 0 325 7 3 6 7 7 5 5 4 8 0
一番高いモンスター: 48387	id:392
召喚 ID: 392
スコア: 92093747
25 34 95 163 17 0 55 228 0 138 330 150 0 0 325 7 3 6 7 7 5 5 4 8 0
求:5 出:10 数:5
一番高いモンスター: 48387	id:392
召喚 ID: 392
スコア: 92137102
25 34 95 163 17 5 50 221 0 134 325 150 0 0 325 7 3 6 7 7 5 5 4 8 0
一番高いモンスター: 57222	id:453
召喚 ID: 453
スコア: 92189666
25 34 95 163 17 4 50 213 0 124 325 150 0 0 325 7 3 6 7 7 5 5 4 8 0
一番高いモンスター: 57222	id:453
召喚 ID: 453
スコア: 92242214
25 34 95 163 17 3 50 205 0 114 325 150 0 0 325 7 3 6 7 7 5 5 4 8 0
スコア: 92242214
25 34 95 163 17 3 50 205 0 114 325 150 0 0 325 7 3 6 7 7 5 5 4 8 0
求:12 出:10 数:5
一番高いモンスター: 57222	id:453
召喚 ID: 453
スコア: 92294746
25 34 95 163 17 2 50 197 0 104 325 150 0 0 325 7 3 6 7 7 5 5 4 8 0
求:16 出:10 数:5
一番高いモンスター: 57222	id:453
召喚 ID: 453
スコア: 92347262
25 34 95 163 17 1 50 189 0 94 325 150 0 0 325 7 3 6 7 7 5 5 4 8 0
求:8 出:7 数:5
一番高いモンスター: 57222	id:453
召喚 ID: 453
スコア: 92399763
25 34 95 163 17 0 50 181 0 84 325 150 0 0 325 7 3 6 7 7 5 5 4 8 0
求:12 出:10 数:5
一番高いモンスター: 48387	id:392
召喚 ID: 392
スコア: 92443066
27 35 96 166 18 3 45 177 0 80 326 151 0 0 326 7 3 6 10 7 5 5 4 8 0
求:16 出:18 数:5
一番高いモンスター: 57222	id:453
召喚 ID: 453
スコア: 92495551
27 35 96 166 18 2 45 169 0 70 326 151 0 0 326 7 3 6 10 7 5 5 4 8 0
求:8 出:10 数:5
一番高いモンスター: 57222	id:453
召喚 ID: 453
スコア: 92548020
27 35 96 166 18 1 45 161 0 60 321 151 0 0 326 7 3 6 10 7 5 5 4 8 0
求:12 出:7 数:5
一番高いモンスター: 57222	id:453
召喚 ID: 453
スコア: 92600473
27 35 96 166 18 0 45 153 0 50 321 151 0 0 326 7 3 6 10 7 5 5 4 8 0
求:16 出:14 数:5
一番高いモンスター: 48387	id:392
召喚 ID: 392
スコア: 92643750
27 35 96 166 18 0 40 146 0 46 321 151 0 0 326 7 3 6 10 7 5 5 4 8 0
求:5 出:7 数:5
一番高いモンスター: 48387	id:392
召喚 ID: 392
スコア: 92687014
27 35 96 166 18 0 35 134 0 42 321 151 0 0 326 7 3 6 10 7 5 5 4 8 0
求:12 出:14 数:5
一番高いモンスター: 48387	id:392
召喚 ID: 392
スコア: 92730252
27 35 96 166 18 0 30 127 0 38 321 151 0 0 326 7 3 6 10 7 5 5 4 8 0
求:16 出:18 数:5
一番高いモンスター: 48387	id:392
召喚 ID: 392
スコア: 92773464
27 35 96 166 18 0 25 120 0 34 321 151 0 0 326 7 3 6 10 7 5 5 4 8 0
求:5 出:7 数:5
一番高いモンスター: 48387	id:392
召喚 ID: 392
スコア: 92816663
27 35 96 166 18 0 20 113 0 30 321 151 0 0 326 7 3 6 10 7 5 5 4 8 0
求:12 出:18 数:5
一番高いモンスター: 48387	id:392
召喚 ID: 392
スコア: 92859836
28 36 98 168 19 4 15 110 0 27 322 152 5 0 326 7 3 6 6 7 5 5 4 9 0
一番高いモンスター: 174306	id:196
召喚 ID: 196
スコア: 93002741
28 36 98 168 19 4 15 110 0 27 319 149 0 0 323 7 3 6 6 7 5 5 4 9 0
スコア: 93002741
28 36 98 168 19 4 15 110 0 27 319 149 0 0 323 7 3 6 6 7 5 5 4 9 0
求:12 出:14 数:5
一番高いモンスター: 57222	id:453
召喚 ID: 453
スコア: 93055179
28 36 98 168 19 3 15 102 0 17 319 149 0 0 323 7 3 6 6 7 5 5 4 9 0
一番高いモンスター: 57222	id:453
召喚 ID: 453
スコア: 93107601
28 36 98 168 19 2 15 94 0 7 319 149 0 0 323 7 3 6 6 7 5 5 4 9 0
求:8 出:7 数:5
一番高いモンスター: 48387	id:392
召喚 ID: 392
スコア: 93150735
28 36 98 168 19 2 10 87 1 3 319 149 0 0 323 7 3 6 6 7 5 5 4 9 0
求:12 出:7 数:5
一番高いモンスター: 45411	id:316
召喚 ID: 316
スコア: 93195996
28 36 98 168 19 1 4 82 0 1 319 149 0 0 323 7 3 6 6 7 5 5 4 9 0
求:16 出:14 数:5
一番高いモンスター: 31426	id:154
召喚 ID: 154
スコア: 93223626
28 36 98 168 19 1 4 82 0 1 319 139 0 0 321 7 3 6 6 7 5 5 4 9 0
求:8 出:7 数:5
一番高いモンスター: 31426	id:154
召喚 ID: 154
スコア: 93251248
28 36 98 168 19 1 4 82 0 1 319 129 0 0 319 7 3 6 6 7 5 5 4 9 0
求:12 出:7 数:5
一番高いモンスター: 31426	id:154
召喚 ID: 154
スコア: 93278862
30 38 101 168 21 1 5 84 0 3 319 121 0 0 319 7 3 8 6 7 5 5 4 9 0
一番高いモンスター: 31426	id:154
召喚 ID: 154
スコア: 93306468
30 38 101 168 21 1 5 84 0 3 319 111 0 0 317 7 3 8 6 7 5 5 4 9 0
求:8 出:10 数:5
一番高いモンスター: 31426	id:154
召喚 ID: 154
スコア: 93334065
30 38 101 168 21 1 5 84 0 3 318 101 0 0 315 7 3 8 6 7 5 5 4 9 0
一番高いモンスター: 31426	id:154
召喚 ID: 154
スコア: 93361654
30 38 101 168 21 1 5 84 0 3 318 91 0 0 313 7 3 8 6 7 5 5 4 9 0
一番高いモンスター: 31426	id:154
召喚 ID: 154
スコア: 93389235
30 38 101 168 21 1 5 84 0 3 318 81 0 0 311 7 3 8 6 7 5 5 4 9 0
スコア: 93389235
30 38 101 168 21 1 5 84 0 3 318 81 0 0 311 7 3 8 6 7 5 5 4 9 0
求:12 出:10 数:5
一番高いモンスター: 31426	id:154
召喚 ID: 154
スコア: 93416807
30 38 101 168 21 1 5 84 0 3 318 71 0 0 309 7 3 8 6 7 5 5 4 9 0
一番高いモンスター: 31426	id:154
召喚 ID: 154
スコア: 93444371
30 38 101 168 21 1 5 84 0 3 318 61 0 0 307 7 3 8 6 7 5 5 4 9 0
スコア: 93444371
30 38 101 168 21 1 5 84 0 3 318 61 0 0 307 7 3 8 6 7 5 5 4 9 0
求:12 出:7 数:5
一番高いモンスター: 31426	id:154
召喚 ID: 154
スコア: 93471927
35 39 105 174 21 1 6 84 0 3 319 51 0 0 306 7 3 8 7 7 5 5 4 9 0
求:16 出:10 数:5
一番高いモンスター: 31426	id:154
召喚 ID: 154
スコア: 93499475
35 39 105 174 21 1 6 84 0 3 319 41 0 0 304 7 3 8 7 7 5 5 4 9 0
スコア: 93499475
35 39 105 174 21 1 6 84 0 3 319 41 0 0 304 7 3 8 7 7 5 5 4 9 0
一番高いモンスター: 31426	id:154
召喚 ID: 154
スコア: 93527014
35 39 105 174 21 1 6 84 0 3 319 31 0 0 302 7 3 8 7 7 5 5 4 9 0
求:16 出:10 数:5
一番高いモンスター: 31426	id:154
召喚 ID: 154
スコア: 93554545
35 39 105 174 21 1 6 84 0 3 319 21 0 0 300 7 3 8 7 7 5 5 4 9 0
スコア: 93554545
35 39 105 174 21 1 6 84 0 3 319 21 0 0 300 7 3 8 7 7 5 5 4 9 0
一番高いモンスター: 31426	id:154
召喚 ID: 154
スコア: 93582068
35 39 105 174 21 1 6 84 0 3 319 11 0 0 298 7 3 8 7 7 5 5 4 9 0
求:16 出:10 数:5
一番高いモンスター: 31426	id:154
召喚 ID: 154
スコア: 93609583
35 39 105 174 21 1 6 84 0 3 319 1 0 0 296 7 3 8 7 7 5 5 4 9 0
求:8 出:7 数:5
一番高いモンスター: 26199	id:142
召喚 ID: 142
スコア: 93626936
35 39 105 174 21 1 6 84 0 3 314 1 0 0 293 7 3 8 7 7 5 5 4 9 0
求:12 出:7 数:5
一番高いモンスター: 26199	id:142
召喚 ID: 142
スコア: 93644278
35 40 109 175 25 1 6 84 0 6 309 2 0 0 293 7 3 9 8 7 5 5 4 10 0
求:16 出:10 数:5
一番高いモンスター: 48387	id:392
召喚 ID: 392
スコア: 93687347
35 40 109 175 25 1 1 77 0 2 309 2 0 0 293 7 3 9 8 7 5 5 4 10 0
求:8 出:7 数:5
一番高いモンスター: 26199	id:142
召喚 ID: 142
スコア: 93704669
35 40 109 175 25 1 1 77 0 2 304 2 0 0 290 7 3 9 8 7 5 5 4 10 0
求:12 出:7 数:5
一番高いモンスター: 26199	id:142
召喚 ID: 142
スコア: 93721980
35 40 109 175 25 1 1 77 0 2 299 2 0 0 287 7 3 9 8 7 5 5 4 10 0
求:16 出:10 数:5
一番高いモンスター: 26199	id:142
召喚 ID: 142
スコア: 93739281
35 40 109 175 25 1 1 77 0 2 294 2 0 0 284 7 3 9 8 7 5 5 4 10 0
スコア: 93739281
35 40 109 175 25 1 1 77 0 2 294 2 0 0 284 7 3 9 8 7 5 5 4 10 0
一番高いモンスター: 26199	id:142
召喚 ID: 142
スコア: 93756566
35 40 109 175 25 1 1 77 0 2 289 2 0 0 281 7 3 9 8 7 5 5 4 10 0
求:16 出:23 数:5
一番高いモンスター: 26199	id:142
召喚 ID: 142
スコア: 93773841
35 40 109 175 25 1 1 77 0 2 284 2 0 0 278 7 8 9 8 7 5 5 4 5 0
求:8 出:7 数:5
一番高いモンスター: 26199	id:142
召喚 ID: 142
スコア: 93791106
35 40 109 175 25 1 1 77 0 2 279 2 0 0 275 7 8 9 8 7 5 5 4 5 0
一番高いモンスター: 26199	id:142
召喚 ID: 142
スコア: 93808360
36 42 111 179 26 4 1 79 0 2 277 2 0 0 273 7 8 9 8 7 5 5 4 6 0
一番高いモンスター: 29752	id:379
召喚 ID: 379
スコア: 93837660
36 42 111 179 26 2 1 62 0 1 277 2 0 0 273 7 8 9 8 7 5 5 4 6 0
求:8 出:7 数:5
一番高いモンスター: 29752	id:379
召喚 ID: 379
スコア: 93866951
36 42 111 179 26 0 1 45 0 0 277 2 0 0 273 7 8 9 8 7 5 5 4 6 0
求:12 出:10 数:5
一番高いモンスター: 26199	id:142
召喚 ID: 142
スコア: 93884190
36 42 111 179 26 0 1 45 0 0 272 2 0 0 270 7 8 9 8 7 5 5 4 6 0
一番高いモンスター: 26199	id:142
召喚 ID: 142
スコア: 93901424
36 42 111 179 26 0 1 45 0 0 267 2 0 0 267 7 8 9 8 7 5 5 4 6 0
スコア: 93901424
36 42 111 179 26 0 1 45 0 0 267 2 0 0 267 7 8 9 8 7 5 5 4 6 0
求:12 出:10 数:5
一番高いモンスター: 26199	id:142
召喚 ID: 142
