スコア: 64819580
0 1 1 0 1 70 119 97 6 81 252 118 18 16 302 20 10 33 38 10 5 5 5 16 0
求:16 出:18 数:5
一番高いモンスター: -1
スコア: 64819580
0 1 1 0 1 70 119 97 6 81 252 118 18 16 302 20 10 33 38 10 5 5 5 16 0
求:24 出:23 数:5
一番高いモンスター: -1
スコア: 64819580
0 1 1 0 1 70 119 97 6 81 252 118 18 16 302 20 10 33 38 10 5 5 5 11 5
求:13 出:14 数:5
一番高いモンスター: -1
スコア: 64819580
0 1 1 0 1 70 119 97 6 81 252 118 18 16 302 20 10 33 38 10 5 5 5 11 5
求:16 出:18 数:5
一番高いモンスター: -1
スコア: 64819580
0 1 1 0 1 70 119 97 6 81 252 118 18 16 302 20 10 33 38 10 5 5 5 11 5
求:20 出:23 数:5
一番高いモンスター: -1
スコア: 64819580
0 3 3 0 5 70 120 98 6 82 254 123 18 16 302 20 10 33 38 10 10 5 5 8 5
求:13 出:14 数:5
一番高いモンスター: 3515
召喚 ID: 926
