スコア: 33837033
4 8 5 8 6 2 7 28 1 13 443 435 20 28 445 6 3 338 334 2 0 0 1 21 0
求:12 出:17 数:10
一番高いモンスター: 187869
召喚 ID: 153
スコア: 34014598
4 8 5 8 6 2 7 28 1 13 441 429 28 23 445 6 3 328 334 2 0 0 1 21 0
求:13 出:18 数:10
一番高いモンスター: 187869
召喚 ID: 153
スコア: 34192056
4 8 5 8 6 2 7 28 1 13 439 423 26 18 445 6 3 328 324 2 0 0 1 21 0
求:13 出:17 数:10
一番高いモンスター: 187869
召喚 ID: 153
スコア: 34369461
4 8 5 8 6 2 7 28 1 13 437 417 24 13 445 6 3 328 324 2 0 0 1 21 0
求:13 出:17 数:10
一番高いモンスター: 187869
召喚 ID: 153
スコア: 34546760
4 8 5 8 6 2 7 28 1 13 435 411 22 8 445 6 3 328 324 2 0 0 1 21 0
求:13 出:17 数:10
一番高いモンスター: 187869
召喚 ID: 153
スコア: 34724006
4 8 5 8 6 2 7 28 1 13 433 405 20 3 445 6 3 328 324 2 0 0 1 21 0
求:13 出:17 数:10
一番高いモンスター: 187041
召喚 ID: 178
スコア: 34902923
4 8 5 8 6 2 7 28 1 13 430 403 14 1 443 6 3 328 324 2 0 0 1 21 0
求:13 出:17 数:10
一番高いモンスター: 174306
召喚 ID: 196
スコア: 35070310
4 8 5 8 6 2 7 28 1 13 427 400 9 1 440 6 3 328 324 2 0 0 1 21 0
求:13 出:17 数:10
一番高いモンスター: 174306
召喚 ID: 196
スコア: 35237646
4 8 5 8 6 2 7 28 1 13 424 397 4 1 437 6 3 328 324 2 0 0 1 21 0
求:13 出:17 数:10
一番高いモンスター: 129751
召喚 ID: 147
スコア: 35365657
6 8 12 11 7 2 8 29 1 14 420 395 2 1 435 6 3 328 324 2 0 0 1 22 0
求:13 出:17 数:10
一番高いモンスター: 129751
召喚 ID: 147
スコア: 35493629
6 8 12 11 7 2 8 29 1 14 415 393 0 1 431 6 3 328 324 2 0 0 1 22 0
求:12 出:17 数:10
一番高いモンスター: 111793
召喚 ID: 226
スコア: 35604221
6 8 12 11 7 2 8 29 1 14 413 389 10 0 424 6 3 318 324 2 0 0 1 22 0
求:13 出:18 数:10
一番高いモンスター: 174306
召喚 ID: 196
