スコア: 93918652
36 42 111 179 26 0 1 45 0 0 262 2 0 0 264 7 8 9 8 7 5 5 4 6 0
スコア: 93918652
36 42 111 179 26 0 1 45 0 0 262 2 0 0 264 7 8 9 8 7 5 5 4 6 0
一番高いモンスター: 534239	id:113
召喚 ID: 113
スコア: 94228184
38 45 115 180 27 1 2 47 0 0 263 4 0 0 264 5 6 9 7 4 5 5 4 6 0
一番高いモンスター: 534239	id:113
召喚 ID: 113
スコア: 94537623
38 45 115 180 27 1 2 47 0 0 263 4 0 0 264 3 4 7 6 1 5 5 4 6 0
求:8 出:7 数:5
一番高いモンスター: 190605	id:77
召喚 ID: 77
スコア: 94723596
38 45 115 180 27 1 2 47 0 0 263 4 0 0 264 2 1 5 4 1 5 5 4 6 0
求:12 出:14 数:5
一番高いモンスター: 143013	id:92
召喚 ID: 92
スコア: 94865668
38 45 115 180 27 1 2 47 0 0 263 4 0 0 264 1 0 0 3 0 5 5 4 6 0
求:16 出:14 数:5
一番高いモンスター: 26199	id:142
召喚 ID: 142
スコア: 94882891
38 45 115 180 27 1 2 47 0 0 258 4 0 0 261 1 0 0 3 0 5 5 4 6 0
スコア: 94882891
38 45 115 180 27 1 2 47 0 0 258 4 0 0 261 1 0 0 3 0 5 5 4 6 0
求:12 出:7 数:5
一番高いモンスター: 26199	id:142
召喚 ID: 142
スコア: 94900104
38 45 115 180 27 1 2 47 0 0 253 4 0 0 258 1 0 0 3 0 5 5 4 6 0
一番高いモンスター: 26199	id:142
召喚 ID: 142
スコア: 94917312
38 45 115 180 27 1 2 47 0 0 248 4 0 0 255 1 0 0 3 0 5 5 4 6 0
求:8 出:7 数:5
一番高いモンスター: 26199	id:142
召喚 ID: 142
スコア: 94934515
38 45 115 180 27 1 2 47 0 0 243 4 0 0 252 1 0 0 3 0 5 5 4 6 0
求:12 出:7 数:5
一番高いモンスター: 26199	id:142
召喚 ID: 142
スコア: 94951712
38 45 115 180 27 1 2 47 0 0 238 4 0 0 249 1 0 0 3 0 5 5 4 6 0
一番高いモンスター: 26199	id:142
召喚 ID: 142
スコア: 94968899
39 46 118 184 30 1 2 52 0 0 234 4 0 0 246 1 0 1 4 0 5 5 4 6 0
求:8 出:14 数:5
一番高いモンスター: 26199	id:142
召喚 ID: 142
スコア: 94986081
39 46 118 184 30 1 2 52 0 0 229 4 0 0 238 1 0 1 4 0 5 5 4 6 0
求:12 出:14 数:5
一番高いモンスター: 26199	id:142
召喚 ID: 142
スコア: 95003258
39 46 118 184 30 1 2 52 5 0 224 4 0 0 235 1 0 1 4 0 5 5 4 6 0
一番高いモンスター: 26199	id:142
召喚 ID: 142
スコア: 95020424
39 46 118 184 30 1 2 52 5 0 219 4 0 0 232 1 0 1 4 0 5 5 4 6 0
求:9 出:14 数:5
一番高いモンスター: 26199	id:142
召喚 ID: 142
スコア: 95037585
39 46 118 184 30 1 2 52 5 5 214 4 0 0 224 1 0 1 4 0 5 5 4 6 0
求:12 出:7 数:5
一番高いモンスター: 65223	id:370
召喚 ID: 370
スコア: 95102437
39 46 118 184 30 0 0 46 2 0 214 4 0 0 224 1 0 1 4 0 5 5 4 6 0
一番高いモンスター: 26199	id:142
召喚 ID: 142
スコア: 95119588
39 46 118 184 30 0 0 46 2 0 209 4 0 0 221 1 0 1 4 0 5 5 4 6 0
求:5 出:7 数:5
一番高いモンスター: 26199	id:142
召喚 ID: 142
スコア: 95136729
39 46 118 184 30 0 0 46 2 0 204 4 0 0 218 1 0 1 4 0 5 5 4 6 0
一番高いモンスター: 26199	id:142
召喚 ID: 142
スコア: 95153865
39 46 118 184 30 0 0 46 2 0 199 4 0 0 215 1 0 1 4 0 5 5 4 6 0
一番高いモンスター: 26199	id:142
召喚 ID: 142
スコア: 95170995
40 49 121 185 35 1 3 46 2 1 194 4 0 0 212 1 0 2 5 0 5 5 4 6 0
求:5 出:7 数:5
一番高いモンスター: 28233	id:83
召喚 ID: 83
スコア: 95199025
40 49 121 185 35 1 3 46 2 1 194 4 0 0 212 0 0 0 4 0 5 5 4 6 0
求:12 出:14 数:5
一番高いモンスター: 26199	id:142
召喚 ID: 142
スコア: 95216145
40 49 121 185 35 1 3 46 2 1 189 4 0 0 209 0 0 0 4 0 5 5 4 6 0
一番高いモンスター: 26199	id:142
召喚 ID: 142
スコア: 95233260
40 49 121 185 35 1 3 46 2 1 184 4 0 0 206 0 0 0 4 0 5 5 4 6 0
求:5 出:14 数:5
一番高いモンスター: 26199	id:142
召喚 ID: 142
スコア: 95250370
40 49 121 185 35 6 3 46 2 1 179 4 0 0 198 0 0 0 4 0 5 5 4 6 0
一番高いモンスター: 45675	id:391
召喚 ID: 391
スコア: 95295772
40 49 121 185 35 3 0 37 1 0 179 4 0 0 198 0 0 0 4 0 5 5 4 6 0
一番高いモンスター: 26199	id:142
召喚 ID: 142
スコア: 95312877
40 49 121 185 35 3 0 37 1 0 174 4 0 0 195 0 0 0 4 0 5 5 4 6 0
求:6 出:7 数:5
一番高いモンスター: 26199	id:142
召喚 ID: 142
スコア: 95329977
40 49 121 185 35 3 0 32 1 0 169 4 0 0 192 0 0 0 4 0 5 5 4 6 0
求:12 出:7 数:5
一番高いモンスター: 26199	id:142
召喚 ID: 142
スコア: 95347072
40 49 121 185 35 3 0 32 1 0 164 4 0 0 189 0 0 0 4 0 5 5 4 6 0
求:15 出:14 数:5
一番高いモンスター: 26199	id:142
召喚 ID: 142
スコア: 95364156
41 51 122 187 37 3 1 34 1 3 161 5 0 0 188 0 0 1 4 0 5 5 4 6 0
スコア: 95364156
41 51 122 187 37 3 1 34 1 3 161 5 0 0 188 0 0 1 4 0 5 5 4 6 0
求:12 出:7 数:5
一番高いモンスター: 29752	id:379
召喚 ID: 379
スコア: 95393439
41 51 122 187 37 1 1 17 1 2 161 5 0 0 188 0 0 1 4 0 5 5 4 6 0
一番高いモンスター: 26199	id:142
召喚 ID: 142
スコア: 95410513
41 51 122 187 37 1 1 17 1 2 156 5 0 0 185 0 0 1 4 0 5 5 4 6 0
求:5 出:7 数:5
一番高いモンスター: 26199	id:142
召喚 ID: 142
スコア: 95427582
41 51 122 187 37 1 1 17 1 2 151 5 0 0 182 0 0 1 4 0 5 5 4 6 0
求:12 出:14 数:5
一番高いモンスター: 26199	id:142
召喚 ID: 142
スコア: 95444646
41 51 122 187 37 1 1 17 2 2 146 5 0 0 179 0 0 1 4 0 5 5 4 6 0
一番高いモンスター: 26199	id:142
召喚 ID: 142
スコア: 95461705
41 51 122 187 37 1 1 17 2 2 141 5 0 0 176 0 0 1 4 0 5 5 4 6 0
求:5 出:14 数:5
一番高いモンスター: 26199	id:142
召喚 ID: 142
スコア: 95478759
41 51 122 187 37 6 1 17 2 2 136 5 0 0 168 0 0 1 4 0 5 5 4 6 0
求:12 出:14 数:5
一番高いモンスター: 38322	id:378
召喚 ID: 378
スコア: 95516318
41 51 122 187 37 2 0 5 1 2 136 5 0 0 168 0 0 1 4 0 5 5 4 6 0
求:15 出:14 数:5
一番高いモンスター: 26199	id:142
召喚 ID: 142
スコア: 95533366
41 51 122 187 37 2 0 5 1 2 131 5 0 0 165 0 0 1 4 0 5 5 4 6 0
一番高いモンスター: 26199	id:142
召喚 ID: 142
スコア: 95550409
42 53 126 189 39 3 2 7 1 4 127 5 0 0 162 0 0 2 4 0 5 5 4 6 0
一番高いモンスター: 26199	id:142
召喚 ID: 142
スコア: 95567442
42 53 126 189 39 3 2 7 1 4 122 5 0 0 159 0 0 2 4 0 5 5 4 6 0
一番高いモンスター: 26199	id:142
召喚 ID: 142
スコア: 95584465
42 53 126 189 39 3 2 7 1 4 117 5 0 0 156 0 0 2 4 0 5 5 4 6 0
一番高いモンスター: 26199	id:142
召喚 ID: 142
スコア: 95601483
42 53 126 189 39 3 2 7 1 4 112 5 0 0 153 0 0 2 4 0 5 5 4 6 0
求:12 出:14 数:5
一番高いモンスター: 26199	id:142
召喚 ID: 142
スコア: 95618496
42 53 126 189 39 3 2 7 1 4 107 5 0 0 150 0 0 2 4 0 5 5 4 6 0
求:15 出:14 数:5
一番高いモンスター: 26199	id:142
召喚 ID: 142
スコア: 95635504
42 53 126 189 39 3 2 7 1 4 102 5 0 0 147 0 0 2 4 0 5 5 4 6 0
求:8 出:14 数:5
一番高いモンスター: 26199	id:142
召喚 ID: 142
スコア: 95652506
42 53 126 189 39 3 2 7 1 4 97 5 0 0 139 0 0 2 4 0 5 5 4 6 0
一番高いモンスター: 26199	id:142
召喚 ID: 142
スコア: 95669503
42 53 126 189 39 3 2 7 1 4 92 5 0 0 136 0 0 2 4 0 5 5 4 6 0
求:15 出:14 数:5
一番高いモンスター: 26199	id:142
召喚 ID: 142
スコア: 95686495
42 53 126 189 39 3 2 7 1 4 87 5 0 0 133 0 0 2 4 0 5 5 4 6 0
スコア: 95686495
42 53 129 192 43 4 3 9 1 4 87 6 0 0 134 0 0 3 6 0 5 5 4 7 0
求:12 出:14 数:5
一番高いモンスター: 45675	id:391
召喚 ID: 391
スコア: 95731883
42 53 129 192 43 1 0 0 0 3 87 6 0 0 134 0 0 3 6 0 5 5 4 7 0
求:15 出:14 数:5
一番高いモンスター: 28169	id:103
召喚 ID: 103
スコア: 95756665
42 53 129 192 43 1 0 0 0 3 87 6 0 0 134 0 0 2 1 0 5 5 4 7 0
求:6 出:14 数:5
一番高いモンスター: 26199	id:142
召喚 ID: 142
スコア: 95773632
42 53 129 192 43 1 5 0 1 3 82 6 0 0 126 0 0 2 1 0 5 5 4 7 0
一番高いモンスター: 26199	id:142
召喚 ID: 142
スコア: 95790589
42 53 129 192 43 1 5 0 1 3 77 6 0 0 123 0 0 2 1 0 5 5 4 7 0
求:15 出:14 数:5
一番高いモンスター: 26199	id:142
召喚 ID: 142
スコア: 95807540
42 53 129 192 43 1 5 0 2 3 72 6 0 0 120 0 0 2 1 0 5 5 4 7 0
求:7 出:14 数:5
一番高いモンスター: 26199	id:142
召喚 ID: 142
スコア: 95824486
42 53 129 192 43 1 5 5 2 3 67 6 0 0 112 0 0 2 1 0 5 5 4 7 0
一番高いモンスター: 26199	id:142
召喚 ID: 142
