スコア: 16642768
156 147 175 142 159 9 8 5 0 6 585 548 0 0 544 0 0 384 438 0 0 0 9 89 0
求:16 出:18 数:4
一番高いモンスター: 10098
召喚 ID: 953
スコア: 16650887
155 141 174 141 148 9 8 5 0 6 585 548 0 0 544 0 0 384 445 0 0 0 9 89 0
求:16 出:18 数:6
一番高いモンスター: 10098
召喚 ID: 953
スコア: 16659004
156 138 175 141 137 11 9 8 0 6 586 548 0 0 547 0 0 385 444 0 0 0 9 89 0
求:16 出:18 数:8
一番高いモンスター: 10098
召喚 ID: 953
スコア: 16667118
155 132 174 140 126 11 9 8 0 6 586 548 0 0 547 0 0 385 442 0 0 0 9 89 0
求:16 出:18 数:3
一番高いモンスター: 10098
召喚 ID: 953
スコア: 16675230
154 126 173 139 115 11 9 8 0 6 586 548 0 0 547 0 0 385 447 0 0 0 9 89 0
求:16 出:18 数:8
一番高いモンスター: 10098
召喚 ID: 953
スコア: 16683339
153 120 172 138 104 11 9 8 0 6 586 548 0 0 547 0 0 385 442 0 0 0 9 89 0
求:16 出:18 数:11
一番高いモンスター: 10098
召喚 ID: 953
スコア: 16691446
152 114 171 137 93 11 9 8 0 6 586 548 0 0 547 0 0 385 439 0 0 0 9 89 0
求:16 出:18 数:12
一番高いモンスター: 10098
召喚 ID: 953
スコア: 16699550
151 108 170 136 82 11 9 8 0 6 586 548 0 0 547 0 0 385 438 0 0 0 9 89 0
求:16 出:18 数:12
一番高いモンスター: 10098
召喚 ID: 953
スコア: 16707652
150 102 169 135 71 11 9 8 0 6 586 548 0 0 547 0 0 385 438 0 0 0 9 89 0
求:16 出:18 数:9
一番高いモンスター: 10098
召喚 ID: 953
スコア: 16715752
149 96 168 134 60 11 9 8 0 6 586 548 0 0 547 0 0 385 441 0 0 0 9 89 0
求:16 出:18 数:6
一番高いモンスター: 10098
召喚 ID: 953
スコア: 16723849
148 90 167 133 49 11 9 8 0 6 586 548 0 0 547 0 0 385 444 0 0 0 9 89 0
求:16 出:18 数:5
一番高いモンスター: 10098
召喚 ID: 953
スコア: 16731944
147 84 166 132 38 11 9 8 0 6 586 548 0 0 547 0 0 385 445 0 0 0 9 89 0
求:16 出:18 数:3
一番高いモンスター: 10098
召喚 ID: 953
スコア: 16740036
149 80 166 132 27 13 11 8 0 9 586 548 0 0 550 0 0 386 449 0 0 0 9 89 0
求:16 出:18 数:6
一番高いモンスター: 10098
召喚 ID: 953
スコア: 16748126
148 74 165 131 16 13 11 8 0 9 586 548 0 0 550 0 0 386 446 0 0 2 9 89 0
求:16 出:18 数:12
一番高いモンスター: 10098
召喚 ID: 953
スコア: 16756213
147 68 164 130 5 13 11 8 0 9 586 548 0 0 550 0 0 386 440 0 0 2 9 89 0
求:16 出:18 数:3
一番高いモンスター: 10094
召喚 ID: 547
スコア: 16765422
130 66 164 130 4 13 11 8 0 9 586 548 0 0 550 0 0 386 449 0 0 2 9 89 0
求:16 出:18 数:10
一番高いモンスター: 10094
召喚 ID: 547
スコア: 16774628
113 64 164 130 3 13 11 8 0 9 586 548 0 0 550 0 0 386 442 0 0 2 9 89 0
求:16 出:18 数:5
一番高いモンスター: 10094
召喚 ID: 547
スコア: 16783831
96 62 164 130 2 13 11 8 0 9 586 548 0 0 550 0 0 386 447 0 0 2 9 89 0
求:16 出:18 数:7
一番高いモンスター: 10094
召喚 ID: 547
スコア: 16793031
79 60 164 130 1 13 11 8 0 9 586 548 0 0 550 0 0 386 445 0 0 2 9 89 0
求:16 出:18 数:10
一番高いモンスター: 10094
召喚 ID: 547
スコア: 16802228
62 58 164 130 0 13 11 8 0 9 586 548 0 0 550 0 0 386 442 0 0 2 9 89 0
求:16 出:18 数:6
一番高いモンスター: 10078
召喚 ID: 743
スコア: 16811326
56 52 156 130 0 13 11 8 0 9 586 548 0 0 550 0 0 386 446 0 0 2 9 89 0
求:16 出:18 数:7
一番高いモンスター: 10078
召喚 ID: 743
スコア: 16820421
51 47 151 132 2 15 11 10 0 9 590 548 0 0 551 0 0 387 446 0 0 2 9 89 0
求:16 出:18 数:11
一番高いモンスター: 10094
召喚 ID: 547
スコア: 16829616
34 45 151 132 1 15 11 10 0 9 590 548 0 0 551 0 0 387 442 0 0 2 9 89 0
求:16 出:18 数:3
一番高いモンスター: 10094
召喚 ID: 547
スコア: 16838808
17 43 151 132 0 15 11 10 0 9 590 548 0 0 551 0 0 387 450 0 0 2 9 89 0
求:16 出:18 数:5
一番高いモンスター: 10078
召喚 ID: 743
スコア: 16847900
11 37 143 132 0 15 11 10 0 9 590 548 0 0 551 0 0 387 448 0 0 2 9 89 0
求:16 出:18 数:10
一番高いモンスター: 10078
召喚 ID: 743
スコア: 16856990
5 31 135 132 0 15 11 10 0 9 590 548 0 0 551 0 0 387 443 0 0 2 9 89 0
求:16 出:18 数:10
一番高いモンスター: 10060
召喚 ID: 803
スコア: 16866593
4 25 135 119 0 15 11 10 0 9 590 548 0 0 551 0 0 387 443 0 0 2 9 89 0
求:16 出:18 数:9
一番高いモンスター: 10060
召喚 ID: 803
スコア: 16876193
3 19 135 106 0 15 11 10 0 9 590 548 0 0 551 0 0 387 444 0 0 2 9 89 0
求:16 出:18 数:6
一番高いモンスター: 10060
召喚 ID: 803
スコア: 16885790
2 13 135 93 0 15 11 10 0 9 590 548 0 0 551 0 0 387 447 0 0 2 9 89 0
求:16 出:18 数:11
一番高いモンスター: 10060
召喚 ID: 803
スコア: 16895384
1 7 135 80 0 15 11 10 0 9 590 548 0 0 551 0 0 387 442 0 0 2 9 89 0
求:16 出:18 数:4
一番高いモンスター: 10060
召喚 ID: 803
スコア: 16904975
1 2 138 68 2 17 13 11 0 10 590 550 0 0 551 0 0 387 453 0 0 2 9 89 0
求:16 出:18 数:10
一番高いモンスター: 10036
召喚 ID: 847
スコア: 16914166
1 2 131 55 2 17 13 11 0 10 590 550 0 0 551 0 0 387 447 0 0 2 9 89 0
求:16 出:18 数:4
一番高いモンスター: 10036
召喚 ID: 847
スコア: 16923355
1 2 124 42 2 17 13 11 0 10 590 550 0 0 551 0 0 387 453 0 0 2 9 89 0
求:16 出:18 数:3
一番高いモンスター: 10036
召喚 ID: 847
スコア: 16932541
1 2 117 29 2 17 13 11 0 10 590 550 0 0 551 0 0 387 454 0 0 2 9 89 0
求:16 出:18 数:5
一番高いモンスター: 10036
召喚 ID: 847
スコア: 16941724
1 2 110 16 2 17 13 11 0 10 590 550 0 0 551 0 0 387 452 0 0 2 9 89 0
求:16 出:18 数:12
一番高いモンスター: 10036
召喚 ID: 847
スコア: 16950904
1 2 103 3 2 17 13 11 0 10 590 550 0 0 551 0 0 387 445 0 0 2 9 89 0
求:16 出:18 数:9
一番高いモンスター: 9540
召喚 ID: 767
スコア: 16960330
0 0 91 1 0 17 13 11 0 10 590 550 0 0 551 0 0 387 448 0 0 2 9 89 0
求:16 出:18 数:9
一番高いモンスター: 8007
召喚 ID: 726
スコア: 16968156
0 0 75 1 0 17 13 11 0 10 590 550 0 0 551 0 0 387 448 0 0 2 9 89 0
求:16 出:18 数:8
一番高いモンスター: 8007
召喚 ID: 726
スコア: 16975980
0 0 59 1 0 17 13 11 0 10 590 550 0 0 551 0 0 387 449 0 0 2 9 89 0
求:16 出:18 数:4
一番高いモンスター: 8007
召喚 ID: 726
スコア: 16983802
0 3 44 5 1 18 14 13 0 14 591 551 0 0 552 0 0 387 453 0 0 2 9 89 0
求:16 出:18 数:8
一番高いモンスター: 8502
召喚 ID: 766
スコア: 16992233
0 2 32 2 0 18 14 13 0 14 591 551 0 0 552 0 0 387 449 0 0 2 9 89 0
求:16 出:18 数:3
一番高いモンスター: 8007
召喚 ID: 726
スコア: 17000052
0 2 16 2 0 18 14 13 0 14 591 551 0 0 552 0 0 387 454 0 0 2 9 89 0
求:16 出:18 数:10
一番高いモンスター: 8007
召喚 ID: 726
スコア: 17007869
0 2 0 2 0 18 14 13 0 14 591 551 0 0 552 0 0 387 447 0 0 2 9 89 0
求:16 出:18 数:4
一番高いモンスター: -1
スコア: 17007869
0 2 0 2 0 18 14 13 0 14 591 551 0 0 552 0 0 387 453 0 0 2 9 89 0
求:16 出:18 数:6
一番高いモンスター: -1
スコア: 17007869
0 2 0 2 0 18 14 13 0 14 591 551 0 0 552 0 0 387 451 0 0 2 9 89 0
求:16 出:18 数:10
一番高いモンスター: -1
スコア: 17007869
0 2 0 2 0 18 14 13 0 14 591 551 0 0 552 0 0 387 447 0 0 2 9 89 0
求:16 出:18 数:7
一番高いモンスター: -1
スコア: 17007869
0 2 0 2 0 18 14 13 0 14 591 551 0 0 552 0 0 387 450 0 0 2 9 89 0
求:16 出:18 数:4
一番高いモンスター: -1
スコア: 17007869
0 2 0 2 0 18 14 13 0 14 591 551 0 0 552 0 0 387 453 0 0 2 9 89 0
求:16 出:18 数:3
一番高いモンスター: -1
スコア: 17007869
0 2 0 2 0 18 14 13 0 14 591 551 0 0 552 0 0 387 454 0 0 2 9 89 0
求:16 出:18 数:8
一番高いモンスター: -1
スコア: 17007869
5 3 1 3 3 19 17 13 0 15 593 552 0 0 552 0 0 388 449 0 0 2 9 89 0
求:16 出:18 数:4
一番高いモンスター: 6524
召喚 ID: 524
スコア: 17014296
0 0 0 0 2 19 17 13 0 15 593 552 0 0 552 0 0 388 453 0 0 2 9 89 0
求:16 出:18 数:7
一番高いモンスター: -1
スコア: 17014296
0 0 0 0 2 19 17 13 0 15 593 552 0 0 552 0 0 388 450 0 0 2 9 89 0
求:16 出:18 数:7
一番高いモンスター: -1
