スコア: 25637842
16 10 13 15 11 84 76 79 0 68 658 611 0 0 601 2 3 398 467 2 0 0 1 2 0
一番高いモンスター: 82129
召喚 ID: 276
スコア: 25708170
16 10 13 15 11 77 71 77 0 63 658 611 0 0 601 2 3 398 467 2 0 0 1 2 0
一番高いモンスター: 82129
召喚 ID: 276
スコア: 25778477
16 10 13 15 11 70 66 75 0 58 658 611 0 0 601 2 3 398 467 2 0 0 1 2 0
一番高いモンスター: 82129
召喚 ID: 276
スコア: 25848763
20 10 16 16 12 63 64 74 0 56 660 611 0 0 601 2 3 399 468 2 0 0 1 2 0
一番高いモンスター: 82129
召喚 ID: 276
スコア: 25919028
20 10 16 16 12 56 59 72 0 51 660 611 0 0 601 2 3 399 468 2 0 0 1 2 0
一番高いモンスター: 82129
召喚 ID: 276
スコア: 25989271
20 10 16 16 12 49 54 70 0 46 660 611 0 0 601 2 3 399 468 2 0 0 1 2 0
一番高いモンスター: 82129
召喚 ID: 276
スコア: 26059493
20 10 16 16 12 42 49 68 0 41 660 611 0 0 601 2 3 399 468 2 0 0 1 2 0
一番高いモンスター: 82129
召喚 ID: 276
スコア: 26129694
20 10 16 16 12 35 44 66 0 36 660 611 0 0 601 2 3 399 468 2 0 0 1 2 0
一番高いモンスター: 82129
召喚 ID: 276
スコア: 26199874
20 10 16 16 12 28 39 64 0 31 660 611 0 0 601 2 3 399 468 2 0 0 1 2 0
一番高いモンスター: 82129
召喚 ID: 276
スコア: 26270033
20 10 16 16 12 21 34 62 0 26 660 611 0 0 601 2 3 399 468 2 0 0 1 2 0
一番高いモンスター: 82129
召喚 ID: 276
スコア: 26340171
20 10 16 16 12 14 29 60 0 21 660 611 0 0 601 2 3 399 468 2 0 0 1 2 0
一番高いモンスター: 82129
召喚 ID: 276
スコア: 26410288
20 10 16 16 12 7 24 58 0 16 660 611 0 0 601 2 3 399 468 2 0 0 1 2 0
一番高いモンスター: 82129
召喚 ID: 276
スコア: 26480384
23 11 18 19 14 0 21 56 0 11 660 613 0 0 601 2 3 399 471 2 0 0 1 4 0
求:15 出:23 数:4
一番高いモンスター: 48387
スコア: 26480384
23 11 18 19 14 0 21 56 0 11 660 613 0 0 601 6 3 399 471 2 0 0 1 0 0
一番高いモンスター: 48387
スコア: 26480384
23 11 18 19 14 0 21 56 0 11 660 613 0 0 601 6 3 399 471 2 0 0 1 0 0
一番高いモンスター: 48387
スコア: 26480384
23 11 18 19 14 0 21 56 0 11 660 613 0 0 601 6 3 399 471 2 0 0 1 0 0
一番高いモンスター: 48387
スコア: 26480384
23 11 18 19 14 0 21 56 0 11 660 613 0 0 601 6 3 399 471 2 0 0 1 0 0
一番高いモンスター: 48387
スコア: 26480384
23 11 18 19 14 0 21 56 0 11 660 613 0 0 601 6 3 399 471 2 0 0 1 0 0
一番高いモンスター: 48387
スコア: 26480384
23 11 18 19 14 0 21 56 0 11 660 613 0 0 601 6 3 399 471 2 0 0 1 0 0
一番高いモンスター: 48387
スコア: 26480384
23 11 18 19 14 0 21 56 0 11 660 613 0 0 601 6 3 399 471 2 0 0 1 0 0
一番高いモンスター: 48387
スコア: 26480384
23 11 18 19 14 0 21 56 0 11 660 613 0 0 601 6 3 399 471 2 0 0 1 0 0
一番高いモンスター: 48387
スコア: 26480384
24 14 20 21 14 0 21 59 0 13 661 613 0 0 605 6 3 401 471 2 0 0 1 0 0
一番高いモンスター: 48387
スコア: 26480384
24 14 20 21 14 0 21 59 0 13 661 613 0 0 605 6 3 401 471 2 0 0 1 0 0
一番高いモンスター: 48387
