スコア: 78180803
136 140 132 154 146 161 221 284 49 218 418 268 39 40 420 32 28 82 80 32 10 0 4 28 0
求:8 出:14 数:5
一番高いモンスター: 534239	id:113
スコア: 78180803
136 140 132 154 146 161 221 284 49 218 418 268 39 40 419 32 28 82 80 32 10 0 4 28 0
求:12 出:17 数:5
一番高いモンスター: 534239	id:113
スコア: 78180803
137 141 134 156 149 163 221 286 49 220 419 268 44 40 420 32 28 79 81 32 10 0 4 28 0
一番高いモンスター: 534239	id:113
スコア: 78180803
137 141 134 156 149 163 221 286 49 220 419 268 44 40 420 32 28 79 81 32 10 0 4 28 0
求:8 出:14 数:5
一番高いモンスター: 534239	id:113
スコア: 78180803
137 141 134 156 149 163 221 286 50 220 419 268 44 40 420 32 28 79 81 32 10 0 4 28 0
求:13 出:7 数:5
一番高いモンスター: 534239	id:113
スコア: 78180803
137 141 134 156 149 163 221 286 50 220 419 268 44 40 420 32 28 79 81 32 10 0 4 28 0
求:16 出:18 数:5
一番高いモンスター: 534239	id:113
スコア: 78180803
137 141 134 156 149 163 221 286 54 220 419 268 44 40 420 32 28 79 76 32 10 0 4 28 0
スコア: 78180803
137 141 134 156 149 163 221 286 54 220 419 268 44 40 420 32 28 79 76 32 10 0 4 28 0
求:13 出:7 数:5
一番高いモンスター: 534239	id:113
スコア: 78180803
137 141 134 156 149 163 221 286 54 220 419 268 44 40 420 32 28 79 76 32 10 0 4 28 0
一番高いモンスター: 534239	id:113
スコア: 78180803
137 141 134 156 149 163 221 286 54 220 419 268 44 40 420 32 28 79 76 32 10 0 4 28 0
求:8 出:14 数:5
一番高いモンスター: 534239	id:113
スコア: 78180803
137 141 134 156 149 163 221 286 55 220 419 268 44 40 415 32 28 79 76 32 10 0 4 28 0
求:13 出:17 数:5
一番高いモンスター: 534239	id:113
スコア: 78180803
139 144 135 158 152 164 222 287 59 220 419 270 44 45 417 32 28 75 77 32 10 0 4 28 0
求:16 出:18 数:5
一番高いモンスター: 534239	id:113
スコア: 78180803
139 144 135 158 152 164 222 287 59 220 419 270 44 45 417 32 28 75 77 32 10 0 4 28 0
スコア: 78180803
139 144 135 158 152 164 222 287 59 220 419 270 44 45 417 32 28 75 77 32 10 0 4 28 0
求:12 出:10 数:5
一番高いモンスター: 534239	id:113
スコア: 78180803
139 144 135 158 152 164 222 287 59 220 419 270 44 45 417 32 28 75 77 32 10 0 4 28 0
求:16 出:10 数:5
一番高いモンスター: 534239	id:113
スコア: 78180803
139 144 135 158 152 164 222 287 59 220 414 270 44 45 417 32 28 75 77 32 10 0 4 28 0
求:8 出:14 数:5
一番高いモンスター: 534239	id:113
スコア: 78180803
139 144 135 158 152 164 222 287 60 220 414 270 44 45 412 32 28 75 77 32 10 0 4 28 0
求:12 出:18 数:5
一番高いモンスター: 534239	id:113
スコア: 78180803
139 144 135 158 152 164 222 287 64 220 414 270 49 45 412 32 28 75 72 32 10 0 4 28 0
一番高いモンスター: 534239	id:113
スコア: 78180803
139 144 135 158 152 164 222 287 64 220 414 270 49 45 412 32 28 75 72 32 10 0 4 28 0
求:8 出:7 数:5
一番高いモンスター: 534239	id:113
スコア: 78180803
139 144 135 158 152 164 222 287 64 220 414 270 49 45 412 32 28 75 72 37 10 0 4 28 0
求:13 出:10 数:5
一番高いモンスター: 534239	id:113
スコア: 78180803
139 144 135 158 152 164 222 287 64 220 409 270 49 45 412 32 28 75 72 37 10 0 4 28 0
求:16 出:14 数:5
一番高いモンスター: 534239	id:113
スコア: 78180803
139 146 138 158 155 166 224 289 64 222 409 271 49 45 412 32 28 77 73 37 10 0 4 28 0
求:8 出:14 数:5
一番高いモンスター: 534239	id:113
スコア: 78180803
139 146 138 158 155 166 224 289 68 222 409 271 49 45 407 32 28 77 73 37 10 0 4 28 0
求:13 出:7 数:5
一番高いモンスター: 534239	id:113
スコア: 78180803
139 146 138 158 155 166 224 289 68 222 409 271 49 45 407 32 28 77 73 37 10 0 4 28 0
一番高いモンスター: 534239	id:113
スコア: 78180803
139 146 138 158 155 166 224 289 69 222 409 271 49 45 407 32 28 77 73 37 10 0 4 28 0
スコア: 78180803
139 146 138 158 155 166 224 289 69 222 409 271 49 45 407 32 28 77 73 37 10 0 4 28 0
求:13 出:7 数:5
一番高いモンスター: 534239	id:113
スコア: 78180803
139 146 138 158 155 166 224 289 69 222 409 271 49 45 407 32 28 77 73 37 10 0 4 28 0
求:16 出:17 数:5
一番高いモンスター: 534239	id:113
スコア: 78180803
139 146 138 158 155 166 224 289 69 222 409 271 49 45 407 32 33 72 73 37 10 0 4 28 0
求:8 出:10 数:5
一番高いモンスター: 534239	id:113
スコア: 78180803
139 146 138 158 155 166 224 289 74 222 404 271 49 45 407 32 33 72 73 37 10 0 4 28 0
求:13 出:7 数:5
一番高いモンスター: 534239	id:113
スコア: 78180803
139 146 138 158 155 166 224 289 74 222 404 271 49 45 407 32 33 72 73 37 10 0 4 28 0
一番高いモンスター: 534239	id:113
スコア: 78180803
139 147 142 161 156 167 225 291 74 224 406 272 49 45 408 32 33 73 73 37 10 0 4 28 0
スコア: 78180803
139 147 142 161 156 167 225 291 74 224 406 272 49 45 408 32 33 73 73 37 10 0 4 28 0
求:13 出:17 数:5
一番高いモンスター: 534239	id:113
スコア: 78180803
139 147 142 161 156 167 225 291 74 224 406 272 49 50 408 32 33 68 73 37 10 0 4 28 0
求:15 出:18 数:5
一番高いモンスター: 534239	id:113
スコア: 78180803
139 147 142 161 156 167 225 291 74 224 406 272 49 50 408 32 33 68 73 37 10 0 4 28 0
スコア: 78180803
139 147 142 161 156 167 225 291 74 224 406 272 49 50 408 32 33 68 73 37 10 0 4 28 0
求:12 出:14 数:5
一番高いモンスター: 534239	id:113
スコア: 78180803
139 147 142 161 156 167 225 291 74 224 406 272 49 50 408 32 33 68 73 37 10 0 4 28 0
求:15 出:14 数:5
一番高いモンスター: 534239	id:113
スコア: 78180803
139 147 142 161 156 167 225 291 74 224 406 272 49 50 408 32 33 68 73 37 10 0 4 28 0
求:8 出:14 数:5
一番高いモンスター: 534239	id:113
