スコア: 15801719
53 50 70 46 60 0 6 80 1 0 527 501 0 0 506 0 0 352 393 0 0 0 0 56 0
出:12 求:10 数:6
一番高いモンスター: 14566
スコア: 15801719
53 50 70 46 60 0 6 80 1 0 534 501 0 0 506 0 0 352 393 0 0 0 0 56 0
出:16 求:18 数:8
一番高いモンスター: 14566
スコア: 15801719
55 52 70 46 62 2 8 81 1 1 536 503 0 0 508 0 0 353 399 0 0 0 0 56 0
出:21 求:23 数:8
一番高いモンスター: 40333
スコア: 15801719
55 52 70 46 62 2 8 81 1 1 536 503 0 0 508 0 0 353 399 0 0 0 0 60 0
出:8 求:7 数:8
一番高いモンスター: 40333
スコア: 15801719
55 52 70 46 62 2 8 85 1 1 536 503 0 0 508 0 0 353 399 0 0 0 0 60 0
出:12 求:10 数:10
一番高いモンスター: 40333
スコア: 15801719
55 52 70 46 62 2 8 85 1 1 532 503 0 0 508 0 0 353 399 0 0 0 0 60 0
出:16 求:18 数:7
一番高いモンスター: 40333
スコア: 15801719
55 52 70 46 62 2 8 85 1 1 532 503 0 0 508 0 0 353 400 0 0 0 0 60 0
出:21 求:23 数:11
一番高いモンスター: 40333
スコア: 15801719
55 52 70 46 62 2 8 85 1 1 532 503 0 0 508 0 0 353 400 0 0 0 0 57 0
出:8 求:7 数:10
一番高いモンスター: 40333
スコア: 15801719
55 52 70 46 62 2 8 83 1 1 532 503 0 0 508 0 0 353 400 0 0 0 0 57 0
出:12 求:10 数:7
一番高いモンスター: 40333
スコア: 15801719
55 52 70 46 62 2 8 83 1 1 535 503 0 0 508 0 0 353 400 0 0 0 0 57 0
出:16 求:18 数:8
一番高いモンスター: 40333
スコア: 15801719
55 52 70 46 62 2 8 83 1 1 535 503 0 0 508 0 0 353 399 0 0 0 0 57 0
出:21 求:23 数:8
一番高いモンスター: 40333
スコア: 15801719
58 56 71 48 63 4 8 84 1 2 535 504 0 0 510 0 0 354 400 0 0 0 0 60 0
出:8 求:7 数:7
一番高いモンスター: 50801
召喚 ID: 385
スコア: 15850709
58 56 71 48 63 0 4 76 1 2 535 504 0 0 510 0 0 354 400 0 0 0 0 60 0
出:12 求:10 数:12
一番高いモンスター: 22293
スコア: 15850709
58 56 71 48 63 0 4 76 1 2 530 504 0 0 510 0 0 354 400 0 0 0 0 60 0
出:16 求:18 数:12
一番高いモンスター: 22293
スコア: 15850709
58 56 71 48 63 0 4 76 1 2 530 504 0 0 510 0 0 354 396 0 0 0 0 60 0
出:21 求:23 数:4
一番高いモンスター: 22293
スコア: 15850709
58 56 71 48 63 0 4 76 1 2 530 504 0 0 510 0 0 354 396 0 0 0 0 64 0
出:8 求:7 数:13
一番高いモンスター: 22293
スコア: 15850709
58 56 71 48 63 0 4 70 1 2 530 504 0 0 510 0 0 354 396 0 0 0 0 64 0
出:12 求:10 数:11
一番高いモンスター: 22293
スコア: 15850709
58 56 71 48 63 0 4 70 1 2 531 504 0 0 510 0 0 354 396 0 0 0 0 64 0
出:16 求:18 数:4
一番高いモンスター: 22293
スコア: 15850709
58 56 71 48 63 0 4 70 1 2 531 504 0 0 510 0 0 354 404 0 0 0 0 64 0
出:21 求:23 数:6
一番高いモンスター: 22293
スコア: 15850709
58 56 71 48 63 0 4 70 1 2 531 504 0 0 510 0 0 354 404 0 0 0 0 62 0
出:8 求:7 数:7
一番高いモンスター: 22293
スコア: 15850709
58 56 71 48 63 0 4 76 1 2 531 504 0 0 510 0 0 354 404 0 0 0 0 62 0
出:12 求:10 数:6
一番高いモンスター: 22293
スコア: 15850709
60 60 73 51 65 1 4 78 1 2 537 505 0 0 511 0 0 354 404 0 0 0 0 63 0
出:16 求:18 数:6
一番高いモンスター: 22293
スコア: 15850709
60 60 73 51 65 1 4 78 1 2 537 505 0 0 511 0 0 354 402 0 0 0 0 63 0
出:21 求:23 数:9
一番高いモンスター: 22293
スコア: 15850709
60 60 73 51 65 1 4 78 1 2 537 505 0 0 511 0 0 354 402 0 0 0 0 60 0
出:8 求:7 数:11
一番高いモンスター: 22293
スコア: 15850709
60 60 73 51 65 1 4 74 1 2 537 505 0 0 511 0 0 354 402 0 0 0 0 60 0
出:12 求:10 数:12
一番高いモンスター: 22293
スコア: 15850709
60 60 73 51 65 1 4 74 1 2 531 505 0 0 511 0 0 354 402 0 0 0 0 60 0
出:16 求:18 数:6
一番高いモンスター: 22293
スコア: 15850709
60 60 73 51 65 1 4 74 1 2 531 505 0 0 511 0 0 354 402 0 0 0 0 60 0
出:21 求:23 数:7
一番高いモンスター: 22293
スコア: 15850709
60 60 73 51 65 1 4 74 1 2 531 505 0 0 511 0 0 354 402 0 0 0 0 62 0
出:8 求:7 数:10
一番高いモンスター: 22293
スコア: 15850709
60 60 73 51 65 1 4 75 1 2 531 505 0 0 511 0 0 354 402 0 0 0 0 62 0
出:12 求:10 数:11
一番高いモンスター: 22293
スコア: 15850709
60 60 73 51 65 1 4 75 1 2 532 505 0 0 511 0 0 354 402 0 0 0 0 62 0
出:16 求:18 数:9
一番高いモンスター: 22293
スコア: 15850709
65 61 75 53 68 1 4 75 1 4 532 507 0 0 512 0 0 354 401 0 0 0 0 62 0
出:21 求:23 数:3
一番高いモンスター: 42511
スコア: 15850709
65 61 75 53 68 1 4 75 1 4 532 507 0 0 512 0 0 354 401 0 0 0 0 66 0
出:8 求:7 数:12
一番高いモンスター: 42511
スコア: 15850709
65 61 75 53 68 1 4 73 1 4 532 507 0 0 512 0 0 354 401 0 0 0 0 66 0
出:12 求:10 数:6
一番高いモンスター: 42511
スコア: 15850709
65 61 75 53 68 1 4 73 1 4 537 507 0 0 512 0 0 354 401 0 0 0 0 66 0
出:16 求:18 数:6
一番高いモンスター: 42511
スコア: 15850709
65 61 75 53 68 1 4 73 1 4 537 507 0 0 512 0 0 354 404 0 0 0 0 66 0
出:21 求:23 数:10
一番高いモンスター: 42511
スコア: 15850709
65 61 75 53 68 1 4 73 1 4 537 507 0 0 512 0 0 354 404 0 0 0 0 59 0
出:8 求:7 数:10
一番高いモンスター: 42511
スコア: 15850709
65 61 75 53 68 1 4 75 1 4 537 507 0 0 512 0 0 354 404 0 0 0 0 59 0
出:12 求:10 数:8
一番高いモンスター: 42511
スコア: 15850709
65 61 75 53 68 1 4 75 1 4 535 507 0 0 512 0 0 354 404 0 0 0 0 59 0
出:16 求:18 数:10
一番高いモンスター: 42511
スコア: 15850709
65 61 75 53 68 1 4 75 1 4 535 507 0 0 512 0 0 354 400 0 0 0 0 59 0
出:21 求:23 数:2
一番高いモンスター: 42511
スコア: 15850709
65 61 75 53 68 1 4 75 1 4 535 507 0 0 512 0 0 354 400 0 0 0 0 67 0
出:8 求:7 数:13
一番高いモンスター: 42511
スコア: 15850709
66 66 75 56 69 2 5 73 1 4 536 509 0 0 513 0 0 355 402 0 0 0 0 67 0
出:12 求:10 数:9
一番高いモンスター: 48387
スコア: 15850709
66 66 75 56 69 2 5 73 1 4 535 509 0 0 513 0 0 355 402 0 0 0 0 67 0
出:16 求:18 数:6
一番高いモンスター: 48387
スコア: 15850709
66 66 75 56 69 2 5 73 1 4 535 509 0 0 513 0 0 355 406 0 0 0 0 67 0
出:21 求:23 数:6
一番高いモンスター: 48387
スコア: 15850709
66 66 75 56 69 2 5 73 1 4 535 509 0 0 513 0 0 355 406 0 0 0 0 63 0
出:8 求:7 数:14
一番高いモンスター: 48387
スコア: 15850709
66 66 75 56 69 2 5 72 1 4 535 509 0 0 513 0 0 355 406 0 0 0 0 63 0
出:12 求:10 数:13
一番高いモンスター: 48387
スコア: 15850709
66 66 75 56 69 2 5 72 1 4 531 509 0 0 513 0 0 355 406 0 0 0 0 63 0
出:16 求:18 数:9
一番高いモンスター: 48387
スコア: 15850709
66 66 75 56 69 2 5 72 1 4 531 509 0 0 513 0 0 355 403 0 0 0 0 63 0
出:21 求:23 数:7
一番高いモンスター: 48387
スコア: 15850709
66 66 75 56 69 2 5 72 1 4 531 509 0 0 513 0 0 355 403 0 0 0 0 62 0
出:8 求:7 数:7
一番高いモンスター: 48387
スコア: 15850709
66 66 75 56 69 2 5 79 1 4 531 509 0 0 513 0 0 355 403 0 0 0 0 62 0
出:12 求:10 数:11
一番高いモンスター: 48387
スコア: 15850709
68 69 75 58 73 4 6 80 1 4 534 510 0 0 514 0 0 355 405 0 0 0 0 62 0
出:16 求:18 数:10
一番高いモンスター: 50801
召喚 ID: 385
スコア: 15899684
68 69 75 58 73 0 2 69 1 4 534 510 0 0 514 0 0 355 404 0 0 0 0 62 0
出:21 求:23 数:5
一番高いモンスター: 22293
スコア: 15899684
68 69 75 58 73 0 2 69 1 4 534 510 0 0 514 0 0 355 404 0 0 0 0 64 0
出:8 求:7 数:14
一番高いモンスター: 22293
スコア: 15899684
68 69 75 58 73 0 2 62 1 4 534 510 0 0 514 0 0 355 404 0 0 0 0 64 0
出:12 求:10 数:7
一番高いモンスター: 22293
スコア: 15899684
68 69 75 58 73 0 2 62 1 4 538 510 0 0 514 0 0 355 404 0 0 0 0 64 0
出:16 求:18 数:5
一番高いモンスター: 22293
スコア: 15899684
68 69 75 58 73 0 2 62 1 4 538 510 0 0 514 0 0 355 409 0 0 0 0 64 0
出:21 求:23 数:2
一番高いモンスター: 22293
スコア: 15899684
68 69 75 58 73 0 2 62 1 4 538 510 0 0 514 0 0 355 409 0 0 0 0 67 0
出:8 求:7 数:13
一番高いモンスター: 22293
スコア: 15899684
68 69 75 58 73 0 2 63 1 4 538 510 0 0 514 0 0 355 409 0 0 0 0 67 0
出:12 求:10 数:7
一番高いモンスター: 22293
スコア: 15899684
68 69 75 58 73 0 2 63 1 4 538 510 0 0 514 0 0 355 409 0 0 0 0 67 0
出:16 求:18 数:6
一番高いモンスター: 22293
