スコア: 75541572
5 3 8 2 3 14 95 147 0 56 299 160 2 1 341 15 7 30 35 6 5 5 8 8 6
求:13 出:14 数:5
一番高いモンスター: 8045
召喚 ID: 742
スコア: 75549502
3 1 3 3 2 15 98 149 0 56 300 162 2 1 343 15 7 31 36 6 5 5 8 8 6
求:19 出:18 数:5
一番高いモンスター: 5011
召喚 ID: 805
スコア: 75554310
1 0 1 0 0 15 98 149 0 56 300 162 2 1 343 15 7 31 36 6 5 5 8 8 6
求:20 出:22 数:5
一番高いモンスター: -1
スコア: 75554310
1 0 1 0 0 15 98 149 0 56 300 162 2 1 343 15 7 31 36 6 10 5 3 8 6
求:13 出:14 数:5
一番高いモンスター: -1
スコア: 75554310
1 0 1 0 0 15 98 149 0 56 300 162 2 1 343 15 7 31 36 6 10 5 3 8 6
求:19 出:18 数:5
一番高いモンスター: -1
スコア: 75554310
1 0 1 0 0 15 98 149 0 56 300 162 2 1 343 15 7 31 36 6 10 5 3 8 6
求:22 出:20 数:5
一番高いモンスター: -1
スコア: 75554310
1 0 1 0 0 15 98 149 0 56 300 162 2 1 343 15 7 31 36 6 5 5 3 8 6
求:13 出:14 数:5
一番高いモンスター: -1
スコア: 75554310
1 0 1 0 0 15 98 149 0 56 300 162 2 1 343 15 7 31 36 6 5 5 3 8 6
求:19 出:18 数:5
一番高いモンスター: -1
スコア: 75554310
1 0 1 0 0 15 98 149 0 56 300 162 2 1 343 15 7 31 36 6 5 5 3 8 6
求:22 出:23 数:5
一番高いモンスター: -1
スコア: 75554310
1 0 1 0 0 15 98 149 0 56 300 162 2 1 343 15 7 31 36 6 5 5 3 3 6
求:13 出:14 数:5
一番高いモンスター: -1
スコア: 75554310
1 2 1 2 3 16 99 151 0 58 301 162 2 1 346 15 7 33 37 6 5 5 3 3 6
求:19 出:18 数:5
一番高いモンスター: 3534
召喚 ID: 925
スコア: 75557712
0 1 0 1 0 16 99 151 0 58 301 162 2 1 346 15 7 33 37 6 5 5 3 3 6
求:22 出:24 数:5
一番高いモンスター: -1
スコア: 75557712
0 1 0 1 0 16 99 151 0 58 301 162 2 1 346 15 7 33 37 6 5 5 3 3 1
求:13 出:14 数:5
一番高いモンスター: -1
スコア: 75557712
0 1 0 1 0 16 99 151 0 58 301 162 2 1 346 15 7 33 37 6 5 5 3 3 1
求:19 出:18 数:5
一番高いモンスター: -1
スコア: 75557712
0 1 0 1 0 16 99 151 0 58 301 162 2 1 346 15 7 33 37 6 5 5 3 3 1
求:24 出:20 数:5
一番高いモンスター: -1
スコア: 75557712
0 1 0 1 0 16 99 151 0 58 301 162 2 1 346 15 7 33 37 6 0 5 3 3 1
求:13 出:14 数:5
一番高いモンスター: -1
スコア: 75557712
0 1 0 1 0 16 99 151 0 58 301 162 2 1 346 15 7 33 37 6 0 5 3 3 6
求:19 出:18 数:5
一番高いモンスター: -1
スコア: 75557712
0 1 0 1 0 16 99 151 0 58 301 162 2 1 346 15 7 33 37 11 0 5 3 3 6
求:20 出:24 数:5
一番高いモンスター: -1
スコア: 75557712
0 1 0 1 0 16 99 151 0 58 301 162 2 1 346 15 7 33 37 11 0 5 8 3 1
求:13 出:14 数:5
一番高いモンスター: -1
スコア: 75557712
0 1 0 1 0 16 99 151 0 58 301 162 2 1 346 15 7 33 37 11 0 5 8 3 1
求:16 出:18 数:5
一番高いモンスター: -1
スコア: 75557712
2 2 2 1 3 16 102 153 0 59 301 162 2 1 348 15 7 36 38 11 0 5 8 3 1
求:20 出:22 数:5
一番高いモンスター: 5006
召喚 ID: 923
スコア: 75562521
0 0 0 0 0 16 102 153 0 59 301 162 2 1 348 15 7 36 38 11 5 5 3 3 1
求:13 出:14 数:5
一番高いモンスター: -1
スコア: 75562521
0 0 0 0 0 16 102 153 0 59 301 162 2 1 348 15 7 36 38 11 5 5 3 3 1
求:16 出:18 数:5
一番高いモンスター: -1
スコア: 75562521
0 0 0 0 0 16 102 153 0 59 301 162 2 1 348 15 7 36 38 11 5 5 3 3 1
求:24 出:20 数:5
