スコア: 77374027
24 20 19 24 23 26 117 153 0 68 310 170 2 1 359 15 7 43 47 11 2 0 0 2 2
求:21 出:20 数:1
一番高いモンスター: 129751
スコア: 77374027
24 20 19 24 23 26 117 153 0 68 310 170 2 1 359 15 7 43 47 11 6 0 0 2 2
求:8 出:7 数:5
一番高いモンスター: 129751
スコア: 77374027
24 20 19 24 23 26 117 153 0 68 310 170 2 1 359 15 7 43 47 11 6 0 0 2 2
求:13 出:14 数:5
一番高いモンスター: 129751
スコア: 77374027
24 22 21 27 24 27 119 154 0 71 310 170 2 1 362 15 7 44 47 11 6 0 0 3 2
求:16 出:18 数:5
一番高いモンスター: 129751
スコア: 77374027
24 22 21 27 24 27 119 154 0 71 310 170 2 1 362 15 7 44 47 11 6 0 0 3 2
求:21 出:20 数:1
一番高いモンスター: 129751
スコア: 77374027
24 22 21 27 24 27 119 154 0 71 310 170 2 1 362 15 7 44 47 11 6 0 0 3 2
求:8 出:7 数:5
一番高いモンスター: 129751
スコア: 77374027
24 22 21 27 24 27 119 154 0 71 310 170 2 1 362 15 7 44 47 11 6 0 0 3 2
求:13 出:14 数:5
一番高いモンスター: 129751
スコア: 77374027
24 22 21 27 24 27 119 154 0 71 310 170 2 1 362 15 7 44 47 11 6 0 0 3 2
求:16 出:18 数:5
一番高いモンスター: 129751
スコア: 77374027
24 22 21 27 24 27 119 154 0 71 310 170 2 1 362 15 7 44 47 11 6 0 0 3 2
求:21 出:20 数:1
一番高いモンスター: 129751
スコア: 77374027
24 22 21 27 24 27 119 154 0 71 310 170 2 1 362 15 7 44 47 11 6 0 0 3 2
求:8 出:7 数:5
一番高いモンスター: 129751
スコア: 77374027
24 22 21 27 24 27 119 154 0 71 310 170 2 1 362 15 7 44 47 11 6 0 0 3 2
求:13 出:14 数:5
一番高いモンスター: 129751
スコア: 77374027
24 22 21 27 24 27 119 154 0 71 310 170 2 1 362 15 7 44 47 11 6 0 0 3 2
求:16 出:18 数:5
一番高いモンスター: 129751
スコア: 77374027
28 25 22 29 26 27 122 154 0 73 310 171 2 1 362 15 7 44 48 11 6 0 0 4 2
求:21 出:20 数:1
一番高いモンスター: 129751
スコア: 77374027
28 25 22 29 26 27 122 154 0 73 310 171 2 1 362 15 7 44 48 11 6 0 0 4 2
求:8 出:7 数:5
一番高いモンスター: 129751
スコア: 77374027
28 25 22 29 26 27 122 154 0 73 310 171 2 1 362 15 7 44 48 11 6 0 0 4 2
求:13 出:14 数:5
一番高いモンスター: 129751
スコア: 77374027
28 25 22 29 26 27 122 154 0 73 310 171 2 1 362 15 7 44 48 11 6 0 0 4 2
求:16 出:18 数:5
一番高いモンスター: 129751
スコア: 77374027
28 25 22 29 26 27 122 154 0 73 310 171 2 1 362 15 7 44 48 11 6 0 0 4 2
求:21 出:20 数:1
一番高いモンスター: 129751
スコア: 77374027
28 25 22 29 26 27 122 154 0 73 310 171 2 1 362 15 7 44 48 11 6 0 0 4 2
求:8 出:7 数:5
一番高いモンスター: 129751
スコア: 77374027
28 25 22 29 26 27 122 154 0 73 310 171 2 1 362 15 7 44 48 11 6 0 0 4 2
求:13 出:14 数:5
一番高いモンスター: 129751
スコア: 77374027
28 25 22 29 26 27 122 154 0 73 310 171 2 1 362 15 7 44 48 11 6 0 0 4 2
求:16 出:18 数:5
一番高いモンスター: 129751
スコア: 77374027
28 25 22 29 26 27 122 154 0 73 310 171 2 1 362 15 7 44 48 11 6 0 0 4 2
求:21 出:20 数:1
一番高いモンスター: 129751
スコア: 77374027
28 27 25 29 28 27 123 156 0 76 310 173 2 1 364 15 7 45 48 11 6 0 0 6 2
求:8 出:7 数:5
一番高いモンスター: 129751
スコア: 77374027
28 27 25 29 28 27 123 156 0 76 310 173 2 1 364 15 7 45 48 11 6 0 0 6 2
求:13 出:14 数:5
一番高いモンスター: 129751
スコア: 77374027
28 27 25 29 28 27 123 156 0 76 310 173 2 1 364 15 7 45 48 11 6 0 0 6 2
求:16 出:18 数:5
一番高いモンスター: 129751
スコア: 77374027
28 27 25 29 28 27 123 156 0 76 310 173 2 1 364 15 7 45 48 11 6 0 0 6 2
求:21 出:20 数:1
一番高いモンスター: 129751
スコア: 77374027
28 27 25 29 28 27 123 156 0 76 310 173 2 1 364 15 7 45 48 11 6 0 0 6 2
求:8 出:7 数:5
一番高いモンスター: 129751
スコア: 77374027
28 27 25 29 28 27 123 156 0 76 310 173 2 1 364 15 7 45 48 11 6 0 0 6 2
求:13 出:14 数:5
一番高いモンスター: 129751
スコア: 77374027
28 27 25 29 28 27 123 156 0 76 310 173 2 1 364 15 7 45 48 11 6 0 0 6 2
求:16 出:18 数:5
一番高いモンスター: 129751
スコア: 77374027
28 27 25 29 28 27 123 156 0 76 310 173 2 1 364 15 7 45 48 11 6 0 0 6 2
求:21 出:20 数:1
一番高いモンスター: 129751
スコア: 77374027
28 27 25 29 28 27 123 156 0 76 310 173 2 1 364 15 7 45 48 11 6 0 0 6 2
求:8 出:7 数:5
一番高いモンスター: 129751
スコア: 77374027
28 27 25 29 28 27 123 156 0 76 310 173 2 1 364 15 7 45 48 11 6 0 0 6 2
求:13 出:14 数:5
一番高いモンスター: 129751
スコア: 77374027
29 28 29 31 29 31 123 157 0 76 311 175 2 1 365 15 7 45 49 11 6 0 0 7 2
求:16 出:18 数:5
一番高いモンスター: 129751
スコア: 77374027
29 28 29 31 29 31 123 157 0 76 311 175 2 1 365 15 7 45 49 11 6 0 0 7 2
求:21 出:23 数:1
一番高いモンスター: 129751
スコア: 77374027
29 28 29 31 29 31 123 157 0 76 311 175 2 1 365 15 7 45 49 11 6 0 0 6 2
求:8 出:7 数:5
一番高いモンスター: 129751
スコア: 77374027
29 28 29 31 29 31 123 157 0 76 311 175 2 1 365 15 7 45 49 11 6 0 0 6 2
求:13 出:14 数:5
一番高いモンスター: 129751
スコア: 77374027
29 28 29 31 29 31 123 157 0 76 311 175 2 1 365 15 7 45 49 11 6 0 0 6 2
求:16 出:18 数:5
一番高いモンスター: 129751
スコア: 77374027
29 28 29 31 29 31 123 157 0 76 311 175 2 1 365 15 7 45 49 11 6 0 0 6 2
求:21 出:20 数:1
一番高いモンスター: 129751
スコア: 77374027
29 28 29 31 29 31 123 157 0 76 311 175 2 1 365 15 7 45 49 11 6 0 0 6 2
求:8 出:7 数:5
一番高いモンスター: 129751
スコア: 77374027
29 28 29 31 29 31 123 157 0 76 311 175 2 1 365 15 7 45 49 11 6 0 0 6 2
求:13 出:14 数:5
一番高いモンスター: 129751
スコア: 77374027
29 28 29 31 29 31 123 157 0 76 311 175 2 1 365 15 7 45 49 11 6 0 0 6 2
求:16 出:18 数:5
一番高いモンスター: 129751
スコア: 77374027
29 30 31 33 32 34 125 160 0 77 311 176 2 1 365 15 7 45 50 11 6 0 0 6 2
求:21 出:20 数:1
一番高いモンスター: 129751
スコア: 77374027
29 30 31 33 32 34 125 160 0 77 311 176 2 1 365 15 7 45 50 11 6 0 0 6 2
求:8 出:7 数:5
一番高いモンスター: 129751
スコア: 77374027
29 30 31 33 32 34 125 160 0 77 311 176 2 1 365 15 7 45 50 11 6 0 0 6 2
求:13 出:14 数:5
一番高いモンスター: 129751
スコア: 77374027
29 30 31 33 32 34 125 160 0 77 311 176 2 1 365 15 7 45 50 11 6 0 0 6 2
求:16 出:18 数:5
一番高いモンスター: 129751
スコア: 77374027
29 30 31 33 32 34 125 160 0 77 311 176 2 1 365 15 7 45 50 11 6 0 0 6 2
求:21 出:20 数:1
一番高いモンスター: 129751
スコア: 77374027
29 30 31 33 32 34 125 160 0 77 311 176 2 1 365 15 7 45 50 11 7 0 0 6 2
求:8 出:7 数:5
一番高いモンスター: 129751
スコア: 77374027
29 30 31 33 32 34 125 160 0 77 311 176 2 1 365 15 7 45 50 11 7 0 0 6 2
求:13 出:14 数:5
一番高いモンスター: 129751
スコア: 77374027
29 30 31 33 32 34 125 160 0 77 311 176 2 1 365 15 7 45 50 11 7 0 0 6 2
求:16 出:18 数:5
一番高いモンスター: 129751
スコア: 77374027
29 30 31 33 32 34 125 160 0 77 311 176 2 1 365 15 7 45 50 11 7 0 0 6 2
求:21 出:20 数:1
一番高いモンスター: 129751
スコア: 77374027
31 32 32 36 34 34 126 162 0 77 312 179 2 1 365 15 7 46 51 11 7 0 0 7 2
求:8 出:7 数:5
一番高いモンスター: 129751
スコア: 77374027
31 32 32 36 34 34 126 162 0 77 312 179 2 1 365 15 7 46 51 11 7 0 0 7 2
求:13 出:14 数:5
一番高いモンスター: 129751
スコア: 77374027
31 32 32 36 34 34 126 162 0 77 312 179 2 1 365 15 7 46 51 11 7 0 5 7 2
求:16 出:18 数:5
一番高いモンスター: 129751
スコア: 77374027
31 32 32 36 34 34 126 162 0 77 312 179 2 1 365 15 7 46 51 11 7 0 5 7 2
求:21 出:20 数:1
一番高いモンスター: 129751
スコア: 77374027
31 32 32 36 34 34 126 162 0 77 312 179 2 1 365 15 7 46 51 11 7 0 5 7 2
求:8 出:7 数:5
一番高いモンスター: 129751
スコア: 77374027
31 32 32 36 34 34 126 162 0 77 312 179 2 1 365 15 7 46 51 11 7 0 5 7 2
求:13 出:14 数:5
一番高いモンスター: 129751
スコア: 77374027
31 32 32 36 34 34 126 162 0 77 312 179 2 1 365 15 7 46 51 11 7 0 5 7 2
求:16 出:18 数:5
一番高いモンスター: 129751
スコア: 77374027
31 32 32 36 34 34 126 162 0 77 312 179 2 1 365 15 7 46 51 11 7 0 5 7 2
求:21 出:20 数:1
一番高いモンスター: 129751
スコア: 77374027
31 32 32 36 34 34 126 162 0 77 312 179 2 1 365 15 7 46 51 11 7 0 5 7 2
求:8 出:7 数:5
一番高いモンスター: 129751
スコア: 77374027
31 32 32 36 34 34 126 162 0 77 312 179 2 1 365 15 7 46 51 11 7 0 5 7 2
求:13 出:14 数:5
一番高いモンスター: 129751
スコア: 77374027
36 35 37 36 34 35 127 164 0 77 313 179 2 1 366 15 7 47 51 11 7 0 5 7 2
求:16 出:18 数:5
一番高いモンスター: 129751
スコア: 77374027
36 35 37 36 34 35 127 164 0 77 313 179 2 1 366 15 7 47 51 11 7 0 5 7 2
求:21 出:20 数:1
一番高いモンスター: 129751
スコア: 77374027
36 35 37 36 34 35 127 164 0 77 313 179 2 1 366 15 7 47 51 11 7 0 5 7 2
求:8 出:7 数:5
一番高いモンスター: 129751
スコア: 77374027
36 35 37 36 34 35 127 164 0 77 313 179 2 1 366 15 7 47 51 11 7 0 5 7 2
求:13 出:14 数:5
一番高いモンスター: 129751
スコア: 77374027
36 35 37 36 34 35 127 164 0 77 313 179 2 1 366 15 7 47 51 11 7 0 5 7 2
求:16 出:18 数:5
一番高いモンスター: 129751
スコア: 77374027
36 35 37 36 34 35 127 164 0 77 313 179 2 1 366 15 7 47 51 11 7 0 5 7 2
求:21 出:20 数:1
一番高いモンスター: 129751
スコア: 77374027
36 35 37 36 34 35 127 164 0 77 313 179 2 1 366 15 7 47 51 11 7 0 5 7 2
求:8 出:7 数:5
一番高いモンスター: 129751
スコア: 77374027
36 35 37 36 34 35 127 164 0 77 313 179 2 1 366 15 7 47 51 11 7 0 5 7 2
求:13 出:14 数:5
一番高いモンスター: 129751
スコア: 77374027
36 35 37 36 34 35 127 164 0 77 313 179 2 1 366 15 7 47 51 11 7 0 5 7 2
求:16 出:18 数:5
一番高いモンスター: 129751
