スコア: 17177106
2 3 5 3 2 61 61 57 0 54 642 597 0 0 581 0 0 422 478 0 0 2 9 114 0
求:15 出:23 数:4
一番高いモンスター: 6560
召喚 ID: 749
スコア: 17183487
0 1 1 0 0 61 61 57 0 54 642 597 0 0 581 4 0 422 478 0 0 2 9 110 0
求:16 出:23 数:4
一番高いモンスター: -1
スコア: 17183487
0 1 1 0 0 61 61 57 0 54 642 597 0 0 581 4 4 422 478 0 0 2 9 106 0
求:19 出:23 数:4
一番高いモンスター: -1
スコア: 17183487
0 1 1 0 0 61 61 57 0 54 642 597 0 0 581 4 4 422 478 4 0 2 9 102 0
求:15 出:23 数:4
一番高いモンスター: -1
スコア: 17183487
0 1 1 0 0 61 61 57 0 54 642 597 0 0 581 8 4 422 478 4 0 2 9 98 0
求:16 出:23 数:4
一番高いモンスター: -1
スコア: 17183487
0 1 1 0 0 61 61 57 0 54 642 597 0 0 581 8 8 422 478 4 0 2 9 94 0
求:19 出:23 数:4
一番高いモンスター: -1
スコア: 17183487
0 1 1 0 0 61 61 57 0 54 642 597 0 0 581 8 8 422 478 8 0 2 9 90 0
求:15 出:23 数:4
一番高いモンスター: -1
スコア: 17183487
2 4 3 2 1 62 63 59 0 54 643 598 0 0 582 12 8 423 478 8 0 2 9 87 0
求:16 出:23 数:4
一番高いモンスター: 5026
召喚 ID: 619
スコア: 17188420
1 0 0 1 0 62 63 59 0 54 643 598 0 0 582 12 8 423 478 8 0 2 9 83 0
求:16 出:23 数:4
一番高いモンスター: -1
スコア: 17188420
1 0 0 1 0 62 63 59 0 54 643 598 0 0 582 12 8 423 478 8 0 2 9 83 0
求:16 出:23 数:4
一番高いモンスター: -1
スコア: 17188420
1 0 0 1 0 62 63 59 0 54 643 598 0 0 582 12 8 423 478 8 0 2 9 83 0
求:16 出:23 数:4
一番高いモンスター: -1
スコア: 17188420
1 0 0 1 0 62 63 59 0 54 643 598 0 0 582 12 12 423 478 8 0 2 9 83 0
求:19 出:23 数:4
一番高いモンスター: -1
スコア: 17188420
1 0 0 1 0 62 63 59 0 54 643 598 0 0 582 12 12 423 478 12 0 2 9 79 0
求:15 出:23 数:4
一番高いモンスター: -1
スコア: 17188420
1 0 0 1 0 62 63 59 0 54 643 598 0 0 582 16 12 423 478 12 0 2 9 75 0
求:16 出:23 数:4
一番高いモンスター: -1
スコア: 17188420
1 0 0 1 0 62 63 59 0 54 643 598 0 0 582 16 12 423 478 12 0 2 9 71 0
求:16 出:23 数:4
一番高いモンスター: -1
スコア: 17188420
1 0 0 1 0 62 63 59 0 54 643 598 0 0 582 16 12 423 478 12 0 2 9 71 0
求:16 出:23 数:4
一番高いモンスター: -1
スコア: 17188420
3 2 1 3 3 64 65 60 0 54 643 598 0 0 585 16 12 424 479 12 0 2 9 71 0
求:16 出:23 数:4
一番高いモンスター: 4000
召喚 ID: 557
スコア: 17192344
0 2 0 1 1 64 65 60 0 54 643 598 0 0 585 16 12 424 479 12 0 2 9 71 0
求:16 出:23 数:4
一番高いモンスター: -1
スコア: 17192344
0 2 0 1 1 64 65 60 0 54 643 598 0 0 585 16 12 424 479 12 0 2 9 71 0
求:16 出:23 数:4
一番高いモンスター: -1
スコア: 17192344
0 2 0 1 1 64 65 60 0 54 643 598 0 0 585 16 14 424 479 12 0 2 9 71 0
求:19 出:23 数:4
一番高いモンスター: -1
スコア: 17192344
0 2 0 1 1 64 65 60 0 54 643 598 0 0 585 16 14 424 479 16 0 2 9 67 0
求:16 出:23 数:4
一番高いモンスター: -1
スコア: 17192344
0 2 0 1 1 64 65 60 0 54 643 598 0 0 585 16 14 424 479 16 0 2 9 65 0
求:16 出:23 数:4
一番高いモンスター: -1
スコア: 17192344
0 2 0 1 1 64 65 60 0 54 643 598 0 0 585 16 14 424 479 16 0 2 9 65 0
求:16 出:23 数:4
一番高いモンスター: -1
スコア: 17192344
0 2 0 1 1 64 65 60 0 54 643 598 0 0 585 16 14 424 479 16 0 2 9 65 0
求:16 出:23 数:4
一番高いモンスター: -1
スコア: 17192344
0 2 0 1 1 64 65 60 0 54 643 598 0 0 585 16 14 424 479 16 0 2 9 65 0
求:16 出:23 数:4
一番高いモンスター: -1
スコア: 17192344
0 2 0 1 1 64 65 60 0 54 643 598 0 0 585 16 14 424 479 16 0 2 9 65 0
求:16 出:23 数:4
一番高いモンスター: -1
スコア: 17192344
2 5 4 2 5 65 65 61 0 57 643 598 0 0 585 16 14 425 479 16 0 2 9 65 0
求:16 出:23 数:4
一番高いモンスター: 6509
召喚 ID: 640
スコア: 17198783
1 0 0 1 3 65 65 61 0 57 643 598 0 0 585 16 14 425 479 16 0 2 9 65 0
求:16 出:23 数:4
一番高いモンスター: -1
スコア: 17198783
1 0 0 1 3 65 65 61 0 57 643 598 0 0 585 16 14 425 479 16 0 2 9 65 0
求:16 出:23 数:4
一番高いモンスター: -1
スコア: 17198783
1 0 0 1 3 65 65 61 0 57 643 598 0 0 585 16 14 425 479 16 0 2 9 65 0
求:16 出:23 数:4
一番高いモンスター: -1
スコア: 17198783
1 0 0 1 3 65 65 61 0 57 643 598 0 0 585 16 14 425 479 16 0 2 9 65 0
求:16 出:23 数:4
一番高いモンスター: -1
スコア: 17198783
1 0 0 1 3 65 65 61 0 57 643 598 0 0 585 16 14 425 479 16 0 2 9 65 0
求:16 出:23 数:4
一番高いモンスター: -1
スコア: 17198783
1 0 0 1 3 65 65 61 0 57 643 598 0 0 585 16 14 425 479 16 0 2 9 65 0
求:16 出:23 数:4
一番高いモンスター: -1
スコア: 17198783
1 0 0 1 3 65 65 61 0 57 643 598 0 0 585 16 14 425 479 16 0 2 9 65 0
求:16 出:23 数:4
一番高いモンスター: -1
スコア: 17198783
1 0 0 1 3 65 65 61 0 57 643 598 0 0 585 16 14 425 479 16 0 2 9 65 0
求:16 出:23 数:4
一番高いモンスター: -1
スコア: 17198783
2 2 3 3 4 65 68 63 0 57 645 598 0 0 586 16 14 427 480 16 0 2 9 65 0
求:16 出:23 数:4
一番高いモンスター: 5011
召喚 ID: 805
スコア: 17203671
0 1 1 0 2 65 68 63 0 57 645 598 0 0 586 16 18 427 480 16 0 2 9 65 0
求:15 出:23 数:4
一番高いモンスター: -1
スコア: 17203671
0 1 1 0 2 65 68 63 0 57 645 598 0 0 586 20 18 427 480 16 0 2 9 61 0
求:19 出:23 数:4
一番高いモンスター: -1
スコア: 17203671
0 1 1 0 2 65 68 63 0 57 645 598 0 0 586 20 18 427 480 20 0 2 9 57 0
求:16 出:23 数:4
一番高いモンスター: -1
スコア: 17203671
0 1 1 0 2 65 68 63 0 57 645 598 0 0 586 20 18 427 480 20 0 2 9 53 0
求:16 出:23 数:4
一番高いモンスター: -1
スコア: 17203671
0 1 1 0 2 65 68 63 0 57 645 598 0 0 586 20 18 427 480 20 0 2 9 53 0
求:16 出:23 数:4
一番高いモンスター: -1
スコア: 17203671
0 1 1 0 2 65 68 63 0 57 645 598 0 0 586 20 18 427 480 20 0 2 9 53 0
求:16 出:23 数:4
一番高いモンスター: -1
スコア: 17203671
0 1 1 0 2 65 68 63 0 57 645 598 0 0 586 20 18 427 480 20 0 2 9 53 0
求:16 出:23 数:4
一番高いモンスター: -1
スコア: 17203671
0 1 1 0 2 65 68 63 0 57 645 598 0 0 586 20 18 427 480 20 0 2 9 53 0
求:16 出:23 数:4
一番高いモンスター: -1
スコア: 17203671
5 3 3 2 4 65 69 63 0 59 645 598 0 0 586 20 18 428 482 20 0 2 9 54 0
求:16 出:23 数:4
一番高いモンスター: 6500
召喚 ID: 554
スコア: 17209962
0 1 1 0 2 65 69 63 0 59 645 598 0 0 586 20 18 428 482 20 0 2 9 54 0
求:16 出:23 数:4
一番高いモンスター: -1
スコア: 17209962
0 1 1 0 2 65 69 63 0 59 645 598 0 0 586 20 18 428 482 20 0 2 9 54 0
求:16 出:23 数:4
一番高いモンスター: -1
スコア: 17209962
0 1 1 0 2 65 69 63 0 59 645 598 0 0 586 20 18 428 482 20 0 2 9 54 0
求:16 出:23 数:4
一番高いモンスター: -1
スコア: 17209962
0 1 1 0 2 65 69 63 0 59 645 598 0 0 586 20 18 428 482 20 0 2 9 54 0
求:16 出:23 数:4
一番高いモンスター: -1
スコア: 17209962
0 1 1 0 2 65 69 63 0 59 645 598 0 0 586 20 18 428 482 20 0 2 9 54 0
求:16 出:23 数:4
一番高いモンスター: -1
スコア: 17209962
0 1 1 0 2 65 69 63 0 59 645 598 0 0 586 20 18 428 482 20 0 2 9 54 0
求:16 出:23 数:4
一番高いモンスター: -1
スコア: 17209962
0 1 1 0 2 65 69 63 0 59 645 598 0 0 586 20 18 428 482 20 0 2 9 54 0
求:16 出:23 数:4
一番高いモンスター: -1
スコア: 17209962
0 1 1 0 2 65 69 63 0 59 645 598 0 0 586 20 18 428 482 20 0 2 9 54 0
求:16 出:23 数:4
一番高いモンスター: -1
スコア: 17209962
1 1 3 2 6 65 69 65 0 59 647 599 0 0 591 20 18 428 483 20 0 2 9 54 0
求:16 出:23 数:4
一番高いモンスター: 5506
召喚 ID: 912
スコア: 17215419
0 0 1 1 0 65 69 65 0 59 647 599 0 0 591 20 18 428 483 20 0 2 9 54 0
求:16 出:23 数:4
一番高いモンスター: -1
スコア: 17215419
0 0 1 1 0 65 69 65 0 59 647 599 0 0 591 20 18 428 483 20 0 2 9 54 0
求:16 出:23 数:4
一番高いモンスター: -1
スコア: 17215419
0 0 1 1 0 65 69 65 0 59 647 599 0 0 591 20 18 428 483 20 0 2 9 54 0
求:16 出:23 数:4
一番高いモンスター: -1
スコア: 17215419
0 0 1 1 0 65 69 65 0 59 647 599 0 0 591 20 22 428 483 20 0 2 9 54 0
求:15 出:23 数:4
一番高いモンスター: -1
スコア: 17215419
0 0 1 1 0 65 69 65 0 59 647 599 0 0 591 24 22 428 483 20 0 2 9 50 0
求:19 出:23 数:4
一番高いモンスター: -1
スコア: 17215419
0 0 1 1 0 65 69 65 0 59 647 599 0 0 591 24 22 428 483 24 0 2 9 46 0
求:16 出:23 数:4
一番高いモンスター: -1
スコア: 17215419
0 0 1 1 0 65 69 65 0 59 647 599 0 0 591 24 26 428 483 24 0 2 9 42 0
求:15 出:23 数:4
一番高いモンスター: -1
スコア: 17215419
0 0 1 1 0 65 69 65 0 59 647 599 0 0 591 28 26 428 483 24 0 2 9 38 0
求:19 出:23 数:4
一番高いモンスター: -1
スコア: 17215419
4 2 1 3 2 68 69 66 0 59 648 601 0 0 592 28 26 428 484 28 0 2 9 35 0
求:16 出:23 数:4
一番高いモンスター: 5545
召喚 ID: 541
スコア: 17220863
0 0 0 0 1 68 69 66 0 59 648 601 0 0 592 28 30 428 484 28 0 2 9 31 0
一番高いモンスター: -1
スコア: 17220863
0 0 0 0 1 68 69 66 0 59 648 601 0 0 592 28 30 428 484 28 0 2 9 31 0
一番高いモンスター: -1
スコア: 17220863
0 0 0 0 1 68 69 66 0 59 648 601 0 0 592 28 30 428 484 28 0 2 9 31 0
一番高いモンスター: -1
スコア: 17220863
0 0 0 0 1 68 69 66 0 59 648 601 0 0 592 28 30 428 484 28 0 2 9 31 0
一番高いモンスター: -1
スコア: 17220863
0 0 0 0 1 68 69 66 0 59 648 601 0 0 592 28 30 428 484 28 0 2 9 31 0
一番高いモンスター: -1
スコア: 17220863
0 0 0 0 1 68 69 66 0 59 648 601 0 0 592 28 30 428 484 28 0 2 9 31 0
一番高いモンスター: -1
スコア: 17220863
0 0 0 0 1 68 69 66 0 59 648 601 0 0 592 28 30 428 484 28 0 2 9 31 0
一番高いモンスター: -1
スコア: 17220863
0 0 0 0 1 68 69 66 0 59 648 601 0 0 592 28 30 428 484 28 0 2 9 31 0
一番高いモンスター: -1
スコア: 17220863
0 0 0 0 1 68 69 66 0 59 648 601 0 0 592 28 30 428 484 28 0 2 9 31 0
一番高いモンスター: -1
スコア: 17220863
0 1 3 1 3 70 72 69 0 60 649 602 0 0 593 28 30 428 484 28 0 2 9 32 0
一番高いモンスター: 2518
召喚 ID: 945
スコア: 17223325
0 1 1 1 0 70 72 69 0 60 649 602 0 0 593 28 30 428 484 28 0 2 9 32 0
一番高いモンスター: -1
スコア: 17223325
0 1 1 1 0 70 72 69 0 60 649 602 0 0 593 28 30 428 484 28 0 2 9 32 0
一番高いモンスター: -1
スコア: 17223325
0 1 1 1 0 70 72 69 0 60 649 602 0 0 593 28 30 428 484 28 0 2 9 32 0
一番高いモンスター: -1
スコア: 17223325
0 1 1 1 0 70 72 69 0 60 649 602 0 0 593 28 30 428 484 28 0 2 9 32 0
一番高いモンスター: -1
スコア: 17223325
0 1 1 1 0 70 72 69 0 60 649 602 0 0 593 28 30 428 484 28 0 2 9 32 0
一番高いモンスター: -1
スコア: 17223325
0 1 1 1 0 70 72 69 0 60 649 602 0 0 593 28 30 428 484 28 0 2 9 32 0
一番高いモンスター: -1
スコア: 17223325
0 1 1 1 0 70 72 69 0 60 649 602 0 0 593 28 30 428 484 28 0 2 9 32 0
一番高いモンスター: -1
スコア: 17223325
0 1 1 1 0 70 72 69 0 60 649 602 0 0 593 28 30 428 484 28 0 2 9 32 0
一番高いモンスター: -1
スコア: 17223325
0 4 1 4 5 73 74 69 0 62 649 603 0 0 593 28 30 428 484 28 0 2 9 33 0
一番高いモンスター: 4505
召喚 ID: 944
スコア: 17227786
0 3 1 1 0 73 74 69 0 62 649 603 0 0 593 28 30 428 484 28 0 2 9 33 0
一番高いモンスター: -1
スコア: 17227786
0 3 1 1 0 73 74 69 0 62 649 603 0 0 593 28 30 428 484 28 0 2 9 33 0
一番高いモンスター: -1
スコア: 17227786
0 3 1 1 0 73 74 69 0 62 649 603 0 0 593 28 30 428 484 28 0 2 9 33 0
一番高いモンスター: -1
スコア: 17227786
0 3 1 1 0 73 74 69 0 62 649 603 0 0 593 28 30 428 484 28 0 2 9 33 0
一番高いモンスター: -1
スコア: 17227786
0 3 1 1 0 73 74 69 0 62 649 603 0 0 593 28 30 428 484 28 0 2 9 33 0
一番高いモンスター: -1
スコア: 17227786
0 3 1 1 0 73 74 69 0 62 649 603 0 0 593 28 30 428 484 28 0 2 9 33 0
一番高いモンスター: -1
スコア: 17227786
0 3 1 1 0 73 74 69 0 62 649 603 0 0 593 28 30 428 484 28 0 2 9 33 0
一番高いモンスター: -1
スコア: 17227786
0 3 1 1 0 73 74 69 0 62 649 603 0 0 593 28 30 428 484 28 0 2 9 33 0
一番高いモンスター: -1
スコア: 17227786
2 7 1 5 1 74 74 71 0 62 650 604 0 0 595 28 30 428 486 28 0 2 9 33 0
一番高いモンスター: 5047
召喚 ID: 641
スコア: 17232755
2 2 0 1 1 74 74 71 0 62 650 604 0 0 595 28 30 428 486 28 0 2 9 33 0
一番高いモンスター: 2501
召喚 ID: 654
スコア: 17235140
1 0 0 0 0 74 74 71 0 62 650 604 0 0 595 28 30 428 486 28 0 2 9 33 0
一番高いモンスター: -1
スコア: 17235140
1 0 0 0 0 74 74 71 0 62 650 604 0 0 595 28 30 428 486 28 0 2 9 33 0
一番高いモンスター: -1
スコア: 17235140
1 0 0 0 0 74 74 71 0 62 650 604 0 0 595 28 30 428 486 28 0 2 9 33 0
一番高いモンスター: -1
スコア: 17235140
1 0 0 0 0 74 74 71 0 62 650 604 0 0 595 28 30 428 486 28 0 2 9 33 0
一番高いモンスター: -1
スコア: 17235140
1 0 0 0 0 74 74 71 0 62 650 604 0 0 595 28 30 428 486 28 0 2 9 33 0
一番高いモンスター: -1
スコア: 17235140
1 0 0 0 0 74 74 71 0 62 650 604 0 0 595 28 30 428 486 28 0 2 9 33 0
一番高いモンスター: -1
スコア: 17235140
1 0 0 0 0 74 74 71 0 62 650 604 0 0 595 28 30 428 486 28 0 2 9 33 0
一番高いモンスター: -1
スコア: 17235140
1 0 0 0 0 74 74 71 0 62 650 604 0 0 595 28 30 428 486 28 0 2 9 33 0
一番高いモンスター: -1
スコア: 17235140
2 2 2 2 5 76 75 72 0 63 651 604 0 0 596 28 30 429 486 28 0 2 9 33 0
一番高いモンスター: 5528
召喚 ID: 955
スコア: 17240594
1 0 1 0 0 76 75 72 0 63 651 604 0 0 596 28 30 429 486 28 0 2 9 33 0
一番高いモンスター: -1
スコア: 17240594
1 0 1 0 0 76 75 72 0 63 651 604 0 0 596 28 30 429 486 28 0 2 9 33 0
一番高いモンスター: -1
スコア: 17240594
1 0 1 0 0 76 75 72 0 63 651 604 0 0 596 28 30 429 486 28 0 2 9 33 0
一番高いモンスター: -1
スコア: 17240594
1 0 1 0 0 76 75 72 0 63 651 604 0 0 596 28 30 429 486 28 0 2 9 33 0
一番高いモンスター: -1
スコア: 17240594
1 0 1 0 0 76 75 72 0 63 651 604 0 0 596 28 30 429 486 28 0 2 9 33 0
一番高いモンスター: -1
スコア: 17240594
1 0 1 0 0 76 75 72 0 63 651 604 0 0 596 28 30 429 486 28 0 2 9 33 0
一番高いモンスター: -1
