スコア: 6562431
631 402 607 631 82 44 104 45 0 46 338 308 0 0 292 0 0 206 261 0 0 0 0 26 0
一番高いモンスター: 10098
召喚 ID: 953
スコア: 6571763
632 397 609 630 73 44 105 46 0 47 338 311 0 0 294 0 0 208 262 0 0 0 0 27 0
一番高いモンスター: 10098
召喚 ID: 953
スコア: 6581092
631 391 608 629 62 44 105 46 0 47 338 311 0 0 294 0 0 208 262 0 0 0 0 27 0
一番高いモンスター: 10098
召喚 ID: 953
スコア: 6590418
633 387 610 632 54 44 106 48 0 47 338 312 0 0 294 0 0 208 262 0 0 0 0 28 0
一番高いモンスター: 10098
召喚 ID: 953
スコア: 6599741
632 381 609 631 43 44 106 48 0 47 338 312 0 0 294 0 0 208 262 0 0 0 0 28 0
一番高いモンスター: 10098
召喚 ID: 953
スコア: 6609062
636 378 609 633 36 46 107 48 0 47 338 312 0 0 294 0 0 208 263 0 0 0 0 28 0
一番高いモンスター: 10098
召喚 ID: 953
スコア: 6618380
635 372 608 632 25 46 107 48 0 47 338 312 0 0 294 0 0 208 263 0 0 0 0 28 0
一番高いモンスター: 10098
召喚 ID: 953
スコア: 6627695
636 369 609 633 17 46 108 48 0 48 338 313 0 0 297 0 0 208 264 0 0 0 0 29 0
一番高いモンスター: 10098
召喚 ID: 953
スコア: 6637007
635 363 608 632 6 46 108 48 0 48 338 313 0 0 297 0 0 208 264 0 0 0 0 29 0
一番高いモンスター: 10094
召喚 ID: 547
スコア: 6646879
618 363 609 632 8 46 108 53 0 52 338 314 0 0 298 0 0 210 265 0 0 0 0 29 0
一番高いモンスター: 10094
召喚 ID: 547
スコア: 6656748
601 361 609 632 7 46 108 53 0 52 338 314 0 0 298 0 0 210 265 0 0 0 0 29 0
一番高いモンスター: 10094
召喚 ID: 547
スコア: 6666614
586 359 610 637 8 46 109 54 0 53 338 314 0 0 302 0 0 211 266 0 0 0 0 30 0
一番高いモンスター: 10094
召喚 ID: 547
スコア: 6676477
569 357 610 637 7 46 109 54 0 53 338 314 0 0 302 0 0 211 266 0 0 0 0 30 0
一番高いモンスター: 10094
召喚 ID: 547
スコア: 6686338
554 356 611 639 8 48 110 56 0 56 338 315 0 0 303 0 0 211 266 0 0 0 0 32 0
一番高いモンスター: 10094
召喚 ID: 547
