スコア: 6696196
544 362 617 647 11 49 115 57 0 59 339 317 0 0 308 0 0 215 270 0 0 0 0 33 0
一番高いモンスター: 10098
召喚 ID: 953
スコア: 6705505
543 356 616 646 0 49 115 57 0 59 339 317 0 0 308 0 0 215 270 0 0 0 0 33 0
一番高いモンスター: 10078
召喚 ID: 743
スコア: 6715227
538 351 609 650 0 50 117 57 0 60 339 319 0 0 311 0 0 215 273 0 0 0 0 34 0
一番高いモンスター: 10078
召喚 ID: 743
スコア: 6724946
532 345 601 650 0 50 117 57 0 60 339 319 0 0 311 0 0 215 273 0 0 0 0 34 0
一番高いモンスター: 10078
召喚 ID: 743
スコア: 6734662
527 340 595 651 2 51 117 59 0 61 342 321 0 0 312 0 0 216 274 0 0 0 0 35 0
一番高いモンスター: 10094
召喚 ID: 547
スコア: 6744517
510 338 595 651 1 51 117 59 0 61 342 321 0 0 312 0 0 216 274 0 0 0 0 35 0
一番高いモンスター: 10094
召喚 ID: 547
スコア: 6754369
497 339 597 653 2 51 118 61 0 61 342 321 0 0 312 0 0 217 276 0 0 0 0 36 0
一番高いモンスター: 10094
召喚 ID: 547
スコア: 6764218
480 337 597 653 1 51 118 61 0 61 342 321 0 0 312 0 0 217 276 0 0 0 0 36 0
一番高いモンスター: 10094
召喚 ID: 547
スコア: 6774064
467 337 600 657 2 52 119 62 0 62 342 321 0 0 312 0 0 217 277 0 0 0 0 36 0
一番高いモンスター: 10094
召喚 ID: 547
スコア: 6783904
450 335 600 657 1 52 119 62 0 62 342 321 0 0 312 0 0 217 277 0 0 0 0 36 0
一番高いモンスター: 10094
召喚 ID: 547
スコア: 6793741
435 336 601 657 1 54 124 65 0 63 343 321 0 0 312 0 0 217 277 0 0 0 0 37 0
一番高いモンスター: 10094
召喚 ID: 547
スコア: 6803575
418 334 601 657 0 54 124 65 0 63 343 321 0 0 312 0 0 217 277 0 0 0 0 37 0
一番高いモンスター: 10078
召喚 ID: 743
スコア: 6813285
413 333 597 657 0 55 126 65 0 63 345 323 0 0 313 0 0 219 277 0 0 0 0 37 0
一番高いモンスター: 10078
召喚 ID: 743
スコア: 6822992
407 327 589 657 0 55 126 65 0 63 345 323 0 0 313 0 0 219 277 0 0 0 0 37 0
一番高いモンスター: 10078
召喚 ID: 743
スコア: 6832696
404 324 582 660 2 56 128 66 0 64 345 324 0 0 313 0 0 220 278 0 0 0 0 37 0
一番高いモンスター: 10094
召喚 ID: 547
スコア: 6842527
387 322 582 660 1 56 128 66 0 64 345 324 0 0 313 0 0 220 278 0 0 0 0 37 0
一番高いモンスター: 10094
召喚 ID: 547
