スコア: 8343380
0 0 0 0 1 176 205 190 80 198 464 425 0 0 414 0 0 291 373 0 0 0 0 91 0
出:8 求:6 数:5
一番高いモンスター: -1
スコア: 8343380
0 0 0 0 1 176 205 190 80 198 464 425 0 0 414 0 0 291 373 0 0 0 0 91 0
出:8 求:6 数:5
一番高いモンスター: -1
スコア: 8343380
2 2 2 0 4 178 208 191 80 201 465 425 0 0 414 0 0 292 373 0 0 0 0 91 0
出:8 求:6 数:5
一番高いモンスター: 3023
スコア: 8343380
3 3 4 3 5 179 209 193 80 203 465 425 0 0 416 0 0 296 373 0 0 0 0 91 0
出:8 求:6 数:5
一番高いモンスター: 7032
召喚 ID: 938
スコア: 8350370
1 1 2 0 0 179 209 193 80 203 465 425 0 0 416 0 0 296 373 0 0 0 0 91 0
出:8 求:6 数:5
一番高いモンスター: -1
スコア: 8350370
6 3 4 0 1 179 211 195 80 203 466 426 0 0 417 0 0 298 373 0 0 0 0 92 0
出:8 求:6 数:5
一番高いモンスター: 5037
召喚 ID: 759
スコア: 8355368
3 0 0 0 1 179 211 195 80 203 466 426 0 0 417 0 0 298 373 0 0 0 0 92 0
出:8 求:6 数:5
一番高いモンスター: -1
スコア: 8355368
7 0 1 2 3 179 212 196 80 203 467 427 0 0 420 0 0 299 376 0 0 0 0 92 0
出:8 求:6 数:5
一番高いモンスター: 5038
召喚 ID: 599
スコア: 8360371
0 0 0 0 3 179 212 196 80 203 467 427 0 0 420 0 0 299 376 0 0 0 0 92 0
出:8 求:6 数:5
一番高いモンスター: -1
スコア: 8360371
3 3 3 1 5 181 212 197 80 203 468 427 0 0 420 0 0 301 376 0 0 0 0 94 0
出:8 求:6 数:5
一番高いモンスター: 5006
召喚 ID: 923
