スコア: 60034084
59 54 60 69 53 33 41 47 0 36 220 85 2 2 296 5 0 48 38 0 0 0 0 9 0
求:16 出:23 数:5
一番高いモンスター: 129751
スコア: 60034084
63 55 63 72 55 34 43 49 0 36 220 86 2 2 296 5 5 49 38 0 0 0 0 4 0
求:12 出:17 数:5
一番高いモンスター: 129751
スコア: 60034084
63 55 63 72 55 34 43 49 0 36 220 86 7 2 296 5 5 44 38 0 0 0 0 4 0
求:19 出:17 数:5
一番高いモンスター: 187041
召喚 ID: 178
スコア: 60205076
63 55 63 72 55 34 43 49 0 36 217 84 1 3 294 5 5 39 38 5 0 0 0 4 0
求:12 出:17 数:5
一番高いモンスター: 111793
スコア: 60205076
63 55 63 72 55 34 43 49 0 36 217 84 6 3 294 5 5 34 38 5 0 0 0 4 0
求:15 出:18 数:5
一番高いモンスター: 187041
召喚 ID: 178
スコア: 60375914
63 55 63 72 55 34 43 49 0 36 214 82 0 1 292 5 5 34 38 5 0 0 0 4 0
求:12 出:14 数:5
一番高いモンスター: 111793
スコア: 60375914
63 55 63 72 55 34 43 49 0 36 214 82 0 1 287 5 5 34 38 5 0 0 0 4 0
求:15 出:18 数:5
一番高いモンスター: 111793
スコア: 60375914
63 55 63 72 55 34 43 49 0 36 214 82 0 1 287 5 5 34 38 5 0 0 0 4 0
求:12 出:18 数:5
一番高いモンスター: 111793
スコア: 60375914
63 55 63 72 55 34 43 49 0 36 214 82 5 1 287 5 5 34 33 5 0 0 0 4 0
求:15 出:17 数:5
一番高いモンスター: 174306
召喚 ID: 196
スコア: 60533315
63 55 63 72 55 34 43 49 0 36 211 79 0 1 284 10 5 29 33 5 0 0 0 4 0
求:12 出:14 数:5
一番高いモンスター: 111793
スコア: 60533315
63 59 65 74 58 34 44 50 0 37 213 79 0 1 286 10 5 30 34 5 0 0 0 4 0
求:16 出:18 数:5
一番高いモンスター: 111793
スコア: 60533315
63 59 65 74 58 34 44 50 0 37 213 79 0 1 286 10 5 30 39 5 0 0 0 4 0
求:12 出:14 数:5
一番高いモンスター: 111793
スコア: 60533315
63 59 65 74 58 34 44 50 0 37 213 79 0 1 286 10 5 30 39 5 0 0 0 4 0
求:16 出:18 数:5
一番高いモンスター: 111793
スコア: 60533315
63 59 65 74 58 34 44 50 0 37 213 79 0 1 286 10 5 30 39 5 0 0 0 4 0
求:12 出:14 数:5
一番高いモンスター: 111793
スコア: 60533315
63 59 65 74 58 34 44 50 0 37 213 79 0 1 286 10 5 30 39 5 0 0 0 4 0
求:16 出:18 数:5
一番高いモンスター: 111793
スコア: 60533315
63 59 65 74 58 34 44 50 0 37 213 79 0 1 286 10 5 30 39 5 0 0 0 4 0
求:12 出:18 数:5
一番高いモンスター: 111793
スコア: 60533315
63 59 65 74 58 34 44 50 0 37 213 79 5 1 286 10 5 30 34 5 0 0 0 4 0
一番高いモンスター: 174306
召喚 ID: 196
スコア: 60690669
63 59 65 74 58 34 44 50 0 37 210 76 0 1 283 10 5 30 34 5 0 0 0 4 0
求:12 出:14 数:5
一番高いモンスター: 111793
スコア: 60690669
63 59 65 74 58 34 44 50 0 37 210 76 0 1 283 10 5 30 34 5 0 0 0 4 0
一番高いモンスター: 111793
スコア: 60690669
63 59 65 74 58 34 44 50 0 37 210 76 0 1 283 10 5 30 34 5 0 0 0 4 0
求:12 出:14 数:5
一番高いモンスター: 111793
スコア: 60690669
66 61 67 77 59 34 44 50 0 38 212 77 0 3 284 10 5 31 36 5 0 0 0 5 0
一番高いモンスター: 111793
スコア: 60690669
66 61 67 77 59 34 44 50 0 38 212 77 0 3 284 10 5 31 36 5 0 0 0 5 0
求:12 出:18 数:5
一番高いモンスター: 111793
スコア: 60690669
66 61 67 77 59 34 44 50 0 38 212 77 5 3 284 10 5 31 31 5 0 0 0 5 0
求:16 出:17 数:5
一番高いモンスター: 174306
召喚 ID: 196
スコア: 60847976
66 61 67 77 59 34 44 50 0 38 209 74 0 4 281 10 5 26 31 5 0 0 0 5 0
求:12 出:18 数:5
一番高いモンスター: 111793
スコア: 60847976
66 61 67 77 59 34 44 50 0 38 209 74 5 4 281 10 5 26 26 5 0 0 0 5 0
一番高いモンスター: 174306
召喚 ID: 196
スコア: 61005235
66 61 67 77 59 34 44 50 0 38 206 71 0 4 278 10 5 26 26 5 0 0 0 5 0
求:12 出:17 数:5
一番高いモンスター: 111793
スコア: 61005235
66 61 67 77 59 34 44 50 0 38 206 71 5 4 278 10 5 21 26 5 0 0 0 5 0
求:16 出:18 数:5
一番高いモンスター: 174306
召喚 ID: 196
スコア: 61162447
66 61 67 77 59 34 44 50 0 38 203 68 0 4 275 10 5 21 26 5 0 0 0 5 0
求:12 出:18 数:5
一番高いモンスター: 111793
スコア: 61162447
66 61 67 77 59 34 44 50 0 38 203 68 5 4 275 10 5 21 21 5 0 0 0 5 0
一番高いモンスター: 174306
召喚 ID: 196
スコア: 61319612
67 64 68 83 61 35 45 54 0 38 200 65 0 4 272 10 5 21 22 5 0 0 0 5 0
求:12 出:18 数:5
一番高いモンスター: 111793
スコア: 61319612
67 64 68 83 61 35 45 54 0 38 200 65 2 4 272 10 5 21 17 5 0 0 0 5 0
一番高いモンスター: 129751
スコア: 61319612
67 64 68 83 61 35 45 54 0 38 200 65 5 4 272 10 5 21 17 5 0 0 0 5 0
求:13 出:14 数:5
一番高いモンスター: 174306
召喚 ID: 196
スコア: 61476730
67 64 68 83 61 35 45 54 0 38 197 62 0 4 274 10 5 21 17 5 0 0 0 5 0
求:16 出:17 数:5
一番高いモンスター: 111793
スコア: 61476730
67 64 68 83 61 35 45 54 0 38 197 62 0 4 274 10 5 21 17 5 0 0 0 5 0
求:12 出:17 数:5
一番高いモンスター: 111793
スコア: 61476730
67 64 68 83 61 35 45 54 0 38 197 62 5 4 274 10 5 16 17 5 0 0 0 5 0
一番高いモンスター: 174306
召喚 ID: 196
スコア: 61633801
67 64 68 83 61 35 45 54 0 38 194 59 0 4 271 10 5 16 17 5 0 0 0 5 0
求:12 出:18 数:5
一番高いモンスター: 111793
スコア: 61633801
67 64 68 83 61 35 45 54 0 38 194 59 3 4 271 10 5 16 12 5 0 0 0 5 0
一番高いモンスター: 162747
召喚 ID: 221
スコア: 61781560
67 64 68 83 61 35 45 54 0 38 192 58 2 0 268 10 5 16 12 5 0 0 0 5 0
求:13 出:14 数:5
一番高いモンスター: 129751
スコア: 61781560
68 66 69 86 61 36 46 55 0 39 194 60 2 0 269 10 5 18 12 5 0 0 0 7 0
求:16 出:17 数:5
一番高いモンスター: 129751
スコア: 61781560
68 66 69 86 61 36 46 55 0 39 194 60 2 0 269 10 5 18 12 5 0 0 0 7 0
求:13 出:17 数:5
一番高いモンスター: 129751
スコア: 61781560
68 66 69 86 61 36 46 55 0 39 194 60 2 1 269 10 5 13 12 5 0 0 0 7 0
求:16 出:23 数:5
一番高いモンスター: 129751
スコア: 61781560
68 66 69 86 61 36 46 55 0 39 194 60 2 1 269 10 10 13 12 5 0 0 0 2 0
求:13 出:17 数:5
一番高いモンスター: 129751
スコア: 61781560
68 66 69 86 61 36 46 55 0 39 194 60 2 1 269 10 10 12 12 5 0 0 0 2 0
一番高いモンスター: 129751
スコア: 61781560
68 66 69 86 61 36 46 55 0 39 194 60 2 1 269 10 10 12 12 5 0 0 0 2 0
求:13 出:17 数:5
一番高いモンスター: 129751
スコア: 61781560
68 66 69 86 61 36 46 55 0 39 194 60 2 1 269 10 10 12 12 5 0 0 0 2 0
一番高いモンスター: 129751
スコア: 61781560
68 66 69 86 61 36 46 55 0 39 194 60 2 1 269 10 10 12 12 5 0 0 0 2 0
求:13 出:14 数:5
一番高いモンスター: 129751
スコア: 61781560
68 66 69 86 61 36 46 55 0 39 194 60 2 1 269 10 10 12 12 5 0 0 0 2 0
求:19 出:17 数:5
一番高いモンスター: 129751
スコア: 61781560
69 70 71 87 64 37 46 57 0 42 194 62 2 1 269 10 10 7 13 10 0 0 0 2 0
求:13 出:18 数:5
一番高いモンスター: 129751
スコア: 61781560
69 70 71 87 64 37 46 57 0 42 194 62 2 8 269 10 10 7 8 10 0 0 0 2 0
一番高いモンスター: 187869
召喚 ID: 153
