スコア: 78180803
35 19 18 23 19 87 166 221 5 148 364 215 2 6 402 15 12 82 79 11 10 0 4 26 0
求:21 出:23 数:2
一番高いモンスター: 534239
スコア: 78180803
35 19 18 23 19 87 166 221 5 148 364 215 2 6 402 15 12 82 79 11 10 0 4 25 0
求:8 出:7 数:2
一番高いモンスター: 534239
スコア: 78180803
35 19 18 23 19 87 166 224 5 148 364 215 2 6 402 15 12 82 79 11 10 0 4 25 0
求:12 出:17 数:2
一番高いモンスター: 534239
スコア: 78180803
35 19 18 23 19 87 166 224 5 148 364 215 4 6 402 15 12 80 79 11 10 0 4 25 0
求:19 出:17 数:2
一番高いモンスター: 534239
スコア: 78180803
35 19 18 23 19 87 166 224 5 148 364 215 4 6 402 15 12 78 79 11 10 0 4 25 0
求:21 出:23 数:2
一番高いモンスター: 534239
スコア: 78180803
39 23 19 24 19 88 166 227 5 148 365 217 4 6 403 15 12 80 79 11 10 0 4 25 0
求:8 出:14 数:2
一番高いモンスター: 534239
スコア: 78180803
39 23 19 24 19 88 166 227 7 148 365 217 4 6 401 15 12 80 79 11 10 0 4 25 0
求:12 出:14 数:2
一番高いモンスター: 534239
スコア: 78180803
39 23 19 24 19 88 166 227 7 148 365 217 4 6 404 15 12 80 79 11 10 0 4 25 0
求:19 出:17 数:2
一番高いモンスター: 534239
スコア: 78180803
39 23 19 24 19 88 166 227 7 148 365 217 4 6 404 15 12 80 79 11 10 0 4 25 0
求:21 出:23 数:2
一番高いモンスター: 534239
スコア: 78180803
39 23 19 24 19 88 166 227 7 148 365 217 4 6 404 15 12 80 79 11 10 0 4 25 0
求:8 出:14 数:2
一番高いモンスター: 534239
スコア: 78180803
39 23 19 24 19 88 166 227 9 148 365 217 4 6 402 15 12 80 79 11 10 0 4 25 0
求:12 出:14 数:2
一番高いモンスター: 534239
スコア: 78180803
39 23 19 24 19 88 166 227 9 148 365 217 4 6 402 15 12 80 79 11 10 0 4 25 0
求:19 出:17 数:2
一番高いモンスター: 534239
スコア: 78180803
39 23 19 24 19 88 166 227 9 148 365 217 4 6 402 15 12 80 79 11 10 0 4 25 0
求:21 出:23 数:2
一番高いモンスター: 534239
スコア: 78180803
39 23 19 24 19 88 166 227 9 148 365 217 4 6 402 15 12 80 79 11 10 0 4 25 0
求:8 出:14 数:2
一番高いモンスター: 534239
スコア: 78180803
40 23 21 25 21 88 167 230 11 149 366 219 4 6 401 15 12 83 81 11 10 0 4 25 0
求:12 出:17 数:2
一番高いモンスター: 534239
スコア: 78180803
40 23 21 25 21 88 167 230 11 149 366 219 6 6 401 15 12 81 81 11 10 0 4 25 0
求:19 出:23 数:2
一番高いモンスター: 534239
スコア: 78180803
40 23 21 25 21 88 167 230 11 149 366 219 6 6 401 15 12 81 81 13 10 0 4 23 0
求:21 出:23 数:2
一番高いモンスター: 534239
スコア: 78180803
40 23 21 25 21 88 167 230 11 149 366 219 6 6 401 15 12 81 81 13 10 0 4 23 0
求:8 出:7 数:2
一番高いモンスター: 534239
スコア: 78180803
40 23 21 25 21 88 167 230 11 149 366 219 6 6 401 15 12 81 81 13 10 0 4 23 0
求:12 出:14 数:2
一番高いモンスター: 534239
スコア: 78180803
40 23 21 25 21 88 167 230 11 149 366 219 6 6 401 15 12 81 81 13 10 0 4 23 0
求:16 出:23 数:2
一番高いモンスター: 534239
スコア: 78180803
40 23 21 25 21 88 167 230 11 149 366 219 6 6 401 15 14 81 81 13 10 0 4 21 0
求:21 出:23 数:2
一番高いモンスター: 534239
スコア: 78180803
40 23 21 25 21 88 167 230 11 149 366 219 6 6 401 15 14 81 81 13 10 0 4 21 0
求:8 出:7 数:2
一番高いモンスター: 534239
スコア: 78180803
40 23 21 25 21 88 167 230 11 149 366 219 6 6 401 15 14 81 81 13 10 0 4 21 0
求:12 出:17 数:2
一番高いモンスター: 534239
スコア: 78180803
40 23 21 25 21 88 167 230 11 149 366 219 8 6 401 15 14 79 81 13 10 0 4 21 0
求:19 出:23 数:2
一番高いモンスター: 534239
スコア: 78180803
41 26 26 28 23 90 167 230 11 150 366 220 8 6 402 15 14 79 82 15 10 0 4 19 0
求:21 出:23 数:2
一番高いモンスター: 534239
スコア: 78180803
41 26 26 28 23 90 167 230 11 150 366 220 8 6 402 15 14 79 82 15 10 0 4 19 0
求:8 出:7 数:2
一番高いモンスター: 534239
スコア: 78180803
41 26 26 28 23 90 167 230 11 150 366 220 8 6 402 15 14 79 82 15 10 0 4 19 0
求:13 出:18 数:2
一番高いモンスター: 534239
スコア: 78180803
41 26 26 28 23 90 167 230 11 150 366 220 8 8 402 15 14 79 80 15 10 0 4 19 0
求:16 出:18 数:2
一番高いモンスター: 534239
スコア: 78180803
41 26 26 28 23 90 167 230 11 150 366 220 8 8 402 15 14 79 83 15 10 0 4 19 0
求:21 出:23 数:2
一番高いモンスター: 534239
スコア: 78180803
41 26 26 28 23 90 167 230 11 150 366 220 8 8 402 15 14 79 83 15 10 0 4 19 0
求:8 出:7 数:2
一番高いモンスター: 534239
スコア: 78180803
41 26 26 28 23 90 167 230 11 150 366 220 8 8 402 15 14 79 83 15 10 0 4 19 0
求:12 出:18 数:2
一番高いモンスター: 534239
スコア: 78180803
41 26 26 28 23 90 167 230 11 150 366 220 10 8 402 15 14 79 81 15 10 0 4 19 0
求:16 出:23 数:2
一番高いモンスター: 534239
スコア: 78180803
41 26 26 28 23 90 167 230 11 150 366 220 10 8 402 15 16 79 81 15 10 0 4 17 0
求:21 出:23 数:2
一番高いモンスター: 534239
スコア: 78180803
42 30 29 30 24 92 169 230 11 150 367 222 10 8 402 15 16 79 81 15 10 0 4 19 0
求:8 出:7 数:2
一番高いモンスター: 534239
スコア: 78180803
42 30 29 30 24 92 169 230 11 150 367 222 10 8 402 15 16 79 81 15 10 0 4 19 0
求:13 出:18 数:2
一番高いモンスター: 534239
スコア: 78180803
42 30 29 30 24 92 169 230 11 150 367 222 10 10 402 15 16 79 79 15 10 0 4 19 0
求:15 出:23 数:2
一番高いモンスター: 534239
スコア: 78180803
42 30 29 30 24 92 169 230 11 150 367 222 10 10 402 17 16 79 79 15 10 0 4 17 0
求:21 出:23 数:2
一番高いモンスター: 534239
スコア: 78180803
42 30 29 30 24 92 169 230 11 150 367 222 10 10 402 17 16 79 79 15 10 0 4 17 0
求:8 出:14 数:2
一番高いモンスター: 534239
スコア: 78180803
42 30 29 30 24 92 169 230 13 150 367 222 10 10 400 17 16 79 79 15 10 0 4 17 0
求:12 出:17 数:2
一番高いモンスター: 534239
