スコア: 78180803
59 47 41 47 46 106 174 241 13 163 383 227 12 10 410 17 21 79 78 17 10 0 4 22 0
求:21 出:17 数:5
一番高いモンスター: 534239
スコア: 78180803
59 47 41 47 46 106 174 241 13 163 383 227 12 10 410 17 21 79 78 17 10 0 4 22 0
求:8 出:7 数:5
一番高いモンスター: 534239
スコア: 78180803
59 47 41 47 46 106 174 241 13 163 383 227 12 10 410 17 21 79 78 17 10 0 4 22 0
求:13 出:7 数:5
一番高いモンスター: 534239
スコア: 78180803
59 47 41 47 46 106 174 241 13 163 383 227 12 10 410 17 21 79 78 17 10 0 4 22 0
求:15 出:17 数:5
一番高いモンスター: 534239
スコア: 78180803
59 47 41 47 46 106 174 241 13 163 383 227 12 10 410 17 21 79 78 17 10 0 4 22 0
求:21 出:23 数:5
一番高いモンスター: 534239
スコア: 78180803
59 47 41 47 46 106 174 241 13 163 383 227 12 10 410 17 21 79 78 17 10 0 4 22 0
求:8 出:7 数:5
一番高いモンスター: 534239
スコア: 78180803
59 47 41 47 46 106 174 241 13 163 383 227 12 10 410 17 21 79 78 17 10 0 4 22 0
求:13 出:7 数:5
一番高いモンスター: 534239
スコア: 78180803
61 50 43 51 47 106 174 241 13 166 383 227 12 10 411 17 21 81 78 17 10 0 4 24 0
求:15 出:17 数:5
一番高いモンスター: 534239
スコア: 78180803
61 50 43 51 47 106 174 241 13 166 383 227 12 10 411 17 21 81 78 17 10 0 4 24 0
求:21 出:17 数:5
一番高いモンスター: 534239
スコア: 78180803
61 50 43 51 47 106 174 241 13 166 383 227 12 10 411 17 21 81 78 17 10 0 4 24 0
求:8 出:7 数:5
一番高いモンスター: 534239
