スコア: 68699188
4 3 7 3 3 91 140 119 6 102 270 143 23 16 321 10 0 39 49 0 2 0 2 7 1
求:13 出:14 数:5
一番高いモンスター: 187869
スコア: 68699188
4 3 7 3 3 91 140 119 6 102 270 143 23 16 321 10 0 39 49 0 2 0 2 7 1
求:16 出:18 数:5
一番高いモンスター: 187869
スコア: 68699188
6 4 8 8 5 91 140 119 6 106 271 144 23 16 322 10 0 39 49 0 2 0 2 9 1
求:21 出:23 数:5
一番高いモンスター: 187869
スコア: 68699188
6 4 8 8 5 91 140 119 6 106 271 144 23 16 322 10 0 39 49 0 2 0 2 9 1
求:13 出:14 数:5
一番高いモンスター: 187869
スコア: 68699188
6 4 8 8 5 91 140 119 6 106 271 144 23 16 322 10 0 39 49 0 2 0 2 9 1
求:16 出:18 数:5
一番高いモンスター: 187869
スコア: 68699188
6 4 8 8 5 91 140 119 6 106 271 144 23 16 322 10 0 39 49 0 2 0 2 9 1
求:21 出:23 数:5
一番高いモンスター: 187869
