スコア: 16083034
94 89 98 84 101 2 5 52 0 4 552 521 0 0 521 0 0 358 413 0 0 0 0 75 0
求:12 出:10 数:1
一番高いモンスター: 48387
スコア: 16083034
94 89 98 84 101 2 5 52 0 4 560 521 0 0 521 0 0 358 413 0 0 0 0 75 0
求:12 出:10 数:1
一番高いモンスター: 48387
スコア: 16083034
94 89 98 84 101 2 5 52 0 4 560 521 0 0 521 0 0 358 413 0 0 0 0 75 0
求:12 出:10 数:1
一番高いモンスター: 48387
スコア: 16083034
96 90 101 85 104 4 5 54 0 6 560 523 0 0 522 0 0 359 413 0 0 0 0 75 0
求:12 出:10 数:1
一番高いモンスター: 50801
召喚 ID: 385
スコア: 16131892
96 90 101 85 104 0 1 43 0 6 560 523 0 0 522 0 0 359 413 0 0 0 0 75 0
求:12 出:10 数:1
一番高いモンスター: 17819
スコア: 16131892
96 90 101 85 104 0 1 43 0 6 560 523 0 0 522 0 0 359 413 0 0 0 0 75 0
求:12 出:10 数:1
一番高いモンスター: 17819
スコア: 16131892
96 90 101 85 104 0 1 43 0 6 560 523 0 0 522 0 0 359 413 0 0 0 0 75 0
求:12 出:10 数:1
一番高いモンスター: 17819
スコア: 16131892
96 90 101 85 104 0 1 43 0 6 560 523 0 0 522 0 0 359 413 0 0 0 0 75 0
求:12 出:10 数:1
一番高いモンスター: 17819
スコア: 16131892
96 90 101 85 104 0 1 43 0 6 560 523 0 0 522 0 0 359 413 0 0 0 0 75 0
求:12 出:10 数:1
一番高いモンスター: 17819
スコア: 16131892
96 90 101 85 104 0 1 43 0 6 560 523 0 0 522 0 0 359 413 0 0 0 0 75 0
求:12 出:10 数:1
一番高いモンスター: 17819
スコア: 16131892
96 90 101 85 104 0 1 43 0 6 560 523 0 0 522 0 0 359 413 0 0 0 0 75 0
求:12 出:10 数:1
一番高いモンスター: 17819
スコア: 16131892
96 90 101 85 104 0 1 43 0 6 560 523 0 0 522 0 0 359 413 0 0 0 0 75 0
求:12 出:10 数:1
一番高いモンスター: 17819
スコア: 16131892
96 90 101 85 104 0 1 43 0 6 560 523 0 0 522 0 0 359 413 0 0 0 0 75 0
求:12 出:10 数:1
一番高いモンスター: 17819
スコア: 16131892
96 93 105 88 107 1 4 44 0 6 560 523 0 0 523 0 0 359 413 0 0 0 0 76 0
求:12 出:10 数:1
一番高いモンスター: 17819
スコア: 16131892
96 93 105 88 107 1 4 44 0 6 560 523 0 0 523 0 0 359 413 0 0 0 0 76 0
求:12 出:10 数:1
一番高いモンスター: 17819
スコア: 16131892
96 93 105 88 107 1 4 44 0 6 560 523 0 0 523 0 0 359 413 0 0 0 0 76 0
求:12 出:10 数:1
一番高いモンスター: 17819
スコア: 16131892
96 93 105 88 107 1 4 44 0 6 560 523 0 0 523 0 0 359 413 0 0 0 0 76 0
求:12 出:10 数:1
一番高いモンスター: 17819
スコア: 16131892
96 93 105 88 107 1 4 44 0 6 560 523 0 0 523 0 0 359 413 0 0 0 0 76 0
求:12 出:10 数:1
一番高いモンスター: 17819
スコア: 16131892
96 93 105 88 107 1 4 44 0 6 560 523 0 0 523 0 0 359 413 0 0 0 0 76 0
求:12 出:10 数:1
一番高いモンスター: 17819
スコア: 16131892
96 93 105 88 107 1 4 44 0 6 560 523 0 0 523 0 0 359 413 0 0 0 0 76 0
求:12 出:10 数:1
一番高いモンスター: 17819
スコア: 16131892
96 93 105 88 107 1 4 44 0 6 560 523 0 0 523 0 0 359 413 0 0 0 0 76 0
求:12 出:10 数:1
一番高いモンスター: 17819
スコア: 16131892
96 93 105 88 107 1 4 44 0 6 560 523 0 0 523 0 0 359 413 0 0 0 0 76 0
求:12 出:10 数:1
一番高いモンスター: 17819
スコア: 16131892
98 96 107 90 107 3 5 44 0 7 562 524 0 0 524 0 0 360 414 0 0 0 0 77 0
求:12 出:10 数:1
一番高いモンスター: 48387
スコア: 16131892
98 96 107 90 107 3 5 44 0 7 562 524 0 0 524 0 0 360 414 0 0 0 0 77 0
求:12 出:10 数:1
一番高いモンスター: 48387
スコア: 16131892
98 96 107 90 107 3 5 44 0 7 562 524 0 0 524 0 0 360 414 0 0 0 0 77 0
求:12 出:10 数:1
一番高いモンスター: 48387
スコア: 16131892
98 96 107 90 107 3 5 44 0 7 562 524 0 0 524 0 0 360 414 0 0 0 0 77 0
求:12 出:10 数:1
一番高いモンスター: 48387
スコア: 16131892
98 96 107 90 107 3 5 44 0 7 562 524 0 0 524 0 0 360 414 0 0 0 0 77 0
求:12 出:10 数:1
一番高いモンスター: 48387
スコア: 16131892
98 96 107 90 107 3 5 44 0 7 562 524 0 0 524 0 0 360 414 0 0 0 0 77 0
求:12 出:10 数:1
一番高いモンスター: 48387
スコア: 16131892
98 96 107 90 107 3 5 44 0 7 562 524 0 0 524 0 0 360 414 0 0 0 0 77 0
求:12 出:10 数:1
一番高いモンスター: 48387
スコア: 16131892
98 96 107 90 107 3 5 44 0 7 562 524 0 0 524 0 0 360 414 0 0 0 0 77 0
求:12 出:10 数:1
一番高いモンスター: 48387
スコア: 16131892
98 96 107 90 107 3 5 44 0 7 562 524 0 0 524 0 0 360 414 0 0 0 0 77 0
求:12 出:10 数:1
一番高いモンスター: 48387
スコア: 16131892
102 98 108 91 108 5 8 44 0 7 563 525 0 0 525 0 0 361 414 0 0 0 0 79 0
求:12 出:10 数:1
一番高いモンスター: 50801
召喚 ID: 385
スコア: 16180735
102 98 108 91 108 1 4 33 0 7 563 525 0 0 525 0 0 361 414 0 0 0 0 79 0
求:12 出:10 数:1
一番高いモンスター: 17819
スコア: 16180735
102 98 108 91 108 1 4 33 0 7 563 525 0 0 525 0 0 361 414 0 0 0 0 79 0
求:12 出:10 数:1
一番高いモンスター: 17819
スコア: 16180735
102 98 108 91 108 1 4 33 0 7 563 525 0 0 525 0 0 361 414 0 0 0 0 79 0
求:12 出:10 数:1
一番高いモンスター: 17819
