スコア: 8460484
2 2 5 4 4 195 238 216 80 224 479 436 0 0 438 0 0 310 393 0 0 0 0 98 0
出:12 求:10 数:4
一番高いモンスター: 6560
召喚 ID: 749
スコア: 8466977
0 0 1 1 2 195 238 216 80 224 479 436 0 0 438 0 0 310 393 0 0 0 0 98 0
出:16 求:18 数:3
一番高いモンスター: -1
スコア: 8466977
0 0 1 1 2 195 238 216 80 224 479 436 0 0 438 0 0 310 393 0 0 0 0 98 0
出:21 求:23 数:2
一番高いモンスター: -1
スコア: 8466977
0 0 1 1 2 195 238 216 80 224 479 436 0 0 438 0 0 310 393 0 0 0 0 98 0
出:8 求:6 数:5
一番高いモンスター: -1
スコア: 8466977
0 0 1 1 2 195 238 216 80 224 479 436 0 0 438 0 0 310 393 0 0 0 0 98 0
出:12 求:10 数:4
一番高いモンスター: -1
スコア: 8466977
0 0 1 1 2 195 238 216 80 224 479 436 0 0 438 0 0 310 393 0 0 0 0 98 0
出:16 求:18 数:3
一番高いモンスター: -1
スコア: 8466977
0 0 1 1 2 195 238 216 80 224 479 436 0 0 438 0 0 310 393 0 0 0 0 98 0
出:21 求:23 数:2
一番高いモンスター: -1
スコア: 8466977
0 0 1 1 2 195 238 216 80 224 479 436 0 0 438 0 0 310 393 0 0 0 0 98 0
出:8 求:6 数:5
一番高いモンスター: -1
スコア: 8466977
0 0 1 1 2 195 238 216 80 224 479 436 0 0 438 0 0 310 393 0 0 0 0 98 0
出:12 求:10 数:4
一番高いモンスター: -1
スコア: 8466977
4 2 5 4 3 195 238 217 80 224 480 436 0 0 438 0 0 311 395 0 0 0 0 99 0
出:16 求:18 数:3
一番高いモンスター: 7015
召喚 ID: 755
スコア: 8473940
0 1 0 2 1 195 238 217 80 224 480 436 0 0 438 0 0 311 395 0 0 0 0 99 0
出:21 求:23 数:2
一番高いモンスター: -1
スコア: 8473940
0 1 0 2 1 195 238 217 80 224 480 436 0 0 438 0 0 311 395 0 0 0 0 99 0
出:8 求:6 数:5
一番高いモンスター: -1
スコア: 8473940
0 1 0 2 1 195 238 217 80 224 480 436 0 0 438 0 0 311 395 0 0 0 0 99 0
出:12 求:10 数:4
一番高いモンスター: -1
スコア: 8473940
0 1 0 2 1 195 238 217 80 224 480 436 0 0 438 0 0 311 395 0 0 0 0 99 0
出:16 求:18 数:3
一番高いモンスター: -1
スコア: 8473940
0 1 0 2 1 195 238 217 80 224 480 436 0 0 438 0 0 311 395 0 0 0 0 99 0
出:21 求:23 数:2
一番高いモンスター: -1
スコア: 8473940
0 1 0 2 1 195 238 217 80 224 480 436 0 0 438 0 0 311 395 0 0 0 0 99 0
出:8 求:6 数:5
一番高いモンスター: -1
スコア: 8473940
0 1 0 2 1 195 238 217 80 224 480 436 0 0 438 0 0 311 395 0 0 0 0 99 0
出:12 求:10 数:4
一番高いモンスター: -1
スコア: 8473940
0 1 0 2 1 195 238 217 80 224 480 436 0 0 438 0 0 311 395 0 0 0 0 99 0
出:16 求:18 数:3
一番高いモンスター: -1
スコア: 8473940
2 4 2 7 4 197 238 218 80 224 480 436 0 0 438 0 0 313 395 0 0 0 0 99 0
出:21 求:23 数:2
一番高いモンスター: 7502
召喚 ID: 818
スコア: 8481408
0 2 2 0 0 197 238 218 80 224 480 436 0 0 438 0 0 313 395 0 0 0 0 99 0
出:8 求:6 数:5
一番高いモンスター: -1
スコア: 8481408
0 2 2 0 0 197 238 218 80 224 480 436 0 0 438 0 0 313 395 0 0 0 0 99 0
出:12 求:10 数:4
一番高いモンスター: -1
スコア: 8481408
0 2 2 0 0 197 238 218 80 224 480 436 0 0 438 0 0 313 395 0 0 0 0 99 0
出:16 求:18 数:3
一番高いモンスター: -1
スコア: 8481408
0 2 2 0 0 197 238 218 80 224 480 436 0 0 438 0 0 313 395 0 0 0 0 99 0
出:21 求:23 数:2
一番高いモンスター: -1
スコア: 8481408
0 2 2 0 0 197 238 218 80 224 480 436 0 0 438 0 0 313 395 0 0 0 0 99 0
出:8 求:6 数:5
一番高いモンスター: -1
スコア: 8481408
0 2 2 0 0 197 238 218 80 224 480 436 0 0 438 0 0 313 395 0 0 0 0 99 0
出:12 求:10 数:4
一番高いモンスター: -1
スコア: 8481408
0 2 2 0 0 197 238 218 80 224 480 436 0 0 438 0 0 313 395 0 0 0 0 99 0
出:16 求:18 数:3
一番高いモンスター: -1
スコア: 8481408
0 2 2 0 0 197 238 218 80 224 480 436 0 0 438 0 0 313 395 0 0 0 0 99 0
出:21 求:23 数:2
一番高いモンスター: -1
スコア: 8481408
0 2 2 0 0 197 238 218 80 224 480 436 0 0 438 0 0 313 395 0 0 0 0 99 0
出:8 求:6 数:5
一番高いモンスター: -1
スコア: 8481408
3 4 5 3 2 197 238 220 80 225 480 438 0 0 438 0 0 314 396 0 0 0 0 99 0
出:12 求:10 数:4
一番高いモンスター: 6560
召喚 ID: 749
スコア: 8487899
1 2 1 0 0 197 238 220 80 225 480 438 0 0 438 0 0 314 396 0 0 0 0 99 0
出:16 求:18 数:3
一番高いモンスター: -1
スコア: 8487899
1 2 1 0 0 197 238 220 80 225 480 438 0 0 438 0 0 314 396 0 0 0 0 99 0
出:21 求:23 数:2
一番高いモンスター: -1
スコア: 8487899
1 2 1 0 0 197 238 220 80 225 480 438 0 0 438 0 0 314 396 0 0 0 0 99 0
出:8 求:6 数:5
一番高いモンスター: -1
スコア: 8487899
1 2 1 0 0 197 238 220 80 225 480 438 0 0 438 0 0 314 396 0 0 0 0 99 0
出:12 求:10 数:4
一番高いモンスター: -1
スコア: 8487899
1 2 1 0 0 197 238 220 80 225 480 438 0 0 438 0 0 314 396 0 0 0 0 99 0
出:16 求:18 数:3
一番高いモンスター: -1
スコア: 8487899
1 2 1 0 0 197 238 220 80 225 480 438 0 0 438 0 0 314 396 0 0 0 0 99 0
出:21 求:23 数:2
一番高いモンスター: -1
スコア: 8487899
1 2 1 0 0 197 238 220 80 225 480 438 0 0 438 0 0 314 396 0 0 0 0 99 0
出:8 求:6 数:5
一番高いモンスター: -1
一番高いモンスター: -1
スコア: 8487899
3 4 2 5 3 198 238 221 80 226 482 439 0 0 438 0 0 315 396 0 0 0 0 99 0
出:16 求:18 数:3
一番高いモンスター: 7035
召喚 ID: 877
スコア: 8494865
0 2 1 0 0 198 238 221 80 226 482 439 0 0 438 0 0 315 396 0 0 0 0 99 0
出:21 求:23 数:2
一番高いモンスター: -1
スコア: 8494865
0 2 1 0 0 198 238 221 80 226 482 439 0 0 438 0 0 315 396 0 0 0 0 99 0
出:8 求:6 数:5
一番高いモンスター: -1
スコア: 8494865
0 2 1 0 0 198 238 221 80 226 482 439 0 0 438 0 0 315 396 0 0 0 0 99 0
出:12 求:10 数:4
一番高いモンスター: -1
スコア: 8494865
0 2 1 0 0 198 238 221 80 226 482 439 0 0 438 0 0 315 396 0 0 0 0 99 0
出:16 求:18 数:3
一番高いモンスター: -1
スコア: 8494865
0 2 1 0 0 198 238 221 80 226 482 439 0 0 438 0 0 315 396 0 0 0 0 99 0
出:21 求:23 数:2
一番高いモンスター: -1
スコア: 8494865
0 2 1 0 0 198 238 221 80 226 482 439 0 0 438 0 0 315 396 0 0 0 0 99 0
出:8 求:6 数:5
一番高いモンスター: -1
スコア: 8494865
0 2 1 0 0 198 238 221 80 226 482 439 0 0 438 0 0 315 396 0 0 0 0 99 0
出:12 求:10 数:4
一番高いモンスター: -1
スコア: 8494865
0 2 1 0 0 198 238 221 80 226 482 439 0 0 438 0 0 315 396 0 0 0 0 99 0
出:16 求:18 数:3
一番高いモンスター: -1
スコア: 8494865
3 4 3 4 1 199 238 221 80 228 483 440 0 0 438 0 0 315 398 0 0 0 0 100 0
出:21 求:23 数:2
一番高いモンスター: 5526
召喚 ID: 842
スコア: 8500351
0 3 0 0 1 199 238 221 80 228 483 440 0 0 438 0 0 315 398 0 0 0 0 100 0
出:8 求:6 数:5
一番高いモンスター: -1
スコア: 8500351
0 3 0 0 1 199 238 221 80 228 483 440 0 0 438 0 0 315 398 0 0 0 0 100 0
出:12 求:10 数:4
一番高いモンスター: -1
スコア: 8500351
0 3 0 0 1 199 238 221 80 228 483 440 0 0 438 0 0 315 398 0 0 0 0 100 0
出:16 求:18 数:3
一番高いモンスター: -1
スコア: 8500351
0 3 0 0 1 199 238 221 80 228 483 440 0 0 438 0 0 315 398 0 0 0 0 100 0
出:21 求:23 数:2
一番高いモンスター: -1
スコア: 8500351
0 3 0 0 1 199 238 221 80 228 483 440 0 0 438 0 0 315 398 0 0 0 0 100 0
出:8 求:6 数:5
一番高いモンスター: -1
スコア: 8500351
0 3 0 0 1 199 238 221 80 228 483 440 0 0 438 0 0 315 398 0 0 0 0 100 0
出:12 求:10 数:4
一番高いモンスター: -1
スコア: 8500351
0 3 0 0 1 199 238 221 80 228 483 440 0 0 438 0 0 315 398 0 0 0 0 100 0
出:16 求:18 数:3
一番高いモンスター: -1
スコア: 8500351
0 3 0 0 1 199 238 221 80 228 483 440 0 0 438 0 0 315 398 0 0 0 0 100 0
出:21 求:23 数:2
一番高いモンスター: -1
スコア: 8500351
3 4 0 2 4 200 239 225 80 230 484 441 0 0 438 0 0 315 399 0 0 0 0 100 0
出:8 求:6 数:5
一番高いモンスター: 5041
召喚 ID: 602
スコア: 8505221
1 0 0 1 1 200 239 225 80 230 484 441 0 0 438 0 0 315 399 0 0 0 0 100 0
出:12 求:10 数:4
一番高いモンスター: -1
スコア: 8505221
1 0 0 1 1 200 239 225 80 230 484 441 0 0 438 0 0 315 399 0 0 0 0 100 0
出:16 求:18 数:3
一番高いモンスター: -1
スコア: 8505221
1 0 0 1 1 200 239 225 80 230 484 441 0 0 438 0 0 315 399 0 0 0 0 100 0
出:21 求:23 数:2
一番高いモンスター: -1
スコア: 8505221
1 0 0 1 1 200 239 225 80 230 484 441 0 0 438 0 0 315 399 0 0 0 0 100 0
出:8 求:6 数:5
一番高いモンスター: -1
スコア: 8505221
1 0 0 1 1 200 239 225 80 230 484 441 0 0 438 0 0 315 399 0 0 0 0 100 0
出:12 求:10 数:4
一番高いモンスター: -1
スコア: 8505221
1 0 0 1 1 200 239 225 80 230 484 441 0 0 438 0 0 315 399 0 0 0 0 100 0
出:16 求:18 数:3
一番高いモンスター: -1
スコア: 8505221
1 0 0 1 1 200 239 225 80 230 484 441 0 0 438 0 0 315 399 0 0 0 0 100 0
出:21 求:23 数:2
一番高いモンスター: -1
スコア: 8505221
1 0 0 1 1 200 239 225 80 230 484 441 0 0 438 0 0 315 399 0 0 0 0 100 0
出:8 求:6 数:5
一番高いモンスター: -1
スコア: 8505221
1 0 0 1 1 200 239 225 80 230 484 441 0 0 438 0 0 315 399 0 0 0 0 100 0
出:12 求:10 数:4
一番高いモンスター: -1
スコア: 8505221
2 2 4 1 3 203 241 225 80 230 484 442 0 0 439 0 0 316 401 0 0 0 0 101 0
出:16 求:18 数:3
一番高いモンスター: 5527
召喚 ID: 752
スコア: 8510700
0 0 0 1 0 203 241 225 80 230 484 442 0 0 439 0 0 316 401 0 0 0 0 101 0
出:21 求:23 数:2
一番高いモンスター: -1
スコア: 8510700
0 0 0 1 0 203 241 225 80 230 484 442 0 0 439 0 0 316 401 0 0 0 0 101 0
出:8 求:6 数:5
一番高いモンスター: -1
スコア: 8510700
0 0 0 1 0 203 241 225 80 230 484 442 0 0 439 0 0 316 401 0 0 0 0 101 0
出:12 求:10 数:4
一番高いモンスター: -1
スコア: 8510700
0 0 0 1 0 203 241 225 80 230 484 442 0 0 439 0 0 316 401 0 0 0 0 101 0
出:16 求:18 数:3
一番高いモンスター: -1
スコア: 8510700
0 0 0 1 0 203 241 225 80 230 484 442 0 0 439 0 0 316 401 0 0 0 0 101 0
出:21 求:23 数:2
一番高いモンスター: -1
スコア: 8510700
0 0 0 1 0 203 241 225 80 230 484 442 0 0 439 0 0 316 401 0 0 0 0 101 0
出:8 求:6 数:5
一番高いモンスター: -1
スコア: 8510700
0 0 0 1 0 203 241 225 80 230 484 442 0 0 439 0 0 316 401 0 0 0 0 101 0
出:12 求:10 数:4
一番高いモンスター: -1
スコア: 8510700
0 0 0 1 0 203 241 225 80 230 484 442 0 0 439 0 0 316 401 0 0 0 0 101 0
出:16 求:18 数:3
一番高いモンスター: -1
スコア: 8510700
4 2 1 2 2 204 241 225 80 232 486 443 0 0 441 0 0 316 401 0 0 0 0 103 0
出:21 求:23 数:2
一番高いモンスター: 4031
スコア: 8510700
4 2 1 2 2 204 241 225 80 232 486 443 0 0 441 0 0 316 401 0 0 0 0 103 0
出:8 求:6 数:5
一番高いモンスター: 4031
スコア: 8510700
4 2 1 2 2 204 241 225 80 232 486 443 0 0 441 0 0 316 401 0 0 0 0 103 0
出:12 求:10 数:4
一番高いモンスター: 4031
スコア: 8510700
4 2 1 2 2 204 241 225 80 232 486 443 0 0 441 0 0 316 401 0 0 0 0 103 0
出:16 求:18 数:3
一番高いモンスター: 4031
スコア: 8510700
4 2 1 2 2 204 241 225 80 232 486 443 0 0 441 0 0 316 401 0 0 0 0 103 0
出:21 求:23 数:2
一番高いモンスター: 4031
スコア: 8510700
4 2 1 2 2 204 241 225 80 232 486 443 0 0 441 0 0 316 401 0 0 0 0 103 0
出:8 求:6 数:5
一番高いモンスター: 4031
スコア: 8510700
4 2 1 2 2 204 241 225 80 232 486 443 0 0 441 0 0 316 401 0 0 0 0 103 0
出:12 求:10 数:4
一番高いモンスター: 4031
スコア: 8510700
4 2 1 2 2 204 241 225 80 232 486 443 0 0 441 0 0 316 401 0 0 0 0 103 0
出:16 求:18 数:3
一番高いモンスター: 4031
スコア: 8510700
4 2 1 2 2 204 241 225 80 232 486 443 0 0 441 0 0 316 401 0 0 0 0 103 0
出:21 求:23 数:2
一番高いモンスター: 4031
スコア: 8510700
5 4 5 3 5 205 242 226 80 234 487 444 0 0 442 0 0 316 402 0 0 0 0 103 0
出:8 求:6 数:5
一番高いモンスター: 7032
召喚 ID: 938
スコア: 8517675
3 2 3 0 0 205 242 226 80 234 487 444 0 0 442 0 0 316 402 0 0 0 0 103 0
出:12 求:10 数:4
一番高いモンスター: -1
スコア: 8517675
3 2 3 0 0 205 242 226 80 234 487 444 0 0 442 0 0 316 402 0 0 0 0 103 0
出:16 求:18 数:3
一番高いモンスター: -1
スコア: 8517675
3 2 3 0 0 205 242 226 80 234 487 444 0 0 442 0 0 316 402 0 0 0 0 103 0
出:21 求:23 数:2
一番高いモンスター: -1
スコア: 8517675
3 2 3 0 0 205 242 226 80 234 487 444 0 0 442 0 0 316 402 0 0 0 0 103 0
出:8 求:6 数:5
一番高いモンスター: -1
スコア: 8517675
3 2 3 0 0 205 242 226 80 234 487 444 0 0 442 0 0 316 402 0 0 0 0 103 0
出:12 求:10 数:4
一番高いモンスター: -1
スコア: 8517675
3 2 3 0 0 205 242 226 80 234 487 444 0 0 442 0 0 316 402 0 0 0 0 103 0
出:16 求:18 数:3
一番高いモンスター: -1
スコア: 8517675
3 2 3 0 0 205 242 226 80 234 487 444 0 0 442 0 0 316 402 0 0 0 0 103 0
出:21 求:23 数:2
一番高いモンスター: -1
スコア: 8517675
3 2 3 0 0 205 242 226 80 234 487 444 0 0 442 0 0 316 402 0 0 0 0 103 0
出:8 求:6 数:5
一番高いモンスター: -1
スコア: 8517675
3 2 3 0 0 205 242 226 80 234 487 444 0 0 442 0 0 316 402 0 0 0 0 103 0
出:12 求:10 数:4
一番高いモンスター: -1
スコア: 8517675
3 4 6 2 5 206 244 226 80 234 488 447 0 0 442 0 0 317 402 0 0 0 0 103 0
出:16 求:18 数:3
一番高いモンスター: 8045
召喚 ID: 742
スコア: 8525679
0 1 0 1 2 206 244 226 80 234 488 447 0 0 442 0 0 317 402 0 0 0 0 103 0
出:21 求:23 数:2
一番高いモンスター: -1
スコア: 8525679
0 1 0 1 2 206 244 226 80 234 488 447 0 0 442 0 0 317 402 0 0 0 0 103 0
出:8 求:6 数:5
一番高いモンスター: -1
スコア: 8525679
0 1 0 1 2 206 244 226 80 234 488 447 0 0 442 0 0 317 402 0 0 0 0 103 0
出:12 求:10 数:4
一番高いモンスター: -1
スコア: 8525679
0 1 0 1 2 206 244 226 80 234 488 447 0 0 442 0 0 317 402 0 0 0 0 103 0
出:16 求:18 数:3
一番高いモンスター: -1
スコア: 8525679
0 1 0 1 2 206 244 226 80 234 488 447 0 0 442 0 0 317 402 0 0 0 0 103 0
出:21 求:23 数:2
一番高いモンスター: -1
スコア: 8525679
0 1 0 1 2 206 244 226 80 234 488 447 0 0 442 0 0 317 402 0 0 0 0 103 0
出:8 求:6 数:5
一番高いモンスター: -1
スコア: 8525679
0 1 0 1 2 206 244 226 80 234 488 447 0 0 442 0 0 317 402 0 0 0 0 103 0
出:12 求:10 数:4
一番高いモンスター: -1
スコア: 8525679
0 1 0 1 2 206 244 226 80 234 488 447 0 0 442 0 0 317 402 0 0 0 0 103 0
出:16 求:18 数:3
一番高いモンスター: -1
スコア: 8525679
1 5 0 2 4 207 244 229 80 236 488 448 0 0 445 0 0 319 402 0 0 0 0 103 0
出:21 求:23 数:2
一番高いモンスター: 4523
スコア: 8525679
1 5 0 2 4 207 244 229 80 236 488 448 0 0 445 0 0 319 402 0 0 0 0 103 0
出:8 求:6 数:5
一番高いモンスター: 4523
スコア: 8525679
1 5 0 2 4 207 244 229 80 236 488 448 0 0 445 0 0 319 402 0 0 0 0 103 0
出:12 求:10 数:4
一番高いモンスター: 4523
スコア: 8525679
1 5 0 2 4 207 244 229 80 236 488 448 0 0 445 0 0 319 402 0 0 0 0 103 0
出:16 求:18 数:3
一番高いモンスター: 4523
スコア: 8525679
1 5 0 2 4 207 244 229 80 236 488 448 0 0 445 0 0 319 402 0 0 0 0 103 0
出:21 求:23 数:2
一番高いモンスター: 4523
スコア: 8525679
1 5 0 2 4 207 244 229 80 236 488 448 0 0 445 0 0 319 402 0 0 0 0 103 0
出:8 求:6 数:5
一番高いモンスター: 4523
スコア: 8525679
1 5 0 2 4 207 244 229 80 236 488 448 0 0 445 0 0 319 402 0 0 0 0 103 0
出:12 求:10 数:4
一番高いモンスター: 4523
スコア: 8525679
1 5 0 2 4 207 244 229 80 236 488 448 0 0 445 0 0 319 402 0 0 0 0 103 0
出:16 求:18 数:3
一番高いモンスター: 4523
スコア: 8525679
1 5 0 2 4 207 244 229 80 236 488 448 0 0 445 0 0 319 402 0 0 0 0 103 0
出:21 求:23 数:2
一番高いモンスター: 4523
スコア: 8525679
1 5 0 2 4 207 244 229 80 236 488 448 0 0 445 0 0 319 402 0 0 0 0 103 0
出:8 求:6 数:5
一番高いモンスター: 4523
スコア: 8525679
3 7 3 7 6 207 244 230 80 237 488 448 0 0 446 0 0 320 402 0 0 0 0 105 0
出:12 求:10 数:4
一番高いモンスター: 9565
召喚 ID: 810
スコア: 8535173
0 4 0 0 3 207 244 230 80 237 488 448 0 0 446 0 0 320 402 0 0 0 0 105 0
出:16 求:18 数:3
一番高いモンスター: -1
スコア: 8535173
0 4 0 0 3 207 244 230 80 237 488 448 0 0 446 0 0 320 402 0 0 0 0 105 0
出:21 求:23 数:2
一番高いモンスター: -1
スコア: 8535173
0 4 0 0 3 207 244 230 80 237 488 448 0 0 446 0 0 320 402 0 0 0 0 105 0
出:8 求:6 数:5
一番高いモンスター: -1
スコア: 8535173
0 4 0 0 3 207 244 230 80 237 488 448 0 0 446 0 0 320 402 0 0 0 0 105 0
出:12 求:10 数:4
一番高いモンスター: -1
スコア: 8535173
0 4 0 0 3 207 244 230 80 237 488 448 0 0 446 0 0 320 402 0 0 0 0 105 0
出:16 求:18 数:3
一番高いモンスター: -1
スコア: 8535173
0 4 0 0 3 207 244 230 80 237 488 448 0 0 446 0 0 320 402 0 0 0 0 105 0
出:21 求:23 数:2
一番高いモンスター: -1
スコア: 8535173
0 4 0 0 3 207 244 230 80 237 488 448 0 0 446 0 0 320 402 0 0 0 0 105 0
出:8 求:6 数:5
一番高いモンスター: -1
スコア: 8535173
0 4 0 0 3 207 244 230 80 237 488 448 0 0 446 0 0 320 402 0 0 0 0 105 0
出:12 求:10 数:4
一番高いモンスター: -1
スコア: 8535173
2 4 1 3 4 208 245 232 80 240 490 449 0 0 449 0 0 320 402 0 0 0 0 105 0
出:16 求:18 数:3
一番高いモンスター: 5041
召喚 ID: 602
スコア: 8540037
0 0 1 2 1 208 245 232 80 240 490 449 0 0 449 0 0 320 402 0 0 0 0 105 0
出:21 求:23 数:2
一番高いモンスター: -1
スコア: 8540037
0 0 1 2 1 208 245 232 80 240 490 449 0 0 449 0 0 320 402 0 0 0 0 105 0
出:8 求:6 数:5
一番高いモンスター: -1
スコア: 8540037
0 0 1 2 1 208 245 232 80 240 490 449 0 0 449 0 0 320 402 0 0 0 0 105 0
出:12 求:10 数:4
一番高いモンスター: -1
スコア: 8540037
0 0 1 2 1 208 245 232 80 240 490 449 0 0 449 0 0 320 402 0 0 0 0 105 0
出:16 求:18 数:3
一番高いモンスター: -1
スコア: 8540037
0 0 1 2 1 208 245 232 80 240 490 449 0 0 449 0 0 320 402 0 0 0 0 105 0
出:21 求:23 数:2
一番高いモンスター: -1
スコア: 8540037
0 0 1 2 1 208 245 232 80 240 490 449 0 0 449 0 0 320 402 0 0 0 0 105 0
出:8 求:6 数:5
一番高いモンスター: -1
スコア: 8540037
0 0 1 2 1 208 245 232 80 240 490 449 0 0 449 0 0 320 402 0 0 0 0 105 0
出:12 求:10 数:4
一番高いモンスター: -1
スコア: 8540037
0 0 1 2 1 208 245 232 80 240 490 449 0 0 449 0 0 320 402 0 0 0 0 105 0
出:16 求:18 数:3
一番高いモンスター: -1
スコア: 8540037
3 5 3 3 2 211 247 233 80 240 490 450 0 0 450 0 0 320 402 0 0 0 0 105 0
出:21 求:23 数:2
一番高いモンスター: 6528
召喚 ID: 632
スコア: 8546501
0 0 2 0 1 211 247 233 80 240 490 450 0 0 450 0 0 320 402 0 0 0 0 105 0
出:8 求:6 数:5
一番高いモンスター: -1
スコア: 8546501
0 0 2 0 1 211 247 233 80 240 490 450 0 0 450 0 0 320 402 0 0 0 0 105 0
出:12 求:10 数:4
一番高いモンスター: -1
スコア: 8546501
0 0 2 0 1 211 247 233 80 240 490 450 0 0 450 0 0 320 402 0 0 0 0 105 0
出:16 求:18 数:3
一番高いモンスター: -1
スコア: 8546501
0 0 2 0 1 211 247 233 80 240 490 450 0 0 450 0 0 320 402 0 0 0 0 105 0
出:21 求:23 数:2
一番高いモンスター: -1
スコア: 8546501
0 0 2 0 1 211 247 233 80 240 490 450 0 0 450 0 0 320 402 0 0 0 0 105 0
出:8 求:6 数:5
一番高いモンスター: -1
スコア: 8546501
0 0 2 0 1 211 247 233 80 240 490 450 0 0 450 0 0 320 402 0 0 0 0 105 0
出:12 求:10 数:4
一番高いモンスター: -1
スコア: 8546501
0 0 2 0 1 211 247 233 80 240 490 450 0 0 450 0 0 320 402 0 0 0 0 105 0
出:16 求:18 数:3
一番高いモンスター: -1
スコア: 8546501
0 0 2 0 1 211 247 233 80 240 490 450 0 0 450 0 0 320 402 0 0 0 0 105 0
出:21 求:23 数:2
一番高いモンスター: -1
スコア: 8546501
1 2 3 2 3 212 247 234 80 241 490 454 0 0 451 0 0 324 402 0 0 0 0 105 0
出:8 求:6 数:5
一番高いモンスター: 4035
スコア: 8546501
1 2 3 2 3 212 247 234 80 241 490 454 0 0 451 0 0 324 402 0 0 0 0 105 0
出:12 求:10 数:4
一番高いモンスター: 4035
スコア: 8546501
1 2 3 2 3 212 247 234 80 241 490 454 0 0 451 0 0 324 402 0 0 0 0 105 0
出:16 求:18 数:3
一番高いモンスター: 4035
スコア: 8546501
1 2 3 2 3 212 247 234 80 241 490 454 0 0 451 0 0 324 402 0 0 0 0 105 0
出:21 求:23 数:2
一番高いモンスター: 4035
スコア: 8546501
1 2 3 2 3 212 247 234 80 241 490 454 0 0 451 0 0 324 402 0 0 0 0 105 0
出:8 求:6 数:5
一番高いモンスター: 4035
スコア: 8546501
1 2 3 2 3 212 247 234 80 241 490 454 0 0 451 0 0 324 402 0 0 0 0 105 0
出:12 求:10 数:4
一番高いモンスター: 4035
スコア: 8546501
1 2 3 2 3 212 247 234 80 241 490 454 0 0 451 0 0 324 402 0 0 0 0 105 0
出:16 求:18 数:3
一番高いモンスター: 4035
スコア: 8546501
1 2 3 2 3 212 247 234 80 241 490 454 0 0 451 0 0 324 402 0 0 0 0 105 0
出:21 求:23 数:2
一番高いモンスター: 4035
スコア: 8546501
1 2 3 2 3 212 247 234 80 241 490 454 0 0 451 0 0 324 402 0 0 0 0 105 0
出:8 求:6 数:5
一番高いモンスター: 4035
スコア: 8546501
4 3 7 3 5 213 250 234 80 241 491 457 0 0 451 0 0 324 402 0 0 0 0 106 0
出:12 求:10 数:4
一番高いモンスター: 8045
召喚 ID: 742
スコア: 8554500
1 0 1 2 2 213 250 234 80 241 491 457 0 0 451 0 0 324 402 0 0 0 0 106 0
出:16 求:18 数:3
一番高いモンスター: -1
スコア: 8554500
1 0 1 2 2 213 250 234 80 241 491 457 0 0 451 0 0 324 402 0 0 0 0 106 0
出:21 求:23 数:2
一番高いモンスター: -1
スコア: 8554500
1 0 1 2 2 213 250 234 80 241 491 457 0 0 451 0 0 324 402 0 0 0 0 106 0
出:8 求:6 数:5
一番高いモンスター: -1
スコア: 8554500
1 0 1 2 2 213 250 234 80 241 491 457 0 0 451 0 0 324 402 0 0 0 0 106 0
出:12 求:10 数:4
一番高いモンスター: -1
スコア: 8554500
1 0 1 2 2 213 250 234 80 241 491 457 0 0 451 0 0 324 402 0 0 0 0 106 0
出:16 求:18 数:3
一番高いモンスター: -1
スコア: 8554500
1 0 1 2 2 213 250 234 80 241 491 457 0 0 451 0 0 324 402 0 0 0 0 106 0
出:21 求:23 数:2
一番高いモンスター: -1
スコア: 8554500
1 0 1 2 2 213 250 234 80 241 491 457 0 0 451 0 0 324 402 0 0 0 0 106 0
出:8 求:6 数:5
一番高いモンスター: -1
スコア: 8554500
1 0 1 2 2 213 250 234 80 241 491 457 0 0 451 0 0 324 402 0 0 0 0 106 0
出:12 求:10 数:4
一番高いモンスター: -1
スコア: 8554500
1 0 1 2 2 213 250 234 80 241 491 457 0 0 451 0 0 324 402 0 0 0 0 106 0
出:16 求:18 数:3
一番高いモンスター: -1
スコア: 8554500
1 1 3 3 3 214 252 238 80 242 494 458 0 0 452 0 0 324 402 0 0 0 0 108 0
出:21 求:23 数:2
一番高いモンスター: 3534
スコア: 8554500
1 1 3 3 3 214 252 238 80 242 494 458 0 0 452 0 0 324 402 0 0 0 0 108 0
出:8 求:6 数:5
一番高いモンスター: 3534
スコア: 8554500
1 1 3 3 3 214 252 238 80 242 494 458 0 0 452 0 0 324 402 0 0 0 0 108 0
出:12 求:10 数:4
一番高いモンスター: 3534
スコア: 8554500
1 1 3 3 3 214 252 238 80 242 494 458 0 0 452 0 0 324 402 0 0 0 0 108 0
出:16 求:18 数:3
一番高いモンスター: 3534
スコア: 8554500
1 1 3 3 3 214 252 238 80 242 494 458 0 0 452 0 0 324 402 0 0 0 0 108 0
出:21 求:23 数:2
一番高いモンスター: 3534
スコア: 8554500
1 1 3 3 3 214 252 238 80 242 494 458 0 0 452 0 0 324 402 0 0 0 0 108 0
出:8 求:6 数:5
一番高いモンスター: 3534
スコア: 8554500
1 1 3 3 3 214 252 238 80 242 494 458 0 0 452 0 0 324 402 0 0 0 0 108 0
出:12 求:10 数:4
一番高いモンスター: 3534
スコア: 8554500
1 1 3 3 3 214 252 238 80 242 494 458 0 0 452 0 0 324 402 0 0 0 0 108 0
出:16 求:18 数:3
一番高いモンスター: 3534
スコア: 8554500
1 1 3 3 3 214 252 238 80 242 494 458 0 0 452 0 0 324 402 0 0 0 0 108 0
出:21 求:23 数:2
一番高いモンスター: 3534
スコア: 8554500
3 3 5 4 4 216 254 239 80 244 495 459 0 0 452 0 0 324 403 0 0 0 0 110 0
出:8 求:6 数:5
一番高いモンスター: 8078
召喚 ID: 852
スコア: 8562434
0 0 2 0 1 216 254 239 80 244 495 459 0 0 452 0 0 324 403 0 0 0 0 110 0
出:12 求:10 数:4
一番高いモンスター: -1
スコア: 8562434
0 0 2 0 1 216 254 239 80 244 495 459 0 0 452 0 0 324 403 0 0 0 0 110 0
出:16 求:18 数:3
一番高いモンスター: -1
スコア: 8562434
0 0 2 0 1 216 254 239 80 244 495 459 0 0 452 0 0 324 403 0 0 0 0 110 0
出:21 求:23 数:2
一番高いモンスター: -1
スコア: 8562434
0 0 2 0 1 216 254 239 80 244 495 459 0 0 452 0 0 324 403 0 0 0 0 110 0
出:8 求:6 数:5
一番高いモンスター: -1
スコア: 8562434
0 0 2 0 1 216 254 239 80 244 495 459 0 0 452 0 0 324 403 0 0 0 0 110 0
出:12 求:10 数:4
一番高いモンスター: -1
スコア: 8562434
0 0 2 0 1 216 254 239 80 244 495 459 0 0 452 0 0 324 403 0 0 0 0 110 0
出:16 求:18 数:3
一番高いモンスター: -1
スコア: 8562434
0 0 2 0 1 216 254 239 80 244 495 459 0 0 452 0 0 324 403 0 0 0 0 110 0
出:21 求:23 数:2
一番高いモンスター: -1
スコア: 8562434
0 0 2 0 1 216 254 239 80 244 495 459 0 0 452 0 0 324 403 0 0 0 0 110 0
出:8 求:6 数:5
一番高いモンスター: -1
スコア: 8562434
3 1 5 1 5 217 257 239 80 245 495 459 0 0 453 0 0 325 403 0 0 0 0 111 0
出:12 求:10 数:4
一番高いモンスター: 5037
召喚 ID: 738
スコア: 8567430
2 0 0 0 3 217 257 239 80 245 495 459 0 0 453 0 0 325 403 0 0 0 0 111 0
出:16 求:18 数:3
一番高いモンスター: -1
スコア: 8567430
2 0 0 0 3 217 257 239 80 245 495 459 0 0 453 0 0 325 403 0 0 0 0 111 0
出:21 求:23 数:2
一番高いモンスター: -1
スコア: 8567430
2 0 0 0 3 217 257 239 80 245 495 459 0 0 453 0 0 325 403 0 0 0 0 111 0
出:8 求:6 数:5
一番高いモンスター: -1
スコア: 8567430
2 0 0 0 3 217 257 239 80 245 495 459 0 0 453 0 0 325 403 0 0 0 0 111 0
出:12 求:10 数:4
一番高いモンスター: -1
スコア: 8567430
2 0 0 0 3 217 257 239 80 245 495 459 0 0 453 0 0 325 403 0 0 0 0 111 0
出:16 求:18 数:3
一番高いモンスター: -1
スコア: 8567430
2 0 0 0 3 217 257 239 80 245 495 459 0 0 453 0 0 325 403 0 0 0 0 111 0
出:21 求:23 数:2
一番高いモンスター: -1
スコア: 8567430
2 0 0 0 3 217 257 239 80 245 495 459 0 0 453 0 0 325 403 0 0 0 0 111 0
出:8 求:6 数:5
一番高いモンスター: -1
スコア: 8567430
2 0 0 0 3 217 257 239 80 245 495 459 0 0 453 0 0 325 403 0 0 0 0 111 0
出:12 求:10 数:4
一番高いモンスター: -1
スコア: 8567430
2 1 4 2 5 219 259 239 80 249 496 459 0 0 454 0 0 325 404 0 0 0 0 111 0
出:16 求:18 数:3
一番高いモンスター: 5014
召喚 ID: 905
スコア: 8572410
1 1 0 2 0 219 259 239 80 249 496 459 0 0 454 0 0 325 404 0 0 0 0 111 0
出:21 求:23 数:2
一番高いモンスター: -1
スコア: 8572410
1 1 0 2 0 219 259 239 80 249 496 459 0 0 454 0 0 325 404 0 0 0 0 111 0
出:8 求:6 数:5
一番高いモンスター: -1
