スコア: 32909041
2 2 1 4 2 46 48 52 49 42 440 433 20 18 443 6 3 337 334 2 0 0 1 21 0
求:13 出:17 数:10
一番高いモンスター: 108786
召喚 ID: 407
スコア: 33009572
2 2 1 4 2 41 43 50 43 40 440 433 20 18 443 6 3 337 334 2 0 0 1 21 0
求:13 出:17 数:10
一番高いモンスター: 108786
召喚 ID: 407
スコア: 33110073
2 2 1 4 2 36 38 48 37 38 440 433 20 18 443 6 3 337 334 2 0 0 1 21 0
求:13 出:17 数:10
一番高いモンスター: 108786
召喚 ID: 407
スコア: 33210514
2 2 1 4 2 31 33 46 31 36 440 433 20 18 443 6 3 337 334 2 0 0 1 21 0
求:13 出:17 数:10
一番高いモンスター: 108786
召喚 ID: 407
スコア: 33310925
2 2 1 4 2 26 28 44 25 34 440 433 20 18 443 6 3 337 334 2 0 0 1 21 0
求:13 出:17 数:10
一番高いモンスター: 108786
召喚 ID: 407
スコア: 33411306
2 2 1 4 2 21 23 42 19 32 440 433 20 18 443 6 3 337 334 2 0 0 1 21 0
求:13 出:17 数:10
一番高いモンスター: 108786
召喚 ID: 407
スコア: 33511657
2 2 1 4 2 16 18 40 13 30 440 433 20 18 443 6 3 337 334 2 0 0 1 21 0
求:13 出:17 数:10
一番高いモンスター: 108786
召喚 ID: 407
スコア: 33611978
3 6 3 6 5 13 14 38 7 30 441 433 20 18 444 6 3 338 334 2 0 0 1 21 0
求:13 出:17 数:10
一番高いモンスター: 108786
召喚 ID: 407
スコア: 33712268
3 6 3 6 5 8 9 36 1 28 441 433 20 18 444 6 3 338 334 2 0 0 1 21 0
求:13 出:17 数:10
一番高いモンスター: 82129
召喚 ID: 276
スコア: 33782280
3 6 3 6 5 1 4 34 1 23 441 433 20 18 444 6 3 338 334 2 0 0 1 21 0
求:13 出:17 数:10
一番高いモンスター: 57222
召喚 ID: 453
