スコア: 78180803
63 52 46 56 51 108 178 244 13 170 385 230 12 10 414 17 21 81 78 17 10 0 4 27 0
求:8 出:7 数:5
一番高いモンスター: 534239
スコア: 78180803
63 52 46 56 51 108 178 244 13 170 385 230 12 10 414 17 21 81 78 17 10 0 4 27 0
求:13 出:7 数:5
一番高いモンスター: 534239
スコア: 78180803
63 52 46 56 51 108 178 244 13 170 385 230 12 10 414 17 21 81 78 17 10 0 4 27 0
求:15 出:17 数:5
一番高いモンスター: 534239
スコア: 78180803
63 52 46 56 51 108 178 244 13 170 385 230 12 10 414 17 21 81 78 17 10 0 4 27 0
求:8 出:7 数:5
一番高いモンスター: 534239
スコア: 78180803
63 52 46 56 51 108 178 244 13 170 385 230 12 10 414 17 21 81 78 17 10 0 4 27 0
求:13 出:7 数:5
一番高いモンスター: 534239
スコア: 78180803
63 52 46 56 51 108 178 244 13 170 385 230 12 10 414 17 21 81 78 17 10 0 4 27 0
求:15 出:17 数:5
一番高いモンスター: 534239
スコア: 78180803
63 52 46 56 51 108 178 244 13 170 385 230 12 10 414 17 21 81 78 17 10 0 4 27 0
求:8 出:7 数:5
一番高いモンスター: 534239
スコア: 78180803
63 52 46 56 51 108 178 244 13 170 385 230 12 10 414 17 21 81 78 17 10 0 4 27 0
求:13 出:7 数:5
一番高いモンスター: 534239
スコア: 78180803
66 53 47 57 57 108 180 246 13 170 386 230 12 10 415 17 21 81 79 17 10 0 4 28 0
求:15 出:17 数:5
一番高いモンスター: 534239
スコア: 78180803
66 53 47 57 57 108 180 246 13 170 386 230 12 10 415 17 21 81 79 17 10 0 4 28 0
求:8 出:7 数:5
一番高いモンスター: 534239
スコア: 78180803
66 53 47 57 57 108 180 246 13 170 386 230 12 10 415 17 21 81 79 17 10 0 4 28 0
求:13 出:7 数:5
一番高いモンスター: 534239
スコア: 78180803
66 53 47 57 57 108 180 246 13 170 386 230 12 10 415 17 21 81 79 17 10 0 4 28 0
求:15 出:17 数:5
一番高いモンスター: 534239
スコア: 78180803
66 53 47 57 57 108 180 246 13 170 386 230 12 10 415 17 21 81 79 17 10 0 4 28 0
求:8 出:7 数:5
一番高いモンスター: 534239
スコア: 78180803
66 53 47 57 57 108 180 246 13 170 386 230 12 10 415 17 21 81 79 17 10 0 4 28 0
求:13 出:14 数:5
一番高いモンスター: 534239
スコア: 78180803
66 53 47 57 57 108 180 246 13 170 386 230 12 10 415 17 21 81 79 17 10 0 4 28 0
求:15 出:14 数:5
一番高いモンスター: 534239
スコア: 78180803
66 53 47 57 57 108 180 246 13 170 386 230 12 10 415 17 21 81 79 17 10 0 4 28 0
求:8 出:7 数:5
一番高いモンスター: 534239
スコア: 78180803
66 53 47 57 57 108 180 246 13 170 386 230 12 10 415 17 21 81 79 17 10 0 4 28 0
求:13 出:7 数:5
一番高いモンスター: 534239
スコア: 78180803
66 53 47 57 57 108 180 246 13 170 386 230 12 10 415 17 21 81 79 17 10 0 4 28 0
求:15 出:17 数:5
一番高いモンスター: 534239
スコア: 78180803
71 55 49 57 57 109 180 246 13 170 389 230 12 10 418 17 21 84 80 17 10 0 4 28 0
求:8 出:7 数:5
一番高いモンスター: 534239
スコア: 78180803
71 55 49 57 57 109 180 246 13 170 389 230 12 10 418 17 21 84 80 17 10 0 4 28 0
求:13 出:7 数:5
一番高いモンスター: 534239
スコア: 78180803
71 55 49 57 57 109 180 246 13 170 389 230 12 10 418 17 21 84 80 17 10 0 4 28 0
求:15 出:14 数:5
一番高いモンスター: 534239
スコア: 78180803
71 55 49 57 57 109 180 246 13 170 389 230 12 10 418 17 21 84 80 17 10 0 4 28 0
求:8 出:7 数:5
一番高いモンスター: 534239
スコア: 78180803
71 55 49 57 57 109 180 246 13 170 389 230 12 10 418 17 21 84 80 17 10 0 4 28 0
求:13 出:7 数:5
一番高いモンスター: 534239
スコア: 78180803
71 55 49 57 57 109 180 246 13 170 389 230 12 10 418 17 21 84 80 17 10 0 4 28 0
求:15 出:14 数:5
一番高いモンスター: 534239
スコア: 78180803
71 55 49 57 57 109 180 246 13 170 389 230 12 10 418 17 21 84 80 17 10 0 4 28 0
求:8 出:7 数:5
一番高いモンスター: 534239
スコア: 78180803
71 55 49 57 57 109 180 246 13 170 389 230 12 10 418 17 21 84 80 17 10 0 4 28 0
求:13 出:14 数:5
一番高いモンスター: 534239
スコア: 78180803
71 55 49 57 57 109 180 246 13 170 389 230 12 10 418 17 21 84 80 17 10 0 4 28 0
求:15 出:17 数:5
一番高いモンスター: 534239
スコア: 78180803
71 56 52 59 59 111 184 248 13 170 389 231 12 10 418 17 21 86 81 17 10 0 4 28 0
求:8 出:7 数:5
一番高いモンスター: 534239
スコア: 78180803
71 56 52 59 59 111 184 248 13 170 389 231 12 10 418 17 21 86 81 17 10 0 4 28 0
求:13 出:14 数:5
一番高いモンスター: 534239
スコア: 78180803
71 56 52 59 59 111 184 248 13 170 389 231 12 10 418 17 21 86 81 17 10 0 4 28 0
求:15 出:17 数:5
一番高いモンスター: 534239
スコア: 78180803
71 56 52 59 59 111 184 248 13 170 389 231 12 10 418 17 21 86 81 17 10 0 4 28 0
求:8 出:7 数:5
一番高いモンスター: 534239
スコア: 78180803
71 56 52 59 59 111 184 248 13 170 389 231 12 10 418 17 21 86 81 17 10 0 4 28 0
求:13 出:14 数:5
一番高いモンスター: 534239
スコア: 78180803
71 56 52 59 59 111 184 248 13 170 389 231 12 10 418 17 21 86 81 17 10 0 4 28 0
求:15 出:17 数:5
一番高いモンスター: 534239
スコア: 78180803
71 56 52 59 59 111 184 248 13 170 389 231 12 10 418 17 21 86 81 17 10 0 4 28 0
求:8 出:7 数:5
一番高いモンスター: 534239
スコア: 78180803
71 56 52 59 59 111 184 248 13 170 389 231 12 10 418 17 21 86 81 17 10 0 4 28 0
求:13 出:14 数:5
一番高いモンスター: 534239
スコア: 78180803
71 56 52 59 59 111 184 248 13 170 389 231 12 10 418 17 21 86 81 17 10 0 4 28 0
求:15 出:14 数:5
一番高いモンスター: 534239
スコア: 78180803
73 59 52 63 60 115 185 248 13 170 390 233 12 10 420 17 21 86 81 17 10 0 4 28 0
求:8 出:7 数:5
一番高いモンスター: 534239
スコア: 78180803
73 59 52 63 60 115 185 248 13 170 390 233 12 10 420 17 21 86 81 17 10 0 4 28 0
求:13 出:14 数:5
一番高いモンスター: 534239
スコア: 78180803
73 59 52 63 60 115 185 248 13 170 390 233 12 10 420 17 21 86 81 17 10 0 4 28 0
求:15 出:17 数:5
一番高いモンスター: 534239
スコア: 78180803
73 59 52 63 60 115 185 248 13 170 390 233 12 10 420 17 21 86 81 17 10 0 4 28 0
求:8 出:7 数:5
一番高いモンスター: 534239
スコア: 78180803
73 59 52 63 60 115 185 248 13 170 390 233 12 10 420 17 21 86 81 17 10 0 4 28 0
求:13 出:14 数:5
一番高いモンスター: 534239
スコア: 78180803
73 59 52 63 60 115 185 248 13 170 390 233 13 10 420 17 21 86 81 17 10 0 4 28 0
求:15 出:17 数:5
一番高いモンスター: 534239
スコア: 78180803
73 59 52 63 60 115 185 248 13 170 390 233 13 10 420 17 21 86 81 17 10 0 4 28 0
求:8 出:7 数:5
一番高いモンスター: 534239
スコア: 78180803
73 59 52 63 60 115 185 248 13 170 390 233 13 10 420 17 21 86 81 17 10 0 4 28 0
求:13 出:14 数:5
一番高いモンスター: 534239
スコア: 78180803
73 59 52 63 60 115 185 248 13 170 390 233 13 10 420 17 21 86 81 17 10 0 4 28 0
求:15 出:17 数:5
一番高いモンスター: 534239
スコア: 78180803
73 61 54 68 61 117 186 248 13 171 391 235 13 10 421 17 21 86 82 17 10 0 4 29 0
求:8 出:7 数:5
一番高いモンスター: 534239
スコア: 78180803
73 61 54 68 61 117 186 248 13 171 391 235 13 10 421 17 21 86 82 17 10 0 4 29 0
求:13 出:14 数:5
一番高いモンスター: 534239
スコア: 78180803
73 61 54 68 61 117 186 248 13 171 391 235 14 10 421 17 21 86 82 17 10 0 4 29 0
求:15 出:14 数:5
一番高いモンスター: 534239
スコア: 78180803
73 61 54 68 61 117 186 248 13 171 391 235 14 10 421 17 21 86 82 17 10 0 4 29 0
求:8 出:7 数:5
一番高いモンスター: 534239
スコア: 78180803
73 61 54 68 61 117 186 248 13 171 391 235 14 10 421 17 21 86 82 17 10 0 4 29 0
求:13 出:14 数:5
一番高いモンスター: 534239
スコア: 78180803
73 61 54 68 61 117 186 248 13 171 391 235 14 10 421 17 21 86 82 17 10 0 4 29 0
求:15 出:14 数:5
一番高いモンスター: 534239
スコア: 78180803
73 61 54 68 61 117 186 248 13 171 391 235 14 10 421 17 21 86 82 17 10 0 4 29 0
求:8 出:7 数:5
一番高いモンスター: 534239
スコア: 78180803
73 61 54 68 61 117 186 248 13 171 391 235 14 10 421 17 21 86 82 17 10 0 4 29 0
求:13 出:14 数:5
一番高いモンスター: 534239
スコア: 78180803
73 61 54 68 61 117 186 248 13 171 391 235 14 10 421 17 21 86 82 17 10 0 4 29 0
求:15 出:14 数:5
一番高いモンスター: 534239
スコア: 78180803
73 64 57 70 63 117 187 249 13 174 392 236 14 10 421 17 21 87 84 17 10 0 4 29 0
求:8 出:7 数:5
一番高いモンスター: 534239
スコア: 78180803
73 64 57 70 63 117 187 249 13 174 392 236 14 10 421 17 21 87 84 17 10 0 4 29 0
求:13 出:7 数:5
一番高いモンスター: 534239
スコア: 78180803
73 64 57 70 63 117 187 249 13 174 392 236 14 10 421 17 21 87 84 17 10 0 4 29 0
求:15 出:17 数:5
一番高いモンスター: 534239
スコア: 78180803
73 64 57 70 63 117 187 249 13 174 392 236 14 10 421 17 21 87 84 17 10 0 4 29 0
求:8 出:7 数:5
一番高いモンスター: 534239
スコア: 78180803
73 64 57 70 63 117 187 249 13 174 392 236 14 10 421 17 21 87 84 17 10 0 4 29 0
求:13 出:14 数:5
一番高いモンスター: 534239
スコア: 78180803
73 64 57 70 63 117 187 249 13 174 392 236 14 10 421 17 21 87 84 17 10 0 4 29 0
求:15 出:17 数:5
一番高いモンスター: 534239
スコア: 78180803
73 64 57 70 63 117 187 249 13 174 392 236 14 10 421 17 21 87 84 17 10 0 4 29 0
求:8 出:7 数:5
一番高いモンスター: 534239
スコア: 78180803
73 64 57 70 63 117 187 249 13 174 392 236 14 10 421 17 21 87 84 17 10 0 4 29 0
求:13 出:7 数:5
一番高いモンスター: 534239
スコア: 78180803
73 64 57 70 63 117 187 249 13 174 392 236 14 10 421 17 21 87 84 17 10 0 4 29 0
求:15 出:17 数:5
一番高いモンスター: 534239
スコア: 78180803
73 67 58 73 65 117 190 250 13 174 394 238 14 10 422 17 21 88 84 17 10 0 4 30 0
求:8 出:7 数:5
一番高いモンスター: 534239
スコア: 78180803
73 67 58 73 65 117 190 250 13 174 394 238 14 10 422 17 21 88 84 17 10 0 4 30 0
求:13 出:14 数:5
一番高いモンスター: 534239
スコア: 78180803
73 67 58 73 65 117 190 250 13 174 394 238 14 10 422 17 21 88 84 17 10 0 4 30 0
求:15 出:14 数:5
一番高いモンスター: 534239
スコア: 78180803
73 67 58 73 65 117 190 250 13 174 394 238 14 10 422 17 21 88 84 17 10 0 4 30 0
求:8 出:7 数:5
一番高いモンスター: 534239
スコア: 78180803
73 67 58 73 65 117 190 250 13 174 394 238 14 10 422 17 21 88 84 17 10 0 4 30 0
求:13 出:14 数:5
一番高いモンスター: 534239
スコア: 78180803
73 67 58 73 65 117 190 250 13 174 394 238 14 10 422 17 21 88 84 17 10 0 4 30 0
求:15 出:14 数:5
一番高いモンスター: 534239
スコア: 78180803
73 67 58 73 65 117 190 250 13 174 394 238 14 10 422 17 21 88 84 17 10 0 4 30 0
求:8 出:7 数:5
一番高いモンスター: 534239
スコア: 78180803
73 67 58 73 65 117 190 250 13 174 394 238 14 10 422 17 21 88 84 17 10 0 4 30 0
求:13 出:7 数:5
一番高いモンスター: 534239
スコア: 78180803
73 67 58 73 65 117 190 250 13 174 394 238 14 10 422 17 21 88 84 17 10 0 4 30 0
求:15 出:14 数:5
一番高いモンスター: 534239
スコア: 78180803
73 67 58 73 65 117 190 250 13 174 394 238 14 10 422 17 21 88 84 17 10 0 4 30 0
求:8 出:7 数:5
一番高いモンスター: 534239
スコア: 78180803
74 67 59 79 66 120 190 252 13 178 395 238 14 10 422 17 21 88 84 17 10 0 4 31 0
求:13 出:7 数:5
一番高いモンスター: 534239
スコア: 78180803
74 67 59 79 66 120 190 252 13 178 395 238 14 10 422 17 21 88 84 17 10 0 4 31 0
求:15 出:14 数:5
一番高いモンスター: 534239
スコア: 78180803
74 67 59 79 66 120 190 252 13 178 395 238 14 10 422 17 21 88 84 17 10 0 4 31 0
求:8 出:7 数:5
一番高いモンスター: 534239
スコア: 78180803
74 67 59 79 66 120 190 252 13 178 395 238 14 10 422 17 21 88 84 17 10 0 4 31 0
求:13 出:14 数:5
一番高いモンスター: 534239
スコア: 78180803
74 67 59 79 66 120 190 252 13 178 395 238 14 10 422 17 21 88 84 17 10 0 4 31 0
求:15 出:17 数:5
一番高いモンスター: 534239
スコア: 78180803
74 67 59 79 66 120 190 252 13 178 395 238 14 10 422 17 21 88 84 17 10 0 4 31 0
求:8 出:7 数:5
一番高いモンスター: 534239
スコア: 78180803
74 67 59 79 66 120 190 252 13 178 395 238 14 10 422 17 21 88 84 17 10 0 4 31 0
求:13 出:14 数:5
一番高いモンスター: 534239
スコア: 78180803
74 67 59 79 66 120 190 252 13 178 395 238 14 10 422 17 21 88 84 17 10 0 4 31 0
求:15 出:14 数:5
一番高いモンスター: 534239
スコア: 78180803
74 67 59 79 66 120 190 252 13 178 395 238 14 10 422 17 21 88 84 17 10 0 4 31 0
求:8 出:7 数:5
一番高いモンスター: 534239
スコア: 78180803
75 70 60 84 69 121 190 252 13 180 396 238 14 10 422 17 21 88 84 17 10 0 4 34 0
求:13 出:14 数:5
一番高いモンスター: 534239
スコア: 78180803
75 70 60 84 69 121 190 252 13 180 396 238 14 10 422 17 21 88 84 17 10 0 4 34 0
求:15 出:17 数:5
一番高いモンスター: 534239
スコア: 78180803
75 70 60 84 69 121 190 252 13 180 396 238 14 10 422 17 21 88 84 17 10 0 4 34 0
求:8 出:7 数:5
一番高いモンスター: 534239
スコア: 78180803
75 70 60 84 69 121 190 252 13 180 396 238 14 10 422 17 21 88 84 17 10 0 4 34 0
求:13 出:7 数:5
一番高いモンスター: 534239
スコア: 78180803
75 70 60 84 69 121 190 252 13 180 396 238 14 10 422 17 21 88 84 17 10 0 4 34 0
求:15 出:14 数:5
一番高いモンスター: 534239
スコア: 78180803
75 70 60 84 69 121 190 252 13 180 396 238 14 10 422 17 21 88 84 17 10 0 4 34 0
求:8 出:7 数:5
一番高いモンスター: 534239
スコア: 78180803
75 70 60 84 69 121 190 252 13 180 396 238 14 10 422 17 21 88 84 17 10 0 4 34 0
求:13 出:7 数:5
一番高いモンスター: 534239
スコア: 78180803
75 70 60 84 69 121 190 252 13 180 396 238 14 10 422 17 21 88 84 17 10 0 4 34 0
求:15 出:17 数:5
一番高いモンスター: 534239
スコア: 78180803
75 70 60 84 69 121 190 252 13 180 396 238 14 10 422 17 21 88 84 17 10 0 4 34 0
求:8 出:7 数:5
一番高いモンスター: 534239
スコア: 78180803
78 72 64 85 70 121 190 255 13 181 397 240 14 10 422 17 21 89 85 17 10 0 4 34 0
求:13 出:7 数:5
一番高いモンスター: 534239
スコア: 78180803
78 72 64 85 70 121 190 255 13 181 397 240 14 10 422 17 21 89 85 17 10 0 4 34 0
求:15 出:17 数:5
一番高いモンスター: 534239
スコア: 78180803
78 72 64 85 70 121 190 255 13 181 397 240 14 10 422 17 21 89 85 17 10 0 4 34 0
求:8 出:7 数:5
一番高いモンスター: 534239
スコア: 78180803
78 72 64 85 70 121 190 255 13 181 397 240 14 10 422 17 21 89 85 17 10 0 4 34 0
求:13 出:7 数:5
一番高いモンスター: 534239
スコア: 78180803
78 72 64 85 70 121 190 255 13 181 397 240 14 10 422 17 21 89 85 17 10 0 4 34 0
求:15 出:17 数:5
一番高いモンスター: 534239
スコア: 78180803
78 72 64 85 70 121 190 255 13 181 397 240 14 10 422 17 21 89 85 17 10 0 4 34 0
求:8 出:7 数:5
一番高いモンスター: 534239
スコア: 78180803
78 72 64 85 70 121 190 255 13 181 397 240 14 10 422 17 21 89 85 17 10 0 4 34 0
求:13 出:7 数:5
一番高いモンスター: 534239
スコア: 78180803
78 72 64 85 70 121 190 255 13 181 397 240 14 10 422 17 21 89 85 17 10 0 4 34 0
求:15 出:17 数:5
一番高いモンスター: 534239
スコア: 78180803
78 72 64 85 70 121 190 255 13 181 397 240 14 10 422 17 21 89 85 17 10 0 4 34 0
求:8 出:7 数:5
一番高いモンスター: 534239
スコア: 78180803
78 72 64 85 70 121 190 255 13 181 397 240 14 10 422 17 21 89 85 17 10 0 4 34 0
求:13 出:14 数:5
一番高いモンスター: 534239
スコア: 78180803
79 75 65 88 74 121 191 256 13 182 399 240 14 10 423 17 21 90 86 17 10 0 4 34 0
求:15 出:17 数:5
一番高いモンスター: 534239
スコア: 78180803
79 75 65 88 74 121 191 256 13 182 399 240 14 10 423 17 21 90 86 17 10 0 4 34 0
求:8 出:7 数:5
一番高いモンスター: 534239
スコア: 78180803
79 75 65 88 74 121 191 256 13 182 399 240 14 10 423 17 21 90 86 17 10 0 4 34 0
求:13 出:7 数:5
一番高いモンスター: 534239
スコア: 78180803
79 75 65 88 74 121 191 256 13 182 399 240 14 10 423 17 21 90 86 17 10 0 4 34 0
求:15 出:14 数:5
一番高いモンスター: 534239
スコア: 78180803
79 75 65 88 74 121 191 256 13 182 399 240 14 10 423 17 21 90 86 17 10 0 4 34 0
求:8 出:7 数:5
一番高いモンスター: 534239
スコア: 78180803
79 75 65 88 74 121 191 256 13 182 399 240 14 10 423 17 21 90 86 17 10 0 4 34 0
求:13 出:7 数:5
一番高いモンスター: 534239
スコア: 78180803
79 75 65 88 74 121 191 256 13 182 399 240 14 10 423 17 21 90 86 17 10 0 4 34 0
求:15 出:14 数:5
一番高いモンスター: 534239
スコア: 78180803
79 75 65 88 74 121 191 256 13 182 399 240 14 10 423 17 21 90 86 17 10 0 4 34 0
求:8 出:7 数:5
一番高いモンスター: 534239
スコア: 78180803
79 75 65 88 74 121 191 256 13 182 399 240 14 10 423 17 21 90 86 17 10 0 4 34 0
求:13 出:14 数:5
一番高いモンスター: 534239
スコア: 78180803
81 76 65 89 78 121 191 256 13 185 400 240 14 10 425 17 21 92 89 17 10 0 4 35 0
求:15 出:17 数:5
一番高いモンスター: 534239
スコア: 78180803
81 76 65 89 78 121 191 256 13 185 400 240 14 10 425 17 21 92 89 17 10 0 4 35 0
求:8 出:7 数:5
一番高いモンスター: 534239
スコア: 78180803
81 76 65 89 78 121 191 256 13 185 400 240 14 10 425 17 21 92 89 17 10 0 4 35 0
求:13 出:7 数:5
一番高いモンスター: 534239
スコア: 78180803
81 76 65 89 78 121 191 256 13 185 400 240 14 10 425 17 21 92 89 17 10 0 4 35 0
求:15 出:17 数:5
一番高いモンスター: 534239
スコア: 78180803
81 76 65 89 78 121 191 256 13 185 400 240 14 10 425 17 21 92 89 17 10 0 4 35 0
求:8 出:7 数:5
一番高いモンスター: 534239
スコア: 78180803
81 76 65 89 78 121 191 256 13 185 400 240 14 10 425 17 21 92 89 17 10 0 4 35 0
求:13 出:7 数:5
一番高いモンスター: 534239
スコア: 78180803
81 76 65 89 78 121 191 256 13 185 400 240 14 10 425 17 21 92 89 17 10 0 4 35 0
求:15 出:14 数:5
一番高いモンスター: 534239
スコア: 78180803
81 76 65 89 78 121 191 256 13 185 400 240 14 10 425 17 21 92 89 17 10 0 4 35 0
求:8 出:7 数:5
一番高いモンスター: 534239
スコア: 78180803
81 76 65 89 78 121 191 256 13 185 400 240 14 10 425 17 23 92 89 17 10 0 4 35 0
求:13 出:14 数:5
一番高いモンスター: 534239
スコア: 78180803
85 80 65 90 81 122 193 256 13 187 401 240 14 10 425 17 23 92 90 17 10 0 4 36 0
求:15 出:17 数:5
一番高いモンスター: 534239
スコア: 78180803
85 80 65 90 81 122 193 256 13 187 401 240 14 10 425 17 23 92 90 17 10 0 4 36 0
求:8 出:7 数:5
一番高いモンスター: 534239
スコア: 78180803
85 80 65 90 81 122 193 256 13 187 401 240 14 10 425 17 23 92 90 17 10 0 4 36 0
求:13 出:14 数:5
一番高いモンスター: 534239
スコア: 78180803
85 80 65 90 81 122 193 256 13 187 401 240 14 10 425 17 23 92 90 17 10 0 4 36 0
求:15 出:14 数:5
一番高いモンスター: 534239
スコア: 78180803
85 80 65 90 81 122 193 256 13 187 401 240 14 10 425 17 23 92 90 17 10 0 4 36 0
求:8 出:7 数:5
一番高いモンスター: 534239
スコア: 78180803
85 80 65 90 81 122 193 256 13 187 401 240 14 10 425 17 23 92 90 17 10 0 4 36 0
求:13 出:14 数:5
一番高いモンスター: 534239
スコア: 78180803
85 80 65 90 81 122 193 256 13 187 401 240 14 10 425 17 23 92 90 17 10 0 4 36 0
求:15 出:14 数:5
一番高いモンスター: 534239
スコア: 78180803
85 80 65 90 81 122 193 256 13 187 401 240 14 10 425 17 23 92 90 17 10 0 4 36 0
求:8 出:7 数:5
一番高いモンスター: 534239
スコア: 78180803
85 80 65 90 81 122 193 256 13 187 401 240 14 10 425 17 23 92 90 17 10 0 4 36 0
求:13 出:14 数:5
一番高いモンスター: 534239
スコア: 78180803
85 80 65 90 81 122 193 256 13 187 401 240 14 10 425 17 23 92 90 17 10 0 4 36 0
求:15 出:14 数:5
一番高いモンスター: 534239
スコア: 78180803
87 82 69 91 84 124 194 256 13 188 402 241 14 10 425 17 23 93 90 17 10 0 4 37 0
求:8 出:7 数:5
一番高いモンスター: 534239
スコア: 78180803
87 82 69 91 84 124 194 256 13 188 402 241 14 10 425 17 23 93 90 17 10 0 4 37 0
求:13 出:14 数:5
一番高いモンスター: 534239
スコア: 78180803
87 82 69 91 84 124 194 256 13 188 402 241 14 10 425 17 23 93 90 17 10 0 4 37 0
求:15 出:14 数:5
一番高いモンスター: 534239
スコア: 78180803
87 82 69 91 84 124 194 256 13 188 402 241 14 10 425 17 23 93 90 17 10 0 4 37 0
求:8 出:7 数:5
一番高いモンスター: 534239
スコア: 78180803
87 82 69 91 84 124 194 256 13 188 402 241 14 10 425 17 23 93 90 17 10 0 4 37 0
求:13 出:7 数:5
一番高いモンスター: 534239
スコア: 78180803
87 82 69 91 84 124 194 256 13 188 402 241 14 10 425 17 23 93 90 17 10 0 4 37 0
求:15 出:17 数:5
一番高いモンスター: 534239
スコア: 78180803
87 82 69 91 84 124 194 256 13 188 402 241 14 10 425 17 23 93 90 17 10 0 4 37 0
求:8 出:7 数:5
一番高いモンスター: 534239
スコア: 78180803
87 82 69 91 84 124 194 256 13 188 402 241 14 10 425 17 23 93 90 17 10 0 4 37 0
求:13 出:14 数:5
一番高いモンスター: 534239
スコア: 78180803
87 82 69 91 84 124 194 256 13 188 402 241 14 10 425 17 23 93 90 17 10 0 4 37 0
求:15 出:17 数:5
一番高いモンスター: 534239
スコア: 78180803
88 83 71 94 87 124 195 257 13 190 403 241 14 10 425 17 23 94 94 17 10 0 4 37 0
求:8 出:7 数:5
一番高いモンスター: 534239
スコア: 78180803
88 83 71 94 87 124 195 257 13 190 403 241 14 10 425 17 23 94 94 17 10 0 4 37 0
求:13 出:14 数:5
一番高いモンスター: 534239
スコア: 78180803
88 83 71 94 87 124 195 257 13 190 403 241 14 10 425 17 23 94 94 17 10 0 4 37 0
求:15 出:14 数:5
一番高いモンスター: 534239
スコア: 78180803
88 83 71 94 87 124 195 257 13 190 403 241 14 10 425 17 23 94 94 17 10 0 4 37 0
求:8 出:7 数:5
一番高いモンスター: 534239
スコア: 78180803
88 83 71 94 87 124 195 257 13 190 403 241 14 10 425 17 23 94 94 17 10 0 4 37 0
求:13 出:14 数:5
一番高いモンスター: 534239
スコア: 78180803
88 83 71 94 87 124 195 257 13 190 403 241 14 10 425 17 23 94 94 17 10 0 4 37 0
求:15 出:14 数:5
一番高いモンスター: 534239
スコア: 78180803
88 83 71 94 87 124 195 257 13 190 403 241 14 10 425 17 23 94 94 17 10 0 4 37 0
求:8 出:7 数:5
一番高いモンスター: 534239
スコア: 78180803
88 83 71 94 87 124 195 257 13 190 403 241 14 10 425 17 23 94 94 17 10 0 4 37 0
求:13 出:7 数:5
一番高いモンスター: 534239
スコア: 78180803
88 83 71 94 87 124 195 257 13 190 403 241 14 10 425 17 23 94 94 17 10 0 4 37 0
求:15 出:17 数:5
一番高いモンスター: 534239
スコア: 78180803
91 85 72 98 88 125 195 257 13 191 403 242 14 10 425 17 23 98 94 17 10 0 4 39 0
求:8 出:7 数:5
一番高いモンスター: 534239
スコア: 78180803
91 85 72 98 88 125 195 257 13 191 403 242 14 10 425 17 23 98 94 17 10 0 4 39 0
求:13 出:14 数:5
一番高いモンスター: 534239
スコア: 78180803
91 85 72 98 88 125 195 257 13 191 403 242 14 10 425 17 23 98 94 17 10 0 4 39 0
求:15 出:17 数:5
一番高いモンスター: 534239
スコア: 78180803
91 85 72 98 88 125 195 257 13 191 403 242 14 10 425 17 23 98 94 17 10 0 4 39 0
求:8 出:7 数:5
一番高いモンスター: 534239
スコア: 78180803
91 85 72 98 88 125 195 257 13 191 403 242 14 10 425 17 23 98 94 17 10 0 4 39 0
求:13 出:7 数:5
一番高いモンスター: 534239
スコア: 78180803
91 85 72 98 88 125 195 257 13 191 403 242 14 10 425 17 23 98 94 17 10 0 4 39 0
求:15 出:17 数:5
一番高いモンスター: 534239
スコア: 78180803
91 85 72 98 88 125 195 257 13 191 403 242 14 10 425 17 23 98 94 17 10 0 4 39 0
求:8 出:7 数:5
一番高いモンスター: 534239
スコア: 78180803
91 85 72 98 88 125 195 257 13 191 403 242 14 10 425 17 23 98 94 17 10 0 4 39 0
求:13 出:14 数:5
一番高いモンスター: 534239
スコア: 78180803
91 85 72 98 88 125 195 257 13 191 403 242 14 10 425 17 23 98 94 17 10 0 4 39 0
求:15 出:17 数:5
一番高いモンスター: 534239
スコア: 78180803
92 88 73 99 91 126 197 258 13 191 403 244 14 10 427 17 23 99 95 17 10 0 4 40 0
求:8 出:7 数:5
一番高いモンスター: 534239
スコア: 78180803
92 88 73 99 91 126 197 258 13 191 403 244 14 10 427 17 23 99 95 17 10 0 4 40 0
求:13 出:14 数:5
一番高いモンスター: 534239
スコア: 78180803
92 88 73 99 91 126 197 258 13 191 403 244 14 10 427 17 23 99 95 17 10 0 4 40 0
求:15 出:17 数:5
一番高いモンスター: 534239
スコア: 78180803
92 88 73 99 91 126 197 258 13 191 403 244 14 10 427 17 23 99 95 17 10 0 4 40 0
求:8 出:7 数:5
一番高いモンスター: 534239
スコア: 78180803
92 88 73 99 91 126 197 258 13 191 403 244 14 10 427 17 23 99 95 17 10 0 4 40 0
求:13 出:7 数:5
一番高いモンスター: 534239
スコア: 78180803
92 88 73 99 91 126 197 258 13 191 403 244 14 10 427 17 23 99 95 17 10 0 4 40 0
求:15 出:14 数:5
一番高いモンスター: 534239
スコア: 78180803
92 88 73 99 91 126 197 258 13 191 403 244 14 10 427 17 23 99 95 17 10 0 4 40 0
求:8 出:7 数:5
一番高いモンスター: 534239
スコア: 78180803
92 88 73 99 91 126 197 258 13 191 403 244 14 10 427 17 23 99 95 17 10 0 4 40 0
求:13 出:14 数:5
一番高いモンスター: 534239
スコア: 78180803
92 88 73 99 91 126 197 258 13 191 403 244 14 10 427 17 23 99 95 17 10 0 4 40 0
求:15 出:14 数:5
一番高いモンスター: 534239
スコア: 78180803
92 88 73 99 91 126 197 258 13 191 403 244 14 10 427 17 23 99 95 17 10 0 4 40 0
求:8 出:7 数:5
一番高いモンスター: 534239
スコア: 78180803
93 90 74 102 91 127 198 259 13 194 405 244 14 10 429 17 23 102 95 17 10 0 4 40 0
求:13 出:14 数:5
一番高いモンスター: 534239
スコア: 78180803
93 90 74 102 91 127 198 259 13 194 405 244 14 10 429 17 23 102 95 17 10 0 4 40 0
求:15 出:14 数:5
一番高いモンスター: 534239
スコア: 78180803
93 90 74 102 91 127 198 259 13 194 405 244 14 10 429 17 23 102 95 17 10 0 4 40 0
求:8 出:7 数:5
一番高いモンスター: 534239
スコア: 78180803
93 90 74 102 91 127 198 259 13 194 405 244 14 10 429 17 23 102 95 17 10 0 4 40 0
求:13 出:7 数:5
一番高いモンスター: 534239
スコア: 78180803
93 90 74 102 91 127 198 259 13 194 405 244 14 10 429 17 23 102 95 17 10 0 4 40 0
求:15 出:17 数:5
一番高いモンスター: 534239
スコア: 78180803
93 90 74 102 91 127 198 259 13 194 405 244 14 10 429 17 23 102 95 17 10 0 4 40 0
求:8 出:7 数:5
一番高いモンスター: 534239
スコア: 78180803
93 90 74 102 91 127 198 259 13 194 405 244 14 10 429 17 23 102 95 17 10 0 4 40 0
求:13 出:7 数:5
一番高いモンスター: 534239
スコア: 78180803
93 90 74 102 91 127 198 259 13 194 405 244 14 10 429 17 23 102 95 17 10 0 4 40 0
求:15 出:14 数:5
一番高いモンスター: 534239
スコア: 78180803
93 90 74 102 91 127 198 259 13 194 405 244 14 10 429 17 23 102 95 17 10 0 4 40 0
求:8 出:7 数:5
一番高いモンスター: 534239
スコア: 78180803
94 92 75 106 93 127 198 260 13 195 406 247 14 10 429 17 23 102 99 17 10 0 4 40 0
求:13 出:14 数:5
一番高いモンスター: 534239
スコア: 78180803
94 92 75 106 93 127 198 260 13 195 406 247 14 10 429 17 23 102 99 17 10 0 4 40 0
求:15 出:14 数:5
一番高いモンスター: 534239
スコア: 78180803
94 92 75 106 93 127 198 260 13 195 406 247 14 10 429 17 23 102 99 17 10 0 4 40 0
求:8 出:7 数:5
一番高いモンスター: 534239
スコア: 78180803
94 92 75 106 93 127 198 260 13 195 406 247 14 10 429 17 23 102 99 17 10 0 4 40 0
求:13 出:14 数:5
一番高いモンスター: 534239
スコア: 78180803
94 92 75 106 93 127 198 260 13 195 406 247 14 10 429 17 23 102 99 17 10 0 4 40 0
求:15 出:14 数:5
一番高いモンスター: 534239
スコア: 78180803
94 92 75 106 93 127 198 260 13 195 406 247 14 10 429 17 23 102 99 17 10 0 4 40 0
求:8 出:7 数:5
一番高いモンスター: 534239
スコア: 78180803
94 92 75 106 93 127 198 260 13 195 406 247 14 10 429 17 23 102 99 17 10 0 4 40 0
求:13 出:7 数:5
一番高いモンスター: 534239
スコア: 78180803
94 92 75 106 93 127 198 260 13 195 406 247 14 10 429 17 23 102 99 17 10 0 4 40 0
求:15 出:14 数:5
一番高いモンスター: 534239
スコア: 78180803
94 92 75 106 93 127 198 260 13 195 406 247 14 10 429 17 23 102 99 17 10 0 4 40 0
求:8 出:7 数:5
一番高いモンスター: 534239
スコア: 78180803
94 94 77 108 96 128 199 263 13 196 408 247 14 10 430 17 23 103 99 17 10 0 4 41 0
求:13 出:7 数:5
一番高いモンスター: 534239
スコア: 78180803
94 94 77 108 96 128 199 263 13 196 408 247 14 10 430 17 23 103 99 17 10 0 4 41 0
求:15 出:14 数:5
一番高いモンスター: 534239
スコア: 78180803
94 94 77 108 96 128 199 263 13 196 408 247 14 10 430 17 23 103 99 17 10 0 4 41 0
求:8 出:7 数:5
一番高いモンスター: 534239
スコア: 78180803
94 94 77 108 96 128 199 263 13 196 408 247 14 10 430 17 23 103 99 17 10 0 4 41 0
求:13 出:14 数:5
一番高いモンスター: 534239
スコア: 78180803
94 94 77 108 96 128 199 263 13 196 408 247 14 10 430 17 23 103 99 17 10 0 4 41 0
求:15 出:14 数:5
一番高いモンスター: 534239
スコア: 78180803
94 94 77 108 96 128 199 263 13 196 408 247 14 10 430 17 23 103 99 17 10 0 4 41 0
求:8 出:7 数:5
一番高いモンスター: 534239
スコア: 78180803
94 94 77 108 96 128 199 263 13 196 408 247 14 10 430 17 23 103 99 17 10 0 4 41 0
求:13 出:14 数:5
一番高いモンスター: 534239
スコア: 78180803
94 94 77 108 96 128 199 263 13 196 408 247 14 10 430 17 23 103 99 17 10 0 4 41 0
求:15 出:17 数:5
一番高いモンスター: 534239
スコア: 78180803
94 94 77 108 96 128 199 263 13 196 408 247 14 10 430 17 23 103 99 17 10 0 4 41 0
求:8 出:7 数:5
一番高いモンスター: 534239
スコア: 78180803
98 96 80 110 98 130 199 263 13 197 408 248 14 10 432 17 23 104 99 17 10 0 4 41 0
求:13 出:7 数:5
一番高いモンスター: 534239
スコア: 78180803
98 96 80 110 98 130 199 263 13 197 408 248 14 10 432 17 23 104 99 17 10 0 4 41 0
求:15 出:14 数:5
一番高いモンスター: 534239
スコア: 78180803
98 96 80 110 98 130 199 263 13 197 408 248 14 10 432 17 23 104 99 17 10 0 4 41 0
求:8 出:7 数:5
一番高いモンスター: 534239
スコア: 78180803
98 96 80 110 98 130 199 263 13 197 408 248 14 10 432 17 23 104 99 17 10 0 4 41 0
求:13 出:7 数:5
一番高いモンスター: 534239
スコア: 78180803
98 96 80 110 98 130 199 263 13 197 408 248 14 10 432 17 23 104 99 17 10 0 4 41 0
求:15 出:17 数:5
一番高いモンスター: 534239
スコア: 78180803
98 96 80 110 98 130 199 263 13 197 408 248 14 10 432 17 23 104 99 17 10 0 4 41 0
求:8 出:7 数:5
一番高いモンスター: 534239
スコア: 78180803
98 96 80 110 98 130 199 263 13 197 408 248 14 10 432 17 23 104 99 17 10 0 4 41 0
求:13 出:14 数:5
一番高いモンスター: 534239
