スコア: 12766272
21 13 17 11 20 141 149 223 5 216 521 480 0 0 479 0 0 338 397 2 0 0 0 95 0
出:12 求:10 数:9
一番高いモンスター: 103733
召喚 ID: 265
スコア: 12869014
21 13 17 11 20 136 147 219 1 212 516 480 0 0 479 0 0 338 397 2 0 0 0 95 0
出:16 求:18 数:8
一番高いモンスター: 82129
スコア: 12869014
21 13 17 11 20 136 147 219 1 212 516 480 0 0 479 0 0 338 392 2 0 0 0 95 0
出:21 求:23 数:7
一番高いモンスター: 82129
スコア: 12869014
24 14 19 13 22 137 149 219 1 213 516 481 0 0 481 0 0 340 393 2 0 0 0 90 0
出:8 求:7 数:10
一番高いモンスター: 82129
スコア: 12869014
24 14 19 13 22 137 149 214 1 213 516 481 0 0 481 0 0 340 393 2 0 0 0 90 0
出:12 求:10 数:9
一番高いモンスター: 82129
スコア: 12869014
24 14 19 13 22 137 149 214 1 213 516 481 0 0 481 0 0 340 393 2 0 0 0 90 0
出:16 求:18 数:8
一番高いモンスター: 82129
スコア: 12869014
24 14 19 13 22 137 149 214 1 213 516 481 0 0 481 0 0 340 393 2 0 0 0 90 0
出:21 求:23 数:7
一番高いモンスター: 82129
スコア: 12869014
24 14 19 13 22 137 149 214 1 213 516 481 0 0 481 0 0 340 393 2 0 0 0 90 0
出:8 求:7 数:10
一番高いモンスター: 82129
スコア: 12869014
24 14 19 13 22 137 149 214 1 213 516 481 0 0 481 0 0 340 393 2 0 0 0 90 0
出:12 求:10 数:9
一番高いモンスター: 82129
スコア: 12869014
24 14 19 13 22 137 149 214 1 213 516 481 0 0 481 0 0 340 393 2 0 0 0 90 0
出:16 求:18 数:8
一番高いモンスター: 82129
スコア: 12869014
24 14 19 13 22 137 149 214 1 213 516 481 0 0 481 0 0 340 393 2 0 0 0 90 0
出:21 求:23 数:7
一番高いモンスター: 82129
スコア: 12869014
24 14 19 13 22 137 149 214 1 213 516 481 0 0 481 0 0 340 393 2 0 0 0 90 0
出:8 求:7 数:10
一番高いモンスター: 82129
スコア: 12869014
26 17 22 13 24 137 149 214 1 215 518 483 0 0 482 0 0 343 393 2 0 0 0 90 0
出:12 求:10 数:9
一番高いモンスター: 82129
スコア: 12869014
26 17 22 13 24 137 149 214 1 215 518 483 0 0 482 0 0 343 393 2 0 0 0 90 0
出:16 求:18 数:8
一番高いモンスター: 82129
スコア: 12869014
26 17 22 13 24 137 149 214 1 215 518 483 0 0 482 0 0 343 393 2 0 0 0 90 0
出:21 求:23 数:7
一番高いモンスター: 82129
スコア: 12869014
26 17 22 13 24 137 149 214 1 215 518 483 0 0 482 0 0 343 393 2 0 0 0 90 0
出:8 求:9 数:10
一番高いモンスター: 82129
スコア: 12869014
26 17 22 13 24 137 149 214 1 206 518 483 0 0 482 0 0 343 393 2 0 0 0 90 0
出:12 求:10 数:9
一番高いモンスター: 82129
