スコア: 70753539
71 70 74 55 68 32 104 136 0 68 282 146 2 1 338 15 12 38 38 15 9 7 5 8 6
求:13 出:7 数:5
一番高いモンスター: 803142
召喚 ID: 15
スコア: 71365514
73 71 78 57 71 35 104 137 0 68 284 147 2 1 338 15 12 39 38 15 8 5 4 7 5
求:16 出:17 数:5
一番高いモンスター: 803142
召喚 ID: 15
スコア: 71977305
73 71 78 57 71 35 104 137 0 68 284 147 2 1 338 15 12 39 38 15 7 3 3 6 4
求:21 出:17 数:5
一番高いモンスター: 803142
召喚 ID: 15
スコア: 72588912
73 71 78 57 71 35 104 137 0 68 284 147 2 1 338 15 12 39 38 15 6 1 2 5 3
求:13 出:7 数:5
一番高いモンスター: 800949
召喚 ID: 43
スコア: 73199399
73 71 78 57 71 35 104 137 0 68 284 147 2 1 338 15 12 39 38 15 5 0 1 4 1
求:16 出:17 数:5
一番高いモンスター: 534239
