スコア: 75028032
81 76 86 60 74 38 108 142 0 69 286 152 2 1 344 5 2 30 35 1 5 5 5 8 1
求:13 出:7 数:5
一番高いモンスター: 129751
スコア: 75028032
81 76 86 60 74 38 108 142 0 69 286 152 2 1 344 5 2 30 35 1 5 5 5 8 1
求:19 出:18 数:5
一番高いモンスター: 129751
スコア: 75028032
81 76 86 60 74 38 108 142 0 69 286 152 2 1 344 5 2 30 35 1 5 5 5 8 1
求:24 出:18 数:5
一番高いモンスター: 129751
スコア: 75028032
81 76 86 60 74 38 108 142 0 69 286 152 2 1 344 5 2 30 35 1 5 5 5 8 1
求:13 出:14 数:5
一番高いモンスター: 129751
スコア: 75028032
81 76 86 60 74 38 108 142 0 69 286 152 2 1 344 5 2 30 35 1 5 5 5 8 1
求:19 出:14 数:5
一番高いモンスター: 129751
スコア: 75028032
81 76 86 60 74 38 108 142 0 69 286 152 2 1 343 5 2 30 35 1 5 5 5 8 1
求:24 出:18 数:5
一番高いモンスター: 129751
スコア: 75028032
81 76 86 60 74 38 108 142 0 69 286 152 2 1 343 5 2 30 35 1 5 5 5 8 1
求:13 出:14 数:5
一番高いモンスター: 129751
スコア: 75028032
81 76 86 60 74 38 108 142 0 69 286 152 2 1 343 5 2 30 35 1 5 5 5 8 1
求:19 出:14 数:5
一番高いモンスター: 129751
