スコア: 90673130
16 26 80 151 10 17 103 255 12 171 337 161 6 5 340 4 3 6 9 0 10 5 4 14 0
求:8 出:14 数:5
一番高いモンスター: 214416	id:64
スコア: 90673130
16 26 80 151 10 17 103 255 12 171 337 161 6 5 340 4 3 6 9 0 10 5 4 14 0
求:13 出:7 数:5
一番高いモンスター: 214416	id:64
スコア: 90673130
16 26 80 151 10 17 103 255 16 171 337 161 6 5 340 4 3 6 9 0 10 5 4 14 0
一番高いモンスター: 214416	id:64
スコア: 90673130
16 26 80 151 10 17 103 255 16 171 337 161 6 5 340 4 3 6 9 0 10 5 4 14 0
求:8 出:14 数:5
一番高いモンスター: 214416	id:64
スコア: 90673130
16 26 80 151 10 17 103 255 16 171 337 161 6 5 336 4 3 6 9 0 10 5 4 14 0
求:13 出:10 数:5
一番高いモンスター: 214416	id:64
スコア: 90673130
16 26 80 151 10 17 103 255 16 171 337 161 6 5 336 4 3 6 9 0 10 5 4 14 0
求:19 出:10 数:5
一番高いモンスター: 214416	id:64
スコア: 90673130
16 26 80 151 10 17 103 255 16 171 337 161 6 5 336 4 3 6 9 0 10 5 4 14 0
求:8 出:10 数:5
一番高いモンスター: 214416	id:64
スコア: 90673130
18 28 84 153 10 17 105 258 16 172 333 162 6 5 336 4 3 6 10 0 10 5 4 15 0
求:13 出:18 数:5
一番高いモンスター: 214416	id:64
スコア: 90673130
18 28 84 153 10 17 105 258 16 172 333 162 6 10 336 4 3 6 5 0 10 5 4 15 0
一番高いモンスター: 214416	id:64
スコア: 90673130
18 28 84 153 10 17 105 258 16 172 333 162 6 10 336 4 5 6 5 0 10 5 4 15 0
スコア: 90673130
18 28 84 153 10 17 105 258 16 172 333 162 6 10 336 4 5 6 5 0 10 5 4 15 0
一番高いモンスター: 214416	id:64
スコア: 90673130
18 28 84 153 10 17 105 258 16 172 333 162 6 10 336 4 5 6 5 0 10 5 4 15 0
一番高いモンスター: 214416	id:64
スコア: 90673130
18 28 84 153 10 17 105 258 16 172 333 162 6 10 336 4 5 6 5 0 10 5 4 15 0
スコア: 90673130
18 28 84 153 10 17 105 258 16 172 333 162 6 10 336 4 5 6 5 0 10 5 4 15 0
求:12 出:14 数:5
一番高いモンスター: 214416	id:64
スコア: 90673130
18 28 84 153 10 17 105 258 16 172 333 162 6 10 336 4 5 6 5 0 10 5 4 15 0
求:19 出:23 数:5
一番高いモンスター: 214416	id:64
スコア: 90673130
18 28 84 153 10 17 105 258 16 172 333 162 6 10 336 4 5 6 5 5 10 5 4 10 0
スコア: 90673130
18 28 84 153 10 17 105 258 16 172 333 162 6 10 336 4 5 6 5 5 10 5 4 10 0
求:12 出:14 数:5
一番高いモンスター: 534239	id:113
召喚 ID: 113
