スコア: 6881579
346 312 571 665 1 57 131 66 0 66 347 327 0 0 313 0 0 222 280 0 0 0 0 39 0
一番高いモンスター: 10094
召喚 ID: 547
出:5求8
スコア: 6891401
331 311 574 668 0 59 133 66 0 68 350 327 0 0 313 0 0 223 281 0 0 0 0 39 0
一番高いモンスター: 10078
召喚 ID: 743
出:5求8
スコア: 6901096
325 305 566 668 0 59 133 66 0 68 350 327 0 0 313 0 0 223 281 0 0 0 0 39 0
一番高いモンスター: 10078
召喚 ID: 743
出:5求8
スコア: 6910788
320 300 561 672 1 60 133 69 0 69 351 327 0 0 314 0 0 223 282 0 0 0 0 41 0
一番高いモンスター: 10094
召喚 ID: 547
出:5求8
スコア: 6920607
303 298 561 672 0 60 133 69 0 69 351 327 0 0 314 0 0 223 282 0 0 0 0 41 0
一番高いモンスター: 10078
召喚 ID: 743
出:5求8
スコア: 6930297
300 292 557 675 3 62 133 69 0 70 353 328 0 0 314 0 0 223 282 0 0 0 0 42 0
一番高いモンスター: 10094
召喚 ID: 547
出:5求8
スコア: 6940113
283 290 557 675 2 62 133 69 0 70 353 328 0 0 314 0 0 223 282 0 0 0 0 42 0
一番高いモンスター: 10094
召喚 ID: 547
出:5求8
スコア: 6949926
268 290 561 677 3 62 134 69 0 72 353 330 0 0 315 0 0 224 283 0 0 0 0 42 0
一番高いモンスター: 10094
召喚 ID: 547
出:5求8
スコア: 6959736
251 288 561 677 2 62 134 69 0 72 353 330 0 0 315 0 0 224 283 0 0 0 0 42 0
一番高いモンスター: 10094
召喚 ID: 547
出:5求8
スコア: 6969543
235 289 564 678 4 62 135 69 0 77 353 332 0 0 316 0 0 224 283 0 0 0 0 42 0
一番高いモンスター: 10094
召喚 ID: 547
出:5求8
スコア: 6979347
218 287 564 678 3 62 135 69 0 77 353 332 0 0 316 0 0 224 283 0 0 0 0 42 0
一番高いモンスター: 10094
召喚 ID: 547
出:5求8
スコア: 6989149
202 288 566 678 3 65 137 71 0 77 354 333 0 0 318 0 0 225 284 0 0 0 0 42 0
一番高いモンスター: 10094
召喚 ID: 547
出:5求8
スコア: 6998948
185 286 566 678 2 65 137 71 0 77 354 333 0 0 318 0 0 225 284 0 0 0 0 42 0
一番高いモンスター: 10094
召喚 ID: 547
出:5求8
スコア: 7008744
173 285 569 679 2 65 139 73 0 79 354 334 0 0 319 0 0 226 284 0 0 0 0 42 0
一番高いモンスター: 10094
召喚 ID: 547
出:5求8
スコア: 7018537
156 283 569 679 1 65 139 73 0 79 354 334 0 0 319 0 0 226 284 0 0 0 0 42 0
一番高いモンスター: 10094
召喚 ID: 547
出:5求8
スコア: 7028327
140 283 571 681 2 65 140 77 0 80 356 334 0 0 319 0 0 227 285 0 0 0 0 43 0
一番高いモンスター: 10094
召喚 ID: 547
出:5求8
スコア: 7038114
123 281 571 681 1 65 140 77 0 80 356 334 0 0 319 0 0 227 285 0 0 0 0 43 0
一番高いモンスター: 10094
召喚 ID: 547
出:5求8
スコア: 7047898
107 279 574 685 1 66 143 79 0 81 357 334 0 0 319 0 0 229 286 0 0 0 0 43 0
一番高いモンスター: 10094
召喚 ID: 547
出:5求8
スコア: 7057679
90 277 574 685 0 66 143 79 0 81 357 334 0 0 319 0 0 229 286 0 0 0 0 43 0
一番高いモンスター: 10078
召喚 ID: 743
出:5求8
スコア: 7067366
85 271 567 687 3 67 145 80 0 81 357 339 0 0 320 0 0 230 287 0 0 0 0 44 0
一番高いモンスター: 10094
召喚 ID: 547
出:5求8
スコア: 7077144
68 269 567 687 2 67 145 80 0 81 357 339 0 0 320 0 0 230 287 0 0 0 0 44 0
一番高いモンスター: 10094
召喚 ID: 547
出:5求8
スコア: 7086919
53 267 569 691 2 68 148 80 0 83 358 340 0 0 321 0 0 230 288 0 0 0 0 45 0
一番高いモンスター: 10094
召喚 ID: 547
出:5求8
スコア: 7096691
36 265 569 691 1 68 148 80 0 83 358 340 0 0 321 0 0 230 288 0 0 0 0 45 0
一番高いモンスター: 10094
召喚 ID: 547
出:5求8
スコア: 7106457
20 264 570 693 3 69 150 81 0 83 358 343 0 0 323 0 0 230 289 0 0 0 0 47 0
一番高いモンスター: 10094
召喚 ID: 547
出:5求8
スコア: 7116220
3 262 570 693 2 69 150 81 0 83 358 343 0 0 323 0 0 230 289 0 0 0 0 47 0
一番高いモンスター: 10087
召喚 ID: 850
出:5求8
スコア: 7126172
3 261 570 682 5 69 152 81 0 85 360 343 0 0 323 0 0 232 290 0 0 0 0 47 0
一番高いモンスター: 10094
召喚 ID: 606
出:5求8
スコア: 7136006
1 254 564 680 2 69 152 81 0 85 360 343 0 0 323 0 0 232 290 0 0 0 0 47 0
一番高いモンスター: 10060
召喚 ID: 803
出:5求8
スコア: 7145958
3 250 565 670 5 69 152 82 0 86 361 344 0 0 325 0 0 233 291 0 0 0 0 47 0
一番高いモンスター: 10094
召喚 ID: 606
出:5求8
スコア: 7155786
1 243 559 668 2 69 152 82 0 86 361 344 0 0 325 0 0 233 291 0 0 0 0 47 0
一番高いモンスター: 10060
召喚 ID: 803
出:5求8
スコア: 7165735
2 238 563 656 4 72 154 83 0 88 363 344 0 0 325 0 0 233 291 0 0 0 0 47 0
一番高いモンスター: 10094
召喚 ID: 606
出:5求8
スコア: 7175560
0 231 557 654 1 72 154 83 0 88 363 344 0 0 325 0 0 233 291 0 0 0 0 47 0
一番高いモンスター: 10036
召喚 ID: 847
出:5求8
スコア: 7185364
4 234 550 642 3 72 155 85 0 89 365 345 0 0 325 0 0 236 291 0 0 0 0 47 0
一番高いモンスター: 10094
召喚 ID: 606
出:5求8
スコア: 7195186
5 227 546 642 1 72 158 85 0 89 366 346 0 0 325 0 0 238 293 0 0 0 0 50 0
一番高いモンスター: 10078
召喚 ID: 789
出:5求8
スコア: 7205129
1 224 535 641 0 72 158 85 0 89 366 346 0 0 325 0 0 238 293 0 0 0 0 50 0
一番高いモンスター: 10060
召喚 ID: 803
出:5求8
スコア: 7215072
2 219 536 629 3 72 162 85 0 91 366 346 0 0 326 0 0 239 293 0 0 0 0 54 0
一番高いモンスター: 10094
召喚 ID: 606
出:5求8
スコア: 7224891
0 212 530 627 0 72 162 85 0 91 366 346 0 0 326 0 0 239 293 0 0 0 0 54 0
一番高いモンスター: 10036
召喚 ID: 847
出:5求8
スコア: 7234668
4 214 524 617 1 72 162 87 0 92 369 346 0 0 328 0 0 240 293 0 0 0 0 54 0
一番高いモンスター: 10078
召喚 ID: 789
出:5求8
スコア: 7244602
0 211 513 616 0 72 162 87 0 92 369 346 0 0 328 0 0 240 293 0 0 0 0 54 0
一番高いモンスター: 10036
召喚 ID: 847
出:5求8
スコア: 7254353
2 212 509 603 1 72 163 89 0 95 372 346 0 0 331 0 0 241 293 0 0 0 0 54 0
一番高いモンスター: 10060
召喚 ID: 803
出:5求8
スコア: 7264290
1 206 509 590 1 72 163 89 0 95 372 346 0 0 331 0 0 241 293 0 0 0 0 54 0
一番高いモンスター: 10060
召喚 ID: 803
出:5求8
スコア: 7274224
2 205 509 581 3 72 163 89 0 97 372 348 0 0 332 0 0 242 294 0 0 0 0 54 0
一番高いモンスター: 10094
召喚 ID: 606
出:5求8
スコア: 7284037
0 198 503 579 0 72 163 89 0 97 372 348 0 0 332 0 0 242 294 0 0 0 0 54 0
一番高いモンスター: 10036
召喚 ID: 847
出:5求8
スコア: 7293776
1 201 499 569 1 73 165 89 0 100 372 349 0 0 334 0 0 242 294 0 0 0 0 54 0
一番高いモンスター: 10060
召喚 ID: 803
出:5求8
スコア: 7303707
0 195 499 556 1 73 165 89 0 100 372 349 0 0 334 0 0 242 294 0 0 0 0 54 0
一番高いモンスター: 10036
召喚 ID: 847
出:5求8
スコア: 7313443
0 199 495 545 2 74 165 89 0 101 372 351 0 0 337 0 0 243 296 0 0 0 0 54 0
一番高いモンスター: 10036
召喚 ID: 847
出:5求8
スコア: 7323177
0 199 488 532 2 74 165 89 0 101 372 351 0 0 337 0 0 243 296 0 0 0 0 54 0
一番高いモンスター: 10036
召喚 ID: 847
出:5求8
スコア: 7332908
1 202 481 521 4 76 168 89 0 102 375 352 0 0 338 0 0 244 296 0 0 0 0 54 0
一番高いモンスター: 10060
召喚 ID: 803
出:5求8
スコア: 7342836
0 196 481 508 4 76 168 89 0 102 375 352 0 0 338 0 0 244 296 0 0 0 0 54 0
一番高いモンスター: 10036
召喚 ID: 847
出:5求8
スコア: 7362374
1 193 470 493 2 78 169 90 0 102 375 354 0 0 339 0 0 245 297 0 0 0 0 55 0
一番高いモンスター: 10060
召喚 ID: 803
出:5求8
スコア: 7382024
0 187 463 467 2 78 169 90 0 102 375 354 0 0 339 0 0 245 297 0 0 0 0 55 0
一番高いモンスター: 10036
召喚 ID: 847
出:5求8
スコア: 7401553
1 181 452 455 0 78 171 95 0 103 376 355 0 0 339 0 0 245 297 0 0 0 0 55 0
一番高いモンスター: 10060
召喚 ID: 803
出:5求8
スコア: 7421194
0 175 445 429 0 78 171 95 0 103 376 355 0 0 339 0 0 245 297 0 0 0 0 55 0
一番高いモンスター: 10036
召喚 ID: 847
出:5求8
スコア: 7440829
1 171 441 406 0 81 171 95 0 107 377 356 0 0 339 0 0 246 297 0 0 0 0 55 0
一番高いモンスター: 10060
召喚 ID: 803
出:5求8
スコア: 7450745
0 165 441 393 0 81 171 95 0 107 377 356 0 0 339 0 0 246 297 0 0 0 0 55 0
一番高いモンスター: 10036
召喚 ID: 847
出:5求8
スコア: 7470368
1 161 435 370 1 81 174 96 0 109 378 357 0 0 339 0 0 247 298 0 0 0 0 56 0
一番高いモンスター: 10060
召喚 ID: 803
出:5求8
スコア: 7489985
0 155 428 344 1 81 174 96 0 109 378 357 0 0 339 0 0 247 298 0 0 0 0 56 0
一番高いモンスター: 10036
召喚 ID: 847
出:5求8
スコア: 7509596
0 153 423 320 2 83 175 97 0 110 378 357 0 0 340 0 0 248 301 0 0 0 0 56 0
一番高いモンスター: 10036
召喚 ID: 847
出:5求8
スコア: 7528996
0 153 409 294 2 83 175 97 0 110 378 357 0 0 340 0 0 248 301 0 0 0 0 56 0
一番高いモンスター: 10036
召喚 ID: 847
出:5求8
スコア: 7548496
1 148 400 280 3 85 176 97 0 111 379 357 0 0 341 0 0 248 301 0 0 0 0 56 0
一番高いモンスター: 10060
召喚 ID: 803
出:5求8
スコア: 7568093
0 142 393 254 3 85 176 97 0 111 379 357 0 0 341 0 0 248 301 0 0 0 0 56 0
一番高いモンスター: 10036
召喚 ID: 847
出:5求8
スコア: 7587709
0 145 382 235 1 86 177 98 0 112 380 358 0 0 342 0 0 249 301 0 0 0 0 57 0
一番高いモンスター: 10036
召喚 ID: 847
出:5求8
スコア: 7607080
0 145 368 209 1 86 177 98 0 112 380 358 0 0 342 0 0 249 301 0 0 0 0 57 0
一番高いモンスター: 10036
召喚 ID: 847
出:5求8
スコア: 7626662
0 143 362 186 4 86 178 102 0 113 381 358 0 0 342 0 0 249 301 0 0 0 0 58 0
一番高いモンスター: 10036
召喚 ID: 847
出:5求8
スコア: 7646015
0 143 348 160 4 86 178 102 0 113 381 358 0 0 342 0 0 249 301 0 0 0 0 58 0
一番高いモンスター: 10036
召喚 ID: 847
出:5求8
スコア: 7665486
0 137 338 146 3 88 179 103 0 113 383 359 0 0 343 0 0 249 303 0 0 0 0 59 0
一番高いモンスター: 10036
召喚 ID: 847
出:5求8
スコア: 7684822
0 137 324 120 3 88 179 103 0 113 383 359 0 0 343 0 0 249 303 0 0 0 0 59 0
一番高いモンスター: 10036
召喚 ID: 847
出:5求8
スコア: 7704282
0 132 312 108 1 90 181 103 0 114 384 361 0 0 344 0 0 249 305 0 0 0 0 59 0
一番高いモンスター: 10036
召喚 ID: 847
出:5求8
スコア: 7723601
4 133 299 84 2 92 184 106 0 116 384 361 0 0 344 0 0 249 305 0 0 0 0 60 0
一番高いモンスター: 10087
召喚 ID: 850
出:5求8
スコア: 7743409
0 125 297 60 0 92 184 106 0 116 384 361 0 0 344 0 0 249 305 0 0 0 0 60 0
一番高いモンスター: 10036
召喚 ID: 847
出:5求8
スコア: 7762716
2 128 286 34 1 93 186 106 0 117 385 363 0 0 344 0 0 249 309 0 0 0 0 60 0
一番高いモンスター: 10060
召喚 ID: 803
出:5求8
スコア: 7772611
1 122 286 21 1 93 186 106 0 117 385 363 0 0 344 0 0 249 309 0 0 0 0 60 0
一番高いモンスター: 10060
召喚 ID: 803
出:5求8
スコア: 7782503
2 117 289 10 4 94 189 107 0 117 386 364 0 0 345 0 0 250 309 0 0 0 0 60 0
一番高いモンスター: 10094
召喚 ID: 606
出:5求8
スコア: 7792296
0 110 283 8 1 94 189 107 0 117 386 364 0 0 345 0 0 250 309 0 0 0 0 60 0
一番高いモンスター: 10017
召喚 ID: 788
出:5求8
スコア: 7802211
0 105 277 5 4 96 191 108 0 120 387 364 0 0 345 0 0 250 311 0 0 0 0 60 0
一番高いモンスター: 10017
召喚 ID: 788
出:5求8
スコア: 7812123
0 98 268 1 4 96 191 108 0 120 387 364 0 0 345 0 0 250 311 0 0 0 0 60 0
一番高いモンスター: 9581
出:5求8
スコア: 7812123
2 100 272 5 5 96 192 109 0 122 388 364 0 0 346 0 0 251 311 0 0 0 0 60 0
一番高いモンスター: 10094
召喚 ID: 606
出:5求8
スコア: 7821913
0 93 266 3 2 96 192 109 0 122 388 364 0 0 346 0 0 251 311 0 0 0 0 60 0
一番高いモンスター: 9581
出:5求8
スコア: 7821913
2 99 266 3 4 98 192 110 0 124 390 364 0 0 346 0 0 253 312 0 0 0 0 60 0
一番高いモンスター: 10094
召喚 ID: 606
出:5求8
スコア: 7831700
0 92 260 1 1 98 192 110 0 124 390 364 0 0 346 0 0 253 312 0 0 0 0 60 0
一番高いモンスター: 9581
出:5求8
スコア: 7831700
0 92 263 5 1 102 194 111 0 125 390 366 0 0 347 0 0 254 312 0 0 0 0 61 0
一番高いモンスター: 10017
召喚 ID: 788
出:5求8
スコア: 7851098
0 66 254 1 1 102 194 111 0 125 390 366 0 0 347 0 0 254 312 0 0 0 0 61 0
一番高いモンスター: 9581
出:5求8
スコア: 7860882
1 60 252 0 0 103 196 113 0 126 392 367 0 0 347 0 0 254 312 0 0 0 0 61 0
一番高いモンスター: 9581
出:5求8
スコア: 7870369
1 41 252 0 0 103 196 113 0 126 392 367 0 0 347 0 0 254 312 0 0 0 0 61 0
一番高いモンスター: 9581
出:5求8
スコア: 7880047
0 38 245 0 3 103 198 115 0 126 394 368 0 0 348 0 0 254 312 0 0 0 0 61 0
一番高いモンスター: 9581
出:5求8
スコア: 7889531
0 19 245 0 3 103 198 115 0 126 394 368 0 0 348 0 0 254 312 0 0 0 0 61 0
一番高いモンスター: 9581
出:5求8
スコア: 7899437
1 12 238 1 6 104 198 116 0 128 395 370 0 0 349 0 0 254 313 0 0 0 0 61 0
一番高いモンスター: 9024
出:5求8
スコア: 7908437
0 4 234 1 1 104 198 116 0 128 395 370 0 0 349 0 0 254 313 0 0 0 0 61 0
一番高いモンスター: 8007
出:5求8
スコア: 7917945
2 3 227 0 1 105 198 117 0 128 395 371 0 0 351 0 0 254 315 0 0 0 0 62 0
一番高いモンスター: 8007
出:5求8
スコア: 7917945
2 3 227 0 1 105 198 117 0 128 395 371 0 0 351 0 0 254 315 0 0 0 0 62 0
一番高いモンスター: 8007
出:5求8
スコア: 7927620
1 0 222 2 6 105 198 117 0 128 395 372 0 0 351 0 0 254 315 0 0 0 0 63 0
一番高いモンスター: 8007
出:5求8
スコア: 7927620
1 0 222 2 6 105 198 117 0 128 395 372 0 0 351 0 0 254 315 0 0 0 0 63 0
一番高いモンスター: 8007
出:5求8
スコア: 7937530
1 0 211 5 3 108 198 118 0 129 398 372 0 0 351 0 0 256 316 0 0 0 0 63 0
一番高いモンスター: 8040
出:5求8
スコア: 7937530
1 0 211 5 3 108 198 118 0 129 398 372 0 0 351 0 0 256 316 0 0 0 0 63 0
一番高いモンスター: 8040
出:5求8
スコア: 7947440
2 1 201 6 3 108 199 119 0 129 399 373 0 0 354 0 0 256 316 0 0 0 0 63 0
一番高いモンスター: 9015
出:5求8
スコア: 7956433
0 1 191 0 3 108 199 119 0 129 399 373 0 0 354 0 0 256 316 0 0 0 0 63 0
一番高いモンスター: 8007
出:5求8
スコア: 7965922
1 0 180 0 6 108 201 121 0 130 402 373 0 0 354 0 0 257 316 0 0 0 0 63 0
一番高いモンスター: 8007
出:5求8
スコア: 7965922
1 0 180 0 6 108 201 121 0 130 402 373 0 0 354 0 0 257 316 0 0 0 0 63 0
一番高いモンスター: 8007
出:5求8
スコア: 7975829
1 0 172 2 2 110 202 123 0 131 403 374 0 0 354 0 0 259 316 0 0 0 0 63 0
一番高いモンスター: 8007
出:5求8
スコア: 7975829
1 0 172 2 2 110 197 123 5 131 403 374 0 0 354 0 0 259 316 0 0 0 0 63 0
一番高いモンスター: 8007
出:5求8
スコア: 7985315
1 0 160 2 2 112 193 124 10 133 405 375 0 0 355 0 0 261 317 0 0 0 0 63 0
一番高いモンスター: 8007
出:5求8
スコア: 7985315
1 0 160 2 2 112 188 124 15 133 405 375 0 0 355 0 0 261 317 0 0 0 0 63 0
一番高いモンスター: 8007
出:5求8
スコア: 7994795
2 0 153 0 2 114 183 126 20 133 405 376 0 0 357 0 0 263 317 0 0 0 0 63 0
一番高いモンスター: 8007
出:5求8
スコア: 7994795
2 0 153 0 2 114 178 126 25 133 405 376 0 0 357 0 0 263 317 0 0 0 0 63 0
一番高いモンスター: 8007
出:5求8
スコア: 8004300
1 0 147 1 1 114 174 127 30 134 406 378 0 0 358 0 0 264 317 0 0 0 0 63 0
一番高いモンスター: 8007
出:5求8
スコア: 8004300
1 0 147 1 1 114 169 127 35 134 406 378 0 0 358 0 0 264 317 0 0 0 0 63 0
一番高いモンスター: 8007
出:5求8
スコア: 8014207
2 0 139 1 0 115 166 127 40 136 406 378 0 0 361 0 0 264 317 0 0 0 0 63 0
一番高いモンスター: 8007
出:5求8
スコア: 8014207
2 0 139 1 0 115 161 127 45 136 406 378 0 0 361 0 0 264 317 0 0 0 0 63 0
一番高いモンスター: 8007
出:5求8
スコア: 8014207
6 2 143 3 1 115 156 128 50 136 407 380 0 0 361 0 0 264 320 0 0 0 0 63 0
一番高いモンスター: 8525
出:5求8
スコア: 8014207
6 2 143 3 1 115 151 128 55 136 407 380 0 0 361 0 0 264 320 0 0 0 0 63 0
一番高いモンスター: 8525
出:5求8
スコア: 8024111
4 2 136 6 1 115 148 129 60 136 408 380 0 0 362 0 0 264 321 0 0 0 0 63 0
一番高いモンスター: 9068
出:5求8
スコア: 8033138
1 1 128 1 0 115 143 129 65 136 408 380 0 0 362 0 0 264 321 0 0 0 0 63 0
一番高いモンスター: 8007
出:5求8
スコア: 8042118
2 1 117 0 1 116 141 130 70 137 409 380 0 0 365 0 0 265 321 0 0 0 0 64 0
一番高いモンスター: 8007
出:5求8
スコア: 8042118
2 1 117 0 1 116 141 130 70 137 409 380 0 0 365 0 0 265 321 0 0 0 0 64 0
一番高いモンスター: 8007
出:5求8
スコア: 8052016
2 0 106 2 2 117 140 130 75 137 409 381 0 0 367 0 0 265 322 0 0 0 0 64 0
一番高いモンスター: 8007
出:5求8
スコア: 8052016
3 2 108 4 3 121 142 131 75 138 409 382 0 0 369 0 0 265 323 0 0 0 0 64 0
一番高いモンスター: 9540
出:5求8
スコア: 8061490
2 0 96 2 1 121 142 131 75 138 409 382 0 0 369 0 0 265 323 0 0 0 0 64 0
一番高いモンスター: 8007
出:5求8
スコア: 8061490
3 0 100 2 3 122 144 134 75 140 411 382 0 0 370 0 0 265 324 0 0 0 0 65 0
一番高いモンスター: 8007
出:5求8
スコア: 8061490
3 0 100 2 3 122 144 134 75 140 411 382 0 0 370 0 0 265 324 0 0 0 0 65 0
一番高いモンスター: 8007
出:5求8
スコア: 8061490
4 3 101 4 6 123 146 134 75 142 412 382 0 0 371 0 0 266 325 0 0 0 0 66 0
一番高いモンスター: 10078
召喚 ID: 789
出:5求8
スコア: 8071382
0 0 90 3 5 123 146 134 75 142 412 382 0 0 371 0 0 266 325 0 0 0 0 66 0
一番高いモンスター: 8007
出:5求8
スコア: 8071382
6 1 91 6 6 123 148 135 75 142 414 383 0 0 372 0 0 266 326 0 0 0 0 66 0
一番高いモンスター: 10072
召喚 ID: 791
出:5求8
スコア: 8090268
1 1 70 0 0 123 148 135 75 142 414 383 0 0 372 0 0 266 326 0 0 0 0 66 0
一番高いモンスター: 8007
出:5求8
スコア: 8090268
3 4 73 0 2 126 150 137 75 142 414 383 0 0 372 0 0 267 328 0 0 0 0 66 0
一番高いモンスター: 8525
出:5求8
スコア: 8090268
3 4 73 0 2 126 150 137 75 142 414 383 0 0 372 0 0 267 328 0 0 0 0 66 0
一番高いモンスター: 8525
出:5求8
スコア: 8090268
4 6 75 2 2 127 152 137 75 143 415 384 0 0 374 0 0 268 331 0 0 0 0 67 0
一番高いモンスター: 10078
召喚 ID: 789
出:5求8
スコア: 8100157
0 3 64 1 1 127 147 137 75 143 415 384 0 0 374 0 0 268 331 0 0 0 0 67 0
一番高いモンスター: 8007
出:5求8
スコア: 8100157
0 4 64 9 2 128 149 137 75 145 417 385 0 0 375 0 0 269 331 0 0 0 0 67 0
一番高いモンスター: 8502
出:5求8
スコア: 8100157
0 4 64 9 2 128 149 137 75 145 417 385 0 0 375 0 0 269 331 0 0 0 0 67 0
一番高いモンスター: 8502
出:5求8
スコア: 8100157
1 5 68 10 4 130 149 138 75 147 418 387 0 0 377 0 0 269 331 0 0 0 0 68 0
一番高いモンスター: 9548
出:5求8
スコア: 8109656
0 2 60 6 1 130 149 138 75 147 418 387 0 0 377 0 0 269 331 0 0 0 0 68 0
一番高いモンスター: 8502
出:5求8
スコア: 8109656
3 3 64 8 2 132 149 138 75 149 418 387 0 0 378 0 0 270 333 0 0 0 0 69 0
一番高いモンスター: 9540
出:5求8
スコア: 8119125
2 1 52 6 0 132 149 138 75 149 418 387 0 0 378 0 0 270 333 0 0 0 0 69 0
一番高いモンスター: 9015
出:5求8
スコア: 8128113
0 2 43 4 5 134 149 139 75 150 420 388 0 0 379 0 0 271 333 0 0 0 0 69 0
一番高いモンスター: 9538
出:5求8
スコア: 8137611
0 2 33 0 0 134 149 139 75 150 420 388 0 0 379 0 0 271 333 0 0 0 0 69 0
一番高いモンスター: 8007
出:5求8
スコア: 8137611
1 4 36 2 2 135 150 140 75 151 420 389 0 0 380 0 0 271 335 0 0 0 0 71 0
一番高いモンスター: 9540
出:5求8
スコア: 8147077
0 2 24 0 0 135 150 140 75 151 420 389 0 0 380 0 0 271 335 0 0 0 0 71 0
一番高いモンスター: 8007
出:5求8
スコア: 8147077
2 4 25 1 3 136 151 141 80 149 420 392 0 0 380 0 0 271 337 0 0 0 0 71 0
一番高いモンスター: 8007
出:5求8
スコア: 8147077
2 4 25 1 3 136 151 141 80 149 420 392 0 0 380 0 0 271 337 0 0 0 0 71 0
一番高いモンスター: 8007
出:5求8
スコア: 8156785
0 0 23 1 2 137 151 143 80 150 422 392 0 0 380 0 0 271 338 0 0 0 0 73 0
一番高いモンスター: 8007
出:5求8
スコア: 8156785
0 0 23 1 2 137 151 143 80 150 422 392 0 0 380 0 0 271 338 0 0 0 0 73 0
一番高いモンスター: 8007
出:5求8
スコア: 8166669
0 0 16 2 0 139 152 143 80 151 423 393 0 0 381 0 0 272 338 0 0 0 0 73 0
一番高いモンスター: 8007
出:5求8
スコア: 8166669
0 0 16 2 0 139 152 143 80 151 423 393 0 0 381 0 0 272 338 0 0 0 0 73 0
一番高いモンスター: 8007
出:5求8
スコア: 8176132
1 0 5 4 0 140 152 146 80 151 425 394 0 0 382 0 0 272 339 0 0 0 0 73 0
一番高いモンスター: 4012
出:5求8
スコア: 8176132
1 0 5 4 0 140 152 146 80 151 425 394 0 0 382 0 0 272 339 0 0 0 0 73 0
一番高いモンスター: 4012
出:5求8
スコア: 8176132
1 2 10 5 1 140 154 147 80 153 425 396 0 0 383 0 0 273 340 0 0 0 0 74 0
一番高いモンスター: 6051
出:5求8
スコア: 8176132
1 2 10 5 1 140 154 147 80 153 425 396 0 0 383 0 0 273 340 0 0 0 0 74 0
一番高いモンスター: 6051
出:5求8
一番高いモンスター: 6051
出:5求8
一番高いモンスター: 6051
出:5求8
一番高いモンスター: 6051
出:5求8
一番高いモンスター: 6051
出:5求8
