スコア: 90983313
20 30 84 156 13 18 109 258 16 173 334 162 6 10 337 2 3 5 4 2 10 5 4 11 0
求:8 出:14 数:5
一番高いモンスター: 187869	id:153
召喚 ID: 153
スコア: 91127369
20 30 84 156 13 18 109 258 16 173 332 156 4 5 337 2 3 5 4 2 10 5 4 11 0
求:12 出:14 数:5
一番高いモンスター: 187869	id:153
召喚 ID: 153
スコア: 91271382
20 30 84 156 13 18 109 258 16 173 330 150 2 0 337 2 3 5 4 2 10 5 4 11 0
求:15 出:23 数:5
一番高いモンスター: 129751	id:147
スコア: 91271382
20 30 84 156 13 18 109 258 16 173 330 150 2 0 337 7 3 5 4 2 10 5 4 6 0
求:8 出:7 数:5
一番高いモンスター: 129751	id:147
スコア: 91271382
20 30 84 156 13 18 109 258 16 173 330 150 2 0 337 7 3 5 4 2 10 5 4 6 0
一番高いモンスター: 129751	id:147
スコア: 91271382
20 30 84 156 13 18 109 258 16 173 330 150 2 0 337 7 3 5 4 2 10 5 4 6 0
一番高いモンスター: 129751	id:147
スコア: 91271382
20 30 84 156 13 18 109 258 16 173 330 150 2 0 337 7 3 5 4 2 10 5 4 6 0
求:8 出:7 数:5
一番高いモンスター: 129751	id:147
