スコア: 7975829
1 0 172 2 2 110 202 123 0 131 403 374 0 0 354 0 0 259 316 0 0 0 0 63 0
出:6求8 202
一番高いモンスター: 8007
スコア: 7975829
2 2 172 4 4 112 198 124 5 133 405 375 0 0 355 0 0 261 317 0 0 0 0 63 0
出:6求8 198
一番高いモンスター: 9540
召喚 ID: 767
スコア: 7985315
1 0 160 2 2 112 193 124 10 133 405 375 0 0 355 0 0 261 317 0 0 0 0 63 0
出:6求8 193
一番高いモンスター: 8007
スコア: 7985315
3 2 165 2 4 114 188 126 15 133 405 376 0 0 357 0 0 263 317 0 0 0 0 63 0
出:6求8 188
一番高いモンスター: 9540
召喚 ID: 767
スコア: 7994795
2 0 153 0 2 114 183 126 20 133 405 376 0 0 357 0 0 263 317 0 0 0 0 63 0
出:6求8 183
一番高いモンスター: 8007
スコア: 7994795
2 3 155 5 4 114 179 127 25 134 406 378 0 0 358 0 0 264 317 0 0 0 0 63 0
出:6求8 179
一番高いモンスター: 9548
召喚 ID: 716
スコア: 8004300
1 0 147 1 1 114 174 127 30 134 406 378 0 0 358 0 0 264 317 0 0 0 0 63 0
出:6求8 174
一番高いモンスター: 8007
スコア: 8004300
6 1 150 3 2 115 171 127 35 136 406 378 0 0 361 0 0 264 317 0 0 0 0 63 0
出:6求8 171
一番高いモンスター: 10018
召喚 ID: 785
スコア: 8014207
2 0 139 1 0 115 166 127 40 136 406 378 0 0 361 0 0 264 317 0 0 0 0 63 0
出:6求8 166
一番高いモンスター: 8007
スコア: 8014207
6 2 143 3 1 115 161 128 45 136 407 380 0 0 361 0 0 264 320 0 0 0 0 63 0
出:6求8 161
一番高いモンスター: 8525
スコア: 8014207
6 2 143 3 1 115 156 128 50 136 407 380 0 0 361 0 0 264 320 0 0 0 0 63 0
出:6求8 156
一番高いモンスター: 8525
スコア: 8014207
7 2 147 6 7 115 153 129 55 136 408 380 0 0 362 0 0 264 321 0 0 0 0 63 0
出:6求8 153
一番高いモンスター: 10072
召喚 ID: 791
スコア: 8024111
4 2 136 6 1 115 148 129 60 136 408 380 0 0 362 0 0 264 321 0 0 0 0 63 0
出:6求8 148
一番高いモンスター: 9068
召喚 ID: 721
スコア: 8033138
3 4 128 3 1 116 146 130 65 137 409 380 0 0 365 0 0 265 321 0 0 0 0 64 0
出:6求8 146
一番高いモンスター: 9031
召喚 ID: 701
スコア: 8042118
2 1 117 0 1 116 141 130 70 137 409 380 0 0 365 0 0 265 321 0 0 0 0 64 0
出:6求8 141
一番高いモンスター: 8007
スコア: 8042118
6 3 117 3 3 117 145 130 70 137 409 381 0 0 367 0 0 265 322 0 0 0 0 64 0
出:6求8 145
一番高いモンスター: 10078
召喚 ID: 789
スコア: 8052016
2 0 106 2 2 117 140 130 75 137 409 381 0 0 367 0 0 265 322 0 0 0 0 64 0
出:6求8 140
一番高いモンスター: 8007
スコア: 8052016
3 2 108 4 3 121 142 131 75 138 409 382 0 0 369 0 0 265 323 0 0 0 0 64 0
出:6求8 142
一番高いモンスター: 9540
召喚 ID: 767
スコア: 8061490
2 0 96 2 1 121 142 131 75 138 409 382 0 0 369 0 0 265 323 0 0 0 0 64 0
出:6求8 142
一番高いモンスター: 8007
スコア: 8061490
3 0 100 2 3 122 144 134 75 140 411 382 0 0 370 0 0 265 324 0 0 0 0 65 0
出:6求8 144
一番高いモンスター: 8007
スコア: 8061490
3 0 100 2 3 122 144 134 75 140 411 382 0 0 370 0 0 265 324 0 0 0 0 65 0
出:6求8 144
一番高いモンスター: 8007
スコア: 8071382
0 0 90 3 5 123 146 134 75 142 412 382 0 0 371 0 0 266 325 0 0 0 0 66 0
出:6求8 146
一番高いモンスター: 8007
スコア: 8071382
0 0 90 3 5 123 146 134 75 142 412 382 0 0 371 0 0 266 325 0 0 0 0 66 0
出:6求8 146
一番高いモンスター: 8007
スコア: 8081277
3 1 80 6 0 123 148 135 75 142 414 383 0 0 372 0 0 266 326 0 0 0 0 66 0
出:6求8 148
一番高いモンスター: 9015
召喚 ID: 725
スコア: 8090268
1 1 70 0 0 123 148 135 75 142 414 383 0 0 372 0 0 266 326 0 0 0 0 66 0
出:6求8 148
一番高いモンスター: 8007
スコア: 8090268
3 4 73 0 2 126 150 137 75 142 414 383 0 0 372 0 0 267 328 0 0 0 0 66 0
出:6求8 150
一番高いモンスター: 8525
スコア: 8090268
3 4 73 0 2 126 150 137 75 142 414 383 0 0 372 0 0 267 328 0 0 0 0 66 0
出:6求8 150
一番高いモンスター: 8525
スコア: 8100157
0 3 64 1 1 127 152 137 75 143 415 384 0 0 374 0 0 268 331 0 0 0 0 67 0
出:6求8 152
一番高いモンスター: 8007
スコア: 8100157
0 3 64 1 1 127 147 137 75 143 415 384 0 0 374 0 0 268 331 0 0 0 0 67 0
出:6求8 147
一番高いモンスター: 8007
スコア: 8100157
0 4 64 9 2 128 149 137 75 145 417 385 0 0 375 0 0 269 331 0 0 0 0 67 0
出:6求8 149
一番高いモンスター: 8502
スコア: 8100157
0 4 64 9 2 128 149 137 75 145 417 385 0 0 375 0 0 269 331 0 0 0 0 67 0
出:6求8 149
一番高いモンスター: 8502
スコア: 8100157
1 5 68 10 4 130 149 138 75 147 418 387 0 0 377 0 0 269 331 0 0 0 0 68 0
出:6求8 149
一番高いモンスター: 9548
召喚 ID: 716
スコア: 8109656
0 2 60 6 1 130 149 138 75 147 418 387 0 0 377 0 0 269 331 0 0 0 0 68 0
出:6求8 149
一番高いモンスター: 8502
スコア: 8109656
3 3 64 8 2 132 149 138 75 149 418 387 0 0 378 0 0 270 333 0 0 0 0 69 0
出:6求8 149
一番高いモンスター: 9540
召喚 ID: 767
スコア: 8119125
2 1 52 6 0 132 149 138 75 149 418 387 0 0 378 0 0 270 333 0 0 0 0 69 0
出:6求8 149
一番高いモンスター: 9015
召喚 ID: 725
スコア: 8128113
0 2 43 4 5 134 149 139 75 150 420 388 0 0 379 0 0 271 333 0 0 0 0 69 0
出:9求8 150
一番高いモンスター: 9538
召喚 ID: 718
スコア: 8137611
0 2 33 0 0 134 149 139 75 150 420 388 0 0 379 0 0 271 333 0 0 0 0 69 0
出:9求8 150
一番高いモンスター: 8007
スコア: 8137611
1 4 36 2 2 135 150 140 75 151 420 389 0 0 380 0 0 271 335 0 0 0 0 71 0
出:9求8 151
一番高いモンスター: 9540
召喚 ID: 767
スコア: 8147077
2 4 25 1 3 136 151 141 75 154 420 392 0 0 380 0 0 271 337 0 0 0 0 71 0
出:9求8 154
一番高いモンスター: 8007
スコア: 8147077
2 4 25 1 3 136 151 141 80 149 420 392 0 0 380 0 0 271 337 0 0 0 0 71 0
出:6求8 151
一番高いモンスター: 8007
スコア: 8147077
3 6 27 6 4 137 151 143 80 150 422 392 0 0 380 0 0 271 338 0 0 0 0 73 0
出:6求8 151
一番高いモンスター: 10085
召喚 ID: 617
スコア: 8156785
0 0 23 1 2 137 151 143 80 150 422 392 0 0 380 0 0 271 338 0 0 0 0 73 0
出:6求8 151
一番高いモンスター: 8007
スコア: 8156785
4 1 27 4 2 139 152 143 80 151 423 393 0 0 381 0 0 272 338 0 0 0 0 73 0
出:6求8 152
一番高いモンスター: 10018
召喚 ID: 785
スコア: 8166669
0 0 16 2 0 139 152 143 80 151 423 393 0 0 381 0 0 272 338 0 0 0 0 73 0
出:6求8 152
一番高いモンスター: 8007
スコア: 8166669
2 2 17 6 2 140 152 146 80 151 425 394 0 0 382 0 0 272 339 0 0 0 0 73 0
出:6求8 152
一番高いモンスター: 9540
召喚 ID: 767
スコア: 8176132
1 0 5 4 0 140 152 146 80 151 425 394 0 0 382 0 0 272 339 0 0 0 0 73 0
出:6求8 152
一番高いモンスター: 4012
スコア: 8176132
1 2 10 5 1 140 154 147 80 153 425 396 0 0 383 0 0 273 340 0 0 0 0 74 0
出:6求8 154
一番高いモンスター: 6051
スコア: 8176132
1 2 10 5 1 140 154 147 80 153 425 396 0 0 383 0 0 273 340 0 0 0 0 74 0
出:6求8 154
一番高いモンスター: 6051
