スコア: 14619198
39 34 48 35 42 4 51 179 0 107 527 494 0 0 492 0 0 350 405 2 0 1 0 89 0
出:12 求:10 数:9
一番高いモンスター: 66872
スコア: 14619198
39 34 48 35 42 4 51 179 0 107 526 494 0 0 492 0 0 350 405 2 0 1 0 89 0
出:16 求:18 数:9
一番高いモンスター: 66872
スコア: 14619198
39 34 48 35 42 4 51 179 0 107 526 494 0 0 492 0 0 350 402 2 0 1 0 89 0
出:22 求:23 数:10
一番高いモンスター: 66872
スコア: 14619198
39 34 48 35 42 4 51 179 0 107 526 494 0 0 492 0 0 350 402 2 0 1 0 83 0
出:8 求:7 数:18
一番高いモンスター: 66872
スコア: 14619198
41 34 49 38 45 4 54 172 1 108 526 494 0 0 493 0 0 352 405 2 0 1 0 83 0
出:12 求:10 数:13
一番高いモンスター: 76238
召喚 ID: 339
スコア: 14694889
41 34 49 38 45 3 45 169 0 102 522 494 0 0 493 0 0 352 405 2 0 1 0 83 0
出:16 求:18 数:13
一番高いモンスター: 66872
スコア: 14694889
41 34 49 38 45 3 45 169 0 102 522 494 0 0 493 0 0 352 401 2 0 1 0 83 0
出:22 求:23 数:6
一番高いモンスター: 66872
スコア: 14694889
41 34 49 38 45 3 45 169 0 102 522 494 0 0 493 0 0 352 401 2 0 1 0 87 0
出:8 求:7 数:11
一番高いモンスター: 66872
スコア: 14694889
41 34 49 38 45 3 45 176 0 102 522 494 0 0 493 0 0 352 401 2 0 1 0 87 0
出:12 求:10 数:10
一番高いモンスター: 66872
スコア: 14694889
41 34 49 38 45 3 45 176 0 102 525 494 0 0 493 0 0 352 401 2 0 1 0 87 0
出:16 求:18 数:11
一番高いモンスター: 66872
スコア: 14694889
41 34 49 38 45 3 45 176 0 102 525 494 0 0 493 0 0 352 403 2 0 1 0 87 0
出:22 求:23 数:11
一番高いモンスター: 66872
スコア: 14694889
41 34 49 38 45 3 45 176 0 102 525 494 0 0 493 0 0 352 403 2 0 1 0 82 0
出:8 求:7 数:14
一番高いモンスター: 66872
スコア: 14694889
41 34 49 38 45 3 45 173 0 102 525 494 0 0 493 0 0 352 403 2 0 1 0 82 0
出:12 求:10 数:9
一番高いモンスター: 66872
スコア: 14694889
42 39 51 38 48 4 47 175 0 102 526 494 0 0 496 0 0 352 404 2 0 1 0 82 0
出:16 求:18 数:8
一番高いモンスター: 66872
スコア: 14694889
42 39 51 38 48 4 47 175 0 102 526 494 0 0 496 0 0 352 407 2 0 1 0 82 0
出:22 求:23 数:9
一番高いモンスター: 66872
スコア: 14694889
42 39 51 38 48 4 47 175 1 102 526 494 0 0 496 0 0 352 407 2 0 1 0 84 0
出:8 求:7 数:12
一番高いモンスター: 76238
召喚 ID: 339
スコア: 14770557
42 39 51 38 48 3 38 174 0 96 526 494 0 0 496 0 0 352 407 2 0 1 0 84 0
出:12 求:10 数:8
一番高いモンスター: 66872
スコア: 14770557
42 39 51 38 48 3 38 174 0 96 527 494 0 0 496 0 0 352 407 2 0 1 0 84 0
出:16 求:18 数:7
一番高いモンスター: 66872
