スコア: 8673521
4 1 5 2 3 249 252 261 115 262 517 476 0 0 474 0 0 341 420 0 0 2 0 126 0
出:12 求:10 数:4
一番高いモンスター: 167313
召喚 ID: 35
スコア: 8840283
6 2 7 3 6 250 253 263 115 262 518 476 0 0 475 0 0 343 421 0 0 0 0 125 0
出:16 求:18 数:3
一番高いモンスター: 108786
召喚 ID: 407
スコア: 8943164
6 2 7 3 6 245 248 261 109 260 518 476 0 0 475 0 0 343 421 0 0 0 0 125 0
出:21 求:23 数:2
一番高いモンスター: 108786
召喚 ID: 407
スコア: 9046014
6 2 7 3 6 240 243 259 103 258 518 476 0 0 475 0 0 343 421 0 0 2 0 123 0
出:8 求:7 数:5
一番高いモンスター: 167313
召喚 ID: 35
スコア: 9212726
6 2 7 3 6 240 243 259 103 258 518 476 0 0 475 0 0 343 421 0 0 0 0 120 0
出:12 求:10 数:4
一番高いモンスター: 108786
召喚 ID: 407
スコア: 9315545
6 2 7 3 6 235 238 257 97 256 518 476 0 0 475 0 0 343 421 0 0 0 0 120 0
出:16 求:18 数:3
一番高いモンスター: 108786
召喚 ID: 407
スコア: 9418334
6 2 7 3 6 230 233 255 91 254 518 476 0 0 475 0 0 343 421 0 0 0 0 120 0
出:21 求:23 数:2
一番高いモンスター: 108786
召喚 ID: 407
スコア: 9521092
6 2 7 3 6 225 228 253 85 252 518 476 0 0 475 0 0 343 421 0 0 2 0 118 0
出:8 求:7 数:5
一番高いモンスター: 167313
召喚 ID: 35
スコア: 9687754
6 2 7 3 6 225 228 253 85 252 518 476 0 0 475 0 0 343 421 0 0 0 0 115 0
出:12 求:10 数:4
一番高いモンスター: 108786
召喚 ID: 407
スコア: 9790481
6 2 7 3 6 220 223 251 79 250 518 476 0 0 475 0 0 343 421 0 0 0 0 115 0
出:16 求:18 数:3
一番高いモンスター: 108786
召喚 ID: 407
スコア: 9893177
11 4 10 4 9 216 219 249 73 249 519 476 0 0 475 0 0 344 421 0 0 0 0 116 0
出:21 求:23 数:2
一番高いモンスター: 108786
召喚 ID: 407
スコア: 9995842
11 4 10 4 9 211 214 247 67 247 519 476 0 0 475 0 0 344 421 0 0 2 0 114 0
出:8 求:7 数:5
一番高いモンスター: 167313
召喚 ID: 35
スコア: 10162454
11 4 10 4 9 211 214 247 67 247 519 476 0 0 475 0 0 344 421 0 0 0 0 111 0
出:12 求:10 数:4
一番高いモンスター: 108786
召喚 ID: 407
スコア: 10265088
11 4 10 4 9 206 209 245 61 245 519 476 0 0 475 0 0 344 421 0 0 0 0 111 0
出:16 求:18 数:3
一番高いモンスター: 108786
召喚 ID: 407
スコア: 10367692
11 4 10 4 9 201 204 243 55 243 519 476 0 0 475 0 0 344 421 0 0 0 0 111 0
出:21 求:23 数:2
一番高いモンスター: 108786
召喚 ID: 407
スコア: 10470265
11 4 10 4 9 196 199 241 49 241 519 476 0 0 475 0 0 344 421 0 0 2 0 109 0
出:8 求:7 数:5
一番高いモンスター: 167313
召喚 ID: 35
スコア: 10636827
11 4 10 4 9 196 199 241 49 241 519 476 0 0 475 0 0 344 421 0 0 0 0 106 0
出:12 求:10 数:4
一番高いモンスター: 108786
召喚 ID: 407
スコア: 10739369
11 4 10 4 9 191 194 239 43 239 519 476 0 0 475 0 0 344 421 0 0 0 0 106 0
出:16 求:18 数:3
一番高いモンスター: 108786
召喚 ID: 407
スコア: 10841880
11 4 10 4 9 186 189 237 37 237 519 476 0 0 475 0 0 344 421 0 0 0 0 106 0
出:21 求:23 数:2
一番高いモンスター: 108786
召喚 ID: 407
スコア: 10944361
11 4 10 4 9 181 184 235 31 235 519 476 0 0 475 0 0 344 421 0 0 0 0 104 0
出:8 求:7 数:5
一番高いモンスター: 108786
召喚 ID: 407
スコア: 11046811
15 5 12 6 9 177 180 235 25 235 520 477 0 0 476 0 0 344 422 0 0 0 0 105 0
出:12 求:10 数:4
一番高いモンスター: 108786
召喚 ID: 407
スコア: 11149230
15 5 12 6 9 172 175 233 19 233 520 477 0 0 476 0 0 344 422 0 0 0 0 105 0
出:16 求:18 数:3
一番高いモンスター: 108786
召喚 ID: 407
スコア: 11251618
15 5 12 6 9 167 170 231 13 231 520 477 0 0 476 0 0 344 422 0 0 0 0 105 0
出:21 求:23 数:2
一番高いモンスター: 108786
召喚 ID: 407
スコア: 11353976
15 5 12 6 9 162 165 229 7 229 520 477 0 0 476 0 0 344 422 0 0 0 0 105 0
出:8 求:7 数:5
一番高いモンスター: 108786
召喚 ID: 407
スコア: 11456303
15 5 12 6 9 157 160 227 1 227 520 477 0 0 476 0 0 344 422 0 0 0 0 105 0
出:12 求:10 数:4
一番高いモンスター: 82129
召喚 ID: 276
スコア: 11530467
15 5 12 6 9 150 155 225 1 222 520 477 0 0 476 0 3 344 422 0 0 0 0 105 0
出:19 求:18 数:3
一番高いモンスター: 82129
召喚 ID: 276
スコア: 11604609
15 5 12 6 9 143 150 223 1 217 520 477 0 0 476 0 3 344 419 3 0 0 0 105 0
出:21 求:23 数:2
一番高いモンスター: 189906
召喚 ID: 73
スコア: 11793379
15 5 12 6 9 143 150 223 1 217 520 477 0 0 476 0 0 342 417 2 0 0 0 105 0
出:8 求:7 数:5
一番高いモンスター: 82129
召喚 ID: 276
