スコア: 68699188
6 4 8 8 5 91 140 119 6 106 271 144 23 16 322 10 0 39 49 0 2 0 2 9 1
求:13 出:14 数:5
一番高いモンスター: 187869
召喚 ID: 153
スコア: 68863575
6 4 8 8 5 91 140 119 6 106 269 138 21 11 322 10 0 39 49 0 2 0 2 9 1
求:16 出:18 数:5
一番高いモンスター: 187869
召喚 ID: 153
スコア: 69027913
6 4 8 8 5 91 140 119 6 106 267 132 19 6 322 10 0 39 49 0 2 0 2 9 1
求:21 出:23 数:5
一番高いモンスター: 187869
召喚 ID: 153
スコア: 69192202
6 4 8 8 5 91 140 119 6 106 265 126 17 1 322 10 0 39 49 0 2 0 2 9 1
求:13 出:14 数:5
一番高いモンスター: 174306
召喚 ID: 196
スコア: 69346563
7 5 11 9 8 92 141 121 6 107 264 123 12 1 320 10 0 40 50 0 2 0 2 10 1
求:16 出:18 数:5
一番高いモンスター: 174306
召喚 ID: 196
スコア: 69500878
7 5 11 9 8 92 141 121 6 107 261 120 7 1 317 10 0 40 50 0 2 0 2 10 1
求:21 出:23 数:5
一番高いモンスター: 174306
召喚 ID: 196
スコア: 69655146
7 5 11 9 8 92 141 121 6 107 258 117 2 1 314 10 0 40 50 0 2 0 2 10 1
求:13 出:14 数:5
一番高いモンスター: 129751
スコア: 69655146
7 5 11 9 8 92 141 121 6 107 258 117 2 1 314 10 0 40 50 0 2 0 2 10 1
求:16 出:18 数:5
一番高いモンスター: 129751
スコア: 69655146
7 5 11 9 8 92 141 121 6 107 258 117 2 1 314 10 0 40 50 0 2 0 2 10 1
求:21 出:23 数:5
一番高いモンスター: 129751
スコア: 69655146
7 5 11 9 8 92 141 121 6 107 258 117 2 1 314 10 2 40 50 0 2 0 2 10 1
求:13 出:14 数:5
一番高いモンスター: 129751
スコア: 69655146
7 5 11 9 8 92 141 121 6 107 258 117 2 1 314 10 2 40 50 0 2 0 2 10 1
求:19 出:18 数:5
一番高いモンスター: 129751
スコア: 69655146
7 5 11 9 8 92 141 121 6 107 258 117 2 1 314 10 2 40 45 5 2 0 2 10 1
求:21 出:23 数:5
一番高いモンスター: 129751
スコア: 69655146
7 5 11 9 8 92 141 121 6 107 258 117 2 1 314 10 2 40 45 5 2 0 2 10 1
求:13 出:14 数:5
一番高いモンスター: 129751
スコア: 69655146
10 8 13 10 10 93 142 123 6 107 259 119 2 1 315 10 2 41 45 5 6 0 2 10 1
求:16 出:18 数:5
一番高いモンスター: 129751
スコア: 69655146
10 8 13 10 10 93 142 123 6 107 259 119 2 1 315 10 2 41 45 5 6 0 2 10 1
求:21 出:23 数:5
一番高いモンスター: 129751
スコア: 69655146
10 8 13 10 10 93 142 123 6 107 259 119 2 1 315 10 2 41 45 5 6 0 2 10 1
求:13 出:14 数:5
一番高いモンスター: 129751
スコア: 69655146
10 8 13 10 10 93 142 123 6 107 259 119 2 1 315 10 2 41 45 5 6 0 2 10 1
求:16 出:18 数:5
一番高いモンスター: 129751
スコア: 69655146
10 8 13 10 10 93 142 123 6 107 259 119 2 1 315 10 2 41 45 5 6 0 2 10 1
求:21 出:23 数:5
一番高いモンスター: 129751
スコア: 69655146
10 8 13 10 10 93 142 123 6 107 259 119 2 1 315 10 2 41 45 5 6 0 2 10 1
求:13 出:14 数:5
一番高いモンスター: 129751
スコア: 69655146
10 8 13 10 10 93 142 123 6 107 259 119 2 1 315 10 5 41 45 5 6 0 2 10 1
求:16 出:18 数:5
一番高いモンスター: 129751
スコア: 69655146
10 8 13 10 10 93 142 123 6 107 259 119 2 1 315 10 5 41 45 5 6 0 2 10 1
求:21 出:23 数:5
一番高いモンスター: 129751
スコア: 69655146
10 8 13 10 10 93 142 123 6 107 259 119 2 1 315 10 5 41 45 5 6 0 2 10 1
求:13 出:14 数:5
一番高いモンスター: 129751
スコア: 69655146
12 9 15 11 13 94 144 125 6 108 260 121 2 1 315 10 5 42 46 5 6 0 2 10 1
求:16 出:18 数:5
一番高いモンスター: 129751
スコア: 69655146
12 9 15 11 13 94 144 125 6 108 260 121 2 1 315 10 5 42 46 5 6 0 2 10 1
求:21 出:23 数:5
一番高いモンスター: 129751
スコア: 69655146
12 9 15 11 13 94 144 125 6 108 260 121 2 1 315 10 5 42 46 5 6 0 2 10 1
求:13 出:14 数:5
一番高いモンスター: 129751
スコア: 69655146
12 9 15 11 13 94 144 125 6 108 260 121 2 1 315 10 5 42 46 5 6 0 2 10 1
求:16 出:18 数:5
一番高いモンスター: 129751
スコア: 69655146
12 9 15 11 13 94 144 125 6 108 260 121 2 1 315 10 5 42 46 5 6 0 2 10 1
求:21 出:23 数:5
一番高いモンスター: 129751
スコア: 69655146
12 9 15 11 13 94 144 125 6 108 260 121 2 1 315 10 7 42 46 5 6 0 2 10 1
求:13 出:14 数:5
一番高いモンスター: 129751
スコア: 69655146
12 9 15 11 13 94 144 125 6 108 260 121 2 1 315 10 7 42 46 5 6 0 2 10 1
求:19 出:18 数:5
一番高いモンスター: 129751
スコア: 69655146
12 9 15 11 13 94 144 125 6 108 260 121 2 1 315 10 7 42 41 10 6 0 2 10 1
求:21 出:23 数:5
一番高いモンスター: 129751
スコア: 69655146
12 9 15 11 13 94 144 125 6 108 260 121 2 1 315 10 7 42 41 10 6 0 2 10 1
求:13 出:14 数:5
一番高いモンスター: 129751
スコア: 69655146
12 9 18 12 14 94 147 127 6 110 261 121 2 1 318 10 7 43 44 10 6 0 2 10 1
求:16 出:18 数:5
一番高いモンスター: 129751
スコア: 69655146
12 9 18 12 14 94 147 127 6 110 261 121 7 1 318 10 7 43 42 10 6 0 2 10 1
求:21 出:23 数:5
一番高いモンスター: 174306
召喚 ID: 196
スコア: 69809091
12 9 18 12 14 94 147 127 6 110 258 118 2 1 315 10 7 43 42 10 6 0 2 10 1
求:13 出:14 数:5
一番高いモンスター: 129751
スコア: 69809091
12 9 18 12 14 94 147 127 6 110 258 118 2 1 315 10 7 43 42 10 6 0 2 10 1
求:16 出:17 数:5
一番高いモンスター: 129751
スコア: 69809091
12 9 18 12 14 94 147 127 6 110 258 118 2 1 315 10 7 38 42 10 6 0 2 10 1
求:21 出:23 数:5
一番高いモンスター: 129751
スコア: 69809091
12 9 18 12 14 94 147 127 6 110 258 118 2 1 315 10 7 38 42 10 6 0 2 10 1
求:13 出:14 数:5
一番高いモンスター: 129751
スコア: 69809091
12 9 18 12 14 94 147 127 6 110 258 118 2 1 315 10 7 38 42 10 6 0 2 10 1
求:16 出:18 数:5
一番高いモンスター: 129751
スコア: 69809091
12 9 18 12 14 94 147 127 6 110 258 118 2 1 315 10 7 38 42 10 6 0 2 10 1
求:21 出:23 数:5
一番高いモンスター: 129751
スコア: 69809091
12 9 18 12 14 94 147 127 6 110 258 118 2 1 315 10 7 38 42 10 6 0 2 10 1
求:13 出:14 数:5
一番高いモンスター: 129751
スコア: 69809091
15 11 19 13 16 95 148 128 6 111 259 120 2 1 316 10 7 40 43 10 6 0 2 10 1
求:16 出:18 数:5
一番高いモンスター: 129751
スコア: 69809091
15 11 19 13 16 95 148 128 6 111 259 120 2 1 316 10 7 40 43 10 6 0 2 10 1
求:21 出:23 数:5
一番高いモンスター: 129751
スコア: 69809091
15 11 19 13 16 95 148 128 6 111 259 120 2 1 316 10 7 40 43 10 6 0 2 10 1
求:13 出:14 数:5
一番高いモンスター: 129751
スコア: 69809091
15 11 19 13 16 95 148 128 6 111 259 120 2 1 316 10 7 40 43 10 6 0 2 10 1
求:16 出:18 数:5
一番高いモンスター: 129751
スコア: 69809091
15 11 19 13 16 95 148 128 6 111 259 120 2 1 316 10 7 40 43 10 6 0 2 10 1
求:21 出:23 数:5
一番高いモンスター: 129751
スコア: 69809091
15 11 19 13 16 95 148 128 6 111 259 120 2 1 316 10 7 40 43 10 6 0 2 10 1
求:13 出:14 数:5
一番高いモンスター: 129751
スコア: 69809091
15 11 19 13 16 95 148 128 6 111 259 120 2 1 316 10 7 40 43 10 6 0 2 10 1
求:16 出:18 数:5
一番高いモンスター: 129751
スコア: 69809091
15 11 19 13 16 95 148 128 6 111 259 120 2 1 316 10 7 40 43 10 6 0 2 10 1
求:21 出:23 数:5
一番高いモンスター: 129751
スコア: 69809091
15 11 19 13 16 95 148 128 6 111 259 120 2 1 316 10 7 40 43 10 6 0 2 10 1
求:13 出:14 数:5
一番高いモンスター: 129751
スコア: 69809091
20 13 21 13 17 96 150 130 6 111 259 120 2 1 318 10 7 40 45 10 6 5 2 11 1
求:16 出:18 数:5
一番高いモンスター: 129751
スコア: 69809091
20 13 21 13 17 96 150 130 6 111 259 120 2 1 318 10 7 40 45 10 6 5 2 11 1
求:24 出:23 数:5
一番高いモンスター: 129751
スコア: 69809091
20 13 21 13 17 96 150 130 6 111 259 120 2 1 318 10 7 40 45 10 6 5 2 6 1
求:13 出:14 数:5
一番高いモンスター: 129751
スコア: 69809091
20 13 21 13 17 96 150 130 6 111 259 120 2 1 318 10 7 40 45 10 6 5 2 6 1
求:16 出:18 数:5
一番高いモンスター: 129751
スコア: 69809091
20 13 21 13 17 96 150 130 6 111 259 120 2 1 318 10 7 40 45 10 6 5 2 6 1
求:24 出:20 数:5
一番高いモンスター: 129751
スコア: 69809091
20 13 21 13 17 96 150 130 6 111 259 120 2 1 318 10 7 40 45 10 1 5 2 6 1
求:13 出:14 数:5
一番高いモンスター: 129751
スコア: 69809091
20 13 21 13 17 96 150 130 6 111 259 120 2 1 318 10 7 40 45 10 1 5 2 6 1
求:16 出:18 数:5
一番高いモンスター: 129751
