スコア: 78180803
46 34 30 34 29 96 170 233 13 154 368 223 12 10 404 17 16 78 80 17 10 0 4 19 0
求:21 出:18 数:5
一番高いモンスター: 534239
スコア: 78180803
46 34 30 34 29 96 170 233 13 154 368 223 12 10 404 17 16 78 76 17 10 0 4 19 0
求:8 出:7 数:5
一番高いモンスター: 534239
スコア: 78180803
46 34 30 34 29 96 170 230 13 154 368 223 12 10 404 17 16 78 76 17 10 0 4 19 0
求:13 出:7 数:5
一番高いモンスター: 534239
スコア: 78180803
46 34 30 34 29 96 170 230 13 154 368 223 12 10 404 17 16 78 76 17 10 0 4 19 0
求:16 出:17 数:5
一番高いモンスター: 534239
スコア: 78180803
46 34 30 34 29 96 170 230 13 154 368 223 12 10 404 17 16 78 76 17 10 0 4 19 0
求:21 出:23 数:5
一番高いモンスター: 534239
スコア: 78180803
51 36 32 37 31 97 171 230 13 154 372 223 12 10 404 17 21 78 76 17 10 0 4 16 0
求:8 出:7 数:5
一番高いモンスター: 534239
スコア: 78180803
51 36 32 37 31 97 171 230 13 154 372 223 12 10 404 17 21 78 76 17 10 0 4 16 0
求:13 出:14 数:5
一番高いモンスター: 534239
スコア: 78180803
51 36 32 37 31 97 171 230 13 154 372 223 12 10 404 17 21 78 76 17 10 0 4 16 0
求:15 出:14 数:5
一番高いモンスター: 534239
スコア: 78180803
51 36 32 37 31 97 171 230 13 154 372 223 12 10 404 17 21 78 76 17 10 0 4 16 0
求:21 出:17 数:5
一番高いモンスター: 534239
スコア: 78180803
51 36 32 37 31 97 171 230 13 154 372 223 12 10 404 17 21 78 76 17 10 0 4 16 0
求:8 出:7 数:5
一番高いモンスター: 534239
スコア: 78180803
51 36 32 37 31 97 171 230 13 154 372 223 12 10 404 17 21 78 76 17 10 0 4 16 0
求:13 出:7 数:5
一番高いモンスター: 534239
