スコア: 73199399
79 75 84 60 73 38 107 140 0 68 285 150 2 1 340 15 12 40 39 16 5 5 3 6 1
求:13 出:7 数:5
一番高いモンスター: 534239
召喚 ID: 113
スコア: 73565345
79 75 84 60 73 38 107 140 0 68 285 150 2 1 340 13 10 38 38 13 5 5 3 6 1
求:16 出:17 数:5
一番高いモンスター: 534239
召喚 ID: 113
スコア: 73931181
79 75 84 60 73 38 107 140 0 68 285 150 2 1 340 11 8 36 37 10 5 5 3 6 1
求:24 出:18 数:5
一番高いモンスター: 534239
召喚 ID: 113
スコア: 74296908
79 75 84 60 73 38 107 140 0 68 285 150 2 1 340 9 6 34 36 7 5 5 3 6 1
求:13 出:14 数:5
一番高いモンスター: 534239
召喚 ID: 113
スコア: 74662525
79 75 84 60 73 38 107 140 0 68 285 150 2 1 340 7 4 32 35 4 5 5 3 6 1
求:16 出:14 数:5
一番高いモンスター: 534239
召喚 ID: 113
スコア: 75028032
79 75 84 60 73 38 107 140 0 68 285 150 2 1 340 5 2 30 34 1 5 5 3 6 1
求:24 出:18 数:5
一番高いモンスター: 238767
スコア: 75028032
79 75 84 60 73 38 107 140 0 68 285 150 2 1 340 5 2 30 34 1 5 5 3 6 1
求:13 出:7 数:5
一番高いモンスター: 238767
