スコア: 16333693
119 113 139 109 127 5 11 26 0 7 565 532 0 0 531 0 0 372 427 0 0 0 9 82 0
求:16 出:18 数:3
一番高いモンスター: 50801
召喚 ID: 385
スコア: 16382463
119 113 139 109 127 1 7 15 0 7 565 532 0 0 531 0 0 372 429 0 0 0 9 82 0
求:16 出:18 数:4
一番高いモンスター: 48387
召喚 ID: 392
スコア: 16428320
119 113 139 109 127 1 2 8 0 3 565 532 0 0 531 0 0 372 428 0 0 0 9 82 0
求:16 出:18 数:12
一番高いモンスター: 14891
スコア: 16428320
119 113 139 109 127 1 2 8 0 3 565 532 0 0 531 0 0 372 420 0 0 0 9 82 0
求:16 出:18 数:12
一番高いモンスター: 14891
スコア: 16428320
119 113 139 109 127 1 2 8 0 3 565 532 0 0 531 0 0 372 420 0 0 0 9 82 0
求:16 出:18 数:11
一番高いモンスター: 14891
スコア: 16428320
119 113 139 109 127 1 2 8 0 3 565 532 0 0 531 0 0 372 421 0 0 0 9 82 0
求:16 出:18 数:6
一番高いモンスター: 14891
スコア: 16428320
119 113 139 109 127 1 2 8 0 3 565 532 0 0 531 0 0 372 426 0 0 0 9 82 0
求:16 出:18 数:5
一番高いモンスター: 14891
スコア: 16428320
121 115 141 111 130 2 3 8 0 6 565 532 0 0 531 0 0 374 429 0 0 0 9 82 0
求:16 出:18 数:10
一番高いモンスター: 27463
スコア: 16428320
121 115 141 111 130 2 3 8 0 6 565 532 0 0 531 0 0 374 424 0 0 0 9 82 0
求:16 出:18 数:11
一番高いモンスター: 27463
スコア: 16428320
121 115 141 111 130 2 3 8 0 6 565 532 0 0 531 0 0 374 423 0 0 0 9 82 0
求:16 出:18 数:10
一番高いモンスター: 27463
スコア: 16428320
121 115 141 111 130 2 3 8 0 6 565 532 0 0 531 0 0 374 424 0 0 0 9 82 0
求:16 出:18 数:8
一番高いモンスター: 27463
スコア: 16428320
121 115 141 111 130 2 3 8 0 6 565 532 0 0 531 0 0 374 426 0 0 0 9 82 0
求:16 出:18 数:12
一番高いモンスター: 27463
スコア: 16428320
121 115 141 111 130 2 3 8 0 6 565 532 0 0 531 0 0 374 422 0 0 0 9 82 0
求:16 出:18 数:6
一番高いモンスター: 27463
スコア: 16428320
121 115 141 111 130 2 3 8 0 6 565 532 0 0 531 0 0 374 428 0 0 0 9 82 0
求:16 出:18 数:5
一番高いモンスター: 27463
スコア: 16428320
121 115 141 111 130 2 3 8 0 6 565 532 0 0 531 0 0 374 429 0 0 0 9 82 0
求:16 出:18 数:4
一番高いモンスター: 27463
スコア: 16428320
121 115 141 111 130 2 3 8 0 6 565 532 0 0 531 0 0 374 430 0 0 0 9 82 0
求:16 出:18 数:7
一番高いモンスター: 27463
スコア: 16428320
121 115 141 111 130 2 3 8 0 6 565 532 0 0 531 0 0 374 427 0 0 0 9 82 0
求:16 出:18 数:9
一番高いモンスター: 27463
スコア: 16428320
121 118 143 114 133 2 6 10 0 8 565 533 0 0 531 0 0 374 426 0 0 0 9 82 0
求:16 出:18 数:8
一番高いモンスター: 48387
召喚 ID: 392
スコア: 16474163
121 118 143 114 133 2 1 3 0 4 565 533 0 0 531 0 0 374 427 0 0 0 9 82 0
求:16 出:18 数:11
一番高いモンスター: 10098
スコア: 16474163
121 118 143 114 133 2 1 3 0 4 565 533 0 0 531 0 0 374 424 0 0 0 9 82 0
求:16 出:18 数:7
一番高いモンスター: 10098
スコア: 16474163
121 118 143 114 133 2 1 3 0 4 565 533 0 0 531 0 0 374 428 0 0 0 9 82 0
求:16 出:18 数:5
一番高いモンスター: 10098
スコア: 16474163
121 118 143 114 133 2 1 3 0 4 565 533 0 0 531 0 0 374 430 0 0 0 9 82 0
求:16 出:18 数:5
一番高いモンスター: 10098
スコア: 16474163
121 118 143 114 133 2 1 3 0 4 565 533 0 0 531 0 0 374 430 0 0 0 9 82 0
求:16 出:18 数:8
一番高いモンスター: 10098
スコア: 16474163
121 118 143 114 133 2 1 3 0 4 565 533 0 0 531 0 0 374 427 0 0 0 9 82 0
求:16 出:18 数:6
一番高いモンスター: 10098
スコア: 16474163
121 118 143 114 133 2 1 3 0 4 565 533 0 0 531 0 0 374 429 0 0 0 9 82 0
求:16 出:18 数:5
一番高いモンスター: 10098
スコア: 16474163
121 118 143 114 133 2 1 3 0 4 565 533 0 0 531 0 0 374 430 0 0 0 9 82 0
求:16 出:18 数:12
一番高いモンスター: 10098
スコア: 16474163
121 123 146 115 135 2 1 3 0 7 566 535 0 0 532 0 0 375 424 0 0 0 9 82 0
求:16 出:18 数:3
一番高いモンスター: 15159
スコア: 16474163
121 123 146 115 135 2 1 3 0 7 566 535 0 0 532 0 0 375 433 0 0 0 9 82 0
求:16 出:18 数:10
一番高いモンスター: 15159
スコア: 16474163
121 123 146 115 135 2 1 3 0 7 566 535 0 0 532 0 0 375 426 0 0 0 9 82 0
求:16 出:18 数:9
一番高いモンスター: 15159
スコア: 16474163
121 123 146 115 135 2 1 3 0 7 566 535 0 0 532 0 0 375 427 0 0 0 9 82 0
求:16 出:18 数:12
一番高いモンスター: 15159
スコア: 16474163
121 123 146 115 135 2 1 3 0 7 566 535 0 0 532 0 0 375 424 0 0 0 9 82 0
求:16 出:18 数:5
一番高いモンスター: 15159
スコア: 16474163
121 123 146 115 135 2 1 3 0 7 566 535 0 0 532 0 0 375 431 0 0 0 9 82 0
求:16 出:18 数:7
一番高いモンスター: 15159
スコア: 16474163
121 123 146 115 135 2 1 3 0 7 566 535 0 0 532 0 0 375 429 0 0 0 9 82 0
求:16 出:18 数:8
一番高いモンスター: 15159
スコア: 16474163
121 123 146 115 135 2 1 3 0 7 566 535 0 0 532 0 0 375 428 0 0 0 9 82 0
求:16 出:18 数:12
一番高いモンスター: 15159
スコア: 16474163
121 123 146 115 135 2 1 3 0 7 566 535 0 0 532 0 0 375 424 0 0 0 9 82 0
求:16 出:18 数:12
一番高いモンスター: 15159
スコア: 16474163
124 125 148 115 136 2 3 8 0 7 569 535 0 0 534 0 0 375 424 0 0 0 9 82 0
求:16 出:18 数:3
一番高いモンスター: 27463
スコア: 16474163
124 125 148 115 136 2 3 8 0 7 569 535 0 0 534 0 0 375 433 0 0 0 9 82 0
求:16 出:18 数:7
一番高いモンスター: 27463
スコア: 16474163
124 125 148 115 136 2 3 8 0 7 569 535 0 0 534 0 0 375 429 0 0 0 9 82 0
求:16 出:18 数:6
一番高いモンスター: 27463
スコア: 16474163
124 125 148 115 136 2 3 8 0 7 569 535 0 0 534 0 0 375 430 0 0 0 9 82 0
求:16 出:18 数:12
一番高いモンスター: 27463
スコア: 16474163
124 125 148 115 136 2 3 8 0 7 569 535 0 0 534 0 0 375 424 0 0 0 9 82 0
求:16 出:18 数:10
一番高いモンスター: 27463
スコア: 16474163
124 125 148 115 136 2 3 8 0 7 569 535 0 0 534 0 0 375 426 0 0 0 9 82 0
求:16 出:18 数:7
一番高いモンスター: 27463
スコア: 16474163
124 125 148 115 136 2 3 8 0 7 569 535 0 0 534 0 0 375 429 0 0 0 9 82 0
求:16 出:18 数:9
一番高いモンスター: 27463
スコア: 16474163
124 125 148 115 136 2 3 8 0 7 569 535 0 0 534 0 0 375 427 0 0 0 9 82 0
求:16 出:18 数:3
一番高いモンスター: 27463
スコア: 16474163
124 125 148 115 136 2 3 8 0 7 569 535 0 0 534 0 0 375 433 0 0 0 9 82 0
求:16 出:18 数:8
一番高いモンスター: 27463
スコア: 16474163
124 125 148 115 136 2 3 8 0 7 569 535 0 0 534 0 0 375 428 0 0 0 9 82 0
求:16 出:18 数:10
一番高いモンスター: 27463
スコア: 16474163
128 126 152 116 136 3 5 9 0 7 571 535 0 0 534 0 0 375 428 0 0 0 9 84 0
求:16 出:18 数:12
一番高いモンスター: 48387
召喚 ID: 392
スコア: 16519992
128 126 152 116 136 3 0 2 0 3 571 535 0 0 534 0 0 375 426 0 0 0 9 84 0
求:16 出:18 数:8
一番高いモンスター: 10098
スコア: 16519992
128 126 152 116 136 3 0 2 0 3 571 535 0 0 534 0 0 375 430 0 0 0 9 84 0
求:16 出:18 数:7
一番高いモンスター: 10098
スコア: 16519992
128 126 152 116 136 3 0 2 0 3 571 535 0 0 534 0 0 375 431 0 0 0 9 84 0
求:16 出:18 数:12
一番高いモンスター: 10098
スコア: 16519992
128 126 152 116 136 3 0 2 0 3 571 535 0 0 534 0 0 375 426 0 0 0 9 84 0
求:16 出:18 数:6
一番高いモンスター: 10098
スコア: 16519992
128 126 152 116 136 3 0 2 0 3 571 535 0 0 534 0 0 375 432 0 0 0 9 84 0
求:16 出:18 数:5
一番高いモンスター: 10098
スコア: 16519992
128 126 152 116 136 3 0 2 0 3 571 535 0 0 534 0 0 375 433 0 0 0 9 84 0
求:16 出:18 数:8
一番高いモンスター: 10098
スコア: 16519992
128 126 152 116 136 3 0 2 0 3 571 535 0 0 534 0 0 375 430 0 0 0 9 84 0
求:16 出:18 数:10
一番高いモンスター: 10098
スコア: 16519992
128 126 152 116 136 3 0 2 0 3 571 535 0 0 534 0 0 375 428 0 0 0 9 84 0
求:16 出:18 数:6
一番高いモンスター: 10098
スコア: 16519992
128 126 154 118 140 4 0 3 0 6 571 536 0 0 535 0 0 377 434 0 0 0 9 85 0
求:16 出:18 数:8
一番高いモンスター: 15159
スコア: 16519992
128 126 154 118 140 4 0 3 0 6 571 536 0 0 535 0 0 377 432 0 0 0 9 85 0
求:16 出:18 数:9
一番高いモンスター: 15159
スコア: 16519992
128 126 154 118 140 4 0 3 0 6 571 536 0 0 535 0 0 377 431 0 0 0 9 85 0
求:16 出:18 数:10
一番高いモンスター: 15159
スコア: 16519992
128 126 154 118 140 4 0 3 0 6 571 536 0 0 535 0 0 377 430 0 0 0 9 85 0
求:16 出:18 数:3
一番高いモンスター: 15159
スコア: 16519992
128 126 154 118 140 4 0 3 0 6 571 536 0 0 535 0 0 377 437 0 0 0 9 85 0
求:16 出:18 数:12
一番高いモンスター: 15159
スコア: 16519992
128 126 154 118 140 4 0 3 0 6 571 536 0 0 535 0 0 377 428 0 0 0 9 85 0
求:16 出:18 数:4
一番高いモンスター: 15159
スコア: 16519992
128 126 154 118 140 4 0 3 0 6 571 536 0 0 535 0 0 377 436 0 0 0 9 85 0
求:16 出:18 数:7
一番高いモンスター: 15159
スコア: 16519992
128 126 154 118 140 4 0 3 0 6 571 536 0 0 535 0 0 377 433 0 0 0 9 85 0
求:16 出:18 数:4
一番高いモンスター: 15159
スコア: 16519992
128 126 154 118 140 4 0 3 0 6 571 536 0 0 535 0 0 377 436 0 0 0 9 85 0
求:16 出:18 数:5
一番高いモンスター: 15159
スコア: 16519992
130 127 156 121 143 4 2 3 0 6 573 537 0 0 537 0 0 378 436 0 0 0 9 85 0
求:16 出:18 数:5
一番高いモンスター: 15159
スコア: 16519992
130 127 156 121 143 4 2 3 0 6 573 537 0 0 537 0 0 378 436 0 0 0 9 85 0
求:16 出:18 数:6
一番高いモンスター: 15159
スコア: 16519992
130 127 156 121 143 4 2 3 0 6 573 537 0 0 537 0 0 378 435 0 0 0 9 85 0
求:16 出:18 数:10
一番高いモンスター: 15159
スコア: 16519992
130 127 156 121 143 4 2 3 0 6 573 537 0 0 537 0 0 378 431 0 0 0 9 85 0
求:16 出:18 数:9
一番高いモンスター: 15159
スコア: 16519992
130 127 156 121 143 4 2 3 0 6 573 537 0 0 537 0 0 378 432 0 0 0 9 85 0
求:16 出:18 数:3
一番高いモンスター: 15159
スコア: 16519992
130 127 156 121 143 4 2 3 0 6 573 537 0 0 537 0 0 378 438 0 0 0 9 85 0
求:16 出:18 数:9
一番高いモンスター: 15159
スコア: 16519992
130 127 156 121 143 4 2 3 0 6 573 537 0 0 537 0 0 378 432 0 0 0 9 85 0
求:16 出:18 数:5
一番高いモンスター: 15159
スコア: 16519992
130 127 156 121 143 4 2 3 0 6 573 537 0 0 537 0 0 378 436 0 0 0 9 85 0
求:16 出:18 数:4
一番高いモンスター: 15159
スコア: 16519992
130 127 156 121 143 4 2 3 0 6 573 537 0 0 537 0 0 378 437 0 0 0 9 85 0
求:16 出:18 数:11
一番高いモンスター: 15159
スコア: 16519992
133 128 158 121 144 7 3 4 0 9 574 538 0 0 537 0 0 379 432 0 0 0 9 85 0
求:16 出:18 数:4
一番高いモンスター: 21169
スコア: 16519992
133 128 158 121 144 7 3 4 0 9 574 538 0 0 537 0 0 379 439 0 0 0 9 85 0
求:16 出:18 数:4
一番高いモンスター: 21169
スコア: 16519992
133 128 158 121 144 7 3 4 0 9 574 538 0 0 537 0 0 379 439 0 0 0 9 85 0
求:16 出:18 数:8
一番高いモンスター: 21169
スコア: 16519992
133 128 158 121 144 7 3 4 0 9 574 538 0 0 537 0 0 379 435 0 0 0 9 85 0
求:16 出:18 数:3
一番高いモンスター: 21169
スコア: 16519992
133 128 158 121 144 7 3 4 0 9 574 538 0 0 537 0 0 379 440 0 0 0 9 85 0
求:16 出:18 数:11
一番高いモンスター: 21169
スコア: 16519992
133 128 158 121 144 7 3 4 0 9 574 538 0 0 537 0 0 379 432 0 0 0 9 85 0
求:16 出:18 数:5
一番高いモンスター: 21169
スコア: 16519992
133 128 158 121 144 7 3 4 0 9 574 538 0 0 537 0 0 379 438 0 0 0 9 85 0
求:16 出:18 数:12
一番高いモンスター: 21169
スコア: 16519992
133 128 158 121 144 7 3 4 0 9 574 538 0 0 537 0 0 379 431 0 0 0 9 85 0
求:16 出:18 数:6
一番高いモンスター: 21169
スコア: 16519992
133 128 158 121 144 7 3 4 0 9 574 538 0 0 537 0 0 379 437 0 0 0 9 85 0
求:16 出:18 数:9
一番高いモンスター: 21169
スコア: 16519992
137 129 160 124 146 7 4 6 0 11 574 539 0 0 539 0 0 379 434 0 0 0 9 85 0
求:16 出:18 数:10
一番高いモンスター: 68974
召喚 ID: 275
スコア: 16587553
137 129 160 124 146 0 0 2 0 8 574 539 0 0 539 0 0 379 433 0 0 0 9 85 0
求:16 出:18 数:10
一番高いモンスター: 10098
スコア: 16587553
137 129 160 124 146 0 0 2 0 8 574 539 0 0 539 0 0 379 433 0 0 0 9 85 0
求:16 出:18 数:3
一番高いモンスター: 10098
スコア: 16587553
137 129 160 124 146 0 0 2 0 8 574 539 0 0 539 0 0 379 440 0 0 0 9 85 0
求:16 出:18 数:3
一番高いモンスター: 10098
スコア: 16587553
137 129 160 124 146 0 0 2 0 8 574 539 0 0 539 0 0 379 440 0 0 0 9 85 0
求:16 出:18 数:4
一番高いモンスター: 10098
スコア: 16587553
137 129 160 124 146 0 0 2 0 8 574 539 0 0 539 0 0 379 439 0 0 0 9 85 0
求:16 出:18 数:12
一番高いモンスター: 10098
スコア: 16587553
137 129 160 124 146 0 0 2 0 8 574 539 0 0 539 0 0 379 431 0 0 0 9 85 0
求:16 出:18 数:11
一番高いモンスター: 10098
スコア: 16587553
137 129 160 124 146 0 0 2 0 8 574 539 0 0 539 0 0 379 432 0 0 0 9 85 0
求:16 出:18 数:7
一番高いモンスター: 10098
スコア: 16587553
137 129 160 124 146 0 0 2 0 8 574 539 0 0 539 0 0 379 436 0 0 0 9 85 0
求:16 出:18 数:3
一番高いモンスター: 10098
スコア: 16587553
137 129 160 124 146 0 0 2 0 8 574 539 0 0 539 0 0 379 440 0 0 0 9 85 0
求:16 出:18 数:6
一番高いモンスター: 10098
スコア: 16587553
141 129 161 127 149 1 3 4 0 8 576 539 0 0 539 0 0 379 438 0 0 0 9 85 0
求:16 出:18 数:10
一番高いモンスター: 15159
スコア: 16587553
141 129 161 127 149 1 3 4 0 8 576 539 0 0 539 0 0 379 434 0 0 0 9 85 0
求:16 出:18 数:12
一番高いモンスター: 15159
スコア: 16587553
141 129 161 127 149 1 3 4 0 8 576 539 0 0 539 0 0 379 432 0 0 0 9 85 0
求:16 出:18 数:5
一番高いモンスター: 15159
スコア: 16587553
141 129 161 127 149 1 3 4 0 8 576 539 0 0 539 0 0 379 439 0 0 0 9 85 0
求:16 出:18 数:4
一番高いモンスター: 15159
スコア: 16587553
141 129 161 127 149 1 3 4 0 8 576 539 0 0 539 0 0 379 440 0 0 0 9 85 0
求:16 出:18 数:4
一番高いモンスター: 15159
スコア: 16587553
141 129 161 127 149 1 3 4 0 8 576 539 0 0 539 0 0 379 440 0 0 0 9 85 0
求:16 出:18 数:4
一番高いモンスター: 15159
スコア: 16587553
141 129 161 127 149 1 3 4 0 8 576 539 0 0 539 0 0 379 440 0 0 0 9 85 0
求:16 出:18 数:4
一番高いモンスター: 15159
スコア: 16587553
141 129 161 127 149 1 3 4 0 8 576 539 0 0 539 0 0 379 440 0 0 0 9 85 0
求:16 出:18 数:8
一番高いモンスター: 15159
スコア: 16587553
141 129 161 127 149 1 3 4 0 8 576 539 0 0 539 0 0 379 436 0 0 0 9 85 0
求:16 出:18 数:3
一番高いモンスター: 15159
スコア: 16587553
143 129 162 127 153 4 3 7 0 10 576 540 0 0 539 0 0 382 442 0 0 0 9 85 0
求:16 出:18 数:11
一番高いモンスター: 27463
スコア: 16587553
143 129 162 127 153 4 3 7 0 10 576 540 0 0 539 0 0 382 434 0 0 0 9 85 0
求:16 出:18 数:4
一番高いモンスター: 27463
スコア: 16587553
143 129 162 127 153 4 3 7 0 10 576 540 0 0 539 0 0 382 441 0 0 0 9 85 0
求:16 出:18 数:4
一番高いモンスター: 27463
スコア: 16587553
143 129 162 127 153 4 3 7 0 10 576 540 0 0 539 0 0 382 441 0 0 0 9 85 0
求:16 出:18 数:3
一番高いモンスター: 27463
スコア: 16587553
143 129 162 127 153 4 3 7 0 10 576 540 0 0 539 0 0 382 442 0 0 0 9 85 0
求:16 出:18 数:11
一番高いモンスター: 27463
スコア: 16587553
143 129 162 127 153 4 3 7 0 10 576 540 0 0 539 0 0 382 434 0 0 0 9 85 0
求:16 出:18 数:9
一番高いモンスター: 27463
スコア: 16587553
143 129 162 127 153 4 3 7 0 10 576 540 0 0 539 0 0 382 436 0 0 0 9 85 0
求:16 出:18 数:3
一番高いモンスター: 27463
スコア: 16587553
143 129 162 127 153 4 3 7 0 10 576 540 0 0 539 0 0 382 442 0 0 0 9 85 0
求:16 出:18 数:11
一番高いモンスター: 27463
スコア: 16587553
143 129 162 127 153 4 3 7 0 10 576 540 0 0 539 0 0 382 434 0 0 0 9 85 0
求:16 出:18 数:10
一番高いモンスター: 27463
スコア: 16587553
145 132 162 132 154 4 4 9 0 11 578 542 0 0 540 0 0 382 435 0 0 0 9 85 0
求:16 出:18 数:7
一番高いモンスター: 57222
召喚 ID: 453
スコア: 16642768
145 132 162 132 154 3 4 1 0 1 578 542 0 0 540 0 0 382 438 0 0 0 9 85 0
求:16 出:18 数:12
一番高いモンスター: 10098
スコア: 16642768
145 132 162 132 154 3 4 1 0 1 578 542 0 0 540 0 0 382 433 0 0 0 9 85 0
求:16 出:18 数:12
一番高いモンスター: 10098
スコア: 16642768
145 132 162 132 154 3 4 1 0 1 578 542 0 0 540 0 0 382 433 0 0 0 9 85 0
求:16 出:18 数:12
一番高いモンスター: 10098
スコア: 16642768
145 132 162 132 154 3 4 1 0 1 578 542 0 0 540 0 0 382 433 0 0 0 9 85 0
求:16 出:18 数:11
一番高いモンスター: 10098
スコア: 16642768
145 132 162 132 154 3 4 1 0 1 578 542 0 0 540 0 0 382 434 0 0 0 9 85 0
求:16 出:18 数:4
一番高いモンスター: 10098
スコア: 16642768
145 132 162 132 154 3 4 1 0 1 578 542 0 0 540 0 0 382 441 0 0 0 9 85 0
求:16 出:18 数:11
一番高いモンスター: 10098
