スコア: 16034147
90 85 95 79 95 5 6 61 0 2 555 519 0 0 518 0 0 357 412 0 0 0 0 73 0
求:12 出:10 数:8
一番高いモンスター: 50801
召喚 ID: 385
スコア: 16083034
92 86 95 84 98 2 4 51 0 3 552 519 0 0 520 0 0 357 413 0 0 0 0 74 0
求:12 出:10 数:11
一番高いモンスター: 31824
スコア: 16083034
92 86 95 84 98 2 4 51 0 3 549 519 0 0 520 0 0 357 413 0 0 0 0 74 0
求:12 出:10 数:8
一番高いモンスター: 31824
スコア: 16083034
92 86 95 84 98 2 4 51 0 3 552 519 0 0 520 0 0 357 413 0 0 0 0 74 0
求:12 出:10 数:10
一番高いモンスター: 31824
スコア: 16083034
92 86 95 84 98 2 4 51 0 3 550 519 0 0 520 0 0 357 413 0 0 0 0 74 0
求:12 出:10 数:10
一番高いモンスター: 31824
スコア: 16083034
92 86 95 84 98 2 4 51 0 3 550 519 0 0 520 0 0 357 413 0 0 0 0 74 0
求:12 出:10 数:9
一番高いモンスター: 31824
スコア: 16083034
92 86 95 84 98 2 4 51 0 3 551 519 0 0 520 0 0 357 413 0 0 0 0 74 0
求:12 出:10 数:10
一番高いモンスター: 31824
スコア: 16083034
92 86 95 84 98 2 4 51 0 3 550 519 0 0 520 0 0 357 413 0 0 0 0 74 0
求:12 出:10 数:6
一番高いモンスター: 31824
スコア: 16083034
92 86 95 84 98 2 4 51 0 3 554 519 0 0 520 0 0 357 413 0 0 0 0 74 0
求:12 出:10 数:10
一番高いモンスター: 31824
スコア: 16083034
92 86 95 84 98 2 4 51 0 3 550 519 0 0 520 0 0 357 413 0 0 0 0 74 0
求:12 出:10 数:5
一番高いモンスター: 31824
スコア: 16083034
92 86 95 84 98 2 4 51 0 3 555 519 0 0 520 0 0 357 413 0 0 0 0 74 0
求:12 出:10 数:7
一番高いモンスター: 31824
スコア: 16083034
94 89 98 84 101 2 5 52 0 4 554 521 0 0 521 0 0 358 413 0 0 0 0 75 0
求:12 出:10 数:10
一番高いモンスター: 48387
スコア: 16083034
94 89 98 84 101 2 5 52 0 4 551 521 0 0 521 0 0 358 413 0 0 0 0 75 0
求:12 出:10 数:5
一番高いモンスター: 48387
スコア: 16083034
94 89 98 84 101 2 5 52 0 4 556 521 0 0 521 0 0 358 413 0 0 0 0 75 0
求:12 出:10 数:13
一番高いモンスター: 48387
スコア: 16083034
94 89 98 84 101 2 5 52 0 4 548 521 0 0 521 0 0 358 413 0 0 0 0 75 0
求:12 出:10 数:9
一番高いモンスター: 48387
