スコア: 32852768
2 4 8 7 1 36 37 42 39 33 433 424 10 3 438 6 3 340 349 2 0 0 1 14 0
求:13 出:18 数:10
一番高いモンスター: 7540
召喚 ID: 723
スコア: 32860243
2 4 0 0 1 36 37 42 39 33 433 424 10 3 438 6 3 340 349 2 0 0 1 14 0
求:13 出:18 数:10
一番高いモンスター: 2507
召喚 ID: 657
スコア: 32862656
1 1 0 0 0 36 37 42 39 33 433 424 10 3 438 6 3 340 349 2 0 0 1 14 0
求:13 出:18 数:10
一番高いモンスター: -1
スコア: 32862656
1 1 0 0 0 36 37 42 39 33 433 424 10 3 438 6 3 340 349 2 0 0 1 14 0
求:13 出:18 数:10
一番高いモンスター: -1
スコア: 32862656
1 1 0 0 0 36 37 42 39 33 433 424 10 3 438 6 3 340 349 2 0 0 1 14 0
求:13 出:18 数:10
一番高いモンスター: -1
スコア: 32862656
1 1 0 0 0 36 37 42 39 33 433 424 10 3 438 6 3 340 349 2 0 0 1 14 0
求:13 出:18 数:10
一番高いモンスター: -1
スコア: 32862656
3 3 5 1 1 38 38 42 39 35 433 425 10 3 438 6 3 341 350 2 0 0 1 15 0
求:13 出:18 数:10
一番高いモンスター: 5037
召喚 ID: 759
スコア: 32867617
0 0 1 1 1 38 38 42 39 35 433 425 10 4 438 6 3 341 350 2 0 0 1 15 0
求:13 出:18 数:10
一番高いモンスター: -1
スコア: 32867617
0 0 1 1 1 38 38 42 39 35 433 425 10 4 438 6 3 341 350 2 0 0 1 15 0
求:13 出:18 数:10
一番高いモンスター: -1
スコア: 32867617
0 0 1 1 1 38 38 42 39 35 433 425 10 4 438 6 3 341 350 2 0 0 1 15 0
求:13 出:18 数:10
一番高いモンスター: -1
スコア: 32867617
0 0 1 1 1 38 38 42 49 35 433 425 10 4 438 6 3 341 350 2 0 0 1 15 0
求:13 出:18 数:10
一番高いモンスター: -1
スコア: 32867617
0 0 1 1 1 38 38 42 49 35 433 425 10 4 438 6 3 341 350 2 0 0 1 15 0
求:13 出:18 数:10
一番高いモンスター: -1
スコア: 32867617
0 0 1 1 1 38 38 42 49 35 433 425 10 4 438 6 3 341 350 2 0 0 1 15 0
求:13 出:18 数:10
一番高いモンスター: -1
スコア: 32867617
0 0 1 1 1 38 38 42 49 35 433 425 10 4 438 6 3 341 350 2 0 0 1 15 0
求:13 出:18 数:10
一番高いモンスター: -1
スコア: 32867617
0 0 1 1 1 38 38 42 49 35 433 425 10 4 438 6 3 341 350 2 0 0 1 15 0
求:13 出:18 数:10
一番高いモンスター: -1
スコア: 32867617
2 4 4 3 2 39 39 43 49 35 433 426 10 4 440 6 3 341 350 2 0 0 1 17 0
求:13 出:18 数:10
一番高いモンスター: 6560
召喚 ID: 749
スコア: 32873975
0 2 0 0 0 39 39 43 49 35 433 426 10 4 440 6 3 341 350 2 0 0 1 17 0
求:13 出:18 数:10
一番高いモンスター: -1
スコア: 32873975
0 2 0 0 0 39 39 43 49 35 433 426 10 4 440 6 3 341 350 2 0 0 1 17 0
求:13 出:18 数:10
一番高いモンスター: -1
スコア: 32873975
0 2 0 0 0 39 39 43 49 35 433 426 10 4 440 6 3 341 350 2 0 0 1 17 0
求:13 出:18 数:10
一番高いモンスター: -1
スコア: 32873975
0 2 0 0 0 39 39 43 49 35 433 426 10 4 440 6 3 341 350 2 0 0 1 17 0
求:13 出:18 数:10
一番高いモンスター: -1
スコア: 32873975
0 2 0 0 0 39 39 43 49 35 433 426 10 4 440 6 3 341 350 2 0 0 1 17 0
求:13 出:18 数:10
一番高いモンスター: -1
スコア: 32873975
0 2 0 0 0 39 39 43 49 35 433 426 10 4 440 6 3 341 350 2 0 0 1 17 0
求:13 出:18 数:10
一番高いモンスター: -1
スコア: 32873975
0 2 0 0 0 39 39 43 49 35 433 426 10 4 440 6 3 341 350 2 0 0 1 17 0
求:13 出:18 数:10
一番高いモンスター: -1
スコア: 32873975
0 2 0 0 0 39 39 43 49 35 433 426 10 4 440 6 3 341 350 2 0 0 1 17 0
求:13 出:18 数:10
一番高いモンスター: -1
スコア: 32873975
0 2 0 0 0 39 39 43 49 35 433 426 10 14 440 6 3 341 350 2 0 0 1 17 0
求:12 出:18 数:10
一番高いモンスター: -1
スコア: 32873975
3 3 3 1 3 40 40 45 49 36 433 429 20 14 440 6 3 341 341 2 0 0 1 17 0
求:13 出:17 数:10
一番高いモンスター: 5006
召喚 ID: 923
スコア: 32878849
1 1 1 0 0 40 40 45 49 36 433 429 20 14 440 6 3 338 341 2 0 0 1 17 0
求:13 出:18 数:10
一番高いモンスター: -1
スコア: 32878849
1 1 1 0 0 40 40 45 49 36 433 429 20 14 440 6 3 338 331 2 0 0 1 17 0
求:13 出:17 数:10
一番高いモンスター: -1
スコア: 32878849
1 1 1 0 0 40 40 45 49 36 433 429 20 14 440 6 3 338 331 2 0 0 1 17 0
求:13 出:17 数:10
一番高いモンスター: -1
スコア: 32878849
1 1 1 0 0 40 40 45 49 36 433 429 20 14 440 6 3 338 331 2 0 0 1 17 0
求:13 出:17 数:10
一番高いモンスター: -1
スコア: 32878849
1 1 1 0 0 40 40 45 49 36 433 429 20 14 440 6 3 338 331 2 0 0 1 17 0
求:13 出:17 数:10
一番高いモンスター: -1
スコア: 32878849
1 1 1 0 0 40 40 45 49 36 433 429 20 14 440 6 3 338 331 2 0 0 1 17 0
求:13 出:17 数:10
一番高いモンスター: -1
スコア: 32878849
1 1 1 0 0 40 40 45 49 36 433 429 20 14 440 6 3 338 331 2 0 0 1 17 0
求:13 出:17 数:10
一番高いモンスター: -1
スコア: 32878849
1 1 1 0 0 40 40 45 49 36 433 429 20 14 440 6 3 338 331 2 0 0 1 17 0
求:13 出:17 数:10
一番高いモンスター: -1
スコア: 32878849
4 2 3 1 5 40 41 45 49 36 436 431 20 14 440 6 3 339 331 2 0 0 1 18 0
求:13 出:17 数:10
一番高いモンスター: 5006
召喚 ID: 549
スコア: 32883780
0 0 1 0 4 40 41 45 49 36 436 431 20 14 440 6 3 339 331 2 0 0 1 18 0
求:13 出:17 数:10
一番高いモンスター: -1
スコア: 32883780
0 0 1 0 4 40 41 45 49 36 436 431 20 14 440 6 3 339 331 2 0 0 1 18 0
求:13 出:17 数:10
一番高いモンスター: -1
スコア: 32883780
0 0 1 0 4 40 41 45 49 36 436 431 20 14 440 6 3 339 331 2 0 0 1 18 0
求:13 出:17 数:10
一番高いモンスター: -1
スコア: 32883780
0 0 1 0 4 40 41 45 49 36 436 431 20 14 440 6 3 339 331 2 0 0 1 18 0
求:13 出:17 数:10
一番高いモンスター: -1
スコア: 32883780
0 0 1 0 4 40 41 45 49 36 436 431 20 14 440 6 3 339 331 2 0 0 1 18 0
求:13 出:17 数:10
一番高いモンスター: -1
スコア: 32883780
0 0 1 0 4 40 41 45 49 36 436 431 20 14 440 6 3 339 331 2 0 0 1 18 0
求:13 出:17 数:10
一番高いモンスター: -1
スコア: 32883780
0 0 1 0 4 40 41 45 49 36 436 431 20 14 440 6 3 339 331 2 0 0 1 18 0
求:13 出:17 数:10
一番高いモンスター: -1
スコア: 32883780
0 0 1 0 4 40 41 45 49 36 436 431 20 14 440 6 3 339 331 2 0 0 1 18 0
求:13 出:17 数:10
一番高いモンスター: -1
スコア: 32883780
0 0 1 0 4 40 41 45 49 36 436 431 20 14 440 6 3 339 331 2 0 0 1 18 0
求:13 出:17 数:10
一番高いモンスター: -1
スコア: 32883780
3 1 5 3 4 43 42 45 49 37 436 432 20 14 441 6 3 340 332 2 0 0 1 18 0
求:13 出:17 数:10
一番高いモンスター: 5037
召喚 ID: 738
スコア: 32888757
2 0 0 2 2 43 42 45 49 37 436 432 20 17 441 6 3 340 332 2 0 0 1 18 0
求:13 出:17 数:10
一番高いモンスター: -1
スコア: 32888757
2 0 0 2 2 43 42 45 49 37 436 432 20 17 441 6 3 337 332 2 0 0 1 18 0
求:13 出:17 数:10
一番高いモンスター: -1
スコア: 32888757
2 0 0 2 2 43 42 45 49 37 436 432 20 17 441 6 3 337 332 2 0 0 1 18 0
求:13 出:17 数:10
一番高いモンスター: -1
スコア: 32888757
2 0 0 2 2 43 42 45 49 37 436 432 20 17 441 6 3 337 332 2 0 0 1 18 0
求:13 出:17 数:10
一番高いモンスター: -1
スコア: 32888757
2 0 0 2 2 43 42 45 49 37 436 432 20 17 441 6 3 337 332 2 0 0 1 18 0
求:13 出:17 数:10
一番高いモンスター: -1
スコア: 32888757
2 0 0 2 2 43 42 45 49 37 436 432 20 17 441 6 3 337 332 2 0 0 1 18 0
求:13 出:17 数:10
一番高いモンスター: -1
スコア: 32888757
2 0 0 2 2 43 42 45 49 37 436 432 20 17 441 6 3 337 332 2 0 0 1 18 0
求:13 出:17 数:10
一番高いモンスター: -1
スコア: 32888757
2 0 0 2 2 43 42 45 49 37 436 432 20 17 441 6 3 337 332 2 0 0 1 18 0
求:13 出:17 数:10
一番高いモンスター: -1
スコア: 32888757
5 0 2 4 7 43 44 47 49 37 437 432 20 17 442 6 3 338 332 2 0 0 1 19 0
求:13 出:17 数:10
一番高いモンスター: 5551
召喚 ID: 840
スコア: 32894199
2 0 1 0 4 43 44 47 49 37 437 432 20 17 442 6 3 338 332 2 0 0 1 19 0
求:13 出:17 数:10
一番高いモンスター: -1
スコア: 32894199
2 0 1 0 4 43 44 47 49 37 437 432 20 17 442 6 3 338 332 2 0 0 1 19 0
求:13 出:17 数:10
一番高いモンスター: -1
スコア: 32894199
2 0 1 0 4 43 44 47 49 37 437 432 20 17 442 6 3 338 332 2 0 0 1 19 0
求:13 出:17 数:10
一番高いモンスター: -1
スコア: 32894199
2 0 1 0 4 43 44 47 49 37 437 432 20 17 442 6 3 338 332 2 0 0 1 19 0
求:13 出:17 数:10
一番高いモンスター: -1
スコア: 32894199
2 0 1 0 4 43 44 47 49 37 437 432 20 18 442 6 3 338 332 2 0 0 1 19 0
求:13 出:17 数:10
一番高いモンスター: -1
スコア: 32894199
2 0 1 0 4 43 44 47 49 37 437 432 20 18 442 6 3 337 332 2 0 0 1 19 0
求:13 出:17 数:10
一番高いモンスター: -1
スコア: 32894199
2 0 1 0 4 43 44 47 49 37 437 432 20 18 442 6 3 337 332 2 0 0 1 19 0
求:13 出:17 数:10
一番高いモンスター: -1
スコア: 32894199
2 0 1 0 4 43 44 47 49 37 437 432 20 18 442 6 3 337 332 2 0 0 1 19 0
求:13 出:17 数:10
一番高いモンスター: -1
スコア: 32894199
4 1 4 3 9 44 45 49 49 38 437 433 20 18 442 6 3 337 332 2 0 0 1 19 0
求:13 出:17 数:10
一番高いモンスター: 7568
召喚 ID: 954
スコア: 32901674
1 1 1 0 3 44 45 49 49 38 437 433 20 18 442 6 3 337 332 2 0 0 1 19 0
求:13 出:17 数:10
一番高いモンスター: 2521
召喚 ID: 974
スコア: 32904125
0 0 1 0 0 44 45 49 49 38 437 433 20 18 442 6 3 337 332 2 0 0 1 19 0
求:13 出:17 数:10
一番高いモンスター: -1
スコア: 32904125
0 0 1 0 0 44 45 49 49 38 437 433 20 18 442 6 3 337 332 2 0 0 1 19 0
求:13 出:17 数:10
一番高いモンスター: -1
スコア: 32904125
0 0 1 0 0 44 45 49 49 38 437 433 20 18 442 6 3 337 332 2 0 0 1 19 0
求:13 出:17 数:10
一番高いモンスター: -1
スコア: 32904125
0 0 1 0 0 44 45 49 49 38 437 433 20 18 442 6 3 337 332 2 0 0 1 19 0
求:13 出:17 数:10
一番高いモンスター: -1
スコア: 32904125
0 0 1 0 0 44 45 49 49 38 437 433 20 18 442 6 3 337 332 2 0 0 1 19 0
求:13 出:17 数:10
一番高いモンスター: -1
スコア: 32904125
0 0 1 0 0 44 45 49 49 38 437 433 20 18 442 6 3 337 332 2 0 0 1 19 0
求:13 出:17 数:10
一番高いモンスター: -1
スコア: 32904125
0 0 1 0 0 44 45 49 49 38 437 433 20 18 442 6 3 337 332 2 0 0 1 19 0
求:13 出:17 数:10
一番高いモンスター: -1
スコア: 32904125
2 5 3 2 2 45 46 49 49 41 438 433 20 18 443 6 3 337 332 2 0 0 1 19 0
求:13 出:17 数:10
一番高いモンスター: 5026
召喚 ID: 619
スコア: 32909041
1 1 0 1 1 45 46 49 49 41 438 433 20 18 443 6 3 337 332 2 0 0 1 19 0
求:13 出:17 数:10
一番高いモンスター: -1
スコア: 32909041
1 1 0 1 1 45 46 49 49 41 438 433 20 18 443 6 3 337 332 2 0 0 1 19 0
求:13 出:17 数:10
一番高いモンスター: -1
スコア: 32909041
1 1 0 1 1 45 46 49 49 41 438 433 20 18 443 6 3 337 332 2 0 0 1 19 0
求:13 出:17 数:10
一番高いモンスター: -1
スコア: 32909041
1 1 0 1 1 45 46 49 49 41 438 433 20 18 443 6 3 337 332 2 0 0 1 19 0
求:13 出:17 数:10
一番高いモンスター: -1
スコア: 32909041
1 1 0 1 1 45 46 49 49 41 438 433 20 18 443 6 3 337 332 2 0 0 1 19 0
求:13 出:17 数:10
一番高いモンスター: -1
スコア: 32909041
1 1 0 1 1 45 46 49 49 41 438 433 20 18 443 6 3 337 332 2 0 0 1 19 0
求:13 出:17 数:10
一番高いモンスター: -1
スコア: 32909041
1 1 0 1 1 45 46 49 49 41 438 433 20 18 443 6 3 337 332 2 0 0 1 19 0
求:13 出:17 数:10
一番高いモンスター: -1
スコア: 32909041
1 1 0 1 1 45 46 49 49 41 438 433 20 18 443 6 3 337 332 2 0 0 1 19 0
求:13 出:17 数:10
一番高いモンスター: -1
スコア: 32909041
1 1 0 1 1 45 46 49 49 41 438 433 20 18 443 6 3 337 332 2 0 0 1 19 0
求:13 出:17 数:10
一番高いモンスター: -1
