スコア: 87334053
0 11 68 145 0 8 98 247 6 163 349 196 23 20 351 18 14 23 22 16 10 5 4 13 0
求:8 出:7 数:5
一番高いモンスター: 534239	id:113
召喚 ID: 113
スコア: 87646853
0 11 68 145 0 8 98 247 6 163 349 196 23 20 351 16 12 21 21 13 10 5 4 13 0
求:13 出:7 数:5
一番高いモンスター: 534239	id:113
召喚 ID: 113
スコア: 87959559
0 11 68 145 0 8 98 247 6 163 349 196 23 20 351 14 10 19 20 10 10 5 4 13 0
求:16 出:18 数:5
一番高いモンスター: 534239	id:113
召喚 ID: 113
スコア: 88272171
0 11 68 145 0 8 98 247 6 163 349 196 23 20 351 12 8 17 19 7 10 5 4 13 0
求:8 出:7 数:5
一番高いモンスター: 534239	id:113
召喚 ID: 113
スコア: 88584689
0 11 68 145 0 8 98 247 6 163 349 196 23 20 351 10 6 15 18 4 10 5 4 13 0
一番高いモンスター: 534239	id:113
召喚 ID: 113
スコア: 88897113
1 14 72 145 0 8 99 249 6 165 349 198 23 20 352 8 4 14 19 1 10 5 4 14 0
求:19 出:14 数:5
一番高いモンスター: 238767	id:57
スコア: 88897113
1 14 72 145 0 8 99 249 6 165 349 198 23 20 352 8 4 14 19 1 10 5 4 14 0
求:8 出:7 数:5
一番高いモンスター: 238767	id:57
スコア: 88897113
1 14 72 145 0 8 99 249 6 165 349 198 23 20 352 8 4 14 19 1 10 5 4 14 0
求:13 出:14 数:5
一番高いモンスター: 238767	id:57
スコア: 88897113
1 14 72 145 0 8 99 249 6 165 349 198 23 20 352 8 4 14 19 1 10 5 4 14 0
求:19 出:14 数:5
一番高いモンスター: 238767	id:57
スコア: 88897113
1 14 72 145 0 8 99 249 9 165 349 198 23 20 352 8 4 14 19 1 10 5 4 14 0
求:5 出:14 数:5
一番高いモンスター: 238767	id:57
スコア: 88897113
1 14 72 145 0 13 99 249 9 165 349 198 23 20 347 8 4 14 19 1 10 5 4 14 0
求:13 出:7 数:5
一番高いモンスター: 238767	id:57
