スコア: 78180803
122 127 116 139 123 147 216 277 13 208 426 256 14 10 455 17 23 115 108 17 10 0 4 48 0
求:8 出:7 数:5
一番高いモンスター: 534239	id:113
スコア: 78180803
122 127 116 139 123 147 216 277 13 208 426 256 14 10 455 17 23 115 108 17 10 0 4 48 0
求:13 出:17 数:5
一番高いモンスター: 534239	id:113
スコア: 78180803
122 127 116 139 123 147 216 277 13 208 426 256 14 15 455 17 23 110 108 17 10 0 4 48 0
求:15 出:17 数:5
一番高いモンスター: 534239	id:113
スコア: 78180803
122 127 116 139 123 147 216 277 13 208 426 256 14 15 455 17 23 110 108 17 10 0 4 48 0
求:8 出:7 数:5
一番高いモンスター: 534239	id:113
スコア: 78180803
122 127 116 139 123 147 216 277 13 208 426 256 14 15 455 17 23 110 108 17 10 0 4 48 0
求:12 出:7 数:5
一番高いモンスター: 534239	id:113
スコア: 78180803
124 131 119 142 125 149 217 272 13 208 427 257 14 15 455 17 23 110 108 17 10 0 4 49 0
求:15 出:17 数:5
一番高いモンスター: 534239	id:113
スコア: 78180803
124 131 119 142 125 149 217 272 13 208 427 257 14 15 455 17 23 110 108 17 10 0 4 49 0
求:8 出:7 数:5
一番高いモンスター: 534239	id:113
スコア: 78180803
124 131 119 142 125 149 217 272 13 208 427 257 14 15 455 17 23 110 108 17 10 0 4 49 0
求:12 出:14 数:5
一番高いモンスター: 534239	id:113
スコア: 78180803
124 131 119 142 125 149 217 272 13 208 427 257 14 15 450 17 23 110 108 17 10 0 4 49 0
求:15 出:23 数:5
一番高いモンスター: 534239	id:113
スコア: 78180803
124 131 119 142 125 149 217 272 13 208 427 257 14 15 450 22 23 110 108 17 10 0 4 44 0
求:8 出:7 数:5
一番高いモンスター: 534239	id:113
スコア: 78180803
124 131 119 142 125 149 217 272 13 208 427 257 14 15 450 22 23 110 108 17 10 0 4 44 0
求:12 出:17 数:5
一番高いモンスター: 534239	id:113
スコア: 78180803
124 131 119 142 125 149 217 272 13 208 427 257 19 15 450 22 23 105 108 17 10 0 4 44 0
求:19 出:14 数:5
一番高いモンスター: 534239	id:113
スコア: 78180803
124 131 119 142 125 149 217 272 13 208 427 257 19 15 450 22 23 105 108 17 10 0 4 44 0
求:8 出:7 数:5
一番高いモンスター: 534239	id:113
スコア: 78180803
124 131 119 142 125 149 217 272 13 208 427 257 19 15 450 22 23 105 108 17 10 0 4 44 0
求:13 出:7 数:5
一番高いモンスター: 534239	id:113
スコア: 78180803
126 132 119 144 129 152 217 274 13 208 429 258 19 15 452 22 23 106 108 17 10 0 4 44 0
求:19 出:14 数:5
一番高いモンスター: 534239	id:113
スコア: 78180803
126 132 119 144 129 152 217 274 13 208 429 258 19 15 452 22 23 106 108 17 10 0 4 44 0
求:8 出:14 数:5
一番高いモンスター: 534239	id:113
スコア: 78180803
126 132 119 144 129 152 217 274 18 208 429 258 19 15 447 22 23 106 108 17 10 0 4 44 0
求:13 出:14 数:5
一番高いモンスター: 534239	id:113
スコア: 78180803
126 132 119 144 129 152 217 274 18 208 429 258 19 15 447 22 23 106 108 17 10 0 4 44 0
求:19 出:18 数:5
一番高いモンスター: 534239	id:113
スコア: 78180803
126 132 119 144 129 152 217 274 18 208 429 258 19 15 447 22 23 106 103 17 10 0 4 44 0
求:8 出:7 数:5
一番高いモンスター: 534239	id:113
スコア: 78180803
126 132 119 144 129 152 217 274 18 208 429 258 19 15 447 22 23 106 103 17 10 0 4 44 0
求:13 出:14 数:5
一番高いモンスター: 534239	id:113
スコア: 78180803
126 132 119 144 129 152 217 274 18 208 429 258 19 15 447 22 23 106 103 17 10 0 4 44 0
求:19 出:23 数:5
一番高いモンスター: 534239	id:113
スコア: 78180803
126 132 119 144 129 152 217 274 18 208 429 258 19 15 447 22 23 106 103 22 10 0 4 39 0
求:8 出:7 数:5
一番高いモンスター: 534239	id:113
スコア: 78180803
126 132 119 144 129 152 217 274 18 208 429 258 19 15 447 22 23 106 103 22 10 0 4 39 0
求:13 出:17 数:5
一番高いモンスター: 534239	id:113
スコア: 78180803
126 132 119 144 129 152 217 274 18 208 429 258 19 20 447 22 23 101 103 22 10 0 4 39 0
求:15 出:18 数:5
一番高いモンスター: 534239	id:113
スコア: 78180803
128 134 122 147 131 155 217 274 18 209 430 259 19 20 448 22 23 101 99 22 10 0 4 39 0
スコア: 78180803
128 134 122 147 131 155 217 274 18 209 430 259 19 20 448 22 23 101 99 22 10 0 4 39 0
求:12 出:14 数:5
一番高いモンスター: 534239	id:113
スコア: 78180803
128 134 122 147 131 155 217 274 18 209 430 259 19 20 448 22 23 101 99 22 10 0 4 39 0
求:15 出:23 数:5
一番高いモンスター: 534239	id:113
スコア: 78180803
128 134 122 147 131 155 217 274 18 209 430 259 19 20 448 27 23 101 99 22 10 0 4 34 0
スコア: 78180803
128 134 122 147 131 155 217 274 18 209 430 259 19 20 448 27 23 101 99 22 10 0 4 34 0
求:12 出:7 数:5
一番高いモンスター: 534239	id:113
スコア: 78180803
128 134 122 147 131 155 217 274 18 209 430 259 19 20 448 27 23 101 99 22 10 0 4 34 0
求:19 出:23 数:5
一番高いモンスター: 534239	id:113
スコア: 78180803
128 134 122 147 131 155 217 274 18 209 430 259 19 20 448 27 23 101 99 27 10 0 4 29 0
求:8 出:7 数:5
一番高いモンスター: 534239	id:113
スコア: 78180803
128 134 122 147 131 155 217 274 18 209 430 259 19 20 448 27 23 101 99 27 10 0 4 29 0
求:12 出:14 数:5
一番高いモンスター: 534239	id:113
スコア: 78180803
128 134 122 147 131 155 217 274 18 209 430 259 19 20 448 27 23 101 99 27 10 0 4 29 0
求:16 出:23 数:5
一番高いモンスター: 534239	id:113
スコア: 78180803
131 134 122 147 137 155 219 276 18 212 430 260 19 20 448 27 28 102 100 27 10 0 4 25 0
求:8 出:14 数:5
一番高いモンスター: 534239	id:113
スコア: 78180803
131 134 122 147 137 155 219 276 23 212 430 260 19 20 443 27 28 102 100 27 10 0 4 25 0
求:12 出:7 数:5
一番高いモンスター: 534239	id:113
スコア: 78180803
131 134 122 147 137 155 219 276 23 212 430 260 19 20 443 27 28 102 100 27 10 0 4 25 0
求:15 出:14 数:5
一番高いモンスター: 534239	id:113
スコア: 78180803
131 134 122 147 137 155 219 276 23 212 430 260 19 20 443 27 28 102 100 27 10 0 4 25 0
求:8 出:7 数:5
一番高いモンスター: 534239	id:113
スコア: 78180803
131 134 122 147 137 155 219 276 23 212 430 260 19 20 443 27 28 102 100 27 10 0 4 25 0
求:12 出:17 数:5
一番高いモンスター: 534239	id:113
スコア: 78180803
131 134 122 147 137 155 219 276 23 212 430 260 24 20 443 27 28 97 100 27 10 0 4 25 0
一番高いモンスター: 534239	id:113
スコア: 78180803
131 134 122 147 137 155 219 276 23 212 430 260 24 20 443 27 28 97 100 27 10 0 4 25 0
求:8 出:14 数:5
一番高いモンスター: 534239	id:113
スコア: 78180803
131 134 122 147 137 155 219 276 28 212 430 260 24 20 438 27 28 97 100 27 10 0 4 25 0
求:13 出:18 数:5
一番高いモンスター: 534239	id:113
スコア: 78180803
131 134 122 147 137 155 219 276 28 212 430 260 24 25 438 27 28 97 95 27 10 0 4 25 0
求:15 出:17 数:5
一番高いモンスター: 534239	id:113
スコア: 78180803
131 137 126 149 139 157 219 277 28 214 431 262 24 25 438 27 28 98 95 27 10 0 4 25 0
求:8 出:14 数:5
一番高いモンスター: 534239	id:113
スコア: 78180803
131 137 126 149 139 157 219 277 31 214 431 262 24 25 433 27 28 98 95 27 10 0 4 25 0
求:12 出:17 数:5
一番高いモンスター: 534239	id:113
スコア: 78180803
131 137 126 149 139 157 219 277 31 214 431 262 29 25 433 27 28 93 95 27 10 0 4 25 0
求:15 出:14 数:5
一番高いモンスター: 534239	id:113
スコア: 78180803
131 137 126 149 139 157 219 277 31 214 431 262 29 25 433 32 28 93 95 27 10 0 4 25 0
求:8 出:7 数:5
一番高いモンスター: 534239	id:113
スコア: 78180803
131 137 126 149 139 157 219 277 31 214 431 262 29 25 433 32 28 93 95 27 10 0 4 25 0
求:13 出:18 数:5
一番高いモンスター: 534239	id:113
スコア: 78180803
131 137 126 149 139 157 219 277 31 214 431 262 29 30 433 32 28 93 90 27 10 0 4 25 0
一番高いモンスター: 534239	id:113
スコア: 78180803
131 137 126 149 139 157 219 277 33 214 431 262 29 30 433 32 28 93 90 27 10 0 4 25 0
求:8 出:14 数:5
一番高いモンスター: 534239	id:113
スコア: 78180803
131 137 126 149 139 157 219 277 33 214 431 262 29 30 428 32 28 93 90 27 10 0 4 25 0
求:12 出:17 数:5
一番高いモンスター: 534239	id:113
スコア: 78180803
131 137 126 149 139 157 219 277 33 214 431 262 34 30 428 32 28 88 90 27 10 0 4 25 0
一番高いモンスター: 534239	id:113
スコア: 78180803
133 138 129 151 142 158 219 280 35 215 431 262 34 30 430 32 28 89 90 27 10 0 4 26 0
スコア: 78180803
133 138 129 151 142 158 219 280 35 215 431 262 34 30 430 32 28 89 90 27 10 0 4 26 0
求:13 出:18 数:5
一番高いモンスター: 534239	id:113
スコア: 78180803
133 138 129 151 142 158 219 280 35 215 431 262 34 35 430 32 28 89 85 27 10 0 4 26 0
求:19 出:10 数:5
一番高いモンスター: 534239	id:113
スコア: 78180803
133 138 129 151 142 158 219 280 38 215 426 262 34 35 430 32 28 89 85 27 10 0 4 26 0
求:8 出:7 数:5
一番高いモンスター: 534239	id:113
スコア: 78180803
133 138 129 151 142 158 219 280 38 215 426 262 34 35 430 32 28 89 85 27 10 0 4 26 0
求:12 出:14 数:5
一番高いモンスター: 534239	id:113
スコア: 78180803
133 138 129 151 142 158 219 280 38 215 426 262 34 35 430 32 28 89 85 27 10 0 4 26 0
求:19 出:17 数:5
一番高いモンスター: 534239	id:113
スコア: 78180803
133 138 129 151 142 158 219 280 38 215 426 262 34 35 430 32 28 84 85 27 10 0 4 26 0
スコア: 78180803
133 138 129 151 142 158 219 280 38 215 426 262 34 35 430 32 28 84 85 27 10 0 4 26 0
求:12 出:7 数:5
一番高いモンスター: 534239	id:113
スコア: 78180803
133 138 129 151 142 158 219 280 38 215 426 262 34 35 430 32 28 84 85 27 10 0 4 26 0
一番高いモンスター: 534239	id:113
スコア: 78180803
135 138 130 153 144 161 220 281 38 216 428 264 34 35 430 32 28 86 85 27 10 0 4 27 0
求:8 出:14 数:5
一番高いモンスター: 534239	id:113
スコア: 78180803
135 138 130 153 144 161 220 281 41 216 428 264 34 35 425 32 28 86 85 27 10 0 4 27 0
求:12 出:17 数:5
一番高いモンスター: 534239	id:113
スコア: 78180803
135 138 130 153 144 161 220 281 41 216 428 264 39 35 425 32 28 81 85 27 10 0 4 27 0
一番高いモンスター: 534239	id:113
スコア: 78180803
135 138 130 153 144 161 220 281 42 216 428 264 39 35 425 32 28 81 85 27 10 0 4 27 0
求:8 出:7 数:5
一番高いモンスター: 534239	id:113
スコア: 78180803
135 138 130 153 144 161 220 281 42 216 428 264 39 35 425 32 28 81 85 27 10 0 4 27 0
求:13 出:7 数:5
一番高いモンスター: 534239	id:113
スコア: 78180803
135 138 130 153 144 161 220 281 42 216 428 264 39 35 425 32 28 81 85 27 10 0 4 27 0
一番高いモンスター: 534239	id:113
スコア: 78180803
135 138 130 153 144 161 220 281 43 216 428 264 39 35 425 32 28 81 85 27 10 0 4 27 0
求:8 出:10 数:5
一番高いモンスター: 534239	id:113
スコア: 78180803
135 138 130 153 144 161 220 281 48 216 423 264 39 35 425 32 28 81 85 27 10 0 4 27 0
求:13 出:14 数:5
一番高いモンスター: 534239	id:113
スコア: 78180803
135 138 130 153 144 161 220 281 48 216 423 264 39 35 425 32 28 81 85 27 10 0 4 27 0
求:19 出:18 数:5
一番高いモンスター: 534239	id:113
スコア: 78180803
135 138 130 153 144 161 220 281 48 216 423 264 39 35 425 32 28 81 85 27 10 0 4 27 0
スコア: 78180803
136 140 132 154 146 161 221 284 48 218 423 268 39 35 425 32 28 82 85 27 10 0 4 28 0
求:13 出:18 数:5
一番高いモンスター: 534239	id:113
スコア: 78180803
136 140 132 154 146 161 221 284 48 218 423 268 39 40 425 32 28 82 80 27 10 0 4 28 0
求:19 出:14 数:5
一番高いモンスター: 534239	id:113
スコア: 78180803
136 140 132 154 146 161 221 284 48 218 423 268 39 40 425 32 28 82 80 27 10 0 4 28 0
求:8 出:14 数:5
一番高いモンスター: 534239	id:113
スコア: 78180803
136 140 132 154 146 161 221 284 49 218 423 268 39 40 420 32 28 82 80 27 10 0 4 28 0
求:12 出:10 数:5
一番高いモンスター: 534239	id:113
スコア: 78180803
136 140 132 154 146 161 221 284 49 218 418 268 39 40 420 32 28 82 80 27 10 0 4 28 0
一番高いモンスター: 534239	id:113
スコア: 78180803
136 140 132 154 146 161 221 284 49 218 418 268 39 40 420 32 28 82 80 27 10 0 4 28 0
求:8 出:7 数:5
一番高いモンスター: 534239	id:113
