スコア: 8280534
1 2 1 0 0 161 182 170 80 180 448 415 0 0 406 0 0 284 362 0 0 0 0 82 0
一番高いモンスター: -1
スコア: 8280534
3 4 5 1 1 161 185 174 80 182 448 415 0 0 406 0 0 284 363 0 0 0 0 82 0
一番高いモンスター: 5521
召喚 ID: 715
スコア: 8286015
2 0 0 1 0 161 185 174 80 182 448 415 0 0 406 0 0 284 363 0 0 0 0 82 0
一番高いモンスター: -1
スコア: 8286015
2 0 0 2 1 164 186 176 80 182 453 417 0 0 407 0 0 285 364 0 0 0 0 84 0
一番高いモンスター: -1
スコア: 8286015
2 0 0 2 1 164 186 176 80 182 453 417 0 0 407 0 0 285 364 0 0 0 0 84 0
一番高いモンスター: -1
スコア: 8286015
3 2 1 3 4 165 188 177 80 183 455 417 0 0 409 0 0 285 365 0 0 0 0 86 0
一番高いモンスター: 4025
一番高いモンスター: 4025
