スコア: 81972985
149 150 145 166 163 170 231 294 89 228 402 276 54 50 403 8 9 46 54 1 10 0 4 29 0
求:8 出:14 数:5
一番高いモンスター: 187869	id:153
召喚 ID: 153
スコア: 82118344
149 150 145 166 163 170 231 294 93 228 400 270 52 45 398 8 9 46 54 1 10 0 4 29 0
一番高いモンスター: 187869	id:153
召喚 ID: 153
スコア: 82263616
149 150 145 166 163 170 231 294 93 228 398 264 50 40 398 8 9 46 54 1 10 0 4 29 0
求:19 出:23 数:5
一番高いモンスター: 187869	id:153
召喚 ID: 153
スコア: 82408844
149 150 145 166 163 170 231 294 93 228 396 258 48 35 398 8 9 46 54 6 10 0 4 24 0
求:8 出:14 数:5
一番高いモンスター: 187869	id:153
召喚 ID: 153
スコア: 82553985
149 150 145 166 163 170 231 294 94 228 394 252 46 30 394 8 9 46 54 6 10 0 4 24 0
求:13 出:18 数:5
一番高いモンスター: 187869	id:153
召喚 ID: 153
スコア: 82699083
152 150 148 167 164 170 232 296 95 230 394 247 44 30 395 8 9 46 52 6 10 0 4 24 0
求:19 出:18 数:5
一番高いモンスター: 187869	id:153
召喚 ID: 153
スコア: 82844137
152 150 148 167 164 170 232 296 95 230 392 241 42 25 395 8 9 46 52 6 10 0 4 24 0
求:8 出:7 数:5
一番高いモンスター: 187869	id:153
召喚 ID: 153
スコア: 82989147
152 150 148 167 164 170 232 296 98 230 390 235 40 20 395 8 9 46 52 6 10 0 4 24 0
求:13 出:14 数:5
一番高いモンスター: 187869	id:153
召喚 ID: 153
スコア: 83134114
152 150 148 167 164 170 232 296 98 230 388 229 38 15 395 8 9 46 52 6 10 0 4 24 0
求:19 出:14 数:5
一番高いモンスター: 187869	id:153
召喚 ID: 153
スコア: 83279037
152 150 148 167 164 170 232 296 98 230 386 223 36 10 395 8 9 46 52 6 10 0 4 24 0
求:8 出:7 数:5
一番高いモンスター: 187869	id:153
召喚 ID: 153
スコア: 83423917
152 150 148 167 164 170 232 296 98 230 384 217 34 5 395 8 9 46 52 6 10 0 4 24 0
求:13 出:18 数:5
一番高いモンスター: 187869	id:153
召喚 ID: 153
スコア: 83568754
152 150 148 167 164 170 232 296 98 230 382 211 32 5 395 8 9 46 47 6 10 0 4 24 0
求:19 出:23 数:5
一番高いモンスター: 187869	id:153
召喚 ID: 153
スコア: 83713547
152 150 148 167 164 170 232 296 98 230 380 205 30 0 395 8 9 46 47 11 10 0 4 19 0
求:8 出:14 数:5
一番高いモンスター: 174306	id:196
召喚 ID: 196
スコア: 83857745
152 150 148 167 164 170 232 296 99 230 377 202 25 0 387 8 9 46 47 11 10 0 4 19 0
求:13 出:18 数:5
一番高いモンスター: 174306	id:196
召喚 ID: 196
スコア: 84001899
154 154 149 171 165 171 235 298 99 231 375 199 20 5 384 8 9 46 42 11 10 0 4 19 0
求:15 出:17 数:5
一番高いモンスター: 187869	id:153
召喚 ID: 153
スコア: 84146649
154 154 149 171 165 171 235 298 100 231 373 193 18 0 384 9 9 41 42 11 10 0 4 19 0
求:8 出:7 数:5
一番高いモンスター: 174306	id:196
召喚 ID: 196
スコア: 84290674
154 154 149 171 165 171 235 298 100 231 370 190 13 0 381 9 9 41 42 11 10 0 4 19 0
求:13 出:14 数:5
一番高いモンスター: 174306	id:196
召喚 ID: 196
スコア: 84434655
154 154 149 171 165 171 235 298 100 231 367 187 8 0 378 9 9 41 42 11 10 0 4 19 0
求:15 出:14 数:5
一番高いモンスター: 174306	id:196
召喚 ID: 196
スコア: 84578550
154 154 149 171 165 171 235 298 102 231 364 184 3 0 375 11 9 41 42 11 10 0 4 19 0
求:8 出:14 数:5
一番高いモンスター: 129751	id:147
スコア: 84578550
154 154 149 171 165 171 235 298 102 231 364 184 3 0 371 13 9 41 42 11 10 0 4 19 0
求:13 出:7 数:5
一番高いモンスター: 129751	id:147
スコア: 84578550
154 154 149 171 165 171 235 298 102 231 364 184 3 0 371 13 9 41 42 11 10 0 4 19 0
求:16 出:14 数:5
一番高いモンスター: 129751	id:147
スコア: 84578550
154 154 149 171 165 171 235 298 106 231 364 184 3 0 371 13 9 41 42 11 10 0 4 19 0
