スコア: 14270959
31 23 26 21 33 6 58 178 1 115 523 487 0 0 484 0 0 345 399 2 0 0 0 93 0
出:12 求:10 数:8
一番高いモンスター: 76238
召喚 ID: 339
スコア: 14346673
32 25 29 23 34 6 51 175 0 110 523 489 0 0 485 0 0 346 400 2 0 0 0 95 0
出:16 求:18 数:6
一番高いモンスター: 63521
スコア: 14346673
32 25 29 23 34 6 51 175 0 110 523 489 0 0 485 0 0 346 400 2 0 0 0 95 0
出:21 求:23 数:4
一番高いモンスター: 63521
スコア: 14346673
32 25 29 23 34 6 51 175 0 110 523 489 0 0 485 0 0 346 400 2 0 0 0 95 0
出:8 求:7 数:10
一番高いモンスター: 63521
スコア: 14346673
32 25 29 23 34 6 51 175 0 110 523 489 0 0 485 0 0 346 400 2 0 0 0 95 0
出:12 求:10 数:8
一番高いモンスター: 63521
スコア: 14346673
32 25 29 23 34 6 51 175 0 110 523 489 0 0 485 0 0 346 400 2 0 0 0 95 0
出:16 求:18 数:6
一番高いモンスター: 63521
スコア: 14346673
32 25 29 23 34 6 51 175 0 110 523 489 0 0 485 0 0 346 400 2 0 0 0 95 0
出:21 求:23 数:4
一番高いモンスター: 63521
スコア: 14346673
32 25 29 23 34 6 51 175 0 110 523 489 0 0 485 0 0 346 400 2 0 0 0 95 0
出:8 求:7 数:10
一番高いモンスター: 63521
スコア: 14346673
32 25 29 23 34 6 51 175 0 110 523 489 0 0 485 0 0 346 400 2 0 0 0 95 0
出:12 求:10 数:8
一番高いモンスター: 63521
スコア: 14346673
32 25 29 23 34 6 51 175 0 110 523 489 0 0 485 0 0 346 400 2 0 4 0 95 0
出:16 求:18 数:6
一番高いモンスター: 200458
召喚 ID: 19
スコア: 14545633
34 26 34 25 35 7 51 177 0 111 524 490 0 0 487 0 0 346 401 2 0 0 0 93 0
出:21 求:23 数:4
一番高いモンスター: 82129
召喚 ID: 276
スコア: 14619198
34 26 34 25 35 0 46 175 0 106 524 490 0 0 487 0 0 346 401 2 0 1 0 89 0
出:8 求:7 数:10
一番高いモンスター: 66872
スコア: 14619198
34 26 34 25 35 0 46 175 0 106 524 490 0 0 487 0 0 346 401 2 0 1 0 89 0
出:12 求:10 数:8
一番高いモンスター: 66872
スコア: 14619198
34 26 34 25 35 0 46 175 0 106 524 490 0 0 487 0 0 346 401 2 0 1 0 89 0
出:16 求:18 数:6
一番高いモンスター: 66872
スコア: 14619198
34 26 34 25 35 0 46 175 0 106 524 490 0 0 487 0 0 346 401 2 0 1 0 89 0
出:22 求:23 数:4
一番高いモンスター: 66872
スコア: 14619198
34 26 34 25 35 0 46 175 0 106 524 490 0 0 487 0 0 346 401 2 0 1 0 87 0
出:8 求:7 数:10
一番高いモンスター: 66872
スコア: 14619198
34 26 34 25 35 0 46 175 0 106 524 490 0 0 487 0 0 346 401 2 0 1 0 87 0
出:12 求:10 数:8
一番高いモンスター: 66872
スコア: 14619198
34 26 34 25 35 0 46 175 0 106 524 490 0 0 487 0 0 346 401 2 0 1 0 87 0
出:16 求:18 数:6
一番高いモンスター: 66872
スコア: 14619198
34 26 34 25 35 0 46 175 0 106 524 490 0 0 487 0 0 346 401 2 0 1 0 87 0
出:22 求:23 数:4
一番高いモンスター: 66872
スコア: 14619198
34 27 37 28 36 2 50 176 0 106 524 491 0 0 488 0 0 348 402 2 0 1 0 87 0
出:8 求:7 数:10
一番高いモンスター: 66872
スコア: 14619198
34 27 37 28 36 2 50 176 0 106 524 491 0 0 488 0 0 348 402 2 0 1 0 87 0
出:12 求:10 数:8
一番高いモンスター: 66872
スコア: 14619198
34 27 37 28 36 2 50 176 0 106 524 491 0 0 488 0 0 348 402 2 0 1 0 87 0
出:16 求:18 数:6
一番高いモンスター: 66872
スコア: 14619198
34 27 37 28 36 2 50 176 0 106 524 491 0 0 488 0 0 348 402 2 0 1 0 87 0
出:22 求:23 数:4
一番高いモンスター: 66872
スコア: 14619198
34 27 37 28 36 2 50 176 0 106 524 491 0 0 488 0 0 348 402 2 0 1 0 87 0
出:8 求:7 数:10
一番高いモンスター: 66872
スコア: 14619198
34 27 37 28 36 2 50 176 0 106 524 491 0 0 488 0 0 348 402 2 0 1 0 87 0
出:12 求:10 数:8
一番高いモンスター: 66872
スコア: 14619198
34 27 37 28 36 2 50 176 0 106 524 491 0 0 488 0 0 348 402 2 0 1 0 87 0
出:16 求:18 数:6
一番高いモンスター: 66872
スコア: 14619198
34 27 37 28 36 2 50 176 0 106 524 491 0 0 488 0 0 348 402 2 0 1 0 87 0
出:22 求:23 数:4
一番高いモンスター: 66872
スコア: 14619198
34 27 37 28 36 2 50 176 0 106 524 491 0 0 488 0 0 348 402 2 0 1 0 87 0
出:8 求:7 数:10
一番高いモンスター: 66872
スコア: 14619198
34 27 37 28 36 2 50 176 0 106 524 491 0 0 488 0 0 348 402 2 0 1 0 87 0
出:12 求:10 数:8
一番高いモンスター: 66872
スコア: 14619198
35 29 42 29 39 2 51 176 0 107 526 491 0 0 490 0 0 349 402 2 0 1 0 88 0
出:16 求:18 数:6
一番高いモンスター: 66872
スコア: 14619198
35 29 42 29 39 2 51 176 0 107 526 491 0 0 490 0 0 349 402 2 0 1 0 88 0
出:22 求:23 数:4
一番高いモンスター: 66872
スコア: 14619198
35 29 42 29 39 2 51 176 0 107 526 491 0 0 490 0 0 349 402 2 0 1 0 88 0
出:8 求:7 数:10
一番高いモンスター: 66872
スコア: 14619198
35 29 42 29 39 2 51 176 0 107 526 491 0 0 490 0 0 349 402 2 0 1 0 88 0
出:12 求:10 数:8
一番高いモンスター: 66872
スコア: 14619198
35 29 42 29 39 2 51 176 0 107 526 491 0 0 490 0 0 349 402 2 0 1 0 88 0
出:16 求:18 数:6
一番高いモンスター: 66872
スコア: 14619198
35 29 42 29 39 2 51 176 0 107 526 491 0 0 490 0 0 349 402 2 0 1 0 88 0
出:22 求:23 数:4
一番高いモンスター: 66872
スコア: 14619198
35 29 42 29 39 2 51 176 0 107 526 491 0 0 490 0 0 349 402 2 0 1 0 88 0
出:8 求:7 数:10
一番高いモンスター: 66872
スコア: 14619198
35 29 42 29 39 2 51 176 0 107 526 491 0 0 490 0 0 349 402 2 0 1 0 88 0
出:12 求:10 数:8
一番高いモンスター: 66872
スコア: 14619198
35 29 42 29 39 2 51 176 0 107 526 491 0 0 490 0 0 349 402 2 0 1 0 88 0
出:16 求:18 数:6
一番高いモンスター: 66872
スコア: 14619198
37 34 45 32 40 2 51 178 0 107 527 491 0 0 490 0 0 349 404 2 0 1 0 89 0
出:22 求:23 数:4
一番高いモンスター: 66872
スコア: 14619198
37 34 45 32 40 2 51 178 0 107 527 491 0 0 490 0 0 349 404 2 0 1 0 89 0
出:8 求:7 数:10
一番高いモンスター: 66872
スコア: 14619198
37 34 45 32 40 2 51 178 0 107 527 491 0 0 490 0 0 349 404 2 0 1 0 89 0
出:12 求:10 数:8
一番高いモンスター: 66872
スコア: 14619198
37 34 45 32 40 2 51 178 0 107 527 491 0 0 490 0 0 349 404 2 0 1 0 89 0
出:16 求:18 数:6
一番高いモンスター: 66872
スコア: 14619198
37 34 45 32 40 2 51 178 0 107 527 491 0 0 490 0 0 349 404 2 0 1 0 89 0
出:22 求:23 数:4
一番高いモンスター: 66872
スコア: 14619198
37 34 45 32 40 2 51 178 0 107 527 491 0 0 490 0 0 349 404 2 0 1 0 89 0
出:8 求:7 数:10
一番高いモンスター: 66872
スコア: 14619198
37 34 45 32 40 2 51 178 0 107 527 491 0 0 490 0 0 349 404 2 0 1 0 89 0
出:12 求:10 数:8
一番高いモンスター: 66872
スコア: 14619198
37 34 45 32 40 2 51 178 0 107 527 491 0 0 490 0 0 349 404 2 0 1 0 89 0
出:16 求:18 数:6
一番高いモンスター: 66872
スコア: 14619198
37 34 45 32 40 2 51 178 0 107 527 491 0 0 490 0 0 349 404 2 0 1 0 89 0
出:22 求:23 数:4
一番高いモンスター: 66872
スコア: 14619198
39 34 48 35 42 4 51 179 0 107 527 494 0 0 492 0 0 350 405 2 0 1 0 89 0
出:8 求:7 数:10
一番高いモンスター: 66872
スコア: 14619198
39 34 48 35 42 4 51 179 0 107 527 494 0 0 492 0 0 350 405 2 0 1 0 89 0
出:12 求:10 数:8
一番高いモンスター: 66872
スコア: 14619198
39 34 48 35 42 4 51 179 0 107 527 494 0 0 492 0 0 350 405 2 0 1 0 89 0
出:16 求:18 数:6
一番高いモンスター: 66872
スコア: 14619198
39 34 48 35 42 4 51 179 0 107 527 494 0 0 492 0 0 350 405 2 0 1 0 89 0
出:22 求:23 数:4
一番高いモンスター: 66872
