スコア: 6062336
632 654 620 642 603 15 67 11 0 17 304 279 0 0 266 0 0 182 242 0 0 0 0 9 0
一番高いモンスター: 10098
召喚 ID: 953
スコア: 6071869
631 648 619 641 592 15 67 11 0 17 304 279 0 0 266 0 0 182 242 0 0 0 0 9 0
一番高いモンスター: 10098
召喚 ID: 953
スコア: 6081399
632 644 619 641 587 16 70 11 0 17 304 282 0 0 266 0 0 182 243 0 0 0 0 9 0
一番高いモンスター: 10098
召喚 ID: 953
スコア: 6090926
631 638 618 640 576 16 70 11 0 17 304 282 0 0 266 0 0 182 243 0 0 0 0 9 0
一番高いモンスター: 10098
召喚 ID: 953
スコア: 6100450
632 633 618 641 566 18 71 12 0 19 304 284 0 0 268 0 0 183 243 0 0 0 0 11 0
一番高いモンスター: 10098
召喚 ID: 953
スコア: 6109971
631 627 617 640 555 18 71 12 0 19 304 284 0 0 268 0 0 183 243 0 0 0 0 11 0
一番高いモンスター: 10098
召喚 ID: 953
スコア: 6119489
632 625 617 641 547 19 71 12 0 20 306 285 0 0 268 0 0 185 243 0 0 0 0 12 0
一番高いモンスター: 10098
召喚 ID: 953
スコア: 6129005
631 619 616 640 536 19 71 12 0 20 306 285 0 0 268 0 0 185 243 0 0 0 0 12 0
一番高いモンスター: 10098
召喚 ID: 953
スコア: 6138518
632 613 617 640 529 20 72 12 0 21 307 289 0 0 268 0 0 185 246 0 0 0 0 12 0
一番高いモンスター: 10098
召喚 ID: 953
スコア: 6148028
631 607 616 639 518 20 72 12 0 21 307 289 0 0 268 0 0 185 246 0 0 0 0 12 0
一番高いモンスター: 10098
召喚 ID: 953
スコア: 6157535
631 604 617 641 507 21 74 16 0 21 308 290 0 0 268 0 0 186 247 0 0 0 0 12 0
一番高いモンスター: 10098
召喚 ID: 953
スコア: 6167039
630 598 616 640 496 21 74 16 0 21 308 290 0 0 268 0 0 186 247 0 0 0 0 12 0
一番高いモンスター: 10098
召喚 ID: 953
スコア: 6176540
630 594 617 641 489 22 76 16 0 21 308 292 0 0 270 0 0 187 248 0 0 0 0 12 0
一番高いモンスター: 10098
召喚 ID: 953
スコア: 6186038
629 588 616 640 478 22 76 16 0 21 308 292 0 0 270 0 0 187 248 0 0 0 0 12 0
一番高いモンスター: 10098
召喚 ID: 953
スコア: 6195534
628 588 617 640 467 22 77 21 0 23 308 292 0 0 271 0 0 188 249 0 0 0 0 12 0
一番高いモンスター: 10098
召喚 ID: 953
スコア: 6205027
627 582 616 639 456 22 77 21 0 23 308 292 0 0 271 0 0 188 249 0 0 0 0 12 0
一番高いモンスター: 10098
召喚 ID: 953
スコア: 6214517
628 580 616 640 446 24 78 22 0 24 310 294 0 0 271 0 0 189 249 0 0 0 0 12 0
一番高いモンスター: 10098
召喚 ID: 953
スコア: 6224004
627 574 615 639 435 24 78 22 0 24 310 294 0 0 271 0 0 189 249 0 0 0 0 12 0
一番高いモンスター: 10098
召喚 ID: 953
スコア: 6233488
627 571 616 641 425 26 78 25 0 24 312 294 0 0 272 0 0 189 251 0 0 0 0 12 0
一番高いモンスター: 10098
召喚 ID: 953
スコア: 6242969
626 565 615 640 414 26 78 25 0 24 312 294 0 0 272 0 0 189 251 0 0 0 0 12 0
一番高いモンスター: 10098
召喚 ID: 953
スコア: 6252448
628 560 615 640 407 27 79 25 0 25 313 296 0 0 273 0 0 190 252 0 0 0 0 13 0
一番高いモンスター: 10098
召喚 ID: 953
スコア: 6261924
627 554 614 639 396 27 79 25 0 25 313 296 0 0 273 0 0 190 252 0 0 0 0 13 0
一番高いモンスター: 10098
召喚 ID: 953
スコア: 6271397
627 551 613 640 387 27 81 27 0 26 315 298 0 0 273 0 0 190 252 0 0 0 0 16 0
一番高いモンスター: 10098
召喚 ID: 953
スコア: 6280867
626 545 612 639 376 27 81 27 0 26 315 298 0 0 273 0 0 190 252 0 0 0 0 16 0
一番高いモンスター: 10098
召喚 ID: 953
スコア: 6290334
628 541 614 640 366 28 82 28 0 28 316 298 0 0 275 0 0 190 252 0 0 0 0 17 0
一番高いモンスター: 10098
召喚 ID: 953
スコア: 6299798
627 535 613 639 355 28 82 28 0 28 316 298 0 0 275 0 0 190 252 0 0 0 0 17 0
一番高いモンスター: 10098
召喚 ID: 953
スコア: 6309259
629 531 613 639 349 28 84 30 0 28 317 299 0 0 277 0 0 190 252 0 0 0 0 17 0
一番高いモンスター: 10098
召喚 ID: 953
スコア: 6318715
629 528 613 638 341 30 84 32 0 30 320 299 0 0 278 0 0 191 253 0 0 0 0 17 0
一番高いモンスター: 10098
召喚 ID: 953
スコア: 6328154
628 522 612 637 330 30 84 32 0 30 320 299 0 0 278 0 0 191 253 0 0 0 0 17 0
一番高いモンスター: 10098
召喚 ID: 953
スコア: 6337581
631 516 611 639 323 30 85 32 0 31 321 299 0 0 279 0 0 192 255 0 0 0 0 19 0
一番高いモンスター: 10098
召喚 ID: 953
スコア: 6346992
630 510 610 638 312 30 85 32 0 31 321 299 0 0 279 0 0 192 255 0 0 0 0 19 0
一番高いモンスター: 10098
召喚 ID: 953
スコア: 6356391
630 505 611 637 303 32 88 33 0 31 324 300 0 0 282 0 0 192 256 0 0 0 0 19 0
一番高いモンスター: 10098
召喚 ID: 953
スコア: 6365787
629 499 610 636 292 32 88 33 0 31 324 300 0 0 282 0 0 192 256 0 0 0 0 19 0
一番高いモンスター: 10098
召喚 ID: 953
スコア: 6375181
630 495 612 636 283 33 92 33 0 31 325 300 0 0 284 0 0 194 256 0 0 0 0 19 0
一番高いモンスター: 10098
召喚 ID: 953
スコア: 6384572
629 489 611 635 272 33 92 33 0 31 325 300 0 0 284 0 0 194 256 0 0 0 0 19 0
一番高いモンスター: 10098
召喚 ID: 953
スコア: 6393960
629 484 610 637 261 35 93 35 0 32 325 301 0 0 287 0 0 196 256 0 0 0 0 22 0
一番高いモンスター: 10098
召喚 ID: 953
スコア: 6403345
628 478 609 636 250 35 93 35 0 32 325 301 0 0 287 0 0 196 256 0 0 0 0 22 0
一番高いモンスター: 10098
召喚 ID: 953
スコア: 6412727
629 475 609 636 242 39 94 36 0 35 325 302 0 0 287 0 0 196 256 0 0 0 0 22 0
一番高いモンスター: 10098
召喚 ID: 953
スコア: 6422106
628 469 608 635 231 39 94 36 0 35 325 302 0 0 287 0 0 196 256 0 0 0 0 22 0
一番高いモンスター: 10098
召喚 ID: 953
スコア: 6431483
629 467 608 636 221 39 97 36 0 37 328 303 0 0 288 0 0 196 256 0 0 0 0 22 0
一番高いモンスター: 10098
召喚 ID: 953
スコア: 6440857
628 461 607 635 210 39 97 36 0 37 328 303 0 0 288 0 0 196 256 0 0 0 0 22 0
一番高いモンスター: 10098
召喚 ID: 953
スコア: 6450228
629 461 608 635 200 40 97 38 0 37 331 304 0 0 288 0 0 196 256 0 0 0 0 23 0
一番高いモンスター: 10098
召喚 ID: 953
スコア: 6459596
628 455 607 634 189 40 97 38 0 37 331 304 0 0 288 0 0 196 256 0 0 0 0 23 0
一番高いモンスター: 10098
召喚 ID: 953
スコア: 6468959
627 451 607 634 181 40 98 40 0 39 334 304 0 0 289 0 0 199 257 0 0 0 0 23 0
一番高いモンスター: 10098
召喚 ID: 953
スコア: 6478319
626 445 606 633 170 40 98 40 0 39 334 304 0 0 289 0 0 199 257 0 0 0 0 23 0
一番高いモンスター: 10098
召喚 ID: 953
スコア: 6487676
628 440 608 634 161 40 99 42 0 41 335 305 0 0 289 0 0 200 258 0 0 0 0 23 0
一番高いモンスター: 10098
召喚 ID: 953
スコア: 6497030
627 434 607 633 150 40 99 42 0 41 335 305 0 0 289 0 0 200 258 0 0 0 0 23 0
一番高いモンスター: 10098
召喚 ID: 953
スコア: 6506381
630 431 607 634 140 42 100 42 0 42 336 305 0 0 291 0 0 201 258 0 0 0 0 24 0
一番高いモンスター: 10098
召喚 ID: 953
スコア: 6515730
629 425 606 633 129 42 100 42 0 42 336 305 0 0 291 0 0 201 258 0 0 0 0 24 0
一番高いモンスター: 10098
召喚 ID: 953
スコア: 6525076
630 422 605 634 121 43 100 43 0 44 337 306 0 0 291 0 0 202 260 0 0 0 0 25 0
一番高いモンスター: 10098
召喚 ID: 953
スコア: 6534419
629 416 604 633 110 43 100 43 0 44 337 306 0 0 291 0 0 202 260 0 0 0 0 25 0
一番高いモンスター: 10098
召喚 ID: 953
スコア: 6543759
632 413 604 632 102 43 101 43 0 46 338 306 0 0 292 0 0 205 260 0 0 0 0 26 0
一番高いモンスター: 10098
召喚 ID: 953
スコア: 6553096
631 407 603 631 91 43 101 43 0 46 338 306 0 0 292 0 0 205 260 0 0 0 0 26 0
一番高いモンスター: 10098
召喚 ID: 953
