スコア: 32746771
51 53 50 36 50 22 36 30 19 22 463 420 10 2 466 6 3 340 348 2 0 0 1 12 0
求:13 出:18 数:10
一番高いモンスター: 10098
召喚 ID: 953
スコア: 32754832
53 48 49 39 41 25 36 32 19 22 463 422 10 2 467 6 3 340 349 2 0 0 1 13 0
求:8 出:14 数:10
一番高いモンスター: 10098
召喚 ID: 953
スコア: 32762890
52 42 48 38 30 25 36 32 29 22 463 422 10 3 457 6 3 340 349 2 0 0 1 13 0
求:13 出:18 数:10
一番高いモンスター: 10098
召喚 ID: 953
スコア: 32770946
51 36 47 37 19 25 36 32 29 22 463 422 10 3 457 6 3 340 348 2 0 0 1 13 0
求:9 出:10 数:10
一番高いモンスター: 10098
召喚 ID: 953
スコア: 32778999
50 30 46 36 8 25 36 32 29 32 453 422 10 3 457 6 3 340 348 2 0 0 1 13 0
求:13 出:18 数:10
一番高いモンスター: 10094
召喚 ID: 547
スコア: 32788169
33 28 46 36 7 25 36 32 29 32 453 422 10 3 457 6 3 340 348 2 0 0 1 13 0
求:5 出:14 数:10
一番高いモンスター: 10094
召喚 ID: 547
スコア: 32797336
16 26 46 36 6 35 36 32 29 32 453 422 10 3 447 6 3 340 348 2 0 0 1 13 0
求:13 出:18 数:10
一番高いモンスター: 10094
召喚 ID: 606
スコア: 32806816
14 19 40 34 3 35 36 32 29 32 453 422 10 3 447 6 3 340 348 2 0 0 1 13 0
求:8 出:10 数:10
一番高いモンスター: 10094
召喚 ID: 606
スコア: 32816294
12 12 34 32 0 35 36 32 29 32 443 422 10 3 447 6 3 340 348 2 0 0 1 13 0
求:13 出:18 数:10
一番高いモンスター: 10078
召喚 ID: 743
スコア: 32825370
6 6 26 32 0 35 36 32 29 32 443 422 10 3 447 6 3 340 348 2 0 0 1 13 0
求:8 出:14 数:10
一番高いモンスター: 10078
召喚 ID: 743
スコア: 32834443
2 4 22 33 1 36 37 32 39 33 443 424 10 3 438 6 3 340 349 2 0 0 1 14 0
求:13 出:18 数:10
一番高いモンスター: 10036
召喚 ID: 847
スコア: 32843607
2 4 15 20 1 36 37 32 39 33 443 424 10 3 438 6 3 340 349 2 0 0 1 14 0
求:7 出:10 数:10
一番高いモンスター: 10036
召喚 ID: 847
