スコア: 4788366
553 561 542 542 504 10 91 115 0 12 258 238 0 0 233 0 0 221 198 0 0 0 0 5 0
一番高いモンスター: 82129
召喚 ID: 276
スコア: 4868283
554 563 543 542 508 3 88 115 0 9 259 238 0 0 234 0 0 221 201 0 0 0 0 6 0
一番高いモンスター: 50463
召喚 ID: 39
スコア: 4917831
554 563 543 542 508 3 88 115 0 9 259 238 0 0 234 0 0 221 201 0 0 0 0 0 0
一番高いモンスター: 48387
召喚 ID: 392
スコア: 4966102
554 563 543 542 508 3 83 108 0 5 259 238 0 0 234 0 0 221 201 0 0 0 0 0 0
一番高いモンスター: 48387
召喚 ID: 392
スコア: 5014359
554 563 543 542 508 3 78 101 0 1 259 238 0 0 234 0 0 221 201 0 0 0 0 0 0
一番高いモンスター: 32202
スコア: 5014359
554 563 543 542 508 3 78 101 0 1 259 238 0 0 234 0 0 221 201 0 0 0 0 0 0
一番高いモンスター: 32202
スコア: 5014359
555 569 545 544 509 4 78 101 0 1 261 239 0 0 234 0 0 222 203 0 0 0 0 1 0
一番高いモンスター: 50801
召喚 ID: 385
スコア: 5064644
555 569 545 544 509 0 74 90 0 1 261 239 0 0 234 0 0 222 203 0 0 0 0 1 0
一番高いモンスター: 31539
スコア: 5064644
555 569 545 544 509 0 74 90 0 1 261 239 0 0 234 0 0 222 203 0 0 0 0 1 0
一番高いモンスター: 31539
スコア: 5064644
555 569 545 544 509 0 74 90 0 1 261 239 0 0 234 0 0 222 203 0 0 0 0 1 0
一番高いモンスター: 31539
スコア: 5064644
558 571 548 545 510 1 76 92 0 1 264 240 0 0 234 0 0 222 204 0 0 0 0 1 0
一番高いモンスター: 31539
スコア: 5064644
558 571 548 545 510 1 76 92 0 1 264 240 0 0 234 0 0 222 204 0 0 0 0 1 0
一番高いモンスター: 31539
スコア: 5064644
558 571 548 545 510 1 76 92 0 1 264 240 0 0 234 0 0 222 204 0 0 0 0 1 0
一番高いモンスター: 31539
スコア: 5064644
558 571 548 545 510 1 76 92 0 1 264 240 0 0 234 0 0 222 204 0 0 0 0 1 0
一番高いモンスター: 31539
スコア: 5064644
558 571 548 545 510 1 76 92 0 1 264 240 0 0 234 0 0 222 204 0 0 0 0 1 0
一番高いモンスター: 31539
スコア: 5064644
559 571 551 547 512 1 76 95 0 2 264 242 0 0 236 0 0 223 207 0 0 0 0 1 0
一番高いモンスター: 38018
スコア: 5064644
559 571 551 547 512 1 76 95 0 2 264 242 0 0 236 0 0 223 207 0 0 0 0 1 0
一番高いモンスター: 38018
スコア: 5064644
559 571 551 547 512 1 76 95 0 2 264 242 0 0 236 0 0 223 207 0 0 0 0 1 0
一番高いモンスター: 38018
スコア: 5064644
559 571 551 547 512 1 76 95 0 2 264 242 0 0 236 0 0 223 207 0 0 0 0 1 0
一番高いモンスター: 38018
スコア: 5064644
559 571 551 547 512 1 76 95 0 2 264 242 0 0 236 0 0 223 207 0 0 0 0 1 0
一番高いモンスター: 38018
スコア: 5064644
560 573 551 552 515 2 77 95 0 4 265 242 0 0 236 0 0 224 208 0 0 0 0 3 0
一番高いモンスター: 48387
召喚 ID: 392
スコア: 5112857
560 573 551 552 515 2 72 88 0 0 265 242 0 0 236 0 0 224 208 0 0 0 0 3 0
一番高いモンスター: 31539
スコア: 5112857
560 573 551 552 515 2 72 88 0 0 265 242 0 0 236 0 0 224 208 0 0 0 0 3 0
一番高いモンスター: 31539
スコア: 5112857
560 573 551 552 515 2 72 88 0 0 265 242 0 0 236 0 0 224 208 0 0 0 0 3 0
一番高いモンスター: 31539
スコア: 5112857
560 573 551 552 515 2 72 88 0 0 265 242 0 0 236 0 0 224 208 0 0 0 0 3 0
一番高いモンスター: 31539
スコア: 5112857
563 576 553 553 516 4 72 90 0 0 267 244 0 0 236 0 0 224 209 0 0 0 0 4 0
一番高いモンスター: 50801
召喚 ID: 385
スコア: 5163052
563 576 553 553 516 0 68 79 0 0 267 244 0 0 236 0 0 224 209 0 0 0 0 4 0
一番高いモンスター: 33356
スコア: 5163052
563 576 553 553 516 0 68 79 0 0 267 244 0 0 236 0 0 224 209 0 0 0 0 4 0
一番高いモンスター: 33356
スコア: 5163052
563 576 553 553 516 0 68 79 0 0 267 244 0 0 236 0 0 224 209 0 0 0 0 4 0
一番高いモンスター: 33356
スコア: 5163052
563 576 553 553 516 0 68 79 0 0 267 244 0 0 236 0 0 224 209 0 0 0 0 4 0
一番高いモンスター: 33356
スコア: 5163052
567 576 553 556 519 0 71 79 0 1 271 245 0 0 236 0 0 224 209 0 0 0 0 5 0
一番高いモンスター: 41713
スコア: 5163052
567 576 553 556 519 0 71 79 0 1 271 245 0 0 236 0 0 224 209 0 0 0 0 5 0
一番高いモンスター: 41713
スコア: 5163052
567 576 553 556 519 0 71 79 0 1 271 245 0 0 236 0 0 224 209 0 0 0 0 5 0
一番高いモンスター: 41713
スコア: 5163052
567 576 553 556 519 0 71 79 0 1 271 245 0 0 236 0 0 224 209 0 0 0 0 5 0
一番高いモンスター: 41713
スコア: 5163052
570 579 555 557 521 1 73 82 0 2 271 245 0 0 236 0 0 225 210 0 0 0 0 5 0
一番高いモンスター: 41713
スコア: 5163052
570 579 555 557 521 1 73 82 0 2 271 245 0 0 236 0 0 225 210 0 0 0 0 5 0
一番高いモンスター: 41713
スコア: 5163052
570 579 555 557 521 1 73 82 0 2 271 245 0 0 236 0 0 225 210 0 0 0 0 5 0
一番高いモンスター: 41713
スコア: 5163052
570 579 555 557 521 1 73 82 0 2 271 245 0 0 236 0 0 225 210 0 0 0 0 5 0
一番高いモンスター: 41713
スコア: 5163052
570 579 555 557 521 1 73 82 0 2 271 245 0 0 236 0 0 225 210 0 0 0 0 5 0
一番高いモンスター: 41713
スコア: 5163052
572 582 556 559 524 1 74 85 0 4 272 245 0 0 238 0 0 225 210 0 0 0 0 5 0
一番高いモンスター: 48387
召喚 ID: 392
スコア: 5211251
572 582 556 559 524 1 69 78 0 0 272 245 0 0 238 0 0 225 210 0 0 0 0 5 0
一番高いモンスター: 41713
スコア: 5211251
572 582 556 559 524 1 69 78 0 0 272 245 0 0 238 0 0 225 210 0 0 0 0 5 0
一番高いモンスター: 41713
スコア: 5211251
572 582 556 559 524 1 69 78 0 0 272 245 0 0 238 0 0 225 210 0 0 0 0 5 0
一番高いモンスター: 41713
スコア: 5211251
572 582 556 559 524 1 69 78 0 0 272 245 0 0 238 0 0 225 210 0 0 0 0 5 0
一番高いモンスター: 41713
スコア: 5211251
573 585 559 560 526 2 69 81 0 2 272 246 0 0 239 0 0 227 210 0 0 0 0 5 0
一番高いモンスター: 41713
スコア: 5211251
573 585 559 560 526 2 69 81 0 2 272 246 0 0 239 0 0 227 210 0 0 0 0 5 0
一番高いモンスター: 41713
スコア: 5211251
573 585 559 560 526 2 69 81 0 2 272 246 0 0 239 0 0 227 210 0 0 0 0 5 0
一番高いモンスター: 41713
スコア: 5211251
573 585 559 560 526 2 69 81 0 2 272 246 0 0 239 0 0 227 210 0 0 0 0 5 0
一番高いモンスター: 41713
スコア: 5211251
573 585 559 560 526 2 69 81 0 2 272 246 0 0 239 0 0 227 210 0 0 0 0 5 0
一番高いモンスター: 41713
スコア: 5211251
575 585 562 562 528 4 71 81 0 3 272 250 0 0 241 0 0 227 210 0 0 0 0 5 0
一番高いモンスター: 50801
召喚 ID: 385
スコア: 5261371
575 585 562 562 528 0 67 70 0 3 272 250 0 0 241 0 0 227 210 0 0 0 0 5 0
一番高いモンスター: 41713
スコア: 5261371
575 585 562 562 528 0 67 70 0 3 272 250 0 0 241 0 0 227 210 0 0 0 0 5 0
一番高いモンスター: 41713
スコア: 5261371
575 585 562 562 528 0 67 70 0 3 272 250 0 0 241 0 0 227 210 0 0 0 0 5 0
一番高いモンスター: 41713
スコア: 5261371
575 585 562 562 528 0 67 70 0 3 272 250 0 0 241 0 0 227 210 0 0 0 0 5 0
一番高いモンスター: 41713
スコア: 5261371
577 586 563 567 532 0 67 70 0 4 272 252 0 0 241 0 0 227 212 0 0 0 0 7 0
一番高いモンスター: 50463
召喚 ID: 39
スコア: 5310696
577 586 563 567 532 0 67 70 0 4 272 252 0 0 241 0 0 227 212 0 0 0 0 1 0
一番高いモンスター: 48387
召喚 ID: 392
スコア: 5358880
577 586 563 567 532 0 62 63 0 0 272 252 0 0 241 0 0 227 212 0 0 0 0 1 0
一番高いモンスター: 31539
スコア: 5358880
577 586 563 567 532 0 62 63 0 0 272 252 0 0 241 0 0 227 212 0 0 0 0 1 0
一番高いモンスター: 31539
スコア: 5358880
577 586 563 567 532 0 62 63 0 0 272 252 0 0 241 0 0 227 212 0 0 0 0 1 0
一番高いモンスター: 31539
スコア: 5358880
579 589 564 571 535 0 63 63 0 2 272 253 0 0 242 0 0 229 212 0 0 0 0 1 0
一番高いモンスター: 38018
スコア: 5358880
579 589 564 571 535 0 63 63 0 2 272 253 0 0 242 0 0 229 212 0 0 0 0 1 0
一番高いモンスター: 38018
スコア: 5358880
579 589 564 571 535 0 63 63 0 2 272 253 0 0 242 0 0 229 212 0 0 0 0 1 0
一番高いモンスター: 38018
スコア: 5358880
579 589 564 571 535 0 63 63 0 2 272 253 0 0 242 0 0 229 212 0 0 0 0 1 0
一番高いモンスター: 38018
スコア: 5358880
580 592 566 572 538 1 65 64 0 2 273 255 0 0 244 0 0 230 212 0 0 0 0 1 0
一番高いモンスター: 38018
スコア: 5358880
580 592 566 572 538 1 65 64 0 2 273 255 0 0 244 0 0 230 212 0 0 0 0 1 0
一番高いモンスター: 38018
スコア: 5358880
580 592 566 572 538 1 65 64 0 2 273 255 0 0 244 0 0 230 212 0 0 0 0 1 0
一番高いモンスター: 38018
スコア: 5358880
580 592 566 572 538 1 65 64 0 2 273 255 0 0 244 0 0 230 212 0 0 0 0 1 0
一番高いモンスター: 38018
スコア: 5358880
580 592 566 572 538 1 65 64 0 2 273 255 0 0 244 0 0 230 212 0 0 0 0 1 0
一番高いモンスター: 38018
スコア: 5358880
580 596 569 573 539 2 67 65 0 3 275 255 0 0 244 0 0 232 213 0 0 0 0 2 0
一番高いモンスター: 42414
スコア: 5358880
580 596 569 573 539 2 67 65 0 3 275 255 0 0 244 0 0 232 213 0 0 0 0 2 0
一番高いモンスター: 42414
スコア: 5358880
580 596 569 573 539 2 67 65 0 3 275 255 0 0 244 0 0 232 213 0 0 0 0 2 0
一番高いモンスター: 42414
スコア: 5358880
580 596 569 573 539 2 67 65 0 3 275 255 0 0 244 0 0 232 213 0 0 0 0 2 0
一番高いモンスター: 42414
スコア: 5358880
580 596 569 573 539 2 67 65 0 3 275 255 0 0 244 0 0 232 213 0 0 0 0 2 0
一番高いモンスター: 42414
スコア: 5358880
585 598 571 573 540 3 68 65 0 4 277 256 0 0 245 0 0 234 214 0 0 0 0 2 0
一番高いモンスター: 48387
召喚 ID: 392
スコア: 5407035
585 598 571 573 540 3 63 58 0 0 277 256 0 0 245 0 0 234 214 0 0 0 0 2 0
一番高いモンスター: 32202
スコア: 5407035
585 598 571 573 540 3 63 58 0 0 277 256 0 0 245 0 0 234 214 0 0 0 0 2 0
一番高いモンスター: 32202
スコア: 5407035
585 598 571 573 540 3 63 58 0 0 277 256 0 0 245 0 0 234 214 0 0 0 0 2 0
一番高いモンスター: 32202
スコア: 5407035
585 598 571 573 540 3 63 58 0 0 277 256 0 0 245 0 0 234 214 0 0 0 0 2 0
一番高いモンスター: 32202
スコア: 5407035
589 599 573 573 544 5 64 60 0 0 278 257 0 0 245 0 0 234 216 0 0 0 0 2 0
一番高いモンスター: 50801
召喚 ID: 385
スコア: 5457080
589 599 573 573 544 1 60 49 0 0 278 257 0 0 245 0 0 234 216 0 0 0 0 2 0
一番高いモンスター: 31539
スコア: 5457080
589 599 573 573 544 1 60 49 0 0 278 257 0 0 245 0 0 234 216 0 0 0 0 2 0
一番高いモンスター: 31539
スコア: 5457080
589 599 573 573 544 1 60 49 0 0 278 257 0 0 245 0 0 234 216 0 0 0 0 2 0
一番高いモンスター: 31539
スコア: 5457080
589 599 573 573 544 1 60 49 0 0 278 257 0 0 245 0 0 234 216 0 0 0 0 2 0
一番高いモンスター: 31539
スコア: 5457080
590 602 575 574 547 2 61 50 0 0 279 257 0 0 246 0 0 235 219 0 0 0 0 3 0
一番高いモンスター: 31539
スコア: 5457080
590 602 575 574 547 2 61 50 0 0 279 257 0 0 246 0 0 235 219 0 0 0 0 3 0
一番高いモンスター: 31539
スコア: 5457080
590 602 575 574 547 2 61 50 0 0 279 257 0 0 246 0 0 235 219 0 0 0 0 3 0
一番高いモンスター: 31539
スコア: 5457080
590 602 575 574 547 2 61 50 0 0 279 257 0 0 246 0 0 235 219 0 0 0 0 3 0
一番高いモンスター: 31539
スコア: 5457080
592 604 576 579 549 2 63 51 0 1 280 257 0 0 248 0 0 235 219 0 0 0 0 4 0
一番高いモンスター: 33356
スコア: 5457080
592 604 576 579 549 2 63 51 0 1 280 257 0 0 248 0 0 235 219 0 0 0 0 4 0
一番高いモンスター: 33356
スコア: 5457080
592 604 576 579 549 2 63 51 0 1 280 257 0 0 248 0 0 235 219 0 0 0 0 4 0
一番高いモンスター: 33356
スコア: 5457080
592 604 576 579 549 2 63 51 0 1 280 257 0 0 248 0 0 235 219 0 0 0 0 4 0
一番高いモンスター: 33356
スコア: 5457080
592 604 576 579 549 2 63 51 0 1 280 257 0 0 248 0 0 235 219 0 0 0 0 4 0
一番高いモンスター: 33356
スコア: 5457080
594 609 580 580 551 2 63 53 0 2 281 257 0 0 249 0 0 235 219 0 0 0 0 5 0
一番高いモンスター: 41713
スコア: 5457080
594 609 580 580 551 2 63 53 0 2 281 257 0 0 249 0 0 235 219 0 0 0 0 5 0
一番高いモンスター: 41713
スコア: 5457080
594 609 580 580 551 2 63 53 0 2 281 257 0 0 249 0 0 235 219 0 0 0 0 5 0
一番高いモンスター: 41713
スコア: 5457080
594 609 580 580 551 2 63 53 0 2 281 257 0 0 249 0 0 235 219 0 0 0 0 5 0
一番高いモンスター: 41713
スコア: 5457080
594 609 580 580 551 2 63 53 0 2 281 257 0 0 249 0 0 235 219 0 0 0 0 5 0
一番高いモンスター: 41713
スコア: 5457080
595 609 581 581 558 2 63 54 0 6 282 259 0 0 250 0 0 236 219 0 0 0 0 5 0
一番高いモンスター: 48387
召喚 ID: 392
スコア: 5505178
595 609 581 581 558 2 58 47 0 2 282 259 0 0 250 0 0 236 219 0 0 0 0 5 0
一番高いモンスター: 41713
スコア: 5505178
595 609 581 581 558 2 58 47 0 2 282 259 0 0 250 0 0 236 219 0 0 0 0 5 0
一番高いモンスター: 41713
スコア: 5505178
595 609 581 581 558 2 58 47 0 2 282 259 0 0 250 0 0 236 219 0 0 0 0 5 0
一番高いモンスター: 41713
スコア: 5505178
595 609 581 581 558 2 58 47 0 2 282 259 0 0 250 0 0 236 219 0 0 0 0 5 0
一番高いモンスター: 41713
スコア: 5505178
596 610 583 583 558 4 60 47 0 4 284 262 0 0 250 0 0 237 220 0 0 0 0 6 0
一番高いモンスター: 50801
召喚 ID: 385
スコア: 5555148
596 610 583 583 558 0 56 36 0 4 284 262 0 0 250 0 0 237 220 0 0 0 0 6 0
一番高いモンスター: 50463
召喚 ID: 39
スコア: 5604458
596 610 583 583 558 0 56 36 0 4 284 262 0 0 250 0 0 237 220 0 0 0 0 0 0
一番高いモンスター: 48387
召喚 ID: 392
スコア: 5652541
596 610 583 583 558 0 51 29 0 0 284 262 0 0 250 0 0 237 220 0 0 0 0 0 0
一番高いモンスター: 31539
