スコア: 55255497
7 14 7 10 7 10 10 17 0 8 264 145 3 0 333 0 2 86 98 1 0 0 0 5 0
求:15 出:23 数:5
一番高いモンスター: 129751
スコア: 55255497
7 14 7 10 7 10 10 17 0 8 264 145 3 0 333 5 2 86 98 1 0 0 0 0 0
求:13 出:14 数:5
一番高いモンスター: 129751
スコア: 55255497
7 14 7 10 7 10 10 17 0 8 264 145 3 0 333 5 2 86 98 1 0 0 0 0 0
求:19 出:18 数:5
一番高いモンスター: 129751
スコア: 55255497
7 14 7 10 7 10 10 17 0 8 264 145 3 0 333 5 2 86 93 1 0 0 0 0 0
求:13 出:14 数:5
一番高いモンスター: 129751
スコア: 55255497
9 17 8 11 9 12 14 17 0 11 264 145 3 0 334 5 2 86 93 1 0 0 0 1 0
一番高いモンスター: 129751
スコア: 55255497
9 17 8 11 9 12 14 17 0 11 264 145 3 0 334 5 2 86 93 1 0 0 0 1 0
求:13 出:14 数:5
一番高いモンスター: 129751
スコア: 55255497
9 17 8 11 9 12 14 17 0 11 264 145 3 0 334 5 2 86 93 1 0 0 0 1 0
一番高いモンスター: 129751
スコア: 55255497
9 17 8 11 9 12 14 17 0 11 264 145 3 1 334 5 2 86 93 1 0 0 0 1 0
求:13 出:18 数:5
一番高いモンスター: 129751
スコア: 55255497
9 17 8 11 9 12 14 17 0 11 264 145 3 1 334 5 2 86 92 1 0 0 0 1 0
一番高いモンスター: 129751
スコア: 55255497
9 17 8 11 9 12 14 17 0 11 264 145 3 1 334 5 2 86 92 1 0 0 0 1 0
求:13 出:14 数:5
一番高いモンスター: 129751
スコア: 55255497
9 17 8 11 9 12 14 17 0 11 264 145 3 1 334 5 2 86 92 1 0 0 0 1 0
一番高いモンスター: 129751
スコア: 55255497
9 17 8 11 9 12 14 17 0 11 264 145 3 1 334 5 2 86 92 1 0 0 0 1 0
求:13 出:18 数:5
一番高いモンスター: 129751
スコア: 55255497
9 17 8 11 9 12 14 17 0 11 264 145 3 1 334 5 2 86 92 1 0 0 0 1 0
求:19 出:18 数:5
一番高いモンスター: 129751
スコア: 55255497
11 19 8 16 10 13 19 17 0 12 264 147 3 1 334 5 2 86 92 1 0 0 0 2 0
求:13 出:14 数:5
一番高いモンスター: 129751
スコア: 55255497
11 19 8 16 10 13 19 17 0 12 264 147 3 1 334 5 2 86 92 1 0 0 0 2 0
求:19 出:18 数:5
一番高いモンスター: 129751
スコア: 55255497
11 19 8 16 10 13 19 17 0 12 264 147 3 1 334 5 2 86 92 1 0 0 0 2 0
求:13 出:18 数:5
一番高いモンスター: 129751
スコア: 55255497
11 19 8 16 10 13 19 17 0 12 264 147 3 1 334 5 2 86 92 1 0 0 0 2 0
求:19 出:23 数:5
一番高いモンスター: 129751
スコア: 55255497
11 19 8 16 10 13 19 17 0 12 264 147 3 1 334 5 2 86 92 3 0 0 0 0 0
求:13 出:18 数:5
一番高いモンスター: 129751
スコア: 55255497
11 19 8 16 10 13 19 17 0 12 264 147 3 1 334 5 2 86 92 3 0 0 0 0 0
一番高いモンスター: 129751
スコア: 55255497
11 19 8 16 10 13 19 17 0 12 264 147 3 1 334 5 2 86 92 3 0 0 0 0 0
求:13 出:14 数:5
一番高いモンスター: 129751
スコア: 55255497
11 19 8 16 10 13 19 17 0 12 264 147 3 1 334 5 2 86 92 3 0 0 0 0 0
一番高いモンスター: 129751
スコア: 55255497
11 19 8 16 10 13 19 17 0 12 264 147 3 1 334 5 2 86 92 3 0 0 0 0 0
求:13 出:14 数:5
一番高いモンスター: 129751
スコア: 55255497
15 20 12 20 10 14 20 18 0 13 266 148 3 1 334 5 2 86 92 3 0 0 0 0 0
一番高いモンスター: 129751
スコア: 55255497
15 20 12 20 10 14 20 18 0 13 266 148 3 1 334 5 2 86 92 3 0 0 0 0 0
求:13 出:14 数:5
一番高いモンスター: 129751
スコア: 55255497
15 20 12 20 10 14 20 18 0 13 266 148 3 1 334 5 2 86 92 3 0 0 0 0 0
求:16 出:18 数:5
一番高いモンスター: 129751
スコア: 55255497
15 20 12 20 10 14 20 18 0 13 266 148 3 1 334 5 2 86 92 3 0 0 0 0 0
求:13 出:18 数:5
一番高いモンスター: 129751
スコア: 55255497
15 20 12 20 10 14 20 18 0 13 266 148 3 1 334 5 2 86 92 3 0 0 0 0 0
求:16 出:18 数:5
一番高いモンスター: 129751
スコア: 55255497
15 20 12 20 10 14 20 18 0 13 266 148 3 1 334 5 2 86 92 4 0 0 0 0 0
求:13 出:18 数:5
一番高いモンスター: 129751
スコア: 55255497
15 20 12 20 10 14 20 18 0 13 266 148 3 1 334 5 2 86 92 4 0 0 0 0 0
求:16 出:18 数:5
一番高いモンスター: 129751
スコア: 55255497
15 20 12 20 10 14 20 18 0 13 266 148 3 1 334 5 2 86 92 4 0 0 0 0 0
求:13 出:14 数:5
一番高いモンスター: 129751
スコア: 55255497
15 20 12 20 10 14 20 18 0 13 266 148 3 1 334 5 2 86 92 4 0 0 0 0 0
求:16 出:18 数:5
一番高いモンスター: 129751
スコア: 55255497
15 20 12 20 10 14 20 18 0 13 266 148 3 1 334 5 2 86 92 4 0 0 0 0 0
求:13 出:18 数:5
一番高いモンスター: 129751
スコア: 55255497
17 22 13 24 10 14 21 19 0 14 267 149 3 1 335 5 2 89 93 4 0 0 0 1 0
求:16 出:18 数:5
一番高いモンスター: 129751
スコア: 55255497
17 22 13 24 10 14 21 19 0 14 267 149 3 1 335 5 2 89 93 4 0 0 0 1 0
求:13 出:18 数:5
一番高いモンスター: 129751
スコア: 55255497
17 22 13 24 10 14 21 19 0 14 267 149 3 1 335 5 2 89 93 4 0 0 0 1 0
一番高いモンスター: 129751
スコア: 55255497
17 22 13 24 10 14 21 19 0 14 267 149 3 1 335 5 2 89 93 4 0 0 0 1 0
求:13 出:14 数:5
一番高いモンスター: 129751
スコア: 55255497
17 22 13 24 10 14 21 19 0 14 267 149 3 1 335 5 2 89 93 4 0 0 0 1 0
一番高いモンスター: 129751
スコア: 55255497
17 22 13 24 10 14 21 19 0 14 267 149 3 1 335 5 2 89 93 4 0 0 0 1 0
求:13 出:14 数:5
一番高いモンスター: 129751
スコア: 55255497
17 22 13 24 10 14 21 19 0 14 267 149 3 1 335 5 2 89 93 4 0 0 0 1 0
求:16 出:18 数:5
一番高いモンスター: 129751
スコア: 55255497
17 22 13 24 10 14 21 19 0 14 267 149 3 1 335 5 2 89 93 4 0 0 0 1 0
求:13 出:14 数:5
一番高いモンスター: 129751
スコア: 55255497
17 22 13 24 10 14 21 19 0 14 267 149 3 1 335 5 2 89 93 4 0 0 0 1 0
求:16 出:18 数:5
一番高いモンスター: 129751
スコア: 55255497
18 23 18 25 14 14 23 20 0 15 267 149 3 1 336 5 2 91 94 4 0 0 0 1 0
求:13 出:18 数:5
一番高いモンスター: 129751
スコア: 55255497
18 23 18 25 14 14 23 20 0 15 267 149 3 1 336 5 2 91 94 7 0 0 0 1 0
一番高いモンスター: 129751
スコア: 55255497
18 23 18 25 14 14 23 20 0 15 267 149 3 1 336 5 2 91 94 7 0 0 0 1 0
求:13 出:18 数:5
一番高いモンスター: 129751
スコア: 55255497
18 23 18 25 14 14 23 20 0 15 267 149 3 1 336 5 2 91 94 7 0 0 0 1 0
一番高いモンスター: 129751
スコア: 55255497
18 23 18 25 14 14 23 20 0 15 267 149 3 1 336 5 2 91 94 7 0 0 0 1 0
求:13 出:14 数:5
一番高いモンスター: 129751
スコア: 55255497
18 23 18 25 14 14 23 20 0 15 267 149 3 2 336 5 2 91 94 7 0 0 0 1 0
一番高いモンスター: 129751
スコア: 55255497
18 23 18 25 14 14 23 20 0 15 267 149 3 2 336 5 2 91 94 7 0 0 0 1 0
求:13 出:14 数:5
一番高いモンスター: 129751
スコア: 55255497
18 23 18 25 14 14 23 20 0 15 267 149 3 2 336 5 2 91 94 7 0 0 0 1 0
求:16 出:18 数:5
一番高いモンスター: 129751
スコア: 55255497
18 23 18 25 14 14 23 20 0 15 267 149 3 2 336 5 2 91 94 7 0 0 0 1 0
求:13 出:18 数:5
一番高いモンスター: 129751
スコア: 55255497
18 23 18 25 14 14 23 20 0 15 267 149 3 2 336 5 2 91 93 7 0 0 0 1 0
求:16 出:18 数:5
一番高いモンスター: 129751
スコア: 55255497
20 25 18 27 17 15 25 21 0 17 269 150 3 2 337 5 2 91 94 7 0 0 0 1 0
求:13 出:18 数:5
一番高いモンスター: 129751
スコア: 55255497
20 25 18 27 17 15 25 21 0 17 269 150 3 2 337 5 2 91 94 7 0 0 0 1 0
一番高いモンスター: 129751
スコア: 55255497
20 25 18 27 17 15 25 21 0 17 269 150 3 2 337 5 2 91 94 7 0 0 0 1 0
求:13 出:18 数:5
一番高いモンスター: 129751
スコア: 55255497
20 25 18 27 17 15 25 21 0 17 269 150 3 7 337 5 2 91 94 7 0 0 0 1 0
求:16 出:18 数:5
一番高いモンスター: 187869
召喚 ID: 153
スコア: 55424891
20 25 18 27 17 15 25 21 0 17 267 144 1 2 337 10 2 91 94 7 0 0 0 1 0
求:12 出:18 数:5
一番高いモンスター: 111793
スコア: 55424891
20 25 18 27 17 15 25 21 0 17 267 144 6 2 337 10 2 91 89 7 0 0 0 1 0
求:16 出:17 数:5
一番高いモンスター: 187041
召喚 ID: 178
スコア: 55598415
20 25 18 27 17 15 25 21 0 17 264 142 0 0 335 10 2 91 89 7 0 0 0 1 0
求:12 出:17 数:5
一番高いモンスター: 82129
スコア: 55598415
20 25 18 27 17 15 25 21 0 17 264 142 5 0 335 10 2 86 89 7 0 0 0 1 0
一番高いモンスター: 174306
召喚 ID: 196
スコア: 55756336
20 25 18 27 17 15 25 21 0 17 261 139 0 0 332 10 2 86 89 7 0 0 0 1 0
求:12 出:14 数:5
一番高いモンスター: 82129
スコア: 55756336
23 29 21 28 17 15 25 22 0 18 261 139 5 0 330 10 2 88 91 8 0 0 0 1 0
求:16 出:18 数:5
一番高いモンスター: 174306
召喚 ID: 196
スコア: 55914210
23 29 21 28 17 15 25 22 0 18 258 136 0 0 327 10 2 88 91 8 0 0 0 1 0
求:12 出:14 数:5
一番高いモンスター: 82129
スコア: 55914210
23 29 21 28 17 15 25 22 0 18 258 136 5 0 322 10 2 88 91 8 0 0 0 1 0
求:16 出:18 数:5
一番高いモンスター: 174306
召喚 ID: 196
スコア: 56072037
23 29 21 28 17 15 25 22 0 18 255 133 0 0 319 10 2 88 91 8 0 0 0 1 0
求:12 出:18 数:5
一番高いモンスター: 82129
スコア: 56072037
23 29 21 28 17 15 25 22 0 18 255 133 5 0 319 10 2 88 86 8 0 0 0 1 0
求:16 出:17 数:5
一番高いモンスター: 174306
召喚 ID: 196
スコア: 56229816
23 29 21 28 17 15 25 22 0 18 252 130 0 0 316 10 2 88 86 8 0 0 0 1 0
求:12 出:17 数:5
一番高いモンスター: 82129
スコア: 56229816
23 29 21 28 17 15 25 22 0 18 252 130 5 0 316 10 2 83 86 8 0 0 0 1 0
求:16 出:18 数:5
一番高いモンスター: 174306
召喚 ID: 196
スコア: 56387548
23 29 21 28 17 15 25 22 0 18 249 127 0 0 313 10 2 83 86 8 0 0 0 1 0
求:12 出:14 数:5
一番高いモンスター: 82129
スコア: 56387548
23 29 21 28 17 15 25 22 0 18 249 127 2 0 308 10 2 83 86 8 0 0 0 1 0
求:16 出:18 数:5
一番高いモンスター: 129751
スコア: 56387548
23 31 23 30 19 16 28 25 0 19 251 128 2 0 309 10 2 83 86 8 0 0 0 1 0
求:13 出:18 数:5
一番高いモンスター: 129751
スコア: 56387548
23 31 23 30 19 16 28 25 0 19 251 128 2 0 309 10 2 83 81 8 0 0 0 1 0
一番高いモンスター: 129751
スコア: 56387548
23 31 23 30 19 16 28 25 0 19 251 128 2 0 309 10 2 83 81 8 0 0 0 1 0
求:13 出:14 数:5
一番高いモンスター: 129751
スコア: 56387548
23 31 23 30 19 16 28 25 0 19 251 128 5 0 309 10 2 83 81 8 0 0 0 1 0
求:16 出:17 数:5
一番高いモンスター: 174306
召喚 ID: 196
スコア: 56545233
23 31 23 30 19 16 28 25 0 19 248 125 0 2 306 10 2 83 81 8 0 0 0 1 0
求:12 出:14 数:5
一番高いモンスター: 111793
スコア: 56545233
23 31 23 30 19 16 28 25 0 19 248 125 2 2 301 10 2 83 81 8 0 0 0 1 0
求:16 出:17 数:5
一番高いモンスター: 129751
スコア: 56545233
23 31 23 30 19 16 28 25 0 19 248 125 2 2 301 10 2 83 81 8 0 0 0 1 0
求:12 出:17 数:5
一番高いモンスター: 129751
スコア: 56545233
23 31 23 30 19 16 28 25 0 19 248 125 7 2 301 10 2 78 81 8 0 0 0 1 0
求:16 出:18 数:5
一番高いモンスター: 187041
召喚 ID: 178
スコア: 56718601
23 31 23 30 19 16 28 25 0 19 245 123 1 0 299 10 2 78 81 8 0 0 0 1 0
求:13 出:14 数:5
一番高いモンスター: 82129
スコア: 56718601
25 31 26 34 21 17 28 27 0 20 246 123 1 0 300 10 2 81 81 8 0 0 0 1 0
一番高いモンスター: 82129
スコア: 56718601
25 31 26 34 21 17 28 27 0 20 246 123 4 0 300 10 2 81 81 8 0 0 0 1 0
求:13 出:17 数:5
一番高いモンスター: 129751
スコア: 56718601
25 31 26 34 21 17 28 27 0 20 246 123 4 5 300 10 2 76 81 8 0 0 0 1 0
一番高いモンスター: 187869
召喚 ID: 153
スコア: 56887134
25 31 26 34 21 17 28 27 0 20 244 117 2 0 300 10 2 76 81 8 0 0 0 1 0
求:13 出:14 数:5
一番高いモンスター: 129751
スコア: 56887134
25 31 26 34 21 17 28 27 0 20 244 117 2 0 300 10 2 76 81 8 0 0 0 1 0
一番高いモンスター: 129751
スコア: 56887134
25 31 26 34 21 17 28 27 0 20 244 117 2 0 300 10 2 76 81 8 0 0 0 1 0
求:13 出:14 数:5
一番高いモンスター: 129751
スコア: 56887134
25 31 26 34 21 17 28 27 0 20 244 117 2 0 300 10 2 76 81 8 0 0 0 1 0
求:16 出:18 数:5
一番高いモンスター: 129751
スコア: 56887134
25 31 26 34 21 17 28 27 0 20 244 117 2 0 300 10 2 76 81 8 0 0 0 1 0
求:13 出:18 数:5
一番高いモンスター: 129751
スコア: 56887134
25 31 26 34 21 17 28 27 0 20 244 117 2 0 300 10 2 76 79 8 0 0 0 1 0
一番高いモンスター: 129751
スコア: 56887134
25 31 26 34 21 17 28 27 0 20 244 117 2 0 300 10 2 76 79 8 0 0 0 1 0
求:13 出:14 数:5
一番高いモンスター: 129751
スコア: 56887134
33 32 28 35 21 18 30 28 0 21 244 117 2 0 300 10 2 77 80 8 0 0 0 2 0
一番高いモンスター: 129751
スコア: 56887134
33 32 28 35 21 18 30 28 0 21 244 117 2 0 300 10 2 77 80 8 0 0 0 2 0
求:13 出:18 数:5
一番高いモンスター: 129751
スコア: 56887134
33 32 28 35 21 18 30 28 0 21 244 117 2 0 300 10 2 77 80 8 0 0 0 2 0
求:16 出:18 数:5
一番高いモンスター: 129751
スコア: 56887134
33 32 28 35 21 18 30 28 0 21 244 117 2 3 300 10 2 77 80 8 0 0 0 2 0
求:12 出:18 数:5
一番高いモンスター: 129751
スコア: 56887134
33 32 28 35 21 18 30 28 0 21 244 117 7 3 300 10 2 77 75 8 0 0 0 2 0
求:16 出:17 数:5
一番高いモンスター: 187041
召喚 ID: 178
スコア: 57060450
33 32 28 35 21 18 30 28 0 21 241 115 1 1 298 10 2 77 75 8 0 0 0 2 0
求:12 出:17 数:5
一番高いモンスター: 111793
スコア: 57060450
33 32 28 35 21 18 30 28 0 21 241 115 5 1 298 10 2 72 75 8 0 0 0 2 0
求:16 出:18 数:5
一番高いモンスター: 174306
召喚 ID: 196
スコア: 57218087
33 32 28 35 21 18 30 28 0 21 238 112 0 1 295 10 2 72 75 8 0 0 0 2 0
求:12 出:14 数:5
一番高いモンスター: 111793
スコア: 57218087
33 32 28 35 21 18 30 28 0 21 238 112 0 1 290 10 2 72 75 8 0 0 0 2 0
求:16 出:18 数:5
一番高いモンスター: 111793
スコア: 57218087
36 32 33 35 23 20 31 28 0 22 238 114 0 1 292 10 2 73 76 8 0 0 0 2 0
求:12 出:18 数:5
一番高いモンスター: 111793
スコア: 57218087
36 32 33 35 23 20 31 28 0 22 238 114 3 1 292 10 2 73 71 8 0 0 0 2 0
一番高いモンスター: 129751
スコア: 57218087
36 32 33 35 23 20 31 28 0 22 238 114 3 1 292 10 2 73 71 8 0 0 0 2 0
求:13 出:14 数:5
一番高いモンスター: 129751
スコア: 57218087
36 32 33 35 23 20 31 28 0 22 238 114 3 1 292 10 2 73 71 8 0 0 0 2 0
求:16 出:17 数:5
一番高いモンスター: 129751
スコア: 57218087
36 32 33 35 23 20 31 28 0 22 238 114 3 1 292 10 2 73 71 8 0 0 0 2 0
求:13 出:14 数:5
一番高いモンスター: 129751
スコア: 57218087
36 32 33 35 23 20 31 28 0 22 238 114 3 1 292 10 2 73 71 8 0 0 0 2 0
一番高いモンスター: 129751
スコア: 57218087
36 32 33 35 23 20 31 28 0 22 238 114 3 1 292 10 2 73 71 8 0 0 0 2 0
求:13 出:17 数:5
一番高いモンスター: 129751
スコア: 57218087
36 32 33 35 23 20 31 28 0 22 238 114 3 6 292 10 2 68 71 8 0 0 0 2 0
一番高いモンスター: 187869
召喚 ID: 153
スコア: 57386468
36 32 33 35 23 20 31 28 0 22 236 108 1 1 292 10 2 68 71 8 0 0 0 2 0
求:12 出:18 数:5
一番高いモンスター: 111793
スコア: 57386468
36 32 33 35 23 20 31 28 0 22 236 108 1 1 292 10 2 68 68 8 0 0 0 2 0
求:16 出:17 数:5
一番高いモンスター: 111793
スコア: 57386468
38 34 39 38 25 21 32 28 0 22 237 109 1 1 292 10 2 68 68 8 0 0 0 3 0
求:12 出:14 数:5
一番高いモンスター: 111793
スコア: 57386468
38 34 39 38 25 21 32 28 0 22 237 109 2 1 292 10 2 68 68 8 0 0 0 3 0
求:16 出:23 数:5
一番高いモンスター: 129751
スコア: 57386468
38 34 39 38 25 21 32 28 0 22 237 109 2 1 292 10 5 68 68 8 0 0 0 0 0
求:13 出:17 数:5
一番高いモンスター: 129751
スコア: 57386468
38 34 39 38 25 21 32 28 0 22 237 109 2 6 292 10 5 63 68 8 0 0 0 0 0
一番高いモンスター: 187869
召喚 ID: 153
スコア: 57554798
38 34 39 38 25 21 32 28 0 22 235 103 4 1 292 10 5 63 68 8 0 0 0 0 0
求:13 出:18 数:5
一番高いモンスター: 129751
スコア: 57554798
38 34 39 38 25 21 32 28 0 22 235 103 4 1 292 10 5 63 65 8 0 0 0 0 0
求:16 出:18 数:5
一番高いモンスター: 129751
スコア: 57554798
38 34 39 38 25 21 32 28 0 22 235 103 4 1 292 10 5 63 65 8 0 0 0 0 0
求:13 出:14 数:5
一番高いモンスター: 129751
スコア: 57554798
38 34 39 38 25 21 32 28 0 22 235 103 6 1 292 10 5 63 65 8 0 0 0 0 0
一番高いモンスター: 174306
召喚 ID: 196
スコア: 57712388
38 34 39 38 25 21 32 28 0 22 232 100 1 1 289 10 5 63 65 8 0 0 0 0 0
求:12 出:18 数:5
一番高いモンスター: 111793
スコア: 57712388
41 35 43 39 27 23 33 30 0 23 232 101 4 1 290 10 5 63 60 8 0 0 0 1 0
一番高いモンスター: 129751
スコア: 57712388
41 35 43 39 27 23 33 30 0 23 232 101 4 1 290 10 5 63 60 8 0 0 0 1 0
求:13 出:14 数:5
一番高いモンスター: 129751
