スコア: 17240594
5 0 3 1 3 78 75 72 0 65 653 606 0 0 597 28 30 429 486 28 0 2 9 34 0
求:15 出:23 数:4
一番高いモンスター: 534239
召喚 ID: 113
スコア: 17704148
5 0 3 1 3 78 75 72 0 65 653 606 0 0 597 30 28 427 485 25 0 2 9 30 0
一番高いモンスター: 534239
召喚 ID: 113
スコア: 18167563
5 0 3 1 3 78 75 72 0 65 653 606 0 0 597 28 26 425 484 22 0 2 9 30 0
求:19 出:23 数:4
一番高いモンスター: 534239
召喚 ID: 113
スコア: 18630839
5 0 3 1 3 78 75 72 0 65 653 606 0 0 597 26 24 423 483 23 0 2 9 26 0
一番高いモンスター: 534239
召喚 ID: 113
スコア: 19093976
5 0 3 1 3 78 75 72 0 65 653 606 0 0 597 24 22 421 482 20 0 2 9 26 0
求:19 出:23 数:4
一番高いモンスター: 534239
召喚 ID: 113
スコア: 19556974
5 0 3 1 3 78 75 72 0 65 653 606 0 0 597 22 20 419 481 21 0 2 9 22 0
一番高いモンスター: 534239
召喚 ID: 113
スコア: 20019833
5 0 3 1 3 78 75 72 0 65 653 606 0 0 597 20 18 417 480 18 0 2 9 22 0
求:16 出:23 数:4
一番高いモンスター: 534239
召喚 ID: 113
スコア: 20482553
5 0 3 1 3 78 75 72 0 65 653 606 0 0 597 18 20 415 479 15 0 2 9 18 0
一番高いモンスター: 534239
召喚 ID: 113
スコア: 20944995
5 0 3 1 3 78 75 72 0 65 653 606 0 0 597 16 18 413 478 12 0 2 9 18 0
求:19 出:23 数:4
一番高いモンスター: 534239
召喚 ID: 113
スコア: 21407299
5 0 3 1 3 78 75 72 0 65 653 606 0 0 597 14 16 411 477 13 0 2 9 14 0
一番高いモンスター: 534239
召喚 ID: 113
スコア: 21869464
8 1 6 3 6 78 75 73 0 65 654 606 0 0 598 12 14 412 476 10 0 2 9 16 0
求:19 出:23 数:4
一番高いモンスター: 534239
召喚 ID: 113
スコア: 22331490
8 1 6 3 6 78 75 73 0 65 654 606 0 0 598 10 12 410 475 11 0 2 9 12 0
一番高いモンスター: 534239
召喚 ID: 113
スコア: 22793378
8 1 6 3 6 78 75 73 0 65 654 606 0 0 598 8 10 408 474 8 0 2 9 12 0
求:15 出:23 数:4
一番高いモンスター: 534239
召喚 ID: 113
スコア: 23255127
8 1 6 3 6 78 75 73 0 65 654 606 0 0 598 10 8 406 473 5 0 2 9 8 0
求:19 出:22 数:4
一番高いモンスター: 534239
召喚 ID: 113
スコア: 23716599
8 1 6 3 6 78 75 73 0 65 654 606 0 0 598 8 6 404 472 6 0 2 5 8 0
求:16 出:23 数:4
一番高いモンスター: 534239
召喚 ID: 113
スコア: 24177933
8 1 6 3 6 78 75 73 0 65 654 606 0 0 598 6 8 402 471 3 0 2 5 4 0
求:19 出:22 数:4
一番高いモンスター: 534239
召喚 ID: 113
スコア: 24639128
8 1 6 3 6 78 75 73 0 65 654 606 0 0 598 4 7 400 470 4 0 2 1 4 0
一番高いモンスター: 534239
召喚 ID: 113
スコア: 25100185
8 1 6 3 6 78 75 73 0 65 654 606 0 0 598 2 5 398 469 1 0 2 1 4 0
求:19 出:23 数:4
一番高いモンスター: 190605
召喚 ID: 77
スコア: 25288799
8 1 6 3 6 78 75 73 0 65 654 606 0 0 598 1 2 396 467 5 0 2 1 0 0
求:15 出:21 数:4
一番高いモンスター: 357845
召喚 ID: 109
