スコア: 45832687
70 57 66 84 70 28 39 62 1 67 327 253 0 4 366 5 3 213 209 1 0 0 0 0 0
一番高いモンスター: 111793
スコア: 45832687
70 57 66 84 70 28 39 62 1 67 327 253 0 4 366 5 3 213 209 1 0 0 0 0 0
求:12 出:17 数:5
一番高いモンスター: 111793
スコア: 45832687
70 57 66 84 70 28 39 62 1 67 327 253 0 4 366 5 3 208 209 1 0 0 0 0 0
一番高いモンスター: 111793
スコア: 45832687
70 57 66 84 70 28 39 62 1 67 327 253 0 4 366 5 3 208 209 1 0 0 0 0 0
求:12 出:18 数:5
一番高いモンスター: 111793
スコア: 45832687
70 57 66 84 70 28 39 62 1 67 327 253 5 4 366 5 3 208 204 1 0 0 0 0 0
一番高いモンスター: 174306
召喚 ID: 196
スコア: 45994785
70 57 66 84 70 28 39 62 1 67 324 250 5 4 363 5 3 208 204 1 0 0 0 0 0
求:13 出:17 数:5
一番高いモンスター: 174306
召喚 ID: 196
スコア: 46156689
70 58 69 85 74 30 40 64 1 68 324 248 0 9 360 5 3 203 205 1 0 0 0 0 0
一番高いモンスター: 111793
スコア: 46156689
70 58 69 85 74 30 40 64 1 68 324 248 0 9 360 5 3 203 205 1 0 0 0 0 0
求:12 出:18 数:5
一番高いモンスター: 111793
スコア: 46156689
70 58 69 85 74 30 40 64 1 68 324 248 3 9 360 5 3 203 200 1 0 0 0 0 0
一番高いモンスター: 187869
召喚 ID: 153
スコア: 46328026
70 58 69 85 74 30 40 64 1 68 322 242 1 4 360 5 3 203 200 1 0 0 0 0 0
求:12 出:17 数:5
一番高いモンスター: 111793
スコア: 46328026
70 58 69 85 74 30 40 64 1 68 322 242 3 4 360 5 3 198 200 1 0 0 0 0 0
一番高いモンスター: 162747
召喚 ID: 221
スコア: 46482494
70 58 69 85 74 30 40 64 1 68 320 241 0 0 357 5 3 198 200 1 0 0 0 0 0
求:12 出:18 数:5
一番高いモンスター: 82129
スコア: 46482494
70 58 69 85 74 30 40 64 1 68 320 241 0 0 357 5 3 198 195 1 0 0 0 0 0
一番高いモンスター: 82129
スコア: 46482494
70 58 69 85 74 30 40 64 1 68 320 241 2 0 357 5 3 198 195 1 0 0 0 0 0
求:13 出:17 数:5
一番高いモンスター: 129751
