スコア: 15899684
68 69 76 61 75 3 3 66 1 5 539 512 0 0 516 0 0 355 408 0 0 0 0 68 0
出:12 求:10 数:8
一番高いモンスター: 45675
スコア: 15899684
68 69 76 61 75 3 3 66 1 5 538 512 0 0 516 0 0 355 408 0 0 0 0 68 0
出:8 求:7 数:8
一番高いモンスター: 45675
スコア: 15899684
68 69 76 61 75 3 3 71 1 5 538 512 0 0 516 0 0 355 408 0 0 0 0 68 0
出:12 求:10 数:11
一番高いモンスター: 45675
スコア: 15899684
68 69 76 61 75 3 3 71 1 5 535 512 0 0 516 0 0 355 408 0 0 0 0 68 0
出:8 求:7 数:8
一番高いモンスター: 45675
スコア: 15899684
68 69 76 61 75 3 3 71 1 5 535 512 0 0 516 0 0 355 408 0 0 0 0 68 0
出:12 求:10 数:8
一番高いモンスター: 45675
スコア: 15899684
68 69 76 61 75 3 3 71 1 5 538 512 0 0 516 0 0 355 408 0 0 0 0 68 0
出:8 求:7 数:7
一番高いモンスター: 45675
スコア: 15899684
68 69 76 61 75 3 3 72 1 5 538 512 0 0 516 0 0 355 408 0 0 0 0 68 0
出:12 求:10 数:13
一番高いモンスター: 45675
スコア: 15899684
68 69 76 61 75 3 3 72 1 5 533 512 0 0 516 0 0 355 408 0 0 0 0 68 0
出:8 求:7 数:6
一番高いモンスター: 45675
スコア: 15899684
69 71 78 66 78 5 3 73 1 6 536 512 0 0 517 0 0 355 408 0 0 0 0 68 0
出:12 求:10 数:12
一番高いモンスター: 68938
召喚 ID: 381
スコア: 15966424
69 71 78 66 78 0 3 66 0 1 537 512 0 0 517 0 0 355 408 0 0 0 0 68 0
出:8 求:7 数:12
一番高いモンスター: 11501
スコア: 15966424
69 71 78 66 78 0 3 60 0 1 537 512 0 0 517 0 0 355 408 0 0 0 0 68 0
出:12 求:10 数:7
一番高いモンスター: 11501
スコア: 15966424
69 71 78 66 78 0 3 60 0 1 542 512 0 0 517 0 0 355 408 0 0 0 0 68 0
出:8 求:7 数:6
一番高いモンスター: 11501
スコア: 15966424
69 71 78 66 78 0 3 66 0 1 542 512 0 0 517 0 0 355 408 0 0 0 0 68 0
出:12 求:10 数:13
一番高いモンスター: 11501
スコア: 15966424
69 71 78 66 78 0 3 66 0 1 536 512 0 0 517 0 0 355 408 0 0 0 0 68 0
出:8 求:7 数:8
一番高いモンスター: 11501
スコア: 15966424
69 71 78 66 78 0 3 64 0 1 536 512 0 0 517 0 0 355 408 0 0 0 0 68 0
出:12 求:10 数:4
一番高いモンスター: 11501
スコア: 15966424
69 71 78 66 78 0 3 64 0 1 545 512 0 0 517 0 0 355 408 0 0 0 0 68 0
出:8 求:7 数:10
一番高いモンスター: 11501
スコア: 15966424
69 71 78 66 78 0 3 62 0 1 545 512 0 0 517 0 0 355 408 0 0 0 0 68 0
出:12 求:10 数:8
一番高いモンスター: 11501
スコア: 15966424
72 71 82 68 83 1 3 62 0 2 542 513 0 0 517 0 0 356 409 0 0 0 0 68 0
出:8 求:7 数:11
一番高いモンスター: 14891
スコア: 15966424
72 71 82 68 83 1 3 61 0 2 542 513 0 0 517 0 0 356 409 0 0 0 0 68 0
出:12 求:10 数:8
一番高いモンスター: 14891
スコア: 15966424
72 71 82 68 83 1 3 61 0 2 542 513 0 0 517 0 0 356 409 0 0 0 0 68 0
出:8 求:7 数:11
一番高いモンスター: 14891
スコア: 15966424
72 71 82 68 83 1 3 61 0 2 542 513 0 0 517 0 0 356 409 0 0 0 0 68 0
出:12 求:10 数:4
一番高いモンスター: 14891
スコア: 15966424
72 71 82 68 83 1 3 61 0 2 546 513 0 0 517 0 0 356 409 0 0 0 0 68 0
出:8 求:7 数:9
一番高いモンスター: 14891
スコア: 15966424
72 71 82 68 83 1 3 63 0 2 546 513 0 0 517 0 0 356 409 0 0 0 0 68 0
出:12 求:10 数:4
一番高いモンスター: 14891
スコア: 15966424
72 71 82 68 83 1 3 63 0 2 546 513 0 0 517 0 0 356 409 0 0 0 0 68 0
出:8 求:7 数:10
一番高いモンスター: 14891
スコア: 15966424
72 71 82 68 83 1 3 62 0 2 546 513 0 0 517 0 0 356 409 0 0 0 0 68 0
出:12 求:10 数:4
一番高いモンスター: 14891
スコア: 15966424
72 71 82 68 83 1 3 62 0 2 546 513 0 0 517 0 0 356 409 0 0 0 0 68 0
出:8 求:7 数:6
一番高いモンスター: 14891
スコア: 15966424
72 72 85 70 87 5 3 68 0 3 548 513 0 0 517 0 0 356 409 0 0 0 0 69 0
出:12 求:10 数:11
一番高いモンスター: 32202
スコア: 15966424
72 72 85 70 87 5 3 68 0 3 541 513 0 0 517 0 0 356 409 0 0 0 0 69 0
出:8 求:7 数:12
一番高いモンスター: 32202
