スコア: 75354357
81 81 87 61 75 5 85 135 0 45 288 152 2 1 344 5 2 30 36 1 5 5 5 8 1
求:13 出:7 数:5
一番高いモンスター: 10098
召喚 ID: 953
スコア: 75361820
82 77 87 65 66 8 85 135 0 46 289 154 2 1 344 5 2 30 37 1 5 5 5 8 1
求:19 出:14 数:5
一番高いモンスター: 10098
召喚 ID: 953
スコア: 75369280
81 71 86 64 55 8 85 135 0 46 289 154 2 1 344 5 2 30 37 1 5 5 5 8 1
求:24 出:23 数:5
一番高いモンスター: 10098
召喚 ID: 953
スコア: 75376738
80 65 85 63 44 8 85 135 0 46 289 154 2 1 344 5 2 30 37 1 5 5 5 3 1
求:13 出:14 数:5
一番高いモンスター: 10098
召喚 ID: 953
スコア: 75384194
79 59 84 62 33 8 85 135 0 46 289 154 2 1 344 5 2 30 37 1 5 5 5 3 3
求:19 出:14 数:5
一番高いモンスター: 10098
召喚 ID: 953
スコア: 75391648
78 53 83 61 22 8 85 135 0 46 289 154 2 1 344 5 2 30 37 1 5 5 5 3 3
求:23 出:20 数:5
一番高いモンスター: 10098
召喚 ID: 953
スコア: 75399099
77 47 82 60 11 8 85 135 0 46 289 154 2 1 344 5 2 30 37 1 0 5 5 3 3
求:13 出:14 数:5
一番高いモンスター: 10098
召喚 ID: 953
スコア: 75406548
76 41 81 59 0 8 85 135 0 46 289 154 2 1 344 5 2 30 37 1 0 5 8 3 3
求:19 出:18 数:5
一番高いモンスター: 10078
召喚 ID: 743
スコア: 75415303
70 35 73 59 0 8 85 135 0 46 289 154 2 1 344 5 2 30 37 1 0 5 8 3 3
求:20 出:18 数:5
一番高いモンスター: 10078
召喚 ID: 743
スコア: 75424055
64 29 65 59 0 8 85 135 0 46 289 154 2 1 344 5 2 30 32 1 0 5 8 3 5
求:13 出:14 数:5
一番高いモンスター: 10078
召喚 ID: 743
スコア: 75432805
61 25 58 61 5 10 85 136 0 47 290 154 2 1 344 5 2 31 32 1 0 5 8 4 5
求:19 出:18 数:5
一番高いモンスター: 10094
召喚 ID: 547
スコア: 75441680
44 23 58 61 4 10 85 136 0 47 290 154 2 1 344 5 2 31 32 1 0 5 8 4 5
求:20 出:18 数:5
一番高いモンスター: 10094
召喚 ID: 547
スコア: 75450552
27 21 58 61 3 10 85 136 0 47 290 154 2 1 344 5 7 31 32 4 0 5 8 4 5
求:13 出:7 数:5
一番高いモンスター: 10094
召喚 ID: 547
スコア: 75459422
10 19 58 61 2 10 85 136 0 47 290 154 2 1 344 5 7 31 32 4 0 5 8 4 6
求:19 出:18 数:5
一番高いモンスター: 10087
召喚 ID: 850
スコア: 75468506
7 17 56 50 0 10 85 136 0 47 290 154 2 1 344 5 7 31 32 6 0 5 8 4 6
求:20 出:18 数:5
一番高いモンスター: 10078
召喚 ID: 743
スコア: 75477253
1 11 48 50 0 10 85 136 0 47 290 154 2 1 344 5 7 31 32 6 0 5 8 4 6
求:13 出:14 数:5
一番高いモンスター: 10060
召喚 ID: 803
スコア: 75486541
0 5 48 37 0 10 85 136 0 47 290 154 2 1 344 5 7 31 32 6 0 5 8 4 6
求:15 出:14 数:5
一番高いモンスター: 10036
召喚 ID: 847
スコア: 75495043
0 5 41 24 0 10 85 136 0 47 290 154 2 1 339 5 7 31 32 6 0 5 8 4 6
求:20 出:18 数:5
一番高いモンスター: 10036
召喚 ID: 847
スコア: 75503542
0 5 34 11 0 10 85 136 0 47 290 154 2 1 339 5 7 31 32 6 0 5 8 4 6
求:13 出:7 数:5
一番高いモンスター: 9063
召喚 ID: 816
スコア: 75512483
1 2 31 7 0 10 85 136 0 49 294 154 2 1 341 5 7 32 34 6 0 5 8 4 6
求:15 出:18 数:5
一番高いモンスター: 8061
召喚 ID: 772
スコア: 75520395
1 1 19 4 0 10 85 136 0 49 294 154 2 1 341 5 7 32 29 6 0 5 8 4 6
求:20 出:17 数:5
一番高いモンスター: 8061
召喚 ID: 772
スコア: 75528305
1 0 7 1 0 10 85 136 0 49 294 154 2 1 341 5 7 32 29 6 0 5 8 4 6
求:13 出:7 数:5
一番高いモンスター: 3531
召喚 ID: 724
スコア: 75531773
0 0 1 1 0 10 85 136 0 49 294 154 2 1 341 5 7 32 29 6 0 5 8 4 6
求:15 出:14 数:5
一番高いモンスター: -1
スコア: 75531773
0 0 1 1 0 10 85 136 0 49 294 154 2 1 341 5 7 32 29 6 0 5 8 4 6
求:20 出:17 数:5
一番高いモンスター: -1
スコア: 75531773
0 0 1 1 0 10 85 136 0 49 294 154 2 1 341 5 7 32 29 6 0 5 8 4 6
求:13 出:7 数:5
一番高いモンスター: -1
スコア: 75531773
0 0 1 1 0 10 85 136 0 49 294 154 2 1 341 5 7 32 29 6 0 5 8 4 6
求:15 出:17 数:5
一番高いモンスター: -1
スコア: 75531773
0 0 1 1 0 10 85 136 0 49 294 154 2 1 341 10 7 27 29 6 0 5 8 6 6
求:20 出:18 数:5
一番高いモンスター: -1
スコア: 75531773
0 0 1 1 0 10 85 136 0 49 294 154 2 1 341 10 7 27 29 6 0 5 8 6 6
求:13 出:14 数:5
一番高いモンスター: -1
スコア: 75531773
2 0 1 5 2 11 87 138 0 52 296 156 2 1 341 10 7 27 29 6 0 5 8 6 6
求:19 出:14 数:5
一番高いモンスター: 3516
召喚 ID: 858
スコア: 75535238
0 0 1 0 2 11 87 138 0 52 296 156 2 1 336 10 7 27 29 6 0 5 8 6 6
求:20 出:22 数:5
一番高いモンスター: -1
スコア: 75535238
0 0 1 0 2 11 87 138 0 52 296 156 2 1 336 10 7 27 29 6 5 5 3 6 6
求:13 出:14 数:5
一番高いモンスター: -1
スコア: 75535238
0 0 1 0 2 11 87 138 0 52 296 156 2 1 336 10 7 27 29 6 5 5 3 6 6
求:19 出:14 数:5
一番高いモンスター: -1
スコア: 75535238
0 0 1 0 2 11 87 138 0 52 296 156 2 1 336 11 7 27 29 6 5 5 3 6 6
求:22 出:23 数:5
一番高いモンスター: -1
スコア: 75535238
0 0 1 0 2 11 87 138 0 52 296 156 2 1 336 11 7 27 29 6 5 5 3 1 6
求:13 出:14 数:5
一番高いモンスター: -1
スコア: 75535238
0 0 1 0 2 11 87 138 0 52 296 156 2 1 336 11 7 27 29 6 5 5 3 1 6
求:19 出:18 数:5
一番高いモンスター: -1
スコア: 75535238
0 0 1 0 2 11 87 138 0 52 296 156 2 1 336 11 7 27 29 6 5 5 3 1 6
求:23 出:24 数:5
一番高いモンスター: -1
スコア: 75535238
0 0 1 0 2 11 87 138 0 52 296 156 2 1 336 11 7 27 29 6 5 5 3 4 1
求:13 出:7 数:5
一番高いモンスター: -1
スコア: 75535238
0 0 1 0 2 11 87 138 0 52 296 156 2 1 336 11 7 27 29 6 5 5 3 4 1
求:19 出:14 数:5
一番高いモンスター: -1
スコア: 75535238
1 1 2 1 3 12 90 141 0 53 296 156 2 1 338 11 7 29 30 6 5 5 3 6 1
求:24 出:18 数:5
一番高いモンスター: 3534
召喚 ID: 925
スコア: 75538641
0 0 1 0 0 12 90 141 0 53 296 156 2 1 338 11 7 29 30 6 5 5 3 7 1
求:13 出:14 数:5
一番高いモンスター: -1
スコア: 75538641
0 0 1 0 0 12 90 141 0 53 296 156 2 1 338 11 7 29 30 6 5 5 3 9 1
求:19 出:14 数:5
一番高いモンスター: -1
スコア: 75538641
0 0 1 0 0 12 90 141 0 53 296 156 2 1 338 12 7 29 30 6 5 5 3 11 1
求:24 出:18 数:5
一番高いモンスター: -1
スコア: 75538641
0 0 1 0 0 12 90 141 0 53 296 156 2 1 338 12 7 29 30 6 5 5 8 11 1
求:13 出:7 数:5
一番高いモンスター: -1
スコア: 75538641
0 0 1 0 0 12 90 141 0 53 296 156 2 1 338 12 7 29 30 6 5 5 8 11 1
求:19 出:18 数:5
一番高いモンスター: -1
スコア: 75538641
0 0 1 0 0 12 90 141 0 53 296 156 2 1 338 12 7 29 30 6 5 5 8 11 1
求:24 出:18 数:5
一番高いモンスター: -1
スコア: 75538641
0 0 1 0 0 12 90 141 0 53 296 156 2 1 338 12 7 29 30 6 5 5 8 11 1
求:13 出:7 数:5
一番高いモンスター: -1
スコア: 75538641
0 0 1 0 0 12 90 141 0 53 296 156 2 1 338 12 7 29 30 6 5 5 8 11 1
求:19 出:14 数:5
一番高いモンスター: -1
スコア: 75538641
1 0 3 2 0 13 93 145 0 53 296 158 2 1 341 12 7 29 32 6 5 5 8 11 1
求:24 出:23 数:5
一番高いモンスター: 3016
召喚 ID: 757
スコア: 75541572
0 0 0 0 0 13 93 145 0 53 296 158 2 1 341 12 7 29 32 6 5 5 8 6 6
求:13 出:7 数:5
一番高いモンスター: -1
スコア: 75541572
0 0 0 0 0 13 93 145 0 53 296 158 2 1 341 12 7 29 32 6 5 5 8 6 6
求:19 出:18 数:5
一番高いモンスター: -1
