スコア: 7460455
2 167 435 383 1 81 174 96 0 109 378 357 0 0 339 0 0 247 298 0 0 0 0 56 0
一番高いモンスター: 10060
召喚 ID: 803
出:5求8
スコア: 7480278
0 155 435 357 1 81 174 96 0 109 378 357 0 0 339 0 0 247 298 0 0 0 0 56 0
一番高いモンスター: 10036
召喚 ID: 847
出:5求8
スコア: 7499689
1 159 423 333 2 83 175 97 0 110 378 357 0 0 340 0 0 248 301 0 0 0 0 56 0
一番高いモンスター: 10060
召喚 ID: 803
出:5求8
スコア: 7519297
0 153 416 307 2 83 175 97 0 110 378 357 0 0 340 0 0 248 301 0 0 0 0 56 0
一番高いモンスター: 10036
召喚 ID: 847
出:5求8
スコア: 7538692
3 155 406 282 6 85 176 97 0 111 379 357 0 0 341 0 0 248 301 0 0 0 0 56 0
一番高いモンスター: 10094
召喚 ID: 606
出:5求8
スコア: 7558400
0 142 400 267 3 85 176 97 0 111 379 357 0 0 341 0 0 248 301 0 0 0 0 56 0
一番高いモンスター: 10036
召喚 ID: 847
出:5求8
スコア: 7577783
0 146 388 243 6 86 177 98 0 112 380 358 0 0 342 0 0 249 301 0 0 0 0 57 0
一番高いモンスター: 10052
召喚 ID: 884
出:5求8
スコア: 7597396
0 145 375 222 1 86 177 98 0 112 380 358 0 0 342 0 0 249 301 0 0 0 0 57 0
一番高いモンスター: 10036
召喚 ID: 847
出:5求8
スコア: 7616761
1 149 362 199 4 86 178 102 0 113 381 358 0 0 342 0 0 249 301 0 0 0 0 58 0
一番高いモンスター: 10060
召喚 ID: 803
出:5求8
スコア: 7636340
0 143 355 173 4 86 178 102 0 113 381 358 0 0 342 0 0 249 301 0 0 0 0 58 0
一番高いモンスター: 10036
召喚 ID: 847
出:5求8
スコア: 7655687
2 144 344 148 6 88 179 103 0 113 383 359 0 0 343 0 0 249 303 0 0 0 0 59 0
一番高いモンスター: 10094
召喚 ID: 606
出:5求8
スコア: 7675155
0 137 331 133 3 88 179 103 0 113 383 359 0 0 343 0 0 249 303 0 0 0 0 59 0
一番高いモンスター: 10036
召喚 ID: 847
出:5求8
