スコア: 15966424
72 72 85 70 87 5 3 62 0 3 541 513 0 0 517 0 0 356 409 0 0 0 0 69 0
出:12 求:10 数:6
一番高いモンスター: 32202
スコア: 15966424
72 72 85 70 87 5 3 62 0 3 546 513 0 0 517 0 0 356 409 0 0 0 0 69 0
出:12 求:10 数:7
一番高いモンスター: 32202
スコア: 15966424
72 72 85 70 87 5 3 62 0 3 545 513 0 0 517 0 0 356 409 0 0 0 0 69 0
出:12 求:10 数:4
一番高いモンスター: 32202
スコア: 15966424
72 72 85 70 87 5 3 62 0 3 548 513 0 0 517 0 0 356 409 0 0 0 0 69 0
出:12 求:10 数:5
一番高いモンスター: 32202
スコア: 15966424
72 72 85 70 87 5 3 62 0 3 547 513 0 0 517 0 0 356 409 0 0 0 0 69 0
出:12 求:10 数:8
一番高いモンスター: 32202
スコア: 15966424
72 72 85 70 87 5 3 62 0 3 544 513 0 0 517 0 0 356 409 0 0 0 0 69 0
出:12 求:10 数:10
一番高いモンスター: 32202
スコア: 15966424
72 72 85 70 87 5 3 62 0 3 542 513 0 0 517 0 0 356 409 0 0 0 0 69 0
出:12 求:10 数:6
一番高いモンスター: 32202
スコア: 15966424
75 76 86 73 88 7 3 63 0 3 550 513 0 0 517 0 0 356 410 0 0 0 0 69 0
出:12 求:10 数:12
一番高いモンスター: 32202
スコア: 15966424
75 76 86 73 88 7 3 63 0 3 544 513 0 0 517 0 0 356 410 0 0 0 0 69 0
出:12 求:10 数:7
一番高いモンスター: 32202
スコア: 15966424
75 76 86 73 88 7 3 63 0 3 549 513 0 0 517 0 0 356 410 0 0 0 0 69 0
出:12 求:10 数:5
一番高いモンスター: 32202
スコア: 15966424
75 76 86 73 88 7 3 63 0 3 551 513 0 0 517 0 0 356 410 0 0 0 0 69 0
出:12 求:10 数:9
一番高いモンスター: 32202
スコア: 15966424
75 76 86 73 88 7 3 63 0 3 547 513 0 0 517 0 0 356 410 0 0 0 0 69 0
出:12 求:10 数:5
一番高いモンスター: 32202
スコア: 15966424
75 76 86 73 88 7 3 63 0 3 551 513 0 0 517 0 0 356 410 0 0 0 0 69 0
出:12 求:10 数:11
一番高いモンスター: 32202
スコア: 15966424
75 76 86 73 88 7 3 63 0 3 545 513 0 0 517 0 0 356 410 0 0 0 0 69 0
出:12 求:10 数:13
一番高いモンスター: 32202
スコア: 15966424
75 76 86 73 88 7 3 63 0 3 543 513 0 0 517 0 0 356 410 0 0 0 0 69 0
出:12 求:10 数:6
一番高いモンスター: 32202
スコア: 15966424
75 76 86 73 88 7 3 63 0 3 550 513 0 0 517 0 0 356 410 0 0 0 0 69 0
出:12 求:10 数:7
一番高いモンスター: 32202
スコア: 15966424
81 79 89 73 88 9 4 63 0 3 551 514 0 0 517 0 0 357 410 0 0 0 0 70 0
出:12 求:10 数:13
一番高いモンスター: 68974
召喚 ID: 275
スコア: 16034147
81 79 89 73 88 2 0 59 0 0 545 514 0 0 517 0 0 357 410 0 0 0 0 70 0
出:12 求:10 数:7
一番高いモンスター: 11501
スコア: 16034147
81 79 89 73 88 2 0 59 0 0 551 514 0 0 517 0 0 357 410 0 0 0 0 70 0
出:12 求:10 数:12
一番高いモンスター: 11501
スコア: 16034147
81 79 89 73 88 2 0 59 0 0 546 514 0 0 517 0 0 357 410 0 0 0 0 70 0
出:12 求:10 数:6
一番高いモンスター: 11501
スコア: 16034147
81 79 89 73 88 2 0 59 0 0 552 514 0 0 517 0 0 357 410 0 0 0 0 70 0
出:12 求:10 数:12
一番高いモンスター: 11501
スコア: 16034147
81 79 89 73 88 2 0 59 0 0 546 514 0 0 517 0 0 357 410 0 0 0 0 70 0
出:12 求:10 数:9
一番高いモンスター: 11501
スコア: 16034147
81 79 89 73 88 2 0 59 0 0 549 514 0 0 517 0 0 357 410 0 0 0 0 70 0
出:12 求:10 数:11
一番高いモンスター: 11501
スコア: 16034147
81 79 89 73 88 2 0 59 0 0 547 514 0 0 517 0 0 357 410 0 0 0 0 70 0
出:12 求:10 数:6
一番高いモンスター: 11501
スコア: 16034147
81 79 89 73 88 2 0 59 0 0 552 514 0 0 517 0 0 357 410 0 0 0 0 70 0
出:12 求:10 数:11
一番高いモンスター: 11501
スコア: 16034147
84 82 90 76 90 2 2 60 0 0 548 515 0 0 518 0 0 357 411 0 0 0 0 71 0
出:12 求:10 数:11
一番高いモンスター: 14891
スコア: 16034147
84 82 90 76 90 2 2 60 0 0 548 515 0 0 518 0 0 357 411 0 0 0 0 71 0
出:12 求:10 数:7
一番高いモンスター: 14891
スコア: 16034147
84 82 90 76 90 2 2 60 0 0 552 515 0 0 518 0 0 357 411 0 0 0 0 71 0
出:12 求:10 数:6
一番高いモンスター: 14891
スコア: 16034147
84 82 90 76 90 2 2 60 0 0 553 515 0 0 518 0 0 357 411 0 0 0 0 71 0
出:12 求:10 数:6
一番高いモンスター: 14891
スコア: 16034147
84 82 90 76 90 2 2 60 0 0 553 515 0 0 518 0 0 357 411 0 0 0 0 71 0
出:12 求:10 数:8
一番高いモンスター: 14891
スコア: 16034147
84 82 90 76 90 2 2 60 0 0 551 515 0 0 518 0 0 357 411 0 0 0 0 71 0
出:12 求:10 数:11
一番高いモンスター: 14891
スコア: 16034147
84 82 90 76 90 2 2 60 0 0 548 515 0 0 518 0 0 357 411 0 0 0 0 71 0
出:12 求:10 数:4
一番高いモンスター: 14891
スコア: 16034147
84 82 90 76 90 2 2 60 0 0 555 515 0 0 518 0 0 357 411 0 0 0 0 71 0
出:12 求:10 数:5
一番高いモンスター: 14891
スコア: 16034147
84 82 90 76 90 2 2 60 0 0 554 515 0 0 518 0 0 357 411 0 0 0 0 71 0
出:12 求:10 数:9
一番高いモンスター: 14891
スコア: 16034147
84 82 90 76 90 2 2 60 0 0 550 515 0 0 518 0 0 357 411 0 0 0 0 71 0
出:12 求:10 数:5
一番高いモンスター: 14891
