スコア: 8602894
2 3 5 2 11 231 268 249 80 254 506 464 0 0 463 0 0 331 410 0 0 0 0 118 0
出:12 求:10 数:4
一番高いモンスター: 9082
召喚 ID: 922
スコア: 8611900
1 2 0 1 1 231 268 249 85 254 506 464 0 0 463 0 0 331 410 0 0 0 0 118 0
出:16 求:18 数:3
一番高いモンスター: 2501
スコア: 8611900
1 2 0 1 1 231 268 249 85 254 506 464 0 0 463 0 0 331 410 0 0 0 0 118 0
出:21 求:23 数:2
一番高いモンスター: 2501
スコア: 8611900
1 2 0 1 1 231 268 249 85 254 506 464 0 0 463 0 0 331 410 0 0 0 0 118 0
出:8 求:6 数:5
一番高いモンスター: 2501
スコア: 8611900
1 2 0 1 1 231 263 249 90 254 506 464 0 0 463 0 0 331 410 0 0 0 0 118 0
出:12 求:10 数:4
一番高いモンスター: 2501
スコア: 8611900
1 2 0 1 1 231 263 249 90 254 506 464 0 0 463 0 0 331 410 0 0 0 0 118 0
出:16 求:18 数:3
一番高いモンスター: 2501
スコア: 8611900
1 2 0 1 1 231 263 249 90 254 506 464 0 0 463 0 0 331 410 0 0 0 0 118 0
出:21 求:23 数:2
一番高いモンスター: 2501
スコア: 8611900
1 2 0 1 1 231 263 249 90 254 506 464 0 0 463 0 0 331 410 0 0 0 0 118 0
出:8 求:6 数:5
一番高いモンスター: 2501
スコア: 8611900
3 5 0 2 3 235 258 250 95 258 507 465 0 0 463 0 0 331 410 0 0 0 0 119 0
出:12 求:10 数:4
一番高いモンスター: 5041
召喚 ID: 602
スコア: 8616758
1 1 0 1 0 235 258 250 95 258 507 465 0 0 463 0 0 331 410 0 0 0 0 119 0
出:16 求:18 数:3
一番高いモンスター: -1
スコア: 8616758
1 1 0 1 0 235 258 250 95 258 507 465 0 0 463 0 0 331 410 0 0 0 0 119 0
出:21 求:23 数:2
一番高いモンスター: -1
スコア: 8616758
1 1 0 1 0 235 258 250 95 258 507 465 0 0 463 0 0 331 410 0 0 0 0 119 0
出:8 求:6 数:5
一番高いモンスター: -1
スコア: 8616758
1 1 0 1 0 235 253 250 100 258 507 465 0 0 463 0 0 331 410 0 0 0 0 119 0
出:12 求:10 数:4
一番高いモンスター: -1
スコア: 8616758
1 1 0 1 0 235 253 250 100 258 507 465 0 0 463 0 0 331 410 0 0 0 0 119 0
出:16 求:18 数:3
一番高いモンスター: -1
スコア: 8616758
1 1 0 1 0 235 253 250 100 258 507 465 0 0 463 0 0 331 410 0 0 0 0 119 0
出:21 求:23 数:2
一番高いモンスター: -1
スコア: 8616758
1 1 0 1 0 235 253 250 100 258 507 465 0 0 463 0 0 331 410 0 0 0 0 119 0
出:8 求:9 数:5
一番高いモンスター: -1
スコア: 8616758
1 1 0 1 0 235 253 250 105 253 507 465 0 0 463 0 0 331 410 0 0 0 0 119 0
出:12 求:10 数:4
一番高いモンスター: -1
スコア: 8616758
5 3 1 2 1 236 255 251 105 255 507 466 0 0 464 0 0 332 412 0 0 0 0 119 0
出:16 求:18 数:3
一番高いモンスター: 4029
スコア: 8616758
5 3 1 2 1 236 255 251 105 255 507 466 0 0 464 0 0 332 412 0 0 0 0 119 0
出:21 求:23 数:2
一番高いモンスター: 4029
スコア: 8616758
5 3 1 2 1 236 255 251 105 255 507 466 0 0 464 0 0 332 412 0 0 0 0 119 0
出:8 求:6 数:5
一番高いモンスター: 4029
スコア: 8616758
5 3 1 2 1 236 250 251 110 255 507 466 0 0 464 0 0 332 412 0 0 0 0 119 0
出:12 求:10 数:4
一番高いモンスター: 4029
スコア: 8616758
5 3 1 2 1 236 250 251 110 255 507 466 0 0 464 0 0 332 412 0 0 2 0 119 0
出:16 求:18 数:3
一番高いモンスター: 4029
スコア: 8616758
5 3 1 2 1 236 250 251 110 255 507 466 0 0 464 0 0 332 412 0 0 2 0 119 0
出:22 求:23 数:2
一番高いモンスター: 4029
スコア: 8616758
5 3 1 2 1 236 250 251 110 255 507 466 0 0 464 0 0 332 412 0 0 2 0 117 0
出:8 求:9 数:5
一番高いモンスター: 4029
スコア: 8616758
5 3 1 2 1 236 250 251 110 250 507 466 0 0 464 0 0 332 412 0 0 2 0 117 0
出:12 求:10 数:4
一番高いモンスター: 4029
スコア: 8616758
5 3 1 2 1 236 250 251 110 250 507 466 0 0 464 0 0 332 412 0 0 2 0 117 0
出:16 求:18 数:3
一番高いモンスター: 4029
スコア: 8616758
7 4 4 6 1 236 251 252 110 250 510 466 0 0 465 0 0 335 413 0 0 2 0 117 0
出:22 求:23 数:2
一番高いモンスター: 8534
召喚 ID: 872
スコア: 8625246
3 0 0 1 1 236 251 252 110 250 510 466 0 0 465 0 0 335 413 0 0 2 0 117 0
出:8 求:7 数:5
一番高いモンスター: -1
スコア: 8625246
3 0 0 1 1 236 251 247 110 250 510 466 0 0 465 0 0 335 413 0 0 2 0 117 0
出:12 求:10 数:4
一番高いモンスター: -1
スコア: 8625246
3 0 0 1 1 236 251 247 110 250 510 466 0 0 465 0 0 335 413 0 0 2 0 117 0
出:16 求:18 数:3
一番高いモンスター: -1
スコア: 8625246
3 0 0 1 1 236 251 247 110 250 510 466 0 0 465 0 0 335 413 0 0 2 0 117 0
出:22 求:23 数:2
一番高いモンスター: -1
スコア: 8625246
3 0 0 1 1 236 251 247 110 250 510 466 0 0 465 0 0 335 413 0 0 2 0 117 0
出:8 求:6 数:5
一番高いモンスター: -1
スコア: 8625246
3 0 0 1 1 236 246 247 115 250 510 466 0 0 465 0 0 335 413 0 0 2 0 117 0
出:12 求:10 数:4
一番高いモンスター: -1
スコア: 8625246
3 0 0 1 1 236 246 247 115 250 510 466 0 0 465 0 0 335 413 0 0 2 0 117 0
出:16 求:18 数:3
一番高いモンスター: -1
スコア: 8625246
3 0 0 1 1 236 246 247 115 250 510 466 0 0 465 0 0 335 413 0 0 2 0 117 0
出:22 求:23 数:2
一番高いモンスター: -1
スコア: 8625246
3 0 0 1 1 236 246 247 115 250 510 466 0 0 465 0 0 335 413 0 0 2 0 117 0
出:8 求:9 数:5
一番高いモンスター: -1
スコア: 8625246
5 4 1 6 3 236 246 247 115 253 511 467 0 0 465 0 0 335 413 0 0 2 0 118 0
出:12 求:10 数:4
一番高いモンスター: 7035
召喚 ID: 877
スコア: 8632201
2 2 0 1 0 236 246 247 115 253 511 467 0 0 465 0 0 335 413 0 0 2 0 118 0
出:16 求:18 数:3
一番高いモンスター: -1
スコア: 8632201
2 2 0 1 0 236 246 247 115 253 511 467 0 0 465 0 0 335 413 0 0 2 0 118 0
出:22 求:23 数:2
一番高いモンスター: -1
スコア: 8632201
2 2 0 1 0 236 246 247 115 253 511 467 0 0 465 0 0 335 413 0 0 2 0 118 0
出:8 求:9 数:5
一番高いモンスター: -1
スコア: 8632201
2 2 0 1 0 236 246 247 115 253 511 467 0 0 465 0 0 335 413 0 0 2 0 118 0
出:12 求:10 数:4
一番高いモンスター: -1
スコア: 8632201
2 2 0 1 0 236 246 247 115 253 511 467 0 0 465 0 0 335 413 0 0 2 0 118 0
出:16 求:18 数:3
一番高いモンスター: -1
スコア: 8632201
2 2 0 1 0 236 246 247 115 253 511 467 0 0 465 0 0 335 413 0 0 2 0 118 0
出:22 求:23 数:2
一番高いモンスター: -1
スコア: 8632201
2 2 0 1 0 236 246 247 115 253 511 467 0 0 465 0 0 335 413 0 0 2 0 118 0
出:8 求:9 数:5
一番高いモンスター: -1
スコア: 8632201
2 2 0 1 0 236 246 247 115 253 511 467 0 0 465 0 0 335 413 0 0 2 0 118 0
出:12 求:10 数:4
一番高いモンスター: -1
スコア: 8632201
4 4 4 5 3 236 246 247 115 253 512 469 0 0 466 0 0 335 413 0 0 2 0 119 0
出:16 求:18 数:3
一番高いモンスター: 8534
召喚 ID: 872
スコア: 8640686
0 0 0 0 3 236 246 247 115 253 512 469 0 0 466 0 0 335 413 0 0 2 0 119 0
出:22 求:23 数:2
一番高いモンスター: -1
スコア: 8640686
0 0 0 0 3 236 246 247 115 253 512 469 0 0 466 0 0 335 413 0 0 2 0 119 0
出:8 求:9 数:5
一番高いモンスター: -1
スコア: 8640686
0 0 0 0 3 236 246 247 115 253 512 469 0 0 466 0 0 335 413 0 0 2 0 119 0
出:12 求:10 数:4
一番高いモンスター: -1
スコア: 8640686
0 0 0 0 3 236 246 247 115 253 512 469 0 0 466 0 0 335 413 0 0 2 0 119 0
出:16 求:18 数:3
一番高いモンスター: -1
スコア: 8640686
0 0 0 0 3 236 246 247 115 253 512 469 0 0 466 0 0 335 413 0 0 2 0 119 0
出:22 求:23 数:2
一番高いモンスター: -1
スコア: 8640686
0 0 0 0 3 236 246 247 115 253 512 469 0 0 466 0 0 335 413 0 0 2 0 119 0
出:8 求:9 数:5
一番高いモンスター: -1
スコア: 8640686
0 0 0 0 3 236 246 247 115 253 512 469 0 0 466 0 0 335 413 0 0 2 0 119 0
出:12 求:10 数:4
一番高いモンスター: -1
スコア: 8640686
0 0 0 0 3 236 246 247 115 253 512 469 0 0 466 0 0 335 413 0 0 2 0 119 0
出:16 求:18 数:3
一番高いモンスター: -1
スコア: 8640686
2 3 0 3 5 237 246 250 115 254 513 470 0 0 466 0 0 335 414 0 0 2 0 121 0
出:22 求:23 数:2
一番高いモンスター: 4505
スコア: 8640686
2 3 0 3 5 237 246 250 115 254 513 470 0 0 466 0 0 335 414 0 0 2 0 121 0
出:8 求:9 数:5
一番高いモンスター: 4505
スコア: 8640686
2 3 0 3 5 237 246 250 115 254 513 470 0 0 466 0 0 335 414 0 0 2 0 121 0
出:12 求:10 数:4
一番高いモンスター: 4505
スコア: 8640686
2 3 0 3 5 237 246 250 115 254 513 470 0 0 466 0 0 335 414 0 0 2 0 121 0
出:16 求:18 数:3
一番高いモンスター: 4505
スコア: 8640686
2 3 0 3 5 237 246 250 115 254 513 470 0 0 466 0 0 335 414 0 0 2 0 121 0
出:22 求:23 数:2
一番高いモンスター: 4505
スコア: 8640686
2 3 0 3 5 237 246 250 115 254 513 470 0 0 466 0 0 335 414 0 0 2 0 121 0
出:8 求:9 数:5
一番高いモンスター: 4505
スコア: 8640686
2 3 0 3 5 237 246 250 115 254 513 470 0 0 466 0 0 335 414 0 0 2 0 121 0
出:12 求:10 数:4
一番高いモンスター: 4505
スコア: 8640686
2 3 0 3 5 237 246 250 115 254 513 470 0 0 466 0 0 335 414 0 0 2 0 121 0
出:16 求:18 数:3
一番高いモンスター: 4505
スコア: 8640686
2 3 0 3 5 237 246 250 115 254 513 470 0 0 466 0 0 335 414 0 0 2 0 121 0
出:22 求:23 数:2
一番高いモンスター: 4505
スコア: 8640686
4 5 0 7 6 237 247 250 115 256 514 471 0 0 468 0 0 336 416 0 0 2 0 122 0
出:8 求:9 数:5
一番高いモンスター: 8571
召喚 ID: 812
スコア: 8649185
1 4 0 0 0 237 247 250 115 256 514 471 0 0 468 0 0 336 416 0 0 2 0 122 0
出:12 求:10 数:4
一番高いモンスター: -1
スコア: 8649185
1 4 0 0 0 237 247 250 115 256 514 471 0 0 468 0 0 336 416 0 0 2 0 122 0
出:16 求:18 数:3
一番高いモンスター: -1
スコア: 8649185
1 4 0 0 0 237 247 250 115 256 514 471 0 0 468 0 0 336 416 0 0 2 0 122 0
出:22 求:23 数:2
一番高いモンスター: -1
スコア: 8649185
1 4 0 0 0 237 247 250 115 256 514 471 0 0 468 0 0 336 416 0 0 2 0 122 0
出:8 求:9 数:5
一番高いモンスター: -1
スコア: 8649185
1 4 0 0 0 237 247 250 115 256 514 471 0 0 468 0 0 336 416 0 0 2 0 122 0
出:12 求:10 数:4
一番高いモンスター: -1
スコア: 8649185
1 4 0 0 0 237 247 250 115 256 514 471 0 0 468 0 0 336 416 0 0 2 0 122 0
出:16 求:18 数:3
一番高いモンスター: -1
スコア: 8649185
1 4 0 0 0 237 247 250 115 256 514 471 0 0 468 0 0 336 416 0 0 2 0 122 0
出:22 求:23 数:2
一番高いモンスター: -1
スコア: 8649185
1 4 0 0 0 237 247 250 115 256 514 471 0 0 468 0 0 336 416 0 0 2 0 122 0
出:8 求:9 数:5
一番高いモンスター: -1
スコア: 8649185
1 4 0 0 0 237 247 250 115 256 514 471 0 0 468 0 0 336 416 0 0 2 0 122 0
出:12 求:10 数:4
一番高いモンスター: -1
スコア: 8649185
4 6 3 1 1 237 248 252 115 258 515 471 0 0 469 0 0 338 416 0 0 2 0 123 0
出:16 求:18 数:3
一番高いモンスター: 5507
召喚 ID: 601
スコア: 8654646
0 0 2 1 1 237 248 252 115 258 515 471 0 0 469 0 0 338 416 0 0 2 0 123 0
出:22 求:23 数:2
一番高いモンスター: -1
スコア: 8654646
0 0 2 1 1 237 248 252 115 258 515 471 0 0 469 0 0 338 416 0 0 2 0 123 0
出:8 求:9 数:5
一番高いモンスター: -1
スコア: 8654646
0 0 2 1 1 237 248 252 115 258 515 471 0 0 469 0 0 338 416 0 0 2 0 123 0
出:12 求:10 数:4
一番高いモンスター: -1
スコア: 8654646
0 0 2 1 1 237 248 252 115 258 515 471 0 0 469 0 0 338 416 0 0 2 0 123 0
出:16 求:18 数:3
一番高いモンスター: -1
スコア: 8654646
0 0 2 1 1 237 248 252 115 258 515 471 0 0 469 0 0 338 416 0 0 2 0 123 0
出:22 求:23 数:2
一番高いモンスター: -1
スコア: 8654646
0 0 2 1 1 237 248 252 115 258 515 471 0 0 469 0 0 338 416 0 0 2 0 123 0
出:8 求:9 数:5
一番高いモンスター: -1
スコア: 8654646
0 0 2 1 1 237 248 252 115 258 515 471 0 0 469 0 0 338 416 0 0 2 0 123 0
出:12 求:10 数:4
一番高いモンスター: -1
スコア: 8654646
0 0 2 1 1 237 248 252 115 258 515 471 0 0 469 0 0 338 416 0 0 2 0 123 0
出:16 求:18 数:3
一番高いモンスター: -1
スコア: 8654646
3 3 5 1 3 240 248 252 115 259 516 472 0 0 471 0 0 338 417 0 0 2 0 123 0
出:22 求:23 数:2
一番高いモンスター: 5527
召喚 ID: 752
スコア: 8660109
1 1 1 1 0 240 248 252 115 259 516 472 0 0 471 0 0 338 417 0 0 2 0 123 0
出:8 求:9 数:5
一番高いモンスター: -1
スコア: 8660109
1 1 1 1 0 240 248 252 115 259 516 472 0 0 471 0 0 338 417 0 0 2 0 123 0
出:12 求:10 数:4
一番高いモンスター: -1
スコア: 8660109
1 1 1 1 0 240 248 252 115 259 516 472 0 0 471 0 0 338 417 0 0 2 0 123 0
出:16 求:18 数:3
一番高いモンスター: -1
スコア: 8660109
1 1 1 1 0 240 248 252 115 259 516 472 0 0 471 0 0 338 417 0 0 2 0 123 0
出:22 求:23 数:2
一番高いモンスター: -1
スコア: 8660109
1 1 1 1 0 240 248 252 115 259 516 472 0 0 471 0 0 338 417 0 0 2 0 123 0
出:8 求:9 数:5
一番高いモンスター: -1
スコア: 8660109
1 1 1 1 0 240 248 252 115 259 516 472 0 0 471 0 0 338 417 0 0 2 0 123 0
出:12 求:10 数:4
一番高いモンスター: -1
スコア: 8660109
1 1 1 1 0 240 248 252 115 259 516 472 0 0 471 0 0 338 417 0 0 2 0 123 0
出:16 求:18 数:3
一番高いモンスター: -1
スコア: 8660109
1 1 1 1 0 240 248 252 115 259 516 472 0 0 471 0 0 338 417 0 0 2 0 123 0
出:22 求:23 数:2
一番高いモンスター: -1
スコア: 8660109
3 2 6 2 4 241 248 254 115 260 516 474 0 0 471 0 0 338 417 0 0 2 0 124 0
出:8 求:9 数:5
一番高いモンスター: 7006
召喚 ID: 732
スコア: 8667081
2 0 0 0 1 241 248 254 115 260 516 474 0 0 471 0 0 338 417 0 0 2 0 124 0
出:12 求:10 数:4
一番高いモンスター: -1
スコア: 8667081
2 0 0 0 1 241 248 254 115 260 516 474 0 0 471 0 0 338 417 0 0 2 0 124 0
出:16 求:18 数:3
一番高いモンスター: -1
スコア: 8667081
2 0 0 0 1 241 248 254 115 260 516 474 0 0 471 0 0 338 417 0 0 2 0 124 0
出:22 求:23 数:2
一番高いモンスター: -1
スコア: 8667081
2 0 0 0 1 241 248 254 115 260 516 474 0 0 471 0 0 338 417 0 0 2 0 124 0
出:8 求:9 数:5
一番高いモンスター: -1
スコア: 8667081
2 0 0 0 1 241 248 254 115 260 516 474 0 0 471 0 0 338 417 0 0 2 0 124 0
出:12 求:10 数:4
一番高いモンスター: -1
スコア: 8667081
2 0 0 0 1 241 248 254 115 260 516 474 0 0 471 0 0 338 417 0 0 2 0 124 0
出:16 求:18 数:3
一番高いモンスター: -1
スコア: 8667081
2 0 0 0 1 241 248 254 115 260 516 474 0 0 471 0 0 338 417 0 0 2 0 124 0
出:22 求:23 数:2
一番高いモンスター: -1
スコア: 8667081
2 0 0 0 1 241 248 254 115 260 516 474 0 0 471 0 0 338 417 0 0 2 0 124 0
出:8 求:9 数:5
一番高いモンスター: -1
スコア: 8667081
2 0 0 0 1 241 248 254 115 260 516 474 0 0 471 0 0 338 417 0 0 2 0 124 0
出:12 求:10 数:4
一番高いモンスター: -1
スコア: 8667081
4 2 1 1 1 243 250 257 115 261 516 476 0 0 473 0 0 339 418 0 0 2 0 124 0
出:16 求:18 数:3
一番高いモンスター: 4029
スコア: 8667081
4 2 1 1 1 243 250 257 115 261 516 476 0 0 473 0 0 339 418 0 0 2 0 124 0
出:22 求:23 数:2
一番高いモンスター: 4029
スコア: 8667081
4 2 1 1 1 243 250 257 115 261 516 476 0 0 473 0 0 339 418 0 0 2 0 124 0
出:8 求:9 数:5
一番高いモンスター: 4029
スコア: 8667081
4 2 1 1 1 243 250 257 115 261 516 476 0 0 473 0 0 339 418 0 0 2 0 124 0
出:12 求:10 数:4
一番高いモンスター: 4029
スコア: 8667081
4 2 1 1 1 243 250 257 115 261 516 476 0 0 473 0 0 339 418 0 0 2 0 124 0
出:16 求:18 数:3
一番高いモンスター: 4029
スコア: 8667081
4 2 1 1 1 243 250 257 115 261 516 476 0 0 473 0 0 339 418 0 0 2 0 124 0
出:22 求:23 数:2
一番高いモンスター: 4029
スコア: 8667081
4 2 1 1 1 243 250 257 115 261 516 476 0 0 473 0 0 339 418 0 0 2 0 124 0
出:8 求:9 数:5
一番高いモンスター: 4029
スコア: 8667081
4 2 1 1 1 243 250 257 115 261 516 476 0 0 473 0 0 339 418 0 0 2 0 124 0
出:12 求:10 数:4
一番高いモンスター: 4029
スコア: 8667081
4 2 1 1 1 243 250 257 115 261 516 476 0 0 473 0 0 339 418 0 0 2 0 124 0
出:16 求:18 数:3
一番高いモンスター: 4029
スコア: 8667081
6 3 3 5 1 247 251 258 115 261 516 476 0 0 474 0 0 341 420 0 0 2 0 124 0
出:22 求:23 数:2
一番高いモンスター: 6524
召喚 ID: 524
スコア: 8673521
1 0 2 2 0 247 251 258 115 261 516 476 0 0 474 0 0 341 420 0 0 2 0 124 0
出:8 求:9 数:5
一番高いモンスター: -1
スコア: 8673521
1 0 2 2 0 247 251 258 115 261 516 476 0 0 474 0 0 341 420 0 0 2 0 124 0
出:12 求:10 数:4
一番高いモンスター: -1
スコア: 8673521
1 0 2 2 0 247 251 258 115 261 516 476 0 0 474 0 0 341 420 0 0 2 0 124 0
出:16 求:18 数:3
一番高いモンスター: -1
スコア: 8673521
1 0 2 2 0 247 251 258 115 261 516 476 0 0 474 0 0 341 420 0 0 2 0 124 0
出:22 求:23 数:2
一番高いモンスター: -1
スコア: 8673521
1 0 2 2 0 247 251 258 115 261 516 476 0 0 474 0 0 341 420 0 0 2 0 124 0
出:8 求:9 数:5
一番高いモンスター: -1
スコア: 8673521
1 0 2 2 0 247 251 258 115 261 516 476 0 0 474 0 0 341 420 0 0 2 0 124 0
出:12 求:10 数:4
一番高いモンスター: -1
スコア: 8673521
1 0 2 2 0 247 251 258 115 261 516 476 0 0 474 0 0 341 420 0 0 2 0 124 0
出:16 求:18 数:3
一番高いモンスター: -1
スコア: 8673521
1 0 2 2 0 247 251 258 115 261 516 476 0 0 474 0 0 341 420 0 0 2 0 124 0
出:22 求:23 数:2
一番高いモンスター: -1
