スコア: 14770557
42 39 51 38 48 3 38 174 0 96 527 494 0 0 496 0 0 352 408 2 0 1 0 84 0
出:12 求:10 数:11
一番高いモンスター: 66872
召喚 ID: 38
スコア: 14837209
42 39 51 38 48 3 38 174 0 96 524 494 0 0 496 0 0 352 408 2 0 0 0 81 0
出:16 求:18 数:10
一番高いモンスター: 63521
召喚 ID: 98
スコア: 14900597
42 39 51 38 48 3 38 174 0 96 524 494 0 0 496 0 0 351 398 1 0 0 0 81 0
出:21 求:23 数:9
一番高いモンスター: 63521
召喚 ID: 98
スコア: 14963966
43 41 55 39 49 5 39 175 0 96 525 496 0 0 499 0 0 350 392 0 0 0 0 75 0
出:8 求:7 数:18
一番高いモンスター: 57222
召喚 ID: 453
スコア: 15019814
43 41 55 39 49 4 39 161 1 86 525 496 0 0 499 0 0 350 392 0 0 0 0 75 0
出:12 求:10 数:11
一番高いモンスター: 76238
召喚 ID: 339
スコア: 15095460
43 41 55 39 49 3 30 158 0 80 525 496 0 0 499 0 0 350 392 0 0 0 0 75 0
出:16 求:18 数:9
一番高いモンスター: 57222
召喚 ID: 453
スコア: 15151291
43 41 55 39 49 2 30 150 0 70 525 496 0 0 499 0 0 350 393 0 0 0 0 75 0
出:21 求:23 数:12
一番高いモンスター: 57222
召喚 ID: 453
スコア: 15207106
43 41 55 39 49 1 30 142 0 60 525 496 0 0 499 0 0 350 393 0 0 0 0 72 0
出:8 求:7 数:11
一番高いモンスター: 57222
召喚 ID: 453
スコア: 15262904
43 41 55 39 49 0 30 141 0 50 525 496 0 0 499 0 0 350 393 0 0 0 0 72 0
出:12 求:10 数:10
一番高いモンスター: 50463
召喚 ID: 39
スコア: 15311088
43 41 55 39 49 0 30 141 0 50 526 496 0 0 499 0 0 350 393 0 0 0 0 66 0
出:16 求:18 数:15
一番高いモンスター: 50463
召喚 ID: 39
スコア: 15359258
43 41 55 39 49 0 30 141 0 50 526 496 0 0 499 0 0 350 387 0 0 0 0 60 0
出:21 求:23 数:7
一番高いモンスター: 50463
召喚 ID: 39
