スコア: 27724922
43 39 41 32 36 4 1 0 4 5 556 548 74 81 554 6 3 353 354 2 0 0 1 9 0
求:12 出:18 数:10
一番高いモンスター: 187869
召喚 ID: 153
スコア: 27904793
43 39 41 32 36 6 1 0 4 5 554 542 72 76 554 6 3 353 354 2 0 0 1 9 0
求:7 出:10 数:10
一番高いモンスター: 187869
召喚 ID: 153
スコア: 28084610
43 39 41 32 36 6 1 10 4 5 542 536 70 71 554 6 3 353 354 2 0 0 1 9 0
求:12 出:18 数:10
一番高いモンスター: 187869
召喚 ID: 153
スコア: 28264373
43 39 41 32 36 6 1 10 4 5 540 530 68 66 554 6 3 353 354 2 0 0 1 9 0
求:6 出:14 数:10
一番高いモンスター: 187869
召喚 ID: 153
スコア: 28444082
43 39 41 32 36 6 2 10 4 5 538 524 66 61 544 6 3 353 354 2 0 0 1 9 0
求:13 出:18 数:10
一番高いモンスター: 187869
召喚 ID: 153
スコア: 28623683
43 39 41 32 36 7 2 10 4 5 536 518 64 56 544 6 3 353 344 2 0 0 1 9 0
求:6 出:14 数:10
一番高いモンスター: 187869
召喚 ID: 153
スコア: 28803230
46 40 41 32 41 7 3 11 4 9 535 515 62 51 543 6 3 353 345 2 0 0 1 9 0
求:13 出:17 数:10
一番高いモンスター: 187869
召喚 ID: 153
スコア: 28982723
46 40 41 32 41 7 3 11 4 9 533 509 60 46 543 6 3 350 345 2 0 0 1 9 0
求:6 出:14 数:10
一番高いモンスター: 187869
召喚 ID: 153
スコア: 29162162
46 40 41 32 41 7 3 11 4 9 531 503 58 41 543 6 3 350 345 2 0 0 1 9 0
求:13 出:17 数:10
一番高いモンスター: 187869
召喚 ID: 153
スコア: 29341548
46 40 41 32 41 8 3 11 4 9 529 497 56 36 543 6 3 350 345 2 0 0 1 9 0
求:6 出:14 数:10
一番高いモンスター: 187869
召喚 ID: 153
スコア: 29520880
46 40 41 32 41 8 3 11 9 9 527 491 54 31 543 6 3 350 345 2 0 0 1 9 0
求:13 出:17 数:10
一番高いモンスター: 187869
召喚 ID: 153
スコア: 29700158
46 40 41 32 41 10 3 11 9 9 525 485 52 26 543 6 3 350 345 2 0 0 1 9 0
求:6 出:14 数:10
一番高いモンスター: 187869
召喚 ID: 153
スコア: 29879382
46 40 41 32 41 10 13 11 9 9 523 479 50 21 543 6 3 350 345 2 0 0 1 9 0
求:13 出:17 数:10
一番高いモンスター: 187869
召喚 ID: 153
スコア: 30058552
46 40 41 32 41 10 13 11 9 9 521 473 58 16 543 6 3 350 345 2 0 0 1 9 0
求:8 出:14 数:10
一番高いモンスター: 187869
召喚 ID: 153
スコア: 30237669
46 40 41 32 41 10 13 11 19 9 519 467 56 11 533 6 3 350 345 2 0 0 1 9 0
求:13 出:17 数:10
一番高いモンスター: 187869
召喚 ID: 153
スコア: 30416732
48 40 44 32 43 11 15 12 19 10 520 461 54 6 536 6 3 351 346 2 0 0 1 9 0
求:9 出:14 数:10
一番高いモンスター: 187869
召喚 ID: 153
スコア: 30595741
48 40 44 32 43 11 15 12 19 20 518 455 52 1 526 6 3 351 346 2 0 0 1 9 0
求:13 出:17 数:10
一番高いモンスター: 174306
召喚 ID: 196
スコア: 30764085
48 40 44 32 43 11 15 12 19 20 515 452 47 1 523 6 3 351 346 2 0 0 1 9 0
求:5 出:14 数:10
一番高いモンスター: 174306
召喚 ID: 196
スコア: 30932378
48 40 44 32 43 21 15 12 19 20 512 449 42 1 510 6 3 351 346 2 0 0 1 9 0
求:13 出:17 数:10
一番高いモンスター: 174306
召喚 ID: 196
スコア: 31100570
48 40 44 32 43 21 15 12 19 20 509 446 37 1 507 6 3 351 346 2 0 0 1 9 0
求:7 出:10 数:10
一番高いモンスター: 174306
召喚 ID: 196
スコア: 31268712
48 40 44 32 43 21 15 22 19 20 496 443 32 1 504 6 3 351 346 2 0 0 1 9 0
求:13 出:17 数:10
一番高いモンスター: 174306
召喚 ID: 196
スコア: 31436803
48 40 44 32 43 21 15 22 19 20 493 440 27 1 501 6 3 351 346 2 0 0 1 9 0
求:6 出:14 数:10
一番高いモンスター: 174306
召喚 ID: 196
スコア: 31604844
48 40 44 32 43 21 15 22 19 20 490 437 22 1 488 6 3 351 346 2 0 0 1 9 0
求:13 出:17 数:10
一番高いモンスター: 174306
召喚 ID: 196
スコア: 31772834
48 40 44 32 43 21 15 22 19 20 487 434 17 1 485 6 3 351 346 2 0 0 1 9 0
求:6 出:10 数:10
一番高いモンスター: 174306
召喚 ID: 196
スコア: 31940774
49 45 45 32 47 22 17 23 19 21 475 433 12 1 482 6 3 352 347 2 0 0 1 9 0
求:13 出:17 数:10
一番高いモンスター: 174306
召喚 ID: 196
スコア: 32108664
49 45 45 32 47 22 17 23 19 21 472 430 17 3 479 6 3 352 347 2 0 0 1 9 0
求:6 出:14 数:10
一番高いモンスター: 187041
召喚 ID: 178
スコア: 32288496
49 45 45 32 47 22 17 23 19 21 469 428 11 3 477 6 3 352 347 2 0 0 1 9 0
求:13 出:17 数:10
一番高いモンスター: 187041
召喚 ID: 178
スコア: 32468274
49 45 45 32 47 22 17 23 19 21 466 426 5 1 475 6 3 348 347 2 0 0 1 9 0
求:6 出:14 数:10
一番高いモンスター: 174306
召喚 ID: 196
スコア: 32636113
49 45 45 32 47 22 17 23 19 21 463 423 0 1 472 6 3 348 347 2 0 0 1 9 0
求:12 出:17 数:10
一番高いモンスター: 111793
召喚 ID: 226
