スコア: 36117395
7 11 14 15 8 3 9 31 1 14 405 382 4 2 416 6 3 320 313 2 0 0 1 22 0
求:13 出:17 数:10
一番高いモンスター: 76238
スコア: 36117395
7 11 14 15 8 3 9 31 1 14 405 382 4 5 416 6 3 320 313 2 0 0 1 22 0
求:12 出:17 数:10
一番高いモンスター: 76238
スコア: 36117395
7 11 14 15 8 3 9 31 1 14 405 382 14 5 416 6 3 310 313 2 0 0 1 22 0
求:13 出:18 数:10
一番高いモンスター: 76238
スコア: 36117395
7 11 14 15 8 3 9 31 1 14 405 382 14 5 416 6 3 310 311 2 0 0 1 22 0
求:13 出:18 数:10
一番高いモンスター: 76238
スコア: 36117395
9 11 14 16 10 4 9 32 1 18 406 384 14 5 418 6 3 310 312 2 0 0 1 25 0
求:13 出:18 数:10
一番高いモンスター: 76238
スコア: 36117395
9 11 14 16 10 4 9 32 1 18 406 384 14 5 418 6 3 310 312 2 0 0 1 25 0
求:13 出:18 数:10
一番高いモンスター: 76238
スコア: 36117395
9 11 14 16 10 4 9 32 1 18 406 384 14 5 418 6 3 310 312 2 0 0 1 25 0
求:13 出:18 数:10
一番高いモンスター: 76238
スコア: 36117395
9 11 14 16 10 4 9 32 1 18 406 384 14 5 418 6 3 310 312 2 0 0 1 25 0
求:13 出:18 数:10
一番高いモンスター: 76238
