スコア: 64636867
5 2 3 2 5 27 48 59 6 26 219 85 13 16 272 5 5 9 12 5 0 0 0 1 0
求:15 出:18 数:5
一番高いモンスター: 6500
召喚 ID: 554
スコア: 64643096
0 0 1 0 3 27 48 59 6 26 219 85 13 16 272 5 5 9 12 5 0 0 0 1 0
求:12 出:14 数:5
一番高いモンスター: -1
スコア: 64643096
0 0 1 0 3 27 48 59 6 26 219 85 13 16 272 5 5 9 12 5 0 0 0 1 0
求:15 出:18 数:5
一番高いモンスター: -1
スコア: 64643096
0 0 1 0 3 27 48 59 6 26 219 85 13 16 272 5 5 9 12 5 0 0 0 1 0
求:12 出:14 数:5
一番高いモンスター: -1
スコア: 64643096
0 0 1 0 3 27 48 59 6 26 219 85 13 16 272 5 5 9 12 5 0 0 0 1 0
求:15 出:18 数:5
一番高いモンスター: -1
スコア: 64643096
3 0 2 1 5 27 52 60 6 27 219 87 13 16 273 5 5 10 14 5 0 0 0 2 0
求:12 出:14 数:5
一番高いモンスター: 3521
召喚 ID: 989
スコア: 64646550
0 0 2 1 1 27 52 60 6 27 219 87 13 16 273 5 5 10 14 5 0 0 0 2 0
求:15 出:18 数:5
一番高いモンスター: -1
スコア: 64646550
0 0 2 1 1 27 52 60 6 27 219 87 13 16 273 5 5 10 14 5 0 0 0 2 0
求:12 出:14 数:5
一番高いモンスター: -1
スコア: 64646550
0 0 2 1 1 27 52 60 6 27 219 87 13 16 273 5 5 10 14 5 0 0 0 2 0
求:15 出:18 数:5
一番高いモンスター: -1
スコア: 64646550
0 0 2 1 1 27 52 60 6 27 219 87 13 16 273 5 5 10 14 5 0 0 0 2 0
求:12 出:14 数:5
一番高いモンスター: -1
スコア: 64646550
0 0 2 1 1 27 52 60 6 27 219 87 13 16 273 5 5 10 14 5 0 0 0 2 0
求:15 出:18 数:5
一番高いモンスター: -1
スコア: 64646550
0 0 2 1 1 27 52 60 6 27 219 87 13 16 273 5 5 10 14 5 0 0 0 2 0
求:12 出:14 数:5
一番高いモンスター: -1
スコア: 64646550
0 0 2 1 1 27 52 60 6 27 219 87 13 16 273 5 5 10 14 5 0 0 0 2 0
求:15 出:18 数:5
一番高いモンスター: -1
スコア: 64646550
0 0 2 1 1 27 52 60 6 27 219 87 13 16 273 5 10 10 14 5 0 0 0 2 0
求:12 出:14 数:5
一番高いモンスター: -1
スコア: 64646550
1 3 4 5 3 28 55 60 6 28 219 87 13 16 273 5 10 11 14 5 0 0 0 4 0
求:15 出:18 数:5
一番高いモンスター: 6561
召喚 ID: 899
スコア: 64653004
1 0 0 0 2 28 55 60 6 28 219 87 13 16 273 5 10 11 14 5 0 0 0 4 0
求:12 出:14 数:5
一番高いモンスター: -1
スコア: 64653004
1 0 0 0 2 28 55 60 6 28 219 87 13 16 273 5 10 11 14 5 0 0 0 4 0
求:15 出:18 数:5
一番高いモンスター: -1
スコア: 64653004
1 0 0 0 2 28 55 60 6 28 219 87 13 16 273 5 10 11 14 5 0 0 0 4 0
求:12 出:14 数:5
一番高いモンスター: -1
スコア: 64653004
1 0 0 0 2 28 55 60 6 28 219 87 13 16 273 5 10 11 14 5 0 0 0 4 0
求:15 出:18 数:5
一番高いモンスター: -1
スコア: 64653004
1 0 0 0 2 28 55 60 6 28 219 87 13 16 273 5 10 11 14 5 0 0 0 4 0
求:12 出:14 数:5
一番高いモンスター: -1
スコア: 64653004
1 0 0 0 2 28 55 60 6 28 219 87 13 16 273 5 10 11 14 5 0 0 0 4 0
求:15 出:18 数:5
一番高いモンスター: -1
スコア: 64653004
1 0 0 0 2 28 55 60 6 28 219 87 13 16 273 5 10 11 14 5 0 0 0 4 0
求:12 出:14 数:5
一番高いモンスター: -1
スコア: 64653004
1 0 0 0 2 28 55 60 6 28 219 87 13 16 273 5 10 11 14 5 0 0 0 4 0
求:15 出:18 数:5
一番高いモンスター: -1
スコア: 64653004
2 1 1 4 4 30 56 60 6 28 222 88 13 16 274 5 10 12 16 5 0 0 0 4 0
求:12 出:14 数:5
一番高いモンスター: 4025
召喚 ID: 981
スコア: 64656960
1 1 0 2 0 30 56 60 6 28 222 88 13 16 274 5 10 12 16 5 0 0 0 4 0
求:15 出:18 数:5
一番高いモンスター: -1
スコア: 64656960
1 1 0 2 0 30 56 60 6 28 222 88 13 16 274 5 10 12 16 5 0 0 0 4 0
求:12 出:14 数:5
一番高いモンスター: -1
スコア: 64656960
1 1 0 2 0 30 56 60 6 28 222 88 13 16 274 5 10 12 16 5 0 0 0 4 0
求:15 出:18 数:5
一番高いモンスター: -1
スコア: 64656960
1 1 0 2 0 30 56 60 6 28 222 88 13 16 274 5 10 12 19 5 0 0 0 4 0
求:12 出:14 数:5
一番高いモンスター: -1
スコア: 64656960
1 1 0 2 0 30 56 60 6 28 222 88 13 16 274 5 10 12 19 5 0 0 0 4 0
求:15 出:18 数:5
一番高いモンスター: -1
スコア: 64656960
1 1 0 2 0 30 56 60 6 28 222 88 13 16 274 5 10 12 19 5 0 0 0 4 0
求:12 出:14 数:5
一番高いモンスター: -1
スコア: 64656960
1 1 0 2 0 30 56 60 6 28 222 88 13 16 274 5 10 12 19 5 0 0 0 4 0
求:15 出:18 数:5
一番高いモンスター: -1
スコア: 64656960
1 1 0 2 0 30 56 60 6 28 222 88 13 16 274 5 10 12 19 5 0 0 0 4 0
求:12 出:14 数:5
一番高いモンスター: -1
スコア: 64656960
2 4 3 4 3 30 58 60 6 31 222 90 13 16 274 5 10 12 21 5 0 0 0 5 0
求:15 出:18 数:5
一番高いモンスター: 6030
召喚 ID: 861
スコア: 64662835
1 1 1 0 1 30 58 60 6 31 222 90 13 16 274 5 10 12 21 5 0 0 0 5 0
求:12 出:14 数:5
一番高いモンスター: -1
スコア: 64662835
1 1 1 0 1 30 58 60 6 31 222 90 13 16 274 5 10 12 21 5 0 0 0 5 0
求:15 出:18 数:5
一番高いモンスター: -1
スコア: 64662835
1 1 1 0 1 30 58 60 6 31 222 90 13 16 274 5 10 12 21 5 0 0 0 5 0
求:12 出:14 数:5
一番高いモンスター: -1
スコア: 64662835
1 1 1 0 1 30 58 60 6 31 222 90 13 16 274 5 10 12 21 5 0 0 0 5 0
求:15 出:18 数:5
一番高いモンスター: -1
スコア: 64662835
1 1 1 0 1 30 58 60 6 31 222 90 13 16 274 5 10 12 21 5 0 0 0 5 0
求:12 出:14 数:5
一番高いモンスター: -1
スコア: 64662835
1 1 1 0 1 30 58 60 6 31 222 90 13 16 274 5 10 12 21 5 0 0 0 5 0
求:15 出:18 数:5
一番高いモンスター: -1
スコア: 64662835
1 1 1 0 1 30 58 60 6 31 222 90 13 16 274 5 10 12 21 5 0 0 0 5 0
求:12 出:14 数:5
一番高いモンスター: -1
スコア: 64662835
1 1 1 0 1 30 58 60 6 31 222 90 13 16 274 5 10 12 21 5 0 0 0 5 0
求:15 出:18 数:5
一番高いモンスター: -1
スコア: 64662835
3 4 4 3 3 30 58 60 6 32 223 90 13 16 275 5 10 14 22 5 0 0 0 6 0
求:12 出:14 数:5
一番高いモンスター: 6560
召喚 ID: 749
スコア: 64669097
1 2 0 0 1 30 58 60 6 32 223 90 13 16 275 5 10 14 22 5 0 0 0 6 0
求:15 出:18 数:5
一番高いモンスター: -1
スコア: 64669097
1 2 0 0 1 30 58 60 6 32 223 90 13 16 275 5 10 14 22 5 0 0 0 6 0
求:12 出:14 数:5
一番高いモンスター: -1
スコア: 64669097
1 2 0 0 1 30 58 60 6 32 223 90 13 16 275 5 10 14 22 5 0 0 0 6 0
求:15 出:18 数:5
一番高いモンスター: -1
スコア: 64669097
1 2 0 0 1 30 58 60 6 32 223 90 13 16 275 5 10 14 22 5 0 0 0 6 0
求:12 出:14 数:5
一番高いモンスター: -1
スコア: 64669097
1 2 0 0 1 30 58 60 6 32 223 90 13 16 275 5 10 14 22 5 0 0 0 6 0
求:15 出:18 数:5
一番高いモンスター: -1
スコア: 64669097
1 2 0 0 1 30 58 60 6 32 223 90 13 16 275 5 10 14 22 5 0 0 0 6 0
求:12 出:14 数:5
一番高いモンスター: -1
スコア: 64669097
1 2 0 0 1 30 58 60 6 32 223 90 13 16 275 5 10 14 22 5 0 0 0 6 0
求:15 出:18 数:5
一番高いモンスター: -1
スコア: 64669097
1 2 0 0 1 30 58 60 6 32 223 90 13 16 275 5 10 14 22 5 0 0 0 6 0
求:12 出:14 数:5
一番高いモンスター: -1
スコア: 64669097
6 4 0 1 3 32 59 60 6 33 223 90 13 16 277 5 10 15 22 5 0 0 0 9 0
求:15 出:18 数:5
一番高いモンスター: 6046
召喚 ID: 532
スコア: 64675057
0 1 0 1 0 32 59 60 6 33 223 90 13 16 277 5 10 15 22 5 0 0 0 9 0
求:12 出:14 数:5
一番高いモンスター: -1
スコア: 64675057
0 1 0 1 0 32 59 60 6 33 223 90 13 16 277 5 10 15 22 5 0 0 0 9 0
求:15 出:18 数:5
一番高いモンスター: -1
スコア: 64675057
0 1 0 1 0 32 59 60 6 33 223 90 13 16 277 5 10 15 22 5 0 0 0 9 0
求:12 出:14 数:5
一番高いモンスター: -1
スコア: 64675057
0 1 0 1 0 32 59 60 6 33 223 90 13 16 277 5 10 15 22 5 0 0 0 9 0
求:15 出:18 数:5
一番高いモンスター: -1
スコア: 64675057
0 1 0 1 0 32 59 60 6 33 223 90 13 16 277 5 10 15 22 5 0 0 0 9 0
求:12 出:14 数:5
一番高いモンスター: -1
スコア: 64675057
0 1 0 1 0 32 59 60 6 33 223 90 13 16 277 5 10 15 22 5 0 0 0 9 0
求:15 出:18 数:5
一番高いモンスター: -1
スコア: 64675057
0 1 0 1 0 32 59 60 6 33 223 90 13 16 277 5 10 15 22 5 0 0 0 9 0
求:12 出:14 数:5
一番高いモンスター: -1
スコア: 64675057
0 1 0 1 0 32 59 60 6 33 223 90 13 16 277 5 10 15 22 5 0 0 0 9 0
求:15 出:18 数:5
一番高いモンスター: -1
スコア: 64675057
0 2 1 2 1 34 61 63 6 33 224 92 13 16 278 5 10 17 23 5 0 0 0 11 0
求:12 出:14 数:5
一番高いモンスター: 2510
召喚 ID: 844
スコア: 64677372
0 1 0 0 0 34 61 63 6 33 224 92 13 16 278 5 10 17 23 5 0 0 0 11 0
求:15 出:18 数:5
一番高いモンスター: -1
スコア: 64677372
0 1 0 0 0 34 61 63 6 33 224 92 13 16 278 5 10 17 23 5 0 0 0 11 0
求:12 出:14 数:5
一番高いモンスター: -1
スコア: 64677372
0 1 0 0 0 34 61 63 6 33 224 92 13 16 278 5 10 17 23 5 0 0 0 11 0
求:15 出:18 数:5
一番高いモンスター: -1
スコア: 64677372
0 1 0 0 0 34 61 63 6 33 224 92 13 16 278 5 10 17 23 5 0 0 0 11 0
求:12 出:14 数:5
一番高いモンスター: -1
スコア: 64677372
0 1 0 0 0 34 61 63 6 33 224 92 13 16 278 5 10 17 23 5 0 0 0 11 0
求:15 出:18 数:5
一番高いモンスター: -1
スコア: 64677372
0 1 0 0 0 34 61 63 6 33 224 92 13 16 278 5 10 17 23 5 0 0 0 11 0
求:12 出:14 数:5
一番高いモンスター: -1
スコア: 64677372
0 1 0 0 0 34 61 63 6 33 224 92 13 16 278 5 10 17 23 5 0 0 0 11 0
求:15 出:18 数:5
一番高いモンスター: -1
スコア: 64677372
0 1 0 0 0 34 61 63 6 33 224 92 13 16 278 5 10 17 23 5 0 0 0 11 0
求:12 出:14 数:5
一番高いモンスター: -1
スコア: 64677372
0 1 0 0 0 34 61 63 6 33 224 92 13 16 278 5 10 17 23 5 0 0 0 11 0
求:15 出:18 数:5
一番高いモンスター: -1
スコア: 64677372
2 4 4 2 1 35 62 64 6 34 225 94 13 16 278 5 10 18 23 5 0 0 0 11 0
求:12 出:14 数:5
一番高いモンスター: 5034
召喚 ID: 703
スコア: 64682278
0 2 0 1 0 35 62 64 6 34 225 94 13 16 278 5 10 18 23 5 0 0 0 11 0
求:15 出:18 数:5
一番高いモンスター: -1
スコア: 64682278
0 2 0 1 0 35 62 64 6 34 225 94 13 16 278 5 10 18 23 5 0 0 0 11 0
求:12 出:14 数:5
一番高いモンスター: -1
スコア: 64682278
0 2 0 1 0 35 62 64 6 34 225 94 13 16 278 5 10 18 23 5 0 0 0 11 0
求:15 出:18 数:5
一番高いモンスター: -1
スコア: 64682278
0 2 0 1 0 35 62 64 6 34 225 94 13 16 278 5 10 18 23 5 0 0 0 11 0
求:12 出:14 数:5
一番高いモンスター: -1
スコア: 64682278
0 2 0 1 0 35 62 64 6 34 225 94 13 16 278 5 10 18 23 5 0 0 0 11 0
求:15 出:18 数:5
一番高いモンスター: -1
スコア: 64682278
0 2 0 1 0 35 62 64 6 34 225 94 13 16 278 5 10 18 23 5 0 0 0 11 0
求:12 出:14 数:5
一番高いモンスター: -1
スコア: 64682278
0 2 0 1 0 35 62 64 6 34 225 94 13 16 278 5 10 18 23 5 0 0 0 11 0
求:15 出:18 数:5
一番高いモンスター: -1
スコア: 64682278
0 2 0 1 0 35 62 64 6 34 225 94 13 16 278 5 10 18 23 5 0 0 0 11 0
求:12 出:14 数:5
一番高いモンスター: -1
スコア: 64682278
1 3 1 3 1 36 66 65 6 36 225 96 13 16 279 5 10 19 25 5 0 0 0 11 0
求:15 出:18 数:5
一番高いモンスター: 3027
召喚 ID: 603
スコア: 64685222
0 0 0 2 1 36 66 65 6 36 225 96 13 16 279 5 10 19 25 5 0 0 0 11 0
求:12 出:14 数:5
一番高いモンスター: -1
スコア: 64685222
0 0 0 2 1 36 66 65 6 36 225 96 13 16 279 5 10 19 25 5 0 0 0 11 0
求:15 出:18 数:5
一番高いモンスター: -1
スコア: 64685222
0 0 0 2 1 36 66 65 6 36 225 96 13 16 279 5 10 19 25 5 0 0 0 11 0
求:12 出:14 数:5
一番高いモンスター: -1
スコア: 64685222
0 0 0 2 1 36 66 65 6 36 225 96 13 16 279 5 10 19 25 5 0 0 0 11 0
求:15 出:18 数:5
一番高いモンスター: -1
スコア: 64685222
0 0 0 2 1 36 66 65 6 36 225 96 13 16 279 5 10 19 25 5 0 0 0 11 0
求:12 出:14 数:5
一番高いモンスター: -1
スコア: 64685222
0 0 0 2 1 36 66 65 6 36 225 96 13 16 279 5 10 19 25 5 0 0 0 11 0
求:15 出:18 数:5
一番高いモンスター: -1
スコア: 64685222
0 0 0 2 1 36 66 65 6 36 225 96 13 16 279 5 10 19 25 5 0 0 0 11 0
求:12 出:14 数:5
一番高いモンスター: -1
スコア: 64685222
0 0 0 2 1 36 66 65 6 36 225 96 13 16 279 5 10 19 25 5 0 0 0 11 0
求:15 出:18 数:5
一番高いモンスター: -1
スコア: 64685222
2 1 3 2 3 37 66 68 6 38 226 97 13 16 280 5 10 20 26 5 0 0 0 12 0
求:12 出:14 数:5
一番高いモンスター: 3534
召喚 ID: 925
スコア: 64688643
1 0 2 1 0 37 66 68 6 38 226 97 13 16 280 5 10 20 26 5 0 0 0 12 0
求:15 出:18 数:5
一番高いモンスター: -1
スコア: 64688643
1 0 2 1 0 37 66 68 6 38 226 97 13 16 280 5 10 20 26 5 0 0 0 12 0
求:12 出:14 数:5
一番高いモンスター: -1
スコア: 64688643
1 0 2 1 0 37 66 68 6 38 226 97 13 16 280 5 10 20 26 5 0 0 0 12 0
求:15 出:18 数:5
一番高いモンスター: -1
スコア: 64688643
1 0 2 1 0 37 66 68 6 38 226 97 13 16 280 5 10 20 26 5 0 0 0 12 0
求:12 出:14 数:5
一番高いモンスター: -1
スコア: 64688643
1 0 2 1 0 37 66 68 6 38 226 97 13 16 280 5 10 20 26 5 0 0 0 12 0
求:15 出:18 数:5
一番高いモンスター: -1
スコア: 64688643
1 0 2 1 0 37 66 68 6 38 226 97 13 16 280 5 10 20 26 5 0 0 0 12 0
求:12 出:14 数:5
一番高いモンスター: -1
スコア: 64688643
1 0 2 1 0 37 66 68 6 38 226 97 13 16 280 5 10 20 26 5 0 0 0 12 0
求:15 出:18 数:5
一番高いモンスター: -1
スコア: 64688643
1 0 2 1 0 37 66 68 6 38 226 97 13 16 280 5 10 20 26 5 0 0 0 12 0
求:12 出:14 数:5
一番高いモンスター: -1
スコア: 64688643
1 0 2 1 0 37 66 68 6 38 226 97 13 16 280 5 10 20 26 5 0 0 0 12 0
求:15 出:18 数:5
一番高いモンスター: -1
スコア: 64688643
6 3 4 3 1 37 68 68 6 38 227 97 13 16 280 5 10 22 28 5 0 0 0 12 0
求:12 出:14 数:5
一番高いモンスター: 6524
召喚 ID: 524
スコア: 64695043
1 0 3 0 0 37 68 68 6 38 227 97 13 16 280 5 10 22 28 5 0 0 0 12 0
求:15 出:18 数:5
一番高いモンスター: -1
スコア: 64695043
1 0 3 0 0 37 68 68 6 38 227 97 13 16 280 5 10 22 28 5 0 0 0 12 0
求:12 出:14 数:5
一番高いモンスター: -1
スコア: 64695043
1 0 3 0 0 37 68 68 6 38 227 97 13 16 280 5 10 22 28 5 0 0 0 12 0
求:15 出:18 数:5
一番高いモンスター: -1
スコア: 64695043
1 0 3 0 0 37 68 68 6 38 227 97 13 16 280 5 10 22 28 5 0 0 0 12 0
求:12 出:14 数:5
一番高いモンスター: -1
スコア: 64695043
1 0 3 0 0 37 68 68 6 38 227 97 13 16 280 5 10 22 28 5 0 0 0 12 0
求:15 出:18 数:5
一番高いモンスター: -1
スコア: 64695043
1 0 3 0 0 37 68 68 6 38 227 97 13 16 280 5 10 22 28 5 0 0 0 12 0
求:12 出:14 数:5
一番高いモンスター: -1
スコア: 64695043
1 0 3 0 0 37 68 68 6 38 227 97 13 16 280 5 10 22 28 5 0 0 0 12 0
求:15 出:18 数:5
一番高いモンスター: -1
スコア: 64695043
1 0 3 0 0 37 68 68 6 38 227 97 13 16 280 5 10 22 28 5 0 0 0 12 0
求:12 出:14 数:5
一番高いモンスター: -1
スコア: 64695043
4 2 4 1 3 37 69 69 6 40 227 99 13 16 281 5 10 23 29 5 0 0 0 13 0
求:15 出:18 数:5
一番高いモンスター: 5527
召喚 ID: 752
スコア: 64700470
2 0 0 1 0 37 69 69 6 40 227 99 13 16 281 5 10 23 29 5 0 0 0 13 0
求:12 出:14 数:5
一番高いモンスター: -1
スコア: 64700470
2 0 0 1 0 37 69 69 6 40 227 99 13 16 281 5 10 23 29 5 0 0 0 13 0
求:15 出:18 数:5
一番高いモンスター: -1
スコア: 64700470
2 0 0 1 0 37 69 69 6 40 227 99 13 16 281 5 10 23 29 5 0 0 0 13 0
求:12 出:14 数:5
一番高いモンスター: -1
スコア: 64700470
2 0 0 1 0 37 69 69 6 40 227 99 13 16 281 5 10 23 29 5 0 0 0 13 0
求:15 出:18 数:5
一番高いモンスター: -1
スコア: 64700470
2 0 0 1 0 37 69 69 6 40 227 99 13 16 281 5 10 23 29 5 0 0 0 13 0
求:12 出:14 数:5
一番高いモンスター: -1
スコア: 64700470
2 0 0 1 0 37 69 69 6 40 227 99 13 16 281 5 10 23 29 5 0 0 0 13 0
求:15 出:18 数:5
一番高いモンスター: -1
スコア: 64700470
2 0 0 1 0 37 69 69 6 40 227 99 13 16 281 5 10 23 29 5 0 0 0 13 0
求:12 出:14 数:5
一番高いモンスター: -1
スコア: 64700470
2 3 0 2 2 39 71 69 6 43 228 100 13 16 282 5 10 23 30 5 0 0 0 16 0
求:15 出:18 数:5
一番高いモンスター: 2507
召喚 ID: 657
スコア: 64702875
1 0 0 2 1 39 71 69 6 43 228 100 13 16 282 5 10 23 30 5 0 0 0 16 0
求:12 出:14 数:5
一番高いモンスター: -1
スコア: 64702875
1 0 0 2 1 39 71 69 6 43 228 100 13 16 282 5 10 23 30 5 0 0 0 16 0
求:15 出:18 数:5
一番高いモンスター: -1
スコア: 64702875
1 0 0 2 1 39 71 69 6 43 228 100 13 16 282 5 10 23 30 5 0 0 0 16 0
求:12 出:14 数:5
一番高いモンスター: -1
スコア: 64702875
1 0 0 2 1 39 71 69 6 43 228 100 13 16 282 5 10 23 30 5 0 0 0 16 0
求:15 出:18 数:5
一番高いモンスター: -1
スコア: 64702875
1 0 0 2 1 39 71 69 6 43 228 100 13 16 282 5 10 23 30 5 0 0 0 16 0
求:12 出:14 数:5
一番高いモンスター: -1
スコア: 64702875
1 0 0 2 1 39 71 69 6 43 228 100 13 16 282 5 10 23 30 5 0 0 0 16 0
求:15 出:18 数:5
一番高いモンスター: -1
スコア: 64702875
1 0 0 2 1 39 71 69 6 43 228 100 13 16 282 5 10 23 30 5 0 0 0 16 0
求:12 出:14 数:5
一番高いモンスター: -1
スコア: 64702875
1 0 0 2 1 39 71 69 6 43 228 100 13 16 282 5 10 23 30 5 0 0 0 16 0
求:15 出:18 数:5
一番高いモンスター: -1
スコア: 64702875
1 0 0 2 1 39 71 69 6 43 228 100 13 16 282 5 10 23 30 5 0 0 0 16 0
求:12 出:14 数:5
一番高いモンスター: -1
スコア: 64702875
1 1 1 4 3 44 73 71 6 47 228 100 13 16 282 5 10 23 31 5 0 0 0 16 0
求:15 出:18 数:5
一番高いモンスター: 4004
召喚 ID: 886
スコア: 64706763
0 0 0 0 2 44 73 71 6 47 228 100 13 16 282 5 10 23 31 5 0 0 0 16 0
求:12 出:14 数:5
一番高いモンスター: -1
スコア: 64706763
0 0 0 0 2 44 73 71 6 47 228 100 13 16 282 5 10 23 31 5 0 0 0 16 0
求:15 出:18 数:5
一番高いモンスター: -1
スコア: 64706763
0 0 0 0 2 44 73 71 6 47 228 100 13 16 282 5 10 23 31 5 0 0 0 16 0
求:12 出:14 数:5
一番高いモンスター: -1
スコア: 64706763
0 0 0 0 2 44 73 71 6 47 228 100 13 16 282 5 10 23 31 5 0 0 0 16 0
求:15 出:18 数:5
一番高いモンスター: -1
スコア: 64706763
0 0 0 0 2 44 73 71 6 47 228 100 13 16 282 5 10 23 31 5 0 0 0 16 0
求:12 出:14 数:5
一番高いモンスター: -1
スコア: 64706763
0 0 0 0 2 44 73 71 6 47 228 100 13 16 282 5 10 23 31 5 0 0 0 16 0
求:15 出:18 数:5
一番高いモンスター: -1
スコア: 64706763
0 0 0 0 2 44 73 71 6 47 228 100 13 16 282 5 10 23 31 5 0 0 0 16 0
求:12 出:14 数:5
一番高いモンスター: -1
スコア: 64706763
0 0 0 0 2 44 73 71 6 47 228 100 13 16 282 5 10 23 31 5 0 0 0 16 0
求:15 出:18 数:5
一番高いモンスター: -1
スコア: 64706763
2 0 0 5 6 46 73 73 6 47 228 100 13 16 285 5 10 24 32 5 0 0 0 16 0
求:12 出:14 数:5
一番高いモンスター: 5507
召喚 ID: 913
スコア: 64712212
0 0 0 2 0 46 73 73 6 47 228 100 13 16 285 5 10 24 32 5 0 0 0 16 0
求:15 出:18 数:5
一番高いモンスター: -1
スコア: 64712212
0 0 0 2 0 46 73 73 6 47 228 100 13 16 285 5 10 24 32 5 0 0 0 16 0
求:12 出:14 数:5
一番高いモンスター: -1
スコア: 64712212
0 0 0 2 0 46 73 73 6 47 228 100 13 16 285 5 10 24 32 5 0 0 0 16 0
求:15 出:18 数:5
一番高いモンスター: -1
スコア: 64712212
0 0 0 2 0 46 73 73 6 47 228 100 13 16 285 5 10 24 32 5 0 0 0 16 0
求:12 出:14 数:5
一番高いモンスター: -1
スコア: 64712212
0 0 0 2 0 46 73 73 6 47 228 100 13 16 285 5 10 24 32 5 0 0 0 16 0
求:15 出:18 数:5
一番高いモンスター: -1
スコア: 64712212
0 0 0 2 0 46 73 73 6 47 228 100 13 16 285 5 10 24 32 5 0 0 0 16 0
求:12 出:14 数:5
一番高いモンスター: -1
スコア: 64712212
0 0 0 2 0 46 73 73 6 47 228 100 13 16 285 5 10 24 32 5 0 0 0 16 0
求:15 出:18 数:5
一番高いモンスター: -1
スコア: 64712212
0 0 0 2 0 46 73 73 6 47 228 100 13 16 285 5 10 24 32 5 0 0 0 16 0
求:12 出:14 数:5
一番高いモンスター: -1
スコア: 64712212
0 0 0 2 0 46 73 73 6 47 228 100 13 16 285 5 10 24 32 5 0 0 0 16 0
求:15 出:18 数:5
一番高いモンスター: -1
スコア: 64712212
1 1 3 3 2 47 74 75 6 51 229 101 13 16 286 5 10 24 32 5 0 0 0 17 0
求:12 出:14 数:5
一番高いモンスター: 3522
召喚 ID: 826
スコア: 64715626
1 0 1 0 1 47 74 75 6 51 229 101 13 16 286 5 10 24 32 5 0 0 0 17 0
求:15 出:18 数:5
一番高いモンスター: -1
スコア: 64715626
1 0 1 0 1 47 74 75 6 51 229 101 13 16 286 5 10 24 32 5 0 0 0 17 0
求:12 出:14 数:5
一番高いモンスター: -1
スコア: 64715626
1 0 1 0 1 47 74 75 6 51 229 101 13 16 286 5 10 24 32 5 0 0 0 17 0
求:15 出:18 数:5
一番高いモンスター: -1
スコア: 64715626
1 0 1 0 1 47 74 75 6 51 229 101 13 16 286 5 10 24 32 5 0 0 0 17 0
求:12 出:14 数:5
一番高いモンスター: -1
スコア: 64715626
1 0 1 0 1 47 74 75 6 51 229 101 13 16 286 5 10 24 32 5 0 0 0 17 0
求:15 出:18 数:5
一番高いモンスター: -1
スコア: 64715626
1 0 1 0 1 47 74 75 6 51 229 101 13 16 286 5 10 24 32 5 0 0 0 17 0
求:12 出:14 数:5
一番高いモンスター: -1
スコア: 64715626
1 0 1 0 1 47 74 75 6 51 229 101 13 16 286 5 10 24 32 5 0 0 0 17 0
求:15 出:18 数:5
一番高いモンスター: -1
スコア: 64715626
1 0 1 0 1 47 74 75 6 51 229 101 13 16 286 5 10 24 32 5 0 0 0 17 0
求:12 出:14 数:5
一番高いモンスター: -1
スコア: 64715626
3 1 4 2 1 49 92 75 6 53 230 102 13 16 287 5 10 27 33 5 0 0 0 17 0
求:15 出:18 数:5
一番高いモンスター: 3518
召喚 ID: 517
スコア: 64718984
0 0 4 0 0 49 92 75 6 53 230 102 13 16 287 5 10 27 33 5 0 0 0 17 0
求:12 出:14 数:5
一番高いモンスター: -1
スコア: 64718984
0 0 4 0 0 49 92 75 6 53 230 102 13 16 287 5 10 27 33 5 0 0 0 17 0
求:15 出:18 数:5
一番高いモンスター: -1
スコア: 64718984
0 0 4 0 0 49 92 75 6 53 230 102 13 16 287 5 10 27 33 5 0 0 0 17 0
求:12 出:14 数:5
一番高いモンスター: -1
スコア: 64718984
0 0 4 0 0 49 92 75 6 53 230 102 13 16 287 5 10 27 33 5 0 0 0 17 0
求:15 出:18 数:5
一番高いモンスター: -1
スコア: 64718984
0 0 4 0 0 49 92 75 6 53 230 102 13 16 287 10 10 27 33 5 0 0 0 17 0
求:12 出:14 数:5
一番高いモンスター: -1
スコア: 64718984
0 0 4 0 0 49 92 75 6 53 230 102 13 16 287 10 10 27 33 5 0 0 0 17 0
求:19 出:18 数:5
一番高いモンスター: -1
スコア: 64718984
0 0 4 0 0 49 92 75 6 53 230 102 13 16 287 10 10 27 28 5 0 0 0 17 0
求:12 出:14 数:5
一番高いモンスター: -1
スコア: 64718984
0 0 4 0 0 49 92 75 6 53 230 102 13 16 287 10 10 27 28 5 0 0 0 17 0
求:19 出:18 数:5
一番高いモンスター: -1
スコア: 64718984
2 2 5 0 2 51 93 75 6 55 232 105 13 16 287 10 10 29 29 5 0 0 0 17 0
求:12 出:14 数:5
一番高いモンスター: 5049
召喚 ID: 764
スコア: 64723946
0 0 1 0 0 51 93 75 6 55 232 105 13 16 287 10 10 29 29 5 0 0 0 17 0
求:19 出:17 数:5
一番高いモンスター: -1
スコア: 64723946
0 0 1 0 0 51 93 75 6 55 232 105 13 16 287 10 10 24 29 10 0 0 0 17 0
求:12 出:14 数:5
一番高いモンスター: -1
スコア: 64723946
0 0 1 0 0 51 93 75 6 55 232 105 13 16 287 10 10 24 29 10 0 0 0 17 0
求:15 出:18 数:5
一番高いモンスター: -1
スコア: 64723946
0 0 1 0 0 51 93 75 6 55 232 105 13 16 287 10 10 24 29 10 0 0 0 17 0
求:12 出:14 数:5
一番高いモンスター: -1
スコア: 64723946
0 0 1 0 0 51 93 75 6 55 232 105 13 16 287 10 10 24 29 10 0 0 0 17 0
求:15 出:18 数:5
一番高いモンスター: -1
スコア: 64723946
0 0 1 0 0 51 93 75 6 55 232 105 13 16 287 10 10 24 29 10 0 0 0 17 0
求:12 出:14 数:5
一番高いモンスター: -1
スコア: 64723946
0 0 1 0 0 51 93 75 6 55 232 105 13 16 287 10 10 24 29 10 0 0 0 17 0
求:15 出:18 数:5
一番高いモンスター: -1
スコア: 64723946
0 0 1 0 0 51 93 75 6 55 232 105 13 16 287 10 10 24 29 10 0 0 0 17 0
求:12 出:14 数:5
一番高いモンスター: -1
スコア: 64723946
0 0 1 0 0 51 93 75 6 55 232 105 13 16 287 10 10 24 29 10 0 0 0 17 0
求:15 出:18 数:5
一番高いモンスター: -1
スコア: 64723946
0 2 4 4 1 52 94 75 6 57 232 108 13 16 290 10 10 24 29 10 0 0 0 17 0
求:12 出:14 数:5
一番高いモンスター: 3522
召喚 ID: 826
スコア: 64727359
0 1 2 1 0 52 94 75 6 57 232 108 13 16 290 10 10 24 29 10 0 0 0 17 0
求:15 出:18 数:5
一番高いモンスター: -1
スコア: 64727359
0 1 2 1 0 52 94 75 6 57 232 108 13 16 290 10 10 24 29 10 0 0 0 17 0
求:12 出:14 数:5
一番高いモンスター: -1
スコア: 64727359
0 1 2 1 0 52 94 75 6 57 232 108 13 16 290 10 10 24 29 10 0 0 0 17 0
求:15 出:18 数:5
一番高いモンスター: -1
スコア: 64727359
0 1 2 1 0 52 94 75 6 57 232 108 13 16 290 10 10 24 29 10 0 0 0 17 0
求:12 出:14 数:5
一番高いモンスター: -1
スコア: 64727359
0 1 2 1 0 52 94 75 6 57 232 108 13 16 290 10 10 24 29 10 0 0 0 17 0
求:15 出:18 数:5
一番高いモンスター: -1
スコア: 64727359
0 1 2 1 0 52 94 75 6 57 232 108 13 16 290 10 10 24 29 10 0 0 0 17 0
求:12 出:14 数:5
一番高いモンスター: -1
スコア: 64727359
0 1 2 1 0 52 94 75 6 57 232 108 13 16 290 10 10 24 29 10 0 0 0 17 0
求:15 出:18 数:5
一番高いモンスター: -1
スコア: 64727359
2 2 4 2 1 53 97 77 6 58 234 108 13 16 291 10 10 26 29 10 0 0 0 18 0
求:12 出:14 数:5
一番高いモンスター: 5034
召喚 ID: 703
スコア: 64732263
0 0 0 1 0 53 97 77 6 58 234 108 13 16 291 10 10 26 29 10 0 0 0 18 0
求:15 出:18 数:5
一番高いモンスター: -1
スコア: 64732263
0 0 0 1 0 53 97 77 6 58 234 108 13 16 291 10 10 26 29 10 0 0 0 18 0
求:12 出:14 数:5
一番高いモンスター: -1
スコア: 64732263
0 0 0 1 0 53 97 77 6 58 234 108 13 16 291 10 10 26 29 10 0 0 0 18 0
求:15 出:18 数:5
一番高いモンスター: -1
スコア: 64732263
0 0 0 1 0 53 97 77 6 58 234 108 13 16 291 10 10 26 29 10 0 0 0 18 0
求:12 出:14 数:5
一番高いモンスター: -1
スコア: 64732263
0 0 0 1 0 53 97 77 6 58 234 108 13 16 291 10 10 26 29 10 0 0 0 18 0
求:15 出:18 数:5
一番高いモンスター: -1
スコア: 64732263
0 0 0 1 0 53 97 77 6 58 234 108 13 16 291 10 10 26 29 10 0 0 0 18 0
求:12 出:14 数:5
一番高いモンスター: -1
スコア: 64732263
0 0 0 1 0 53 97 77 6 58 234 108 13 16 291 10 10 26 29 10 0 0 0 18 0
求:15 出:18 数:5
一番高いモンスター: -1
スコア: 64732263
0 0 0 1 0 53 97 77 6 58 234 108 13 16 291 10 10 26 29 10 0 0 0 18 0
求:12 出:14 数:5
一番高いモンスター: -1
スコア: 64732263
0 0 0 1 0 53 97 77 6 58 234 108 13 16 291 10 10 26 29 10 0 0 0 18 0
求:15 出:18 数:5
一番高いモンスター: -1
スコア: 64732263
5 4 3 3 0 54 98 78 6 58 235 108 13 16 291 10 10 27 29 10 0 0 0 19 0
求:12 出:14 数:5
一番高いモンスター: 5014
召喚 ID: 570
スコア: 64737158
1 1 0 3 0 54 98 78 6 58 235 108 13 16 291 10 10 27 29 10 0 0 0 19 0
求:15 出:18 数:5
一番高いモンスター: -1
スコア: 64737158
1 1 0 3 0 54 98 78 6 58 235 108 13 16 291 10 10 27 29 10 0 0 0 19 0
求:12 出:14 数:5
一番高いモンスター: -1
スコア: 64737158
1 1 0 3 0 54 98 78 6 58 235 108 13 16 291 10 10 27 29 10 0 0 0 19 0
求:15 出:18 数:5
一番高いモンスター: -1
スコア: 64737158
1 1 0 3 0 54 98 78 6 58 235 108 13 16 291 10 10 27 29 10 0 0 0 19 0
求:12 出:14 数:5
一番高いモンスター: -1
スコア: 64737158
1 1 0 3 0 54 98 78 6 58 235 108 13 16 291 10 10 27 29 10 0 0 0 19 0
求:15 出:18 数:5
一番高いモンスター: -1
スコア: 64737158
1 1 0 3 0 54 98 78 6 58 235 108 13 16 291 10 10 27 29 10 0 0 0 19 0
求:12 出:14 数:5
一番高いモンスター: -1
スコア: 64737158
1 1 0 3 0 54 98 78 6 58 235 108 13 16 291 10 10 27 29 10 0 0 0 19 0
求:15 出:18 数:5
一番高いモンスター: -1
スコア: 64737158
1 1 0 3 0 54 98 78 6 58 235 108 13 16 291 10 10 27 29 10 0 0 0 19 0
求:12 出:14 数:5
一番高いモンスター: -1
スコア: 64737158
5 1 2 6 2 56 98 78 6 60 236 108 13 16 292 10 10 29 29 10 0 0 0 20 0
求:15 出:17 数:5
一番高いモンスター: 6015
召喚 ID: 828
スコア: 64743101
1 0 1 1 1 56 98 78 6 60 236 108 13 16 292 15 10 24 29 10 0 0 0 20 0
求:12 出:14 数:5
一番高いモンスター: -1
スコア: 64743101
1 0 1 1 1 56 98 78 6 60 236 108 13 16 292 15 10 24 29 10 0 0 0 20 0
求:16 出:18 数:5
一番高いモンスター: -1
スコア: 64743101
1 0 1 1 1 56 98 78 6 60 236 108 13 16 292 15 10 24 24 10 0 0 0 20 0
求:12 出:14 数:5
一番高いモンスター: -1
スコア: 64743101
1 0 1 1 1 56 98 78 6 60 236 108 13 16 292 15 10 24 24 10 0 0 0 20 0
求:16 出:17 数:5
一番高いモンスター: -1
スコア: 64743101
1 0 1 1 1 56 98 78 6 60 236 108 13 16 292 15 10 24 24 10 0 0 0 20 0
求:12 出:14 数:5
一番高いモンスター: -1
スコア: 64743101
1 0 1 1 1 56 98 78 6 60 236 108 13 16 292 15 10 24 24 10 0 0 0 20 0
求:16 出:17 数:5
一番高いモンスター: -1
スコア: 64743101
1 0 1 1 1 56 98 78 6 60 236 108 13 16 292 15 10 24 24 10 0 0 0 20 0
求:12 出:14 数:5
一番高いモンスター: -1
スコア: 64743101
1 0 1 1 1 56 98 78 6 60 236 108 13 16 292 15 10 24 24 10 0 0 0 20 0
求:16 出:17 数:5
一番高いモンスター: -1
スコア: 64743101
2 3 1 3 4 56 99 81 6 64 237 108 13 16 293 15 10 24 25 10 0 0 0 20 0
求:12 出:14 数:5
一番高いモンスター: 4527
召喚 ID: 689
スコア: 64747515
1 0 0 1 2 56 99 81 6 64 237 108 13 16 293 15 10 24 25 10 0 0 0 20 0
求:16 出:18 数:5
一番高いモンスター: -1
スコア: 64747515
1 0 0 1 2 56 99 81 6 64 237 108 13 16 293 15 10 24 25 10 0 0 0 20 0
求:12 出:14 数:5
一番高いモンスター: -1
スコア: 64747515
1 0 0 1 2 56 99 81 6 64 237 108 13 16 293 15 10 24 25 10 0 0 0 20 0
求:16 出:18 数:5
一番高いモンスター: -1
スコア: 64747515
1 0 0 1 2 56 99 81 6 64 237 108 13 16 293 15 10 24 25 10 0 0 0 20 0
求:12 出:14 数:5
一番高いモンスター: -1
スコア: 64747515
1 0 0 1 2 56 99 81 6 64 237 108 13 16 293 15 10 24 25 10 0 0 0 20 0
求:16 出:18 数:5
一番高いモンスター: -1
スコア: 64747515
1 0 0 1 2 56 99 81 6 64 237 108 13 16 293 15 10 24 25 10 0 0 0 20 0
求:12 出:14 数:5
一番高いモンスター: -1
スコア: 64747515
1 0 0 1 2 56 99 81 6 64 237 108 13 16 293 15 10 24 25 10 0 0 0 20 0
求:16 出:18 数:5
一番高いモンスター: -1
スコア: 64747515
1 0 0 1 2 56 99 81 6 64 237 108 13 16 293 15 10 24 25 10 0 0 0 20 0
求:12 出:14 数:5
一番高いモンスター: -1
スコア: 64747515
3 2 3 3 3 57 100 82 6 67 239 108 13 16 293 15 10 25 26 10 0 0 0 20 0
求:16 出:18 数:5
一番高いモンスター: 5011
召喚 ID: 805
スコア: 64752346
1 1 1 0 1 57 100 82 6 67 239 108 13 16 293 15 10 25 26 10 0 0 0 20 0
求:12 出:14 数:5
一番高いモンスター: -1
スコア: 64752346
1 1 1 0 1 57 100 82 6 67 239 108 13 16 293 15 10 25 26 10 0 0 0 20 0
求:16 出:18 数:5
一番高いモンスター: -1
スコア: 64752346
1 1 1 0 1 57 100 82 6 67 239 108 13 16 293 15 10 25 26 10 0 0 0 20 0
求:12 出:14 数:5
一番高いモンスター: -1
スコア: 64752346
1 1 1 0 1 57 100 82 6 67 239 108 13 16 293 15 10 25 26 10 0 0 0 20 0
求:16 出:18 数:5
一番高いモンスター: -1
スコア: 64752346
1 1 1 0 1 57 100 82 6 67 239 108 13 16 293 15 10 25 26 10 0 0 0 20 0
求:12 出:14 数:5
一番高いモンスター: -1
スコア: 64752346
1 1 1 0 1 57 100 82 6 67 239 108 13 16 293 15 10 25 26 10 0 0 0 20 0
求:16 出:18 数:5
一番高いモンスター: -1
スコア: 64752346
1 1 1 0 1 57 100 82 6 67 239 108 13 16 293 15 10 25 26 10 0 0 0 20 0
求:12 出:14 数:5
一番高いモンスター: -1
スコア: 64752346
1 1 1 0 1 57 100 82 6 67 239 108 13 16 293 15 10 25 26 10 0 0 0 20 0
求:16 出:18 数:5
一番高いモンスター: -1
スコア: 64752346
1 1 1 0 1 57 100 82 6 67 239 108 13 16 293 15 10 25 26 10 0 0 0 20 0
求:12 出:14 数:5
一番高いモンスター: -1
スコア: 64752346
2 4 3 0 2 57 102 85 6 67 240 112 13 16 295 15 10 25 26 10 0 0 0 21 0
求:16 出:18 数:5
一番高いモンスター: 4530
召喚 ID: 636
スコア: 64756793
0 0 2 0 0 57 102 85 6 67 240 112 13 16 295 15 10 25 26 10 0 0 0 21 0
求:12 出:14 数:5
一番高いモンスター: -1
スコア: 64756793
0 0 2 0 0 57 102 85 6 67 240 112 13 16 295 19 10 25 26 10 0 0 0 21 0
求:16 出:18 数:5
一番高いモンスター: -1
スコア: 64756793
0 0 2 0 0 57 102 85 6 67 240 112 13 16 295 19 10 25 26 10 0 0 0 21 0
求:12 出:14 数:5
一番高いモンスター: -1
スコア: 64756793
0 0 2 0 0 57 102 85 6 67 240 112 13 16 295 19 10 25 26 10 0 0 0 21 0
求:16 出:18 数:5
一番高いモンスター: -1
スコア: 64756793
0 0 2 0 0 57 102 85 6 67 240 112 13 16 295 19 10 25 26 10 0 0 0 21 0
求:12 出:14 数:5
一番高いモンスター: -1
スコア: 64756793
0 0 2 0 0 57 102 85 6 67 240 112 13 16 295 19 10 25 26 10 0 0 0 21 0
求:16 出:18 数:5
一番高いモンスター: -1
スコア: 64756793
0 0 2 0 0 57 102 85 6 67 240 112 13 16 295 19 10 25 26 10 0 0 0 21 0
求:12 出:14 数:5
一番高いモンスター: -1
スコア: 64756793
0 0 2 0 0 57 102 85 6 67 240 112 13 16 295 19 10 25 26 10 0 0 0 21 0
求:16 出:18 数:5
一番高いモンスター: -1
スコア: 64756793
1 4 3 3 4 58 103 85 6 69 241 112 13 16 295 19 10 26 26 10 0 0 0 22 0
求:12 出:14 数:5
一番高いモンスター: 5026
召喚 ID: 619
スコア: 64761676
0 0 0 2 3 58 103 85 6 69 241 112 13 16 295 19 10 26 26 10 0 0 0 22 0
求:16 出:17 数:5
一番高いモンスター: 2524
召喚 ID: 964
スコア: 64764116
0 0 0 0 0 58 103 85 6 69 241 112 13 16 295 19 10 26 26 10 0 0 0 22 0
求:12 出:14 数:5
一番高いモンスター: -1
スコア: 64764116
0 0 0 0 0 58 103 85 6 69 241 112 13 16 295 19 10 26 26 10 0 0 0 22 0
求:16 出:17 数:5
一番高いモンスター: -1
スコア: 64764116
0 0 0 0 0 58 103 85 6 69 241 112 13 16 295 19 10 26 26 10 0 0 0 22 0
求:12 出:14 数:5
一番高いモンスター: -1
スコア: 64764116
0 0 0 0 0 58 103 85 6 69 241 112 13 16 295 19 10 26 26 10 0 0 0 22 0
求:16 出:17 数:5
一番高いモンスター: -1
スコア: 64764116
0 0 0 0 0 58 103 85 6 69 241 112 13 16 295 19 10 26 26 10 0 0 0 22 0
求:12 出:14 数:5
一番高いモンスター: -1
スコア: 64764116
0 0 0 0 0 58 103 85 6 69 241 112 13 16 295 19 10 26 26 10 0 0 0 22 0
求:16 出:17 数:5
一番高いモンスター: -1
スコア: 64764116
0 0 0 0 0 58 103 85 6 69 241 112 13 16 295 19 10 26 26 10 0 0 0 22 0
求:12 出:14 数:5
一番高いモンスター: -1
スコア: 64764116
3 4 1 0 6 59 104 85 6 69 241 112 13 16 296 20 10 27 26 10 0 0 0 24 0
求:16 出:17 数:5
一番高いモンスター: 5019
召喚 ID: 972
スコア: 64769080
0 4 0 0 0 59 104 85 6 69 241 112 13 16 296 20 10 27 26 10 0 0 0 24 0
求:12 出:14 数:5
一番高いモンスター: -1
スコア: 64769080
0 4 0 0 0 59 104 85 6 69 241 112 13 16 296 20 10 27 26 10 0 0 0 24 0
求:16 出:17 数:5
一番高いモンスター: -1
スコア: 64769080
0 4 0 0 0 59 104 85 6 69 241 112 13 16 296 20 10 27 26 10 0 0 0 24 0
求:12 出:14 数:5
一番高いモンスター: -1
スコア: 64769080
0 4 0 0 0 59 104 85 6 69 241 112 13 16 296 20 10 27 26 10 0 0 0 24 0
求:16 出:17 数:5
一番高いモンスター: -1
スコア: 64769080
0 4 0 0 0 59 104 85 6 69 241 112 13 16 296 20 10 27 26 10 0 0 0 24 0
求:12 出:14 数:5
一番高いモンスター: -1
スコア: 64769080
0 4 0 0 0 59 104 85 6 69 241 112 13 16 296 20 10 27 26 10 0 0 0 24 0
求:16 出:17 数:5
一番高いモンスター: -1
スコア: 64769080
0 4 0 0 0 59 104 85 6 69 241 112 13 16 296 20 10 27 26 10 0 0 0 24 0
求:12 出:14 数:5
一番高いモンスター: -1
スコア: 64769080
0 4 0 0 0 59 104 85 6 69 241 112 13 16 296 20 10 27 26 10 0 0 0 24 0
求:16 出:17 数:5
一番高いモンスター: -1
スコア: 64769080
3 5 3 4 0 60 106 88 6 69 241 113 13 16 296 20 10 29 26 10 0 0 0 24 0
求:12 出:14 数:5
一番高いモンスター: 5526
召喚 ID: 842
スコア: 64774516
0 4 0 0 0 60 106 88 6 69 241 113 13 16 296 20 10 29 26 10 0 0 0 24 0
求:16 出:17 数:5
一番高いモンスター: -1
スコア: 64774516
0 4 0 0 0 60 106 88 6 69 241 113 13 16 296 20 10 29 26 10 0 0 0 24 0
求:12 出:14 数:5
一番高いモンスター: -1
スコア: 64774516
0 4 0 0 0 60 106 88 6 69 241 113 13 16 296 20 10 29 26 10 0 0 0 24 0
求:16 出:17 数:5
一番高いモンスター: -1
スコア: 64774516
0 4 0 0 0 60 106 88 6 69 241 113 13 16 296 20 10 29 26 10 0 0 0 24 0
求:12 出:14 数:5
一番高いモンスター: -1
スコア: 64774516
0 4 0 0 0 60 106 88 6 69 241 113 13 16 296 20 10 29 26 10 0 0 0 24 0
求:16 出:17 数:5
一番高いモンスター: -1
スコア: 64774516
0 4 0 0 0 60 106 88 6 69 241 113 13 16 296 20 10 29 26 10 0 0 0 24 0
求:12 出:14 数:5
一番高いモンスター: -1
スコア: 64774516
0 4 0 0 0 60 106 88 6 69 241 113 13 16 296 20 10 29 26 10 0 0 0 24 0
求:16 出:17 数:5
一番高いモンスター: -1
スコア: 64774516
0 4 0 0 0 60 106 88 6 69 241 113 13 16 296 20 10 29 26 10 0 0 0 24 0
求:12 出:14 数:5
一番高いモンスター: -1
スコア: 64774516
1 9 6 0 0 60 107 89 6 69 244 114 13 16 296 20 10 30 27 10 0 0 0 24 0
求:16 出:17 数:5
一番高いモンスター: 5515
召喚 ID: 646
スコア: 64779967
1 2 2 0 0 60 107 89 6 69 244 114 13 16 296 20 10 30 27 10 0 0 0 24 0
求:12 出:14 数:5
一番高いモンスター: -1
スコア: 64779967
1 2 2 0 0 60 107 89 6 69 244 114 13 16 296 20 10 30 27 10 0 0 0 24 0
求:16 出:17 数:5
一番高いモンスター: -1
スコア: 64779967
1 2 2 0 0 60 107 89 6 69 244 114 13 16 296 20 10 30 27 10 0 0 0 24 0
求:12 出:14 数:5
一番高いモンスター: -1
スコア: 64779967
1 2 2 0 0 60 107 89 6 69 244 114 13 16 296 20 10 30 27 10 0 0 0 24 0
求:16 出:17 数:5
一番高いモンスター: -1
スコア: 64779967
1 2 2 0 0 60 107 89 6 69 244 114 13 16 296 20 10 30 27 10 0 0 0 24 0
求:12 出:14 数:5
一番高いモンスター: -1
スコア: 64779967
1 2 2 0 0 60 107 89 6 69 244 114 13 16 296 20 10 30 27 10 0 0 0 24 0
求:16 出:17 数:5
一番高いモンスター: -1
スコア: 64779967
1 2 2 0 0 60 107 89 6 69 244 114 13 16 296 20 10 30 27 10 0 0 0 24 0
求:12 出:14 数:5
一番高いモンスター: -1
スコア: 64779967
1 2 2 0 0 60 107 89 6 69 244 114 13 16 296 20 10 30 27 10 0 0 0 24 0
求:16 出:17 数:5
一番高いモンスター: -1
スコア: 64779967
1 2 2 0 0 60 107 89 6 69 244 114 13 16 296 20 10 30 27 10 0 0 0 24 0
求:12 出:14 数:5
一番高いモンスター: -1
スコア: 64779967
4 3 5 2 1 60 109 92 6 69 246 114 13 16 297 20 10 31 28 10 0 0 0 24 0
求:16 出:17 数:5
一番高いモンスター: 5037
召喚 ID: 759
スコア: 64784914
1 0 1 2 1 60 109 92 6 69 246 114 13 16 297 20 10 31 28 10 0 0 0 24 0
求:12 出:14 数:5
一番高いモンスター: -1
スコア: 64784914
1 0 1 2 1 60 109 92 6 69 246 114 13 16 297 20 10 31 28 10 0 0 0 24 0
求:16 出:17 数:5
一番高いモンスター: -1
スコア: 64784914
1 0 1 2 1 60 109 92 6 69 246 114 13 16 297 20 10 31 28 10 0 0 0 24 0
求:12 出:14 数:5
一番高いモンスター: -1
スコア: 64784914
1 0 1 2 1 60 109 92 6 69 246 114 13 16 297 20 10 31 28 10 0 0 0 24 0
求:16 出:17 数:5
一番高いモンスター: -1
スコア: 64784914
1 0 1 2 1 60 109 92 6 69 246 114 13 16 297 20 10 31 28 10 0 0 0 24 0
求:12 出:14 数:5
一番高いモンスター: -1
スコア: 64784914
1 0 1 2 1 60 109 92 6 69 246 114 13 16 297 20 10 31 28 10 0 0 0 24 0
求:16 出:17 数:5
一番高いモンスター: -1
スコア: 64784914
1 0 1 2 1 60 109 92 6 69 246 114 13 16 297 20 10 31 28 10 0 0 0 24 0
求:12 出:14 数:5
一番高いモンスター: -1
スコア: 64784914
1 0 1 2 1 60 109 92 6 69 246 114 13 16 297 20 10 31 28 10 0 0 0 24 0
求:16 出:17 数:5
一番高いモンスター: -1
スコア: 64784914
1 5 4 4 4 62 111 92 6 72 246 114 13 16 297 20 10 31 28 10 0 0 0 24 0
求:12 出:14 数:5
一番高いモンスター: 6509
召喚 ID: 640
スコア: 64791328
0 0 0 3 2 62 111 92 6 72 246 114 13 16 297 20 10 31 28 10 0 0 0 24 0
求:16 出:17 数:5
一番高いモンスター: 2507
召喚 ID: 825
スコア: 64793757
0 0 0 0 0 62 111 92 6 72 246 114 13 16 297 20 10 31 28 10 0 0 0 24 0
求:12 出:14 数:5
一番高いモンスター: -1
スコア: 64793757
0 0 0 0 0 62 111 92 6 72 246 114 13 16 297 20 10 31 28 10 0 0 0 24 0
求:16 出:17 数:5
一番高いモンスター: -1
スコア: 64793757
0 0 0 0 0 62 111 92 6 72 246 114 13 16 297 20 10 31 28 10 0 0 0 24 0
求:12 出:14 数:5
一番高いモンスター: -1
スコア: 64793757
0 0 0 0 0 62 111 92 6 72 246 114 13 16 297 20 10 31 28 10 0 0 0 24 0
求:16 出:17 数:5
一番高いモンスター: -1
スコア: 64793757
0 0 0 0 0 62 111 92 6 72 246 114 13 16 297 20 10 31 28 10 0 0 0 24 0
求:12 出:14 数:5
一番高いモンスター: -1
スコア: 64793757
0 0 0 0 0 62 111 92 6 72 246 114 13 16 297 20 10 31 28 10 0 0 0 24 0
求:16 出:17 数:5
一番高いモンスター: -1
スコア: 64793757
0 0 0 0 0 62 111 92 6 72 246 114 13 16 297 20 10 31 28 10 0 0 0 24 0
求:12 出:14 数:5
一番高いモンスター: -1
スコア: 64793757
2 2 2 2 3 62 112 93 6 72 246 115 13 16 298 20 10 31 30 10 0 0 0 27 0
求:16 出:17 数:5
一番高いモンスター: 5006
召喚 ID: 923
スコア: 64798587
0 0 0 1 0 62 112 93 6 72 246 115 13 16 298 20 10 31 30 10 0 0 0 27 0
求:12 出:14 数:5
一番高いモンスター: -1
スコア: 64798587
0 0 0 1 0 62 112 93 6 72 246 115 13 16 298 20 10 31 30 10 0 0 0 27 0
求:16 出:17 数:5
一番高いモンスター: -1
スコア: 64798587
0 0 0 1 0 62 112 93 6 72 246 115 13 16 298 20 10 31 30 10 0 0 0 27 0
求:12 出:14 数:5
一番高いモンスター: -1
スコア: 64798587
0 0 0 1 0 62 112 93 6 72 246 115 13 16 298 20 10 31 30 10 0 0 0 27 0
求:16 出:17 数:5
一番高いモンスター: -1
スコア: 64798587
0 0 0 1 0 62 112 93 6 72 246 115 13 16 298 20 10 31 30 10 0 0 0 27 0
求:12 出:14 数:5
一番高いモンスター: -1
スコア: 64798587
0 0 0 1 0 62 112 93 6 72 246 115 13 16 298 20 10 31 30 10 0 0 0 27 0
求:16 出:17 数:5
一番高いモンスター: -1
スコア: 64798587
0 0 0 1 0 62 112 93 6 72 246 115 13 16 298 20 10 31 30 10 0 0 0 27 0
求:12 出:14 数:5
一番高いモンスター: -1
スコア: 64798587
0 0 0 1 0 62 112 93 6 72 246 115 13 16 298 20 10 31 30 10 0 0 0 27 0
求:16 出:17 数:5
一番高いモンスター: -1
スコア: 64798587
0 0 0 1 0 62 112 93 6 72 246 115 13 16 298 20 10 31 30 10 0 0 0 27 0
求:12 出:14 数:5
一番高いモンスター: -1
スコア: 64798587
2 2 3 4 3 62 114 94 6 73 248 115 13 16 298 20 10 31 30 10 0 0 0 28 0
求:16 出:17 数:5
一番高いモンスター: 5011
召喚 ID: 805
スコア: 64803414
0 1 1 1 1 62 114 94 6 73 248 115 13 16 298 20 10 31 30 10 0 0 0 28 0
求:12 出:14 数:5
一番高いモンスター: -1
スコア: 64803414
0 1 1 1 1 62 114 94 6 73 248 115 13 16 298 20 10 31 30 10 0 0 0 28 0
求:16 出:17 数:5
一番高いモンスター: -1
スコア: 64803414
0 1 1 1 1 62 114 94 6 73 248 115 13 16 298 20 10 31 30 10 0 0 0 28 0
求:12 出:14 数:5
一番高いモンスター: -1
スコア: 64803414
0 1 1 1 1 62 114 94 6 73 248 115 13 16 298 20 10 31 30 10 0 0 0 28 0
求:16 出:17 数:5
一番高いモンスター: -1
スコア: 64803414
0 1 1 1 1 62 114 94 6 73 248 115 13 16 298 20 10 31 30 10 0 0 0 28 0
求:12 出:14 数:5
一番高いモンスター: -1
スコア: 64803414
0 1 1 1 1 62 114 94 6 73 248 115 13 16 298 20 10 31 30 10 0 0 0 28 0
求:16 出:17 数:5
一番高いモンスター: -1
スコア: 64803414
0 1 1 1 1 62 114 94 6 73 248 115 13 16 298 20 10 31 30 10 0 0 0 28 0
求:12 出:14 数:5
一番高いモンスター: -1
スコア: 64803414
0 1 1 1 1 62 114 94 6 73 248 115 13 16 298 20 10 31 30 10 0 0 0 28 0
求:16 出:17 数:5
一番高いモンスター: -1
スコア: 64803414
1 3 2 4 4 62 116 95 6 74 249 116 18 16 298 20 10 32 33 10 0 0 0 28 0
求:13 出:14 数:5
一番高いモンスター: 6030
召喚 ID: 861
スコア: 64809285
0 0 0 0 2 62 116 95 6 74 249 116 18 16 298 20 10 32 33 10 0 0 0 28 0
求:16 出:18 数:5
一番高いモンスター: -1
スコア: 64809285
0 0 0 0 2 62 116 95 6 74 249 116 18 16 298 20 10 32 33 10 0 0 0 28 0
求:13 出:14 数:5
一番高いモンスター: -1
スコア: 64809285
0 0 0 0 2 62 116 95 6 74 249 116 18 16 298 20 10 32 33 10 0 0 0 28 0
求:16 出:18 数:5
一番高いモンスター: -1
スコア: 64809285
0 0 0 0 2 62 116 95 6 74 249 116 18 16 298 20 10 32 33 10 0 0 0 28 0
求:13 出:14 数:5
一番高いモンスター: -1
スコア: 64809285
0 0 0 0 2 62 116 95 6 74 249 116 18 16 298 20 10 32 33 10 0 0 0 28 0
求:16 出:18 数:5
一番高いモンスター: -1
スコア: 64809285
0 0 0 0 2 62 116 95 6 74 249 116 18 16 298 20 10 32 33 10 0 0 0 28 0
求:13 出:14 数:5
一番高いモンスター: -1
スコア: 64809285
0 0 0 0 2 62 116 95 6 74 249 116 18 16 298 20 10 32 33 10 0 0 0 28 0
求:16 出:18 数:5
一番高いモンスター: -1
スコア: 64809285
0 0 0 0 2 62 116 95 6 74 249 116 18 16 298 20 10 32 33 10 0 0 0 28 0
求:13 出:14 数:5
一番高いモンスター: -1
