スコア: 25637842
9 3 7 5 8 81 76 73 0 66 656 607 0 0 598 2 1 395 465 2 0 0 1 2 0
求:16 出:23 数:4
一番高いモンスター: 322537
スコア: 25637842
9 3 7 5 8 81 76 73 0 66 656 607 0 0 598 2 3 395 465 2 0 0 1 0 0
一番高いモンスター: 322537
スコア: 25637842
11 4 10 10 10 82 76 74 0 66 656 608 0 0 599 2 3 396 466 2 0 0 1 1 0
一番高いモンスター: 322537
スコア: 25637842
11 4 10 10 10 82 76 74 0 66 656 608 0 0 599 2 3 396 466 2 0 0 1 1 0
一番高いモンスター: 322537
スコア: 25637842
11 4 10 10 10 82 76 74 0 66 656 608 0 0 599 2 3 396 466 2 0 0 1 1 0
一番高いモンスター: 322537
スコア: 25637842
11 4 10 10 10 82 76 74 0 66 656 608 0 0 599 2 3 396 466 2 0 0 1 1 0
一番高いモンスター: 322537
スコア: 25637842
11 4 10 10 10 82 76 74 0 66 656 608 0 0 599 2 3 396 466 2 0 0 1 1 0
一番高いモンスター: 322537
スコア: 25637842
11 4 10 10 10 82 76 74 0 66 656 608 0 0 599 2 3 396 466 2 0 0 1 1 0
一番高いモンスター: 322537
スコア: 25637842
11 4 10 10 10 82 76 74 0 66 656 608 0 0 599 2 3 396 466 2 0 0 1 1 0
一番高いモンスター: 322537
スコア: 25637842
11 4 10 10 10 82 76 74 0 66 656 608 0 0 599 2 3 396 466 2 0 0 1 1 0
一番高いモンスター: 322537
スコア: 25637842
11 4 10 10 10 82 76 74 0 66 656 608 0 0 599 2 3 396 466 2 0 0 1 1 0
一番高いモンスター: 322537
スコア: 25637842
11 4 10 10 10 82 76 74 0 66 656 608 0 0 599 2 3 396 466 2 0 0 1 1 0
一番高いモンスター: 322537
スコア: 25637842
13 8 11 12 10 82 76 77 0 67 657 610 0 0 600 2 3 397 467 2 0 0 1 2 0
一番高いモンスター: 322537
スコア: 25637842
13 8 11 12 10 82 76 77 0 67 657 610 0 0 600 2 3 397 467 2 0 0 1 2 0
一番高いモンスター: 322537
スコア: 25637842
13 8 11 12 10 82 76 77 0 67 657 610 0 0 600 2 3 397 467 2 0 0 1 2 0
一番高いモンスター: 322537
スコア: 25637842
13 8 11 12 10 82 76 77 0 67 657 610 0 0 600 2 3 397 467 2 0 0 1 2 0
一番高いモンスター: 322537
スコア: 25637842
13 8 11 12 10 82 76 77 0 67 657 610 0 0 600 2 3 397 467 2 0 0 1 2 0
一番高いモンスター: 322537
