スコア: 15407413
47 44 56 41 50 0 31 141 7 51 528 497 0 0 501 0 0 351 388 0 0 0 0 59 0
出:12 求:10 数:12
一番高いモンスター: 60208
召喚 ID: 346
スコア: 15464524
47 44 56 41 50 0 20 140 5 45 526 497 0 0 501 0 0 351 388 0 0 0 0 59 0
出:16 求:18 数:6
一番高いモンスター: 60208
召喚 ID: 346
スコア: 15521618
48 46 61 43 51 0 11 141 3 41 526 498 0 0 502 0 0 351 398 0 0 0 0 59 0
出:21 求:23 数:12
一番高いモンスター: 60208
召喚 ID: 346
スコア: 15578695
48 46 61 43 51 0 0 140 1 35 526 498 0 0 502 0 0 351 398 0 0 0 0 54 0
出:6 求:7 数:19
一番高いモンスター: 17819
スコア: 15578695
48 46 61 43 51 0 0 121 1 35 526 498 0 0 502 0 0 351 398 0 0 0 0 54 0
出:12 求:10 数:8
一番高いモンスター: 17819
スコア: 15578695
48 46 61 43 51 0 0 121 1 35 530 498 0 0 502 0 0 351 398 0 0 0 0 54 0
出:16 求:18 数:6
一番高いモンスター: 17819
スコア: 15578695
48 46 61 43 51 0 0 121 1 35 530 498 0 0 502 0 0 351 398 0 0 0 0 54 0
出:21 求:23 数:5
一番高いモンスター: 17819
スコア: 15578695
48 46 61 43 51 0 0 121 1 35 530 498 0 0 502 0 0 351 398 0 0 0 0 61 0
出:6 求:7 数:17
一番高いモンスター: 17819
スコア: 15578695
48 46 61 43 51 0 0 123 1 35 530 498 0 0 502 0 0 351 398 0 0 0 0 61 0
出:12 求:10 数:13
一番高いモンスター: 17819
スコア: 15578695
48 46 61 43 51 0 0 123 1 35 525 498 0 0 502 0 0 351 398 0 0 0 0 61 0
出:16 求:18 数:10
一番高いモンスター: 17819
スコア: 15578695
48 46 61 43 51 0 0 123 1 35 525 498 0 0 502 0 0 351 394 0 0 0 0 61 0
出:21 求:23 数:4
一番高いモンスター: 17819
スコア: 15578695
50 47 64 45 55 2 2 123 1 35 526 498 0 0 503 0 0 352 394 0 0 0 0 63 0
出:8 求:7 数:10
一番高いモンスター: 57222
召喚 ID: 453
スコア: 15634476
50 47 64 45 55 1 2 116 1 25 526 498 0 0 503 0 0 352 394 0 0 0 0 63 0
出:12 求:10 数:11
一番高いモンスター: 57222
召喚 ID: 453
スコア: 15690240
50 47 64 45 55 0 2 108 1 15 528 498 0 0 503 0 0 352 394 0 0 0 0 63 0
出:16 求:18 数:11
一番高いモンスター: 22293
スコア: 15690240
50 47 64 45 55 0 2 108 1 15 528 498 0 0 503 0 0 352 393 0 0 0 0 63 0
出:21 求:23 数:8
一番高いモンスター: 22293
スコア: 15690240
50 47 64 45 55 0 2 108 1 15 528 498 0 0 503 0 0 352 393 0 0 0 0 59 0
出:8 求:7 数:13
一番高いモンスター: 22293
スコア: 15690240
50 47 64 45 55 0 2 105 1 15 528 498 0 0 503 0 0 352 393 0 0 0 0 59 0
出:12 求:10 数:11
一番高いモンスター: 22293
スコア: 15690240
50 47 64 45 55 0 2 105 1 15 528 498 0 0 503 0 0 352 393 0 0 0 0 59 0
出:16 求:18 数:14
一番高いモンスター: 22293
スコア: 15690240
50 47 64 45 55 0 2 105 1 15 528 498 0 0 503 0 0 352 390 0 0 0 0 59 0
出:21 求:23 数:4
一番高いモンスター: 22293
スコア: 15690240
50 47 64 45 55 0 2 105 1 15 528 498 0 0 503 0 0 352 390 0 0 0 0 63 0
出:8 求:7 数:18
一番高いモンスター: 22293
スコア: 15690240
50 47 64 45 55 0 2 100 1 15 528 498 0 0 503 0 0 352 390 0 0 0 0 63 0
出:12 求:10 数:15
一番高いモンスター: 22293
スコア: 15690240
50 49 67 46 58 1 3 100 1 19 524 501 0 0 504 0 0 352 391 0 0 0 0 63 0
出:16 求:18 数:6
一番高いモンスター: 57222
召喚 ID: 453
スコア: 15745988
50 49 67 46 58 0 3 92 1 9 524 501 0 0 504 0 0 352 399 0 0 0 0 63 0
出:21 求:23 数:6
一番高いモンスター: 22293
スコア: 15745988
50 49 67 46 58 0 3 92 1 9 524 501 0 0 504 0 0 352 399 0 0 0 0 61 0
出:8 求:7 数:10
一番高いモンスター: 22293
スコア: 15745988
50 49 67 46 58 0 3 100 1 9 524 501 0 0 504 0 0 352 399 0 0 0 0 61 0
出:12 求:10 数:14
一番高いモンスター: 22293
スコア: 15745988
50 49 67 46 58 0 3 100 1 9 525 501 0 0 504 0 0 352 399 0 0 0 0 61 0
出:16 求:18 数:9
一番高いモンスター: 22293
スコア: 15745988
50 49 67 46 58 0 3 100 1 9 525 501 0 0 504 0 0 352 396 0 0 0 0 61 0
出:21 求:23 数:13
一番高いモンスター: 22293
スコア: 15745988
50 49 67 46 58 0 3 100 1 9 525 501 0 0 504 0 0 352 396 0 0 0 0 54 0
出:8 求:7 数:12
一番高いモンスター: 22293
スコア: 15745988
50 49 67 46 58 0 3 98 1 9 525 501 0 0 504 0 0 352 396 0 0 0 0 54 0
出:12 求:10 数:16
一番高いモンスター: 22293
スコア: 15745988
50 49 67 46 58 0 3 98 1 9 523 501 0 0 504 0 0 352 396 0 0 0 0 54 0
出:16 求:18 数:13
一番高いモンスター: 22293
スコア: 15745988
53 50 70 46 60 1 6 99 1 10 524 501 0 0 506 0 0 352 393 0 0 0 0 55 0
出:21 求:23 数:12
一番高いモンスター: 57222
召喚 ID: 453
スコア: 15801719
53 50 70 46 60 0 6 91 1 0 524 501 0 0 506 0 0 352 393 0 0 0 0 56 0
出:9 求:7 数:11
一番高いモンスター: 14566
スコア: 15801719
53 50 70 46 60 0 6 80 1 0 524 501 0 0 506 0 0 352 393 0 0 0 0 56 0
出:12 求:10 数:13
一番高いモンスター: 14566
