スコア: 45178528
67 56 65 79 69 27 39 62 1 65 337 264 5 4 378 5 1 217 219 1 0 0 0 0 0
一番高いモンスター: 174306
召喚 ID: 196
スコア: 45342485
67 56 65 79 69 27 39 62 1 65 334 261 0 4 375 5 1 217 219 1 0 0 0 0 0
求:12 出:18 数:5
一番高いモンスター: 111793
スコア: 45342485
67 56 65 79 69 27 39 62 1 65 334 261 5 4 375 5 1 217 214 1 0 0 0 0 0
一番高いモンスター: 174306
召喚 ID: 196
スコア: 45506245
67 56 65 79 69 27 39 62 1 65 331 258 0 4 372 5 1 217 214 1 0 0 0 0 0
求:12 出:17 数:5
一番高いモンスター: 111793
スコア: 45506245
67 56 65 79 69 27 39 62 1 65 331 258 0 4 372 5 1 212 214 1 0 0 0 0 0
一番高いモンスター: 111793
スコア: 45506245
67 56 65 79 69 27 39 62 1 65 331 258 0 4 372 5 1 212 214 1 0 0 0 0 0
求:12 出:18 数:5
一番高いモンスター: 111793
スコア: 45506245
67 56 65 79 69 27 39 62 1 65 331 258 5 4 372 5 1 212 209 1 0 0 0 0 0
一番高いモンスター: 174306
召喚 ID: 196
スコア: 45669613
70 57 66 84 70 28 39 62 1 67 330 256 0 4 369 5 1 213 209 1 0 0 0 2 0
求:12 出:17 数:5
一番高いモンスター: 111793
スコア: 45669613
70 57 66 84 70 28 39 62 1 67 330 256 5 4 369 5 1 213 209 1 0 0 0 2 0
求:16 出:23 数:5
一番高いモンスター: 174306
召喚 ID: 196
