スコア: 77374027
9 6 5 14 6 22 109 155 0 64 305 162 2 1 353 15 7 37 41 11 2 0 0 2 2
求:13 出:14 数:5
一番高いモンスター: 129751
スコア: 77374027
9 6 5 14 6 22 109 155 0 64 305 162 2 1 353 15 7 37 41 11 2 0 0 2 2
求:16 出:18 数:5
一番高いモンスター: 129751
スコア: 77374027
10 8 9 18 6 24 109 156 0 64 308 164 2 1 353 15 7 37 42 11 2 0 0 2 2
求:21 出:20 数:5
一番高いモンスター: 129751
スコア: 77374027
10 8 9 18 6 24 109 156 0 64 308 164 2 1 353 15 7 37 42 11 2 0 0 2 2
求:13 出:14 数:5
一番高いモンスター: 129751
スコア: 77374027
10 8 9 18 6 24 109 156 0 64 308 164 2 1 353 15 7 37 42 11 2 0 0 2 2
求:16 出:18 数:5
一番高いモンスター: 129751
スコア: 77374027
10 8 9 18 6 24 109 156 0 64 308 164 2 1 353 15 7 37 42 11 2 0 0 2 2
求:21 出:20 数:5
一番高いモンスター: 129751
スコア: 77374027
10 8 9 18 6 24 109 156 0 64 308 164 2 1 353 15 7 37 42 11 2 0 0 2 2
求:13 出:14 数:5
一番高いモンスター: 129751
スコア: 77374027
10 8 9 18 6 24 109 156 0 64 308 164 2 1 353 15 7 37 42 11 2 0 0 2 2
求:16 出:18 数:5
一番高いモンスター: 129751
スコア: 77374027
10 8 9 18 6 24 109 156 0 64 308 164 2 1 353 15 7 37 42 11 2 0 0 2 2
求:21 出:20 数:5
一番高いモンスター: 129751
スコア: 77374027
10 8 9 18 6 24 109 156 0 64 308 164 2 1 353 15 7 37 42 11 2 0 0 2 2
求:13 出:14 数:5
一番高いモンスター: 129751
スコア: 77374027
10 8 9 18 6 24 109 156 0 64 308 164 2 1 353 15 7 37 42 11 2 0 0 2 2
求:16 出:18 数:5
一番高いモンスター: 129751
スコア: 77374027
12 11 11 20 11 24 109 157 0 66 308 164 2 1 353 15 7 38 44 11 2 0 0 2 2
求:21 出:20 数:5
一番高いモンスター: 129751
スコア: 77374027
12 11 11 20 11 24 109 157 0 66 308 164 2 1 353 15 7 38 44 11 2 0 0 2 2
求:13 出:14 数:5
一番高いモンスター: 129751
スコア: 77374027
12 11 11 20 11 24 109 157 0 66 308 164 2 1 353 15 7 38 44 11 2 0 0 2 2
求:16 出:18 数:5
一番高いモンスター: 129751
スコア: 77374027
12 11 11 20 11 24 109 157 0 66 308 164 2 1 353 15 7 38 44 11 2 0 0 2 2
求:21 出:20 数:5
一番高いモンスター: 129751
スコア: 77374027
12 11 11 20 11 24 109 157 0 66 308 164 2 1 353 15 7 38 44 11 2 0 0 2 2
求:13 出:14 数:5
一番高いモンスター: 129751
スコア: 77374027
12 11 11 20 11 24 109 157 0 66 308 164 2 1 353 15 7 38 44 11 2 0 0 2 2
求:16 出:18 数:5
一番高いモンスター: 129751
スコア: 77374027
12 11 11 20 11 24 109 157 0 66 308 164 2 1 353 15 7 38 44 11 2 0 0 2 2
求:21 出:20 数:5
一番高いモンスター: 129751
スコア: 77374027
12 11 11 20 11 24 109 157 0 66 308 164 2 1 353 15 7 38 44 11 2 0 0 2 2
求:13 出:14 数:5
一番高いモンスター: 129751
スコア: 77374027
12 11 11 20 11 24 109 157 0 66 308 164 2 1 353 15 7 38 44 11 2 0 0 2 2
求:16 出:18 数:5
一番高いモンスター: 129751
スコア: 77374027
12 11 11 20 11 24 109 157 0 66 308 164 2 1 353 15 7 38 44 11 2 0 0 2 2
求:21 出:20 数:5
一番高いモンスター: 129751
スコア: 77374027
14 13 13 21 14 24 112 157 0 66 309 167 2 1 355 15 7 39 44 11 2 0 0 2 2
求:13 出:14 数:5
一番高いモンスター: 129751
スコア: 77374027
14 13 13 21 14 24 112 157 0 66 309 167 2 1 355 15 7 39 44 11 2 0 0 2 2
求:16 出:18 数:5
一番高いモンスター: 129751
スコア: 77374027
14 13 13 21 14 24 112 157 0 66 309 167 2 1 355 15 7 39 44 11 2 0 0 2 2
求:21 出:20 数:5
一番高いモンスター: 129751
スコア: 77374027
14 13 13 21 14 24 112 157 0 66 309 167 2 1 355 15 7 39 44 11 2 0 0 2 2
求:13 出:14 数:5
一番高いモンスター: 129751
スコア: 77374027
14 13 13 21 14 24 112 157 0 66 309 167 2 1 355 15 7 39 44 11 2 0 0 2 2
求:16 出:18 数:5
一番高いモンスター: 129751
スコア: 77374027
14 13 13 21 14 24 112 157 0 66 309 167 2 1 355 15 7 39 44 11 2 0 0 2 2
求:21 出:20 数:5
一番高いモンスター: 129751
スコア: 77374027
14 13 13 21 14 24 112 157 0 66 309 167 2 1 355 15 7 39 44 11 2 0 0 2 2
求:13 出:14 数:5
一番高いモンスター: 129751
スコア: 77374027
14 13 13 21 14 24 112 157 0 66 309 167 2 1 355 15 7 39 44 11 2 0 0 2 2
求:16 出:18 数:5
一番高いモンスター: 129751
スコア: 77374027
14 13 13 21 14 24 112 157 0 66 309 167 2 1 355 15 7 39 44 11 2 0 0 2 2
求:21 出:20 数:5
一番高いモンスター: 129751
スコア: 77374027
20 16 16 22 15 25 114 157 0 67 309 168 2 1 356 15 7 39 44 11 2 0 0 2 2
求:13 出:14 数:5
一番高いモンスター: 129751
スコア: 77374027
20 16 16 22 15 25 114 157 0 67 309 168 2 1 356 15 7 39 44 11 2 0 0 2 2
求:16 出:18 数:5
一番高いモンスター: 129751
スコア: 77374027
20 16 16 22 15 25 114 157 0 67 309 168 2 1 356 15 7 39 44 11 2 0 0 2 2
求:21 出:20 数:5
一番高いモンスター: 129751
スコア: 77374027
20 16 16 22 15 25 114 157 0 67 309 168 2 1 356 15 7 39 44 11 2 0 0 2 2
求:13 出:14 数:5
一番高いモンスター: 129751
スコア: 77374027
20 16 16 22 15 25 114 157 0 67 309 168 2 1 356 15 7 39 44 11 2 0 0 2 2
求:16 出:18 数:5
一番高いモンスター: 129751
スコア: 77374027
20 16 16 22 15 25 114 157 0 67 309 168 2 1 356 15 7 39 44 11 2 0 0 2 2
求:21 出:20 数:5
一番高いモンスター: 129751
スコア: 77374027
20 16 16 22 15 25 114 157 0 67 309 168 2 1 356 15 7 39 44 11 2 0 0 2 2
求:13 出:14 数:5
一番高いモンスター: 129751
スコア: 77374027
20 16 16 22 15 25 114 157 0 67 309 168 2 1 356 15 7 39 44 11 2 0 0 2 2
求:16 出:18 数:5
一番高いモンスター: 129751
スコア: 77374027
20 16 16 22 15 25 114 157 0 67 309 168 2 1 356 15 7 39 44 11 2 0 0 2 2
求:21 出:20 数:5
一番高いモンスター: 129751
スコア: 77374027
22 18 17 23 19 26 115 157 0 68 310 169 2 1 358 15 7 40 46 11 2 0 0 2 2
求:13 出:14 数:5
一番高いモンスター: 129751
スコア: 77374027
22 18 17 23 19 26 115 157 0 68 310 169 2 1 358 15 7 40 46 11 2 0 0 2 2
求:16 出:18 数:5
一番高いモンスター: 129751
スコア: 77374027
22 18 17 23 19 26 115 157 0 68 310 169 2 1 358 15 7 40 46 11 2 0 0 2 2
求:21 出:20 数:5
一番高いモンスター: 129751
スコア: 77374027
22 18 17 23 19 26 115 157 0 68 310 169 2 1 358 15 7 40 46 11 2 0 0 2 2
求:13 出:14 数:5
一番高いモンスター: 129751
