スコア: 64583974
0 1 0 0 0 12 38 48 0 14 205 78 3 3 270 5 7 10 17 5 0 0 0 5 0
一番高いモンスター: -1
スコア: 64583974
0 1 0 0 0 12 38 48 0 14 205 78 3 3 270 5 7 10 17 5 0 0 0 5 0
求:12 出:7 数:5
一番高いモンスター: -1
スコア: 64583974
0 1 0 0 0 12 38 48 0 14 205 78 3 3 270 5 7 10 17 5 0 0 0 5 0
一番高いモンスター: -1
スコア: 64583974
0 1 0 0 0 12 38 48 0 14 205 78 3 3 270 5 7 10 17 5 0 0 0 5 0
求:12 出:18 数:5
一番高いモンスター: -1
スコア: 64583974
2 3 2 4 2 15 39 49 0 14 207 78 8 3 270 5 7 11 12 5 0 0 0 5 0
求:15 出:14 数:5
一番高いモンスター: 6030
召喚 ID: 861
スコア: 64589854
1 0 0 0 0 15 39 49 0 14 207 78 8 3 270 5 7 11 12 5 0 0 0 5 0
求:13 出:14 数:5
一番高いモンスター: -1
スコア: 64589854
1 0 0 0 0 15 39 49 0 14 207 78 8 3 270 5 7 11 12 5 0 0 0 5 0
求:15 出:14 数:5
一番高いモンスター: -1
スコア: 64589854
1 0 0 0 0 15 39 49 0 14 207 78 8 3 270 5 7 11 12 5 0 0 0 5 0
求:13 出:7 数:5
一番高いモンスター: -1
スコア: 64589854
1 0 0 0 0 15 39 44 0 14 207 78 8 3 270 5 7 11 12 5 0 0 0 5 0
求:15 出:14 数:5
一番高いモンスター: -1
スコア: 64589854
1 0 0 0 0 15 39 44 0 14 207 78 8 3 270 5 7 11 12 5 0 0 0 5 0
求:13 出:7 数:5
一番高いモンスター: -1
スコア: 64589854
1 0 0 0 0 15 39 44 0 14 207 78 8 3 270 5 7 11 12 5 0 0 0 5 0
一番高いモンスター: -1
スコア: 64589854
1 0 0 0 0 15 39 44 0 14 207 78 8 3 270 5 7 11 12 5 0 0 0 5 0
求:13 出:7 数:5
一番高いモンスター: -1
スコア: 64589854
1 0 0 0 0 15 39 44 0 14 207 78 8 3 270 5 7 11 12 5 0 0 0 5 0
求:15 出:14 数:5
一番高いモンスター: -1
スコア: 64589854
1 3 0 2 0 19 42 44 0 15 207 82 8 3 270 5 7 11 13 5 0 0 0 7 0
求:13 出:18 数:5
一番高いモンスター: -1
スコア: 64589854
1 3 0 2 0 19 42 44 0 15 207 82 8 6 270 5 7 11 8 5 0 0 0 7 0
求:15 出:17 数:5
一番高いモンスター: -1
スコア: 64589854
1 3 0 2 0 19 42 44 0 15 207 82 8 6 270 5 7 6 8 5 0 0 0 7 0
求:13 出:18 数:5
一番高いモンスター: -1
スコア: 64589854
1 3 0 2 0 19 42 44 0 15 207 82 8 7 270 5 7 6 5 5 0 0 0 7 0
求:15 出:23 数:5
一番高いモンスター: -1
スコア: 64589854
1 3 0 2 0 19 42 44 0 15 207 82 8 7 270 10 7 6 5 5 0 0 0 2 0
求:13 出:15 数:5
一番高いモンスター: -1
スコア: 64589854
1 3 0 2 0 19 42 44 0 15 207 82 8 14 270 5 7 6 5 5 0 0 0 2 0
求:15 出:14 数:5
一番高いモンスター: -1
スコア: 64589854
1 3 0 2 0 19 42 44 0 15 207 82 8 14 270 5 7 6 5 5 0 0 0 2 0
一番高いモンスター: -1
スコア: 64589854
1 3 0 2 0 19 42 44 0 15 207 82 8 14 270 10 7 6 5 5 0 0 0 2 0
求:18 出:14 数:5
一番高いモンスター: -1
スコア: 64589854
1 3 0 2 0 19 42 44 0 15 207 82 8 14 265 10 7 6 5 5 0 0 0 2 0
求:12 出:14 数:5
一番高いモンスター: -1
スコア: 64589854
3 4 3 5 0 20 42 47 0 17 211 82 8 14 265 10 7 6 6 5 0 0 0 2 0
一番高いモンスター: 5526
召喚 ID: 842
スコア: 64595296
0 3 0 1 0 20 42 47 0 17 211 82 8 14 265 10 7 6 6 5 0 0 0 2 0
求:12 出:15 数:5
一番高いモンスター: -1
スコア: 64595296
0 3 0 1 0 20 42 47 0 17 211 82 13 14 265 5 7 6 6 5 0 0 0 2 0
求:15 出:16 数:5
一番高いモンスター: -1
スコア: 64595296
0 3 0 1 0 20 42 47 0 17 211 82 13 14 265 10 2 6 6 5 0 0 0 2 0
求:12 出:14 数:5
一番高いモンスター: -1
スコア: 64595296
0 3 0 1 0 20 42 47 0 17 211 82 13 14 265 10 2 6 6 5 0 0 0 2 0
求:16 出:15 数:5
一番高いモンスター: -1
スコア: 64595296
0 3 0 1 0 20 42 47 0 17 211 82 13 14 265 5 2 6 6 5 0 0 0 2 0
一番高いモンスター: -1
スコア: 64595296
0 3 0 1 0 20 42 47 0 17 211 82 13 14 265 5 2 6 6 5 0 0 0 2 0
求:16 出:17 数:5
一番高いモンスター: -1
スコア: 64595296
0 3 0 1 0 20 42 47 0 17 211 82 13 14 265 5 2 6 6 5 0 0 0 2 0
求:12 出:7 数:5
一番高いモンスター: -1
スコア: 64595296
0 3 0 1 0 20 42 47 0 17 211 82 13 14 265 5 2 6 6 5 0 0 0 2 0
一番高いモンスター: -1
スコア: 64595296
0 3 0 1 0 20 42 47 0 17 211 82 13 14 265 5 2 6 6 5 0 0 0 2 0
求:12 出:14 数:5
一番高いモンスター: -1
スコア: 64595296
3 5 1 3 4 23 42 48 0 17 212 82 13 14 265 5 2 6 8 5 0 0 0 3 0
求:16 出:14 数:5
一番高いモンスター: 6528
召喚 ID: 632
スコア: 64601723
0 0 0 0 3 23 42 48 0 17 212 82 13 14 265 5 2 6 8 5 0 0 0 3 0
求:12 出:7 数:5
一番高いモンスター: -1
スコア: 64601723
0 0 0 0 3 23 42 48 0 17 212 82 13 14 265 5 2 6 8 5 0 0 0 3 0
求:16 出:23 数:5
一番高いモンスター: -1
スコア: 64601723
0 0 0 0 3 23 42 48 0 17 212 82 13 14 265 5 5 6 8 5 0 0 0 0 0
一番高いモンスター: -1
スコア: 64601723
0 0 0 0 3 23 42 48 0 17 212 82 13 14 265 5 5 6 8 5 0 0 0 0 0
一番高いモンスター: -1
スコア: 64601723
0 0 0 0 3 23 42 48 0 17 212 82 13 14 265 5 5 6 8 5 0 0 0 0 0
求:12 出:14 数:5
一番高いモンスター: -1
スコア: 64601723
0 0 0 0 3 23 42 48 0 17 212 82 13 14 265 5 5 6 8 5 0 0 0 0 0
一番高いモンスター: -1
スコア: 64601723
0 0 0 0 3 23 42 48 0 17 212 82 13 14 265 5 5 6 8 5 0 0 0 0 0
求:12 出:14 数:5
一番高いモンスター: -1
スコア: 64601723
0 0 0 0 3 23 42 48 0 17 212 82 13 14 265 5 5 6 8 5 0 0 0 0 0
一番高いモンスター: -1
スコア: 64601723
0 5 1 1 7 23 44 51 0 18 213 82 13 14 267 5 5 6 8 5 0 0 0 0 0
求:12 出:7 数:5
一番高いモンスター: 6031
召喚 ID: 969
スコア: 64607689
0 1 0 1 0 23 44 51 0 18 213 82 13 14 267 5 5 6 8 5 0 0 0 0 0
求:15 出:18 数:5
一番高いモンスター: -1
スコア: 64607689
0 1 0 1 0 23 44 51 0 18 213 82 13 14 267 5 5 6 8 5 0 0 0 0 0
求:12 出:14 数:5
一番高いモンスター: -1
スコア: 64607689
0 1 0 1 0 23 44 51 0 18 213 82 13 14 267 5 7 6 8 5 0 0 0 0 0
求:15 出:14 数:5
一番高いモンスター: -1
スコア: 64607689
0 1 0 1 0 23 44 51 0 18 213 82 13 14 267 5 7 6 8 5 0 0 0 0 0
求:12 出:14 数:5
一番高いモンスター: -1
スコア: 64607689
0 1 0 1 0 23 44 51 0 18 213 82 13 14 267 5 7 6 8 5 0 0 0 0 0
一番高いモンスター: -1
スコア: 64607689
0 1 0 1 0 23 44 51 0 18 213 82 13 14 267 5 7 6 8 5 0 0 0 0 0
求:12 出:7 数:5
一番高いモンスター: -1
スコア: 64607689
0 1 0 1 0 23 44 51 0 18 213 82 13 14 267 5 7 6 8 5 0 0 0 0 0
求:15 出:18 数:5
一番高いモンスター: -1
スコア: 64607689
0 1 0 1 0 23 44 51 0 18 213 82 13 14 267 5 7 6 8 5 0 0 0 0 0
一番高いモンスター: -1
スコア: 64607689
1 6 4 5 1 25 44 51 0 19 213 82 13 14 268 5 7 6 9 5 0 0 0 0 0
求:15 出:18 数:5
一番高いモンスター: 8011
召喚 ID: 669
スコア: 64615614
0 0 0 0 1 25 44 51 0 19 213 82 13 16 268 5 7 6 9 5 0 0 0 0 0
求:12 出:14 数:5
一番高いモンスター: -1
スコア: 64615614
0 0 0 0 1 25 44 51 0 19 213 82 13 16 268 5 7 6 9 5 0 0 0 0 0
求:15 出:18 数:5
一番高いモンスター: -1
スコア: 64615614
0 0 0 0 1 25 44 51 0 19 213 82 13 16 268 5 7 6 9 5 0 0 0 0 0
求:12 出:7 数:5
一番高いモンスター: -1
スコア: 64615614
0 0 0 0 1 25 44 51 0 19 213 82 13 16 268 5 7 6 9 5 0 0 0 0 0
一番高いモンスター: -1
スコア: 64615614
0 0 0 0 1 25 44 51 0 19 213 82 13 16 268 5 7 6 9 5 0 0 0 0 0
一番高いモンスター: -1
スコア: 64615614
0 0 0 0 1 25 44 51 0 19 213 82 13 16 268 5 7 6 9 5 0 0 0 0 0
求:15 出:14 数:5
一番高いモンスター: -1
スコア: 64615614
0 0 0 0 1 25 44 51 0 19 213 82 13 16 268 5 9 6 9 5 0 0 0 0 0
一番高いモンスター: -1
スコア: 64615614
0 0 0 0 1 25 44 51 0 19 213 82 13 16 268 5 9 6 9 5 0 0 0 0 0
求:15 出:16 数:5
一番高いモンスター: -1
スコア: 64615614
1 2 0 5 3 25 45 54 0 21 214 82 13 16 269 10 5 7 9 5 0 0 0 1 0
求:12 出:7 数:5
一番高いモンスター: 3530
召喚 ID: 820
スコア: 64619057
1 2 0 1 0 25 45 54 0 21 214 82 13 16 269 10 5 7 9 5 0 0 0 1 0
求:16 出:14 数:5
一番高いモンスター: -1
スコア: 64619057
1 2 0 1 0 25 45 54 0 21 214 82 13 16 269 10 5 7 9 5 0 0 0 1 0
求:12 出:14 数:5
一番高いモンスター: -1
スコア: 64619057
1 2 0 1 0 25 45 54 0 21 214 82 13 16 269 10 5 7 9 5 0 0 0 1 0
一番高いモンスター: -1
スコア: 64619057
1 2 0 1 0 25 45 54 0 21 214 82 13 16 269 10 5 7 9 5 0 0 0 1 0
求:12 出:14 数:5
一番高いモンスター: -1
スコア: 64619057
1 2 0 1 0 25 45 54 0 21 214 82 13 16 269 10 5 7 9 5 0 0 0 1 0
一番高いモンスター: -1
スコア: 64619057
1 2 0 1 0 25 45 54 6 21 214 82 13 16 269 10 5 7 9 5 0 0 0 1 0
求:12 出:7 数:5
一番高いモンスター: -1
スコア: 64619057
1 2 0 1 0 25 45 54 6 21 214 82 13 16 269 10 5 7 9 5 0 0 0 1 0
求:16 出:14 数:5
一番高いモンスター: -1
スコア: 64619057
1 2 0 1 0 25 45 54 6 21 214 82 13 16 269 10 5 7 9 5 0 0 0 1 0
求:12 出:14 数:5
一番高いモンスター: -1
スコア: 64619057
1 2 0 1 0 25 45 54 6 21 214 82 13 16 269 10 5 7 9 5 0 0 0 1 0
求:16 出:15 数:5
一番高いモンスター: -1
スコア: 64619057
4 5 0 4 1 25 45 56 6 22 216 83 13 16 270 5 5 7 12 5 0 0 0 1 0
一番高いモンスター: 4523
召喚 ID: 620
スコア: 64623517
3 0 0 2 0 25 45 56 6 22 216 83 13 16 270 5 5 7 12 5 0 0 0 1 0
一番高いモンスター: -1
スコア: 64623517
3 0 0 2 0 25 45 56 6 22 216 83 13 16 270 5 5 7 12 5 0 0 0 1 0
一番高いモンスター: -1
スコア: 64623517
3 0 0 2 0 25 45 56 6 22 216 83 13 16 270 5 5 7 12 5 0 0 0 1 0
一番高いモンスター: -1
スコア: 64623517
3 0 0 2 0 25 45 56 6 22 216 83 13 16 270 5 5 7 12 5 0 0 0 1 0
一番高いモンスター: -1
スコア: 64623517
3 0 0 2 0 25 45 56 6 22 216 83 13 16 270 5 5 7 12 5 0 0 0 1 0
求:15 出:14 数:5
一番高いモンスター: -1
スコア: 64623517
3 0 0 2 0 25 45 56 6 22 216 83 13 16 270 5 5 7 12 5 0 0 0 1 0
求:12 出:14 数:5
一番高いモンスター: -1
スコア: 64623517
3 0 0 2 0 25 45 56 6 22 216 83 13 16 270 5 5 7 12 5 0 0 0 1 0
一番高いモンスター: -1
スコア: 64623517
3 0 0 2 0 25 45 56 6 22 216 83 13 16 270 5 5 7 12 5 0 0 0 1 0
求:12 出:7 数:5
一番高いモンスター: -1
スコア: 64623517
5 3 4 6 1 25 45 56 6 23 218 85 13 16 270 5 5 8 12 5 0 0 0 1 0
求:15 出:18 数:5
一番高いモンスター: 8020
召喚 ID: 832
スコア: 64631437
0 1 2 0 0 25 45 56 6 23 218 85 13 16 270 5 5 8 12 5 0 0 0 1 0
求:12 出:14 数:5
一番高いモンスター: -1
スコア: 64631437
0 1 2 0 0 25 45 56 6 23 218 85 13 16 270 5 5 8 12 5 0 0 0 1 0
求:15 出:18 数:5
一番高いモンスター: -1
スコア: 64631437
0 1 2 0 0 25 45 56 6 23 218 85 13 16 270 5 5 8 12 5 0 0 0 1 0
求:12 出:14 数:5
一番高いモンスター: -1
スコア: 64631437
0 1 2 0 0 25 45 56 6 23 218 85 13 16 270 5 5 8 12 5 0 0 0 1 0
求:15 出:18 数:5
一番高いモンスター: -1
スコア: 64631437
0 1 2 0 0 25 45 56 6 23 218 85 13 16 270 5 5 8 12 5 0 0 0 1 0
求:12 出:7 数:5
一番高いモンスター: -1
スコア: 64631437
0 1 2 0 0 25 45 56 6 23 218 85 13 16 270 5 5 8 12 5 0 0 0 1 0
求:15 出:18 数:5
一番高いモンスター: -1
スコア: 64631437
0 1 2 0 0 25 45 56 6 23 218 85 13 16 270 5 5 8 12 5 0 0 0 1 0
求:12 出:7 数:5
一番高いモンスター: -1
スコア: 64631437
0 1 2 0 0 25 45 56 6 23 218 85 13 16 270 5 5 8 12 5 0 0 0 1 0
一番高いモンスター: -1
スコア: 64631437
5 2 4 0 5 27 48 57 6 24 218 85 13 16 270 5 5 8 12 5 0 0 0 1 0
求:12 出:7 数:5
一番高いモンスター: 5527
召喚 ID: 752
