166 167 175 171 150 109 90 94 0 80 62 81 0 0 61 0 0 74 57 0 0 0 0 43 0
166 167 175 171 150 109 90 94 0 80 62 81 0 0 61 0 0 74 57 0 0 0 0 43 0
169 169 177 172 154 109 91 95 0 82 63 82 0 0 61 0 0 76 57 0 0 0 0 43 0
169 169 177 172 154 109 91 95 0 82 63 82 0 0 61 0 0 76 57 0 0 0 0 43 0
169 169 177 172 154 109 91 95 0 82 63 82 0 0 61 0 0 76 57 0 0 0 0 43 0
169 169 177 172 154 109 91 95 0 82 63 82 0 0 61 0 0 76 57 0 0 0 0 43 0
169 169 177 172 154 109 91 95 0 82 63 82 0 0 61 0 0 76 57 0 0 0 0 43 0
169 169 177 172 154 109 91 95 0 82 63 82 0 0 61 0 0 76 57 0 0 0 0 43 0
169 169 177 172 154 109 91 95 0 82 63 82 0 0 61 0 0 76 57 0 0 0 0 43 0
169 169 177 172 154 109 91 95 0 82 63 82 0 0 61 0 0 76 57 0 0 0 0 43 0
169 169 177 172 154 109 91 95 0 82 63 82 0 0 61 0 0 76 57 0 0 0 0 43 0
171 172 178 174 156 110 91 96 0 83 64 83 0 0 61 0 0 78 59 0 0 0 0 44 0
171 172 178 174 156 110 91 96 0 83 64 83 0 0 61 0 0 78 59 0 0 0 0 44 0
171 172 178 174 156 110 91 96 0 83 64 83 0 0 61 0 0 78 59 0 0 0 0 44 0
171 172 178 174 156 110 91 96 0 83 64 83 0 0 61 0 0 78 59 0 0 0 0 44 0
171 172 178 174 156 110 91 96 0 83 64 83 0 0 61 0 0 78 59 0 0 0 0 44 0
171 172 178 174 156 110 91 96 0 83 64 83 0 0 61 0 0 78 59 0 0 0 0 44 0
171 172 178 174 156 110 91 96 0 83 64 83 0 0 61 0 0 78 59 0 0 0 0 44 0
171 172 178 174 156 110 91 96 0 83 64 83 0 0 61 0 0 78 59 0 0 0 0 44 0
171 172 178 174 156 110 91 96 0 83 64 83 0 0 61 0 0 78 59 0 0 0 0 44 0
171 172 178 174 156 110 91 96 0 83 64 83 0 0 61 0 0 78 59 0 0 0 0 44 0
172 175 181 176 158 110 92 96 0 84 66 83 0 0 61 0 0 80 62 0 0 0 0 44 0
172 175 181 176 158 110 92 96 0 84 66 83 0 0 61 0 0 80 62 0 0 0 0 44 0
172 175 181 176 158 110 92 96 0 84 66 83 0 0 61 0 0 80 62 0 0 0 0 44 0
172 175 181 176 158 110 92 96 0 84 66 83 0 0 61 0 0 80 62 0 0 0 0 44 0
172 175 181 176 158 110 92 96 0 84 66 83 0 0 61 0 0 80 62 0 0 0 0 44 0
172 175 181 176 158 110 92 96 0 84 66 83 0 0 61 0 0 80 62 0 0 0 0 44 0
172 175 181 176 158 110 92 96 0 84 66 83 0 0 61 0 0 80 62 0 0 0 0 44 0
172 175 181 176 158 110 92 96 0 84 66 83 0 0 61 0 0 80 62 0 0 0 0 44 0
172 175 181 176 158 110 92 96 0 84 66 83 0 0 61 0 0 80 62 0 0 0 0 44 0
172 175 181 176 158 110 92 96 0 84 66 83 0 0 61 0 0 80 62 0 0 0 0 44 0
175 176 183 178 159 110 93 96 0 87 68 84 0 0 61 0 0 81 64 0 0 0 0 45 0
175 176 183 178 159 110 93 96 0 87 68 84 0 0 61 0 0 81 64 0 0 0 0 45 0
175 176 183 178 159 110 93 96 0 87 68 84 0 0 61 0 0 81 64 0 0 0 0 45 0
175 176 183 178 159 110 93 96 0 87 68 84 0 0 61 0 0 81 64 0 0 0 0 45 0
175 176 183 178 159 110 93 96 0 87 68 84 0 0 61 0 0 81 64 0 0 0 0 45 0
175 176 183 178 159 110 93 96 0 87 68 84 0 0 61 0 0 81 64 0 0 0 0 45 0
175 176 183 178 159 110 93 96 0 87 68 84 0 0 61 0 0 81 64 0 0 0 0 45 0
175 176 183 178 159 110 93 96 0 87 68 84 0 0 61 0 0 81 64 0 0 0 0 45 0
175 176 183 178 159 110 93 96 0 87 68 84 0 0 61 0 0 81 64 0 0 0 0 45 0
175 176 183 178 159 110 93 96 0 87 68 84 0 0 61 0 0 81 64 0 0 0 0 45 0
179 176 183 179 162 110 94 98 0 88 69 85 0 0 66 0 0 81 65 0 0 0 0 45 0
179 176 183 179 162 110 94 98 0 88 69 85 0 0 66 0 0 81 65 0 0 0 0 45 0
179 176 183 179 162 110 94 98 0 88 69 85 0 0 66 0 0 81 65 0 0 0 0 45 0
179 176 183 179 162 110 94 98 0 88 69 85 0 0 66 0 0 81 65 0 0 0 0 45 0
179 176 183 179 162 110 94 98 0 88 69 85 0 0 66 0 0 81 65 0 0 0 0 45 0
179 176 183 179 162 110 94 98 0 88 69 85 0 0 66 0 0 81 65 0 0 0 0 45 0
179 176 183 179 162 110 94 98 0 88 69 85 0 0 66 0 0 81 65 0 0 0 0 45 0
179 176 183 179 162 110 94 98 0 88 69 85 0 0 66 0 0 81 65 0 0 0 0 45 0
179 176 183 179 162 110 94 98 0 88 69 85 0 0 66 0 0 81 65 0 0 0 0 45 0
179 176 183 179 162 110 94 98 0 88 69 85 0 0 66 0 0 81 65 0 0 0 0 45 0
182 183 184 180 166 110 94 99 0 88 69 86 0 0 67 0 0 82 65 0 0 0 0 45 0
182 183 184 180 166 110 94 99 0 88 69 86 0 0 67 0 0 82 65 0 0 0 0 45 0
182 183 184 180 166 110 94 99 0 88 69 86 0 0 67 0 0 82 65 0 0 0 0 45 0
182 183 184 180 166 110 94 99 0 88 69 86 0 0 67 0 0 82 65 0 0 0 0 45 0
182 183 184 180 166 110 94 99 0 88 69 86 0 0 67 0 0 82 65 0 0 0 0 45 0
182 183 184 180 166 110 94 99 0 88 69 86 0 0 67 0 0 82 65 0 0 0 0 45 0
182 183 184 180 166 110 94 99 0 88 69 86 0 0 67 0 0 82 65 0 0 0 0 45 0
182 183 184 180 166 110 94 99 0 88 69 86 0 0 67 0 0 82 65 0 0 0 0 45 0
182 183 184 180 166 110 94 99 0 88 69 86 0 0 67 0 0 82 65 0 0 0 0 45 0
184 186 185 182 169 110 96 102 0 88 70 87 0 0 67 0 0 82 65 0 0 0 0 47 0
184 186 185 182 169 110 96 102 0 88 70 87 0 0 67 0 0 82 65 0 0 0 0 47 0
184 186 185 182 169 110 96 102 0 88 70 87 0 0 67 0 0 82 65 0 0 0 0 47 0
184 186 185 182 169 110 96 102 0 88 70 87 0 0 67 0 0 82 65 0 0 0 0 47 0
184 186 185 182 169 110 96 102 0 88 70 87 0 0 67 0 0 82 65 0 0 0 0 47 0
184 186 185 182 169 110 96 102 0 88 70 87 0 0 67 0 0 82 65 0 0 0 0 47 0
184 186 185 182 169 110 96 102 0 88 70 87 0 0 67 0 0 82 65 0 0 0 0 47 0
184 186 185 182 169 110 96 102 0 88 70 87 0 0 67 0 0 82 65 0 0 0 0 47 0
184 186 185 182 169 110 96 102 0 88 70 87 0 0 67 0 0 82 65 0 0 0 0 47 0
184 186 185 182 169 110 96 102 0 88 70 87 0 0 67 0 0 82 65 0 0 0 0 47 0
185 190 186 184 171 110 97 105 0 90 70 87 0 0 68 0 0 84 66 0 0 0 0 47 0
185 190 186 184 171 110 97 105 0 90 70 87 0 0 68 0 0 84 66 0 0 0 0 47 0
185 190 186 184 171 110 97 105 0 90 70 87 0 0 68 0 0 84 66 0 0 0 0 47 0
185 190 186 184 171 110 97 105 0 90 70 87 0 0 68 0 0 84 66 0 0 0 0 47 0
185 190 186 184 171 110 97 105 0 90 70 87 0 0 68 0 0 84 66 0 0 0 0 47 0
185 190 186 184 171 110 97 105 0 90 70 87 0 0 68 0 0 84 66 0 0 0 0 47 0
185 190 186 184 171 110 97 105 0 90 70 87 0 0 68 0 0 84 66 0 0 0 0 47 0
185 190 186 184 171 110 97 105 0 90 70 87 0 0 68 0 0 84 66 0 0 0 0 47 0
185 190 186 184 171 110 97 105 0 90 70 87 0 0 68 0 0 84 66 0 0 0 0 47 0
185 190 186 184 171 110 97 105 0 90 70 87 0 0 68 0 0 84 66 0 0 0 0 47 0
190 194 187 184 171 113 98 107 0 91 70 89 0 0 68 0 0 84 67 0 0 0 0 47 0
190 194 187 184 171 113 98 107 0 91 70 89 0 0 68 0 0 84 67 0 0 0 0 47 0
190 194 187 184 171 113 98 107 0 91 70 89 0 0 68 0 0 84 67 0 0 0 0 47 0
190 194 187 184 171 113 98 107 0 91 70 89 0 0 68 0 0 84 67 0 0 0 0 47 0
190 194 187 184 171 113 98 107 0 91 70 89 0 0 68 0 0 84 67 0 0 0 0 47 0
190 194 187 184 171 113 98 107 0 91 70 89 0 0 68 0 0 84 67 0 0 0 0 47 0
190 194 187 184 171 113 98 107 0 91 70 89 0 0 68 0 0 84 67 0 0 0 0 47 0
190 194 187 184 171 113 98 107 0 91 70 89 0 0 68 0 0 84 67 0 0 0 0 47 0
190 194 187 184 171 113 98 107 0 91 70 89 0 0 68 0 0 84 67 0 0 0 0 47 0
190 194 187 184 171 113 98 107 0 91 70 89 0 0 68 0 0 84 67 0 0 0 0 47 0
193 195 189 186 173 114 99 110 0 91 73 90 0 0 69 0 0 84 67 0 0 0 0 47 0
193 195 189 186 173 114 99 110 0 91 73 90 0 0 69 0 0 84 67 0 0 0 0 47 0
193 195 189 186 173 114 99 110 0 91 73 90 0 0 69 0 0 84 67 0 0 0 0 47 0
193 195 189 186 173 114 99 110 0 91 73 90 0 0 69 0 0 84 67 0 0 0 0 47 0
193 195 189 186 173 114 99 110 0 91 73 90 0 0 69 0 0 84 67 0 0 0 0 47 0
193 195 189 186 173 114 99 110 0 91 73 90 0 0 69 0 0 84 67 0 0 0 0 47 0
193 195 189 186 173 114 99 110 0 91 73 90 0 0 69 0 0 84 67 0 0 0 0 47 0
193 195 189 186 173 114 99 110 0 91 73 90 0 0 69 0 0 84 67 0 0 0 0 47 0
193 195 189 186 173 114 99 110 0 91 73 90 0 0 69 0 0 84 67 0 0 0 0 47 0
193 195 189 186 173 114 99 110 0 91 73 90 0 0 69 0 0 84 67 0 0 0 0 47 0
197 197 192 190 175 115 99 111 0 91 73 91 0 0 71 0 0 84 67 0 0 0 0 47 0
197 197 192 190 175 115 99 111 0 91 73 91 0 0 71 0 0 84 67 0 0 0 0 47 0
197 197 192 190 175 115 99 111 0 91 73 91 0 0 71 0 0 84 67 0 0 0 0 47 0
197 197 192 190 175 115 99 111 0 91 73 91 0 0 71 0 0 84 67 0 0 0 0 47 0
197 197 192 190 175 115 99 111 0 91 73 91 0 0 71 0 0 84 67 0 0 0 0 47 0
197 197 192 190 175 115 99 111 0 91 73 91 0 0 71 0 0 84 67 0 0 0 0 47 0
197 197 192 190 175 115 99 111 0 91 73 91 0 0 71 0 0 84 67 0 0 0 0 47 0
197 197 192 190 175 115 99 111 0 91 73 91 0 0 71 0 0 84 67 0 0 0 0 47 0
197 197 192 190 175 115 99 111 0 91 73 91 0 0 71 0 0 84 67 0 0 0 0 47 0
200 201 192 191 177 115 100 112 0 94 73 91 0 0 75 0 0 84 68 0 0 0 0 47 0
200 201 192 191 177 115 100 112 0 94 73 91 0 0 75 0 0 84 68 0 0 0 0 47 0
200 201 192 191 177 115 100 112 0 94 73 91 0 0 75 0 0 84 68 0 0 0 0 47 0
200 201 192 191 177 115 100 112 0 94 73 91 0 0 75 0 0 84 68 0 0 0 0 47 0
200 201 192 191 177 115 100 112 0 94 73 91 0 0 75 0 0 84 68 0 0 0 0 47 0
200 201 192 191 177 115 100 112 0 94 73 91 0 0 75 0 0 84 68 0 0 0 0 47 0
200 201 192 191 177 115 100 112 0 94 73 91 0 0 75 0 0 84 68 0 0 0 0 47 0
200 201 192 191 177 115 100 112 0 94 73 91 0 0 75 0 0 84 68 0 0 0 0 47 0
200 201 192 191 177 115 100 112 0 94 73 91 0 0 75 0 0 84 68 0 0 0 0 47 0
201 207 192 192 179 116 101 113 0 95 74 92 0 0 75 0 0 87 69 0 0 0 0 47 0
201 207 192 192 179 116 101 113 0 95 74 92 0 0 75 0 0 87 69 0 0 0 0 47 0
201 207 192 192 179 116 101 113 0 95 74 92 0 0 75 0 0 87 69 0 0 0 0 47 0
201 207 192 192 179 116 101 113 0 95 74 92 0 0 75 0 0 87 69 0 0 0 0 47 0
201 207 192 192 179 116 101 113 0 95 74 92 0 0 75 0 0 87 69 0 0 0 0 47 0
201 207 192 192 179 116 101 113 0 95 74 92 0 0 75 0 0 87 69 0 0 0 0 47 0
201 207 192 192 179 116 101 113 0 95 74 92 0 0 75 0 0 87 69 0 0 0 0 47 0
201 207 192 192 179 116 101 113 0 95 74 92 0 0 75 0 0 87 69 0 0 0 0 47 0
201 207 192 192 179 116 101 113 0 95 74 92 0 0 75 0 0 87 69 0 0 0 0 47 0
201 207 192 192 179 116 101 113 0 95 74 92 0 0 75 0 0 87 69 0 0 0 0 47 0
204 208 193 195 180 117 102 113 0 100 74 94 0 0 76 0 0 87 69 0 0 0 0 48 0
204 208 193 195 180 117 102 113 0 100 74 94 0 0 76 0 0 87 69 0 0 0 0 48 0
204 208 193 195 180 117 102 113 0 100 74 94 0 0 76 0 0 87 69 0 0 0 0 48 0
204 208 193 195 180 117 102 113 0 100 74 94 0 0 76 0 0 87 69 0 0 0 0 48 0
204 208 193 195 180 117 102 113 0 100 74 94 0 0 76 0 0 87 69 0 0 0 0 48 0
204 208 193 195 180 117 102 113 0 100 74 94 0 0 76 0 0 87 69 0 0 0 0 48 0
204 208 193 195 180 117 102 113 0 100 74 94 0 0 76 0 0 87 69 0 0 0 0 48 0
204 208 193 195 180 117 102 113 0 100 74 94 0 0 76 0 0 87 69 0 0 0 0 48 0
204 208 193 195 180 117 102 113 0 100 74 94 0 0 76 0 0 87 69 0 0 0 0 48 0
205 210 198 195 182 118 103 115 0 100 75 95 0 0 78 0 0 87 69 0 0 0 0 50 0
205 210 198 195 182 118 103 115 0 100 75 95 0 0 78 0 0 87 69 0 0 0 0 50 0
205 210 198 195 182 118 103 115 0 100 75 95 0 0 78 0 0 87 69 0 0 0 0 50 0
205 210 198 195 182 118 103 115 0 100 75 95 0 0 78 0 0 87 69 0 0 0 0 50 0
205 210 198 195 182 118 103 115 0 100 75 95 0 0 78 0 0 87 69 0 0 0 0 50 0
205 210 198 195 182 118 103 115 0 100 75 95 0 0 78 0 0 87 69 0 0 0 0 50 0
205 210 198 195 182 118 103 115 0 100 75 95 0 0 78 0 0 87 69 0 0 0 0 50 0
205 210 198 195 182 118 103 115 0 100 75 95 0 0 78 0 0 87 69 0 0 0 0 50 0
205 210 198 195 182 118 103 115 0 100 75 95 0 0 78 0 0 87 69 0 0 0 0 50 0
205 210 198 195 182 118 103 115 0 100 75 95 0 0 78 0 0 87 69 0 0 0 0 50 0
207 211 202 196 183 118 106 116 0 102 77 96 0 0 79 0 0 88 69 0 0 0 0 50 0
207 211 202 196 183 118 106 116 0 102 77 96 0 0 79 0 0 88 69 0 0 0 0 50 0
207 211 202 196 183 118 106 116 0 102 77 96 0 0 79 0 0 88 69 0 0 0 0 50 0
207 211 202 196 183 118 106 116 0 102 77 96 0 0 79 0 0 88 69 0 0 0 0 50 0
207 211 202 196 183 118 106 116 0 102 77 96 0 0 79 0 0 88 69 0 0 0 0 50 0
207 211 202 196 183 118 106 116 0 102 77 96 0 0 79 0 0 88 69 0 0 0 0 50 0
207 211 202 196 183 118 106 116 0 102 77 96 0 0 79 0 0 88 69 0 0 0 0 50 0
207 211 202 196 183 118 106 116 0 102 77 96 0 0 79 0 0 88 69 0 0 0 0 50 0
207 211 202 196 183 118 106 116 0 102 77 96 0 0 79 0 0 88 69 0 0 0 0 50 0
207 211 202 196 183 118 106 116 0 102 77 96 0 0 79 0 0 88 69 0 0 0 0 50 0
208 212 204 200 185 118 106 117 0 103 77 98 0 0 80 0 0 90 70 0 0 0 0 52 0
208 212 204 200 185 118 106 117 0 103 77 98 0 0 80 0 0 90 70 0 0 0 0 52 0
208 212 204 200 185 118 106 117 0 103 77 98 0 0 80 0 0 90 70 0 0 0 0 52 0
208 212 204 200 185 118 106 117 0 103 77 98 0 0 80 0 0 90 70 0 0 0 0 52 0
208 212 204 200 185 118 106 117 0 103 77 98 0 0 80 0 0 90 70 0 0 0 0 52 0
208 212 204 200 185 118 106 117 0 103 77 98 0 0 80 0 0 90 70 0 0 0 0 52 0
208 212 204 200 185 118 106 117 0 103 77 98 0 0 80 0 0 90 70 0 0 0 0 52 0
208 212 204 200 185 118 106 117 0 103 77 98 0 0 80 0 0 90 70 0 0 0 0 52 0
208 212 204 200 185 118 106 117 0 103 77 98 0 0 80 0 0 90 70 0 0 0 0 52 0
210 214 205 206 188 119 107 117 0 104 77 98 0 0 82 0 0 90 70 0 0 0 0 53 0
210 214 205 206 188 119 107 117 0 104 77 98 0 0 82 0 0 90 70 0 0 0 0 53 0
210 214 205 206 188 119 107 117 0 104 77 98 0 0 82 0 0 90 70 0 0 0 0 53 0
210 214 205 206 188 119 107 117 0 104 77 98 0 0 82 0 0 90 70 0 0 0 0 53 0
210 214 205 206 188 119 107 117 0 104 77 98 0 0 82 0 0 90 70 0 0 0 0 53 0
210 214 205 206 188 119 107 117 0 104 77 98 0 0 82 0 0 90 70 0 0 0 0 53 0
210 214 205 206 188 119 107 117 0 104 77 98 0 0 82 0 0 90 70 0 0 0 0 53 0
210 214 205 206 188 119 107 117 0 104 77 98 0 0 82 0 0 90 70 0 0 0 0 53 0
210 214 205 206 188 119 107 117 0 104 77 98 0 0 82 0 0 90 70 0 0 0 0 53 0
212 219 207 207 189 120 109 118 0 106 77 98 0 0 82 0 0 92 71 0 0 0 0 53 0
212 219 207 207 189 120 109 118 0 106 77 98 0 0 82 0 0 92 71 0 0 0 0 53 0
212 219 207 207 189 120 109 118 0 106 77 98 0 0 82 0 0 92 71 0 0 0 0 53 0
212 219 207 207 189 120 109 118 0 106 77 98 0 0 82 0 0 92 71 0 0 0 0 53 0
212 219 207 207 189 120 109 118 0 106 77 98 0 0 82 0 0 92 71 0 0 0 0 53 0
212 219 207 207 189 120 109 118 0 106 77 98 0 0 82 0 0 92 71 0 0 0 0 53 0
212 219 207 207 189 120 109 118 0 106 77 98 0 0 82 0 0 92 71 0 0 0 0 53 0
212 219 207 207 189 120 109 118 0 106 77 98 0 0 82 0 0 92 71 0 0 0 0 53 0
212 219 207 207 189 120 109 118 0 106 77 98 0 0 82 0 0 92 71 0 0 0 0 53 0
212 219 207 207 189 120 109 118 0 106 77 98 0 0 82 0 0 92 71 0 0 0 0 53 0
213 222 209 210 191 123 110 118 0 107 77 98 0 0 82 0 0 93 74 0 0 0 0 53 0
213 222 209 210 191 123 110 118 0 107 77 98 0 0 82 0 0 93 74 0 0 0 0 53 0
213 222 209 210 191 123 110 118 0 107 77 98 0 0 82 0 0 93 74 0 0 0 0 53 0
213 222 209 210 191 123 110 118 0 107 77 98 0 0 82 0 0 93 74 0 0 0 0 53 0
213 222 209 210 191 123 110 118 0 107 77 98 0 0 82 0 0 93 74 0 0 0 0 53 0
213 222 209 210 191 123 110 118 0 107 77 98 0 0 82 0 0 93 74 0 0 0 0 53 0
213 222 209 210 191 123 110 118 0 107 77 98 0 0 82 0 0 93 74 0 0 0 0 53 0
213 222 209 210 191 123 110 118 0 107 77 98 0 0 82 0 0 93 74 0 0 0 0 53 0
213 222 209 210 191 123 110 118 0 107 77 98 0 0 82 0 0 93 74 0 0 0 0 53 0
213 222 209 210 191 123 110 118 0 107 77 98 0 0 82 0 0 93 74 0 0 0 0 53 0
214 224 214 211 193 123 112 118 0 108 78 98 0 0 82 0 0 94 77 0 0 0 0 54 0
214 224 214 211 193 123 112 118 0 108 78 98 0 0 82 0 0 94 77 0 0 0 0 54 0
214 224 214 211 193 123 112 118 0 108 78 98 0 0 82 0 0 94 77 0 0 0 0 54 0
214 224 214 211 193 123 112 118 0 108 78 98 0 0 82 0 0 94 77 0 0 0 0 54 0
214 224 214 211 193 123 112 118 0 108 78 98 0 0 82 0 0 94 77 0 0 0 0 54 0
214 224 214 211 193 123 112 118 0 108 78 98 0 0 82 0 0 94 77 0 0 0 0 54 0
214 224 214 211 193 123 112 118 0 108 78 98 0 0 82 0 0 94 77 0 0 0 0 54 0
214 224 214 211 193 123 112 118 0 108 78 98 0 0 82 0 0 94 77 0 0 0 0 54 0
214 224 214 211 193 123 112 118 0 108 78 98 0 0 82 0 0 94 77 0 0 0 0 54 0
214 224 214 211 193 123 112 118 0 108 78 98 0 0 82 0 0 94 77 0 0 0 0 54 0
214 226 218 214 198 123 112 119 0 110 78 98 0 0 82 0 0 94 80 0 0 0 0 54 0
214 226 218 214 198 123 112 119 0 110 78 98 0 0 82 0 0 94 80 0 0 0 0 54 0
214 226 218 214 198 123 112 119 0 110 78 98 0 0 82 0 0 94 80 0 0 0 0 54 0
214 226 218 214 198 123 112 119 0 110 78 98 0 0 82 0 0 94 80 0 0 0 0 54 0
214 226 218 214 198 123 112 119 0 110 78 98 0 0 82 0 0 94 80 0 0 0 0 54 0
214 226 218 214 198 123 112 119 0 110 78 98 0 0 82 0 0 94 80 0 0 0 0 54 0
214 226 218 214 198 123 112 119 0 110 78 98 0 0 82 0 0 94 80 0 0 0 0 54 0
214 226 218 214 198 123 112 119 0 110 78 98 0 0 82 0 0 94 80 0 0 0 0 54 0
214 226 218 214 198 123 112 119 0 110 78 98 0 0 82 0 0 94 80 0 0 0 0 54 0
214 226 218 214 198 123 112 119 0 110 78 98 0 0 82 0 0 94 80 0 0 0 0 54 0
217 227 221 220 199 123 112 119 0 112 78 98 0 0 82 0 0 96 81 0 0 0 0 55 0
217 227 221 220 199 123 112 119 0 112 78 98 0 0 82 0 0 96 81 0 0 0 0 55 0
217 227 221 220 199 123 112 119 0 112 78 98 0 0 82 0 0 96 81 0 0 0 0 55 0
217 227 221 220 199 123 112 119 0 112 78 98 0 0 82 0 0 96 81 0 0 0 0 55 0
217 227 221 220 199 123 112 119 0 112 78 98 0 0 82 0 0 96 81 0 0 0 0 55 0
217 227 221 220 199 123 112 119 0 112 78 98 0 0 82 0 0 96 81 0 0 0 0 55 0
217 227 221 220 199 123 112 119 0 112 78 98 0 0 82 0 0 96 81 0 0 0 0 55 0
217 227 221 220 199 123 112 119 0 112 78 98 0 0 82 0 0 96 81 0 0 0 0 55 0
217 227 221 220 199 123 112 119 0 112 78 98 0 0 82 0 0 96 81 0 0 0 0 55 0
217 227 221 220 199 123 112 119 0 112 78 98 0 0 82 0 0 96 81 0 0 0 0 55 0
219 230 223 220 200 125 113 121 0 113 80 98 0 0 84 0 0 97 82 0 0 0 0 55 0
219 230 223 220 200 125 113 121 0 113 80 98 0 0 84 0 0 97 82 0 0 0 0 55 0
219 230 223 220 200 125 113 121 0 113 80 98 0 0 84 0 0 97 82 0 0 0 0 55 0
219 230 223 220 200 125 113 121 0 113 80 98 0 0 84 0 0 97 82 0 0 0 0 55 0
219 230 223 220 200 125 113 121 0 113 80 98 0 0 84 0 0 97 82 0 0 0 0 55 0
219 230 223 220 200 125 113 121 0 113 80 98 0 0 84 0 0 97 82 0 0 0 0 55 0
219 230 223 220 200 125 113 121 0 113 80 98 0 0 84 0 0 97 82 0 0 0 0 55 0
219 230 223 220 200 125 113 121 0 113 80 98 0 0 84 0 0 97 82 0 0 0 0 55 0
219 230 223 220 200 125 113 121 0 113 80 98 0 0 84 0 0 97 82 0 0 0 0 55 0
221 232 225 221 203 126 114 121 0 116 80 99 0 0 86 0 0 98 83 0 0 0 0 55 0
221 232 225 221 203 126 114 121 0 116 80 99 0 0 86 0 0 98 83 0 0 0 0 55 0
221 232 225 221 203 126 114 121 0 116 80 99 0 0 86 0 0 98 83 0 0 0 0 55 0
221 232 225 221 203 126 114 121 0 116 80 99 0 0 86 0 0 98 83 0 0 0 0 55 0
221 232 225 221 203 126 114 121 0 116 80 99 0 0 86 0 0 98 83 0 0 0 0 55 0
221 232 225 221 203 126 114 121 0 116 80 99 0 0 86 0 0 98 83 0 0 0 0 55 0
221 232 225 221 203 126 114 121 0 116 80 99 0 0 86 0 0 98 83 0 0 0 0 55 0
221 232 225 221 203 126 114 121 0 116 80 99 0 0 86 0 0 98 83 0 0 0 0 55 0
221 232 225 221 203 126 114 121 0 116 80 99 0 0 86 0 0 98 83 0 0 0 0 55 0
221 232 225 221 203 126 114 121 0 116 80 99 0 0 86 0 0 98 83 0 0 0 0 55 0
221 234 227 222 204 127 117 123 0 116 82 100 0 0 87 0 0 99 84 0 0 0 0 57 0
221 234 227 222 204 127 117 123 0 116 82 100 0 0 87 0 0 99 84 0 0 0 0 57 0
221 234 227 222 204 127 117 123 0 116 82 100 0 0 87 0 0 99 84 0 0 0 0 57 0
221 234 227 222 204 127 117 123 0 116 82 100 0 0 87 0 0 99 84 0 0 0 0 57 0
221 234 227 222 204 127 117 123 0 116 82 100 0 0 87 0 0 99 84 0 0 0 0 57 0
221 234 227 222 204 127 117 123 0 116 82 100 0 0 87 0 0 99 84 0 0 0 0 57 0
221 234 227 222 204 127 117 123 0 116 82 100 0 0 87 0 0 99 84 0 0 0 0 57 0
221 234 227 222 204 127 117 123 0 116 82 100 0 0 87 0 0 99 84 0 0 0 0 57 0
221 234 227 222 204 127 117 123 0 116 82 100 0 0 87 0 0 99 84 0 0 0 0 57 0
221 234 227 222 204 127 117 123 0 116 82 100 0 0 87 0 0 99 84 0 0 0 0 57 0
224 237 229 223 206 128 119 124 0 116 83 102 0 0 88 0 0 100 84 0 0 0 0 57 0
224 237 229 223 206 128 119 124 0 116 83 102 0 0 88 0 0 100 84 0 0 0 0 57 0
224 237 229 223 206 128 119 124 0 116 83 102 0 0 88 0 0 100 84 0 0 0 0 57 0
224 237 229 223 206 128 119 124 0 116 83 102 0 0 88 0 0 100 84 0 0 0 0 57 0
224 237 229 223 206 128 119 124 0 116 83 102 0 0 88 0 0 100 84 0 0 0 0 57 0
224 237 229 223 206 128 119 124 0 116 83 102 0 0 88 0 0 100 84 0 0 0 0 57 0
224 237 229 223 206 128 119 124 0 116 83 102 0 0 88 0 0 100 84 0 0 0 0 57 0
224 237 229 223 206 128 119 124 0 116 83 102 0 0 88 0 0 100 84 0 0 0 0 57 0
224 237 229 223 206 128 119 124 0 116 83 102 0 0 88 0 0 100 84 0 0 0 0 57 0
224 237 229 223 206 128 119 124 0 116 83 102 0 0 88 0 0 100 84 0 0 0 0 57 0
226 241 232 224 209 129 119 124 0 118 83 104 0 0 90 0 0 100 84 0 0 0 0 57 0
226 241 232 224 209 129 119 124 0 118 83 104 0 0 90 0 0 100 84 0 0 0 0 57 0
226 241 232 224 209 129 119 124 0 118 83 104 0 0 90 0 0 100 84 0 0 0 0 57 0
226 241 232 224 209 129 119 124 0 118 83 104 0 0 90 0 0 100 84 0 0 0 0 57 0
226 241 232 224 209 129 119 124 0 118 83 104 0 0 90 0 0 100 84 0 0 0 0 57 0
226 241 232 224 209 129 119 124 0 118 83 104 0 0 90 0 0 100 84 0 0 0 0 57 0
226 241 232 224 209 129 119 124 0 118 83 104 0 0 90 0 0 100 84 0 0 0 0 57 0
226 241 232 224 209 129 119 124 0 118 83 104 0 0 90 0 0 100 84 0 0 0 0 57 0
226 241 232 224 209 129 119 124 0 118 83 104 0 0 90 0 0 100 84 0 0 0 0 57 0
226 241 232 224 209 129 119 124 0 118 83 104 0 0 90 0 0 100 84 0 0 0 0 57 0
228 246 232 226 211 129 122 125 0 119 83 105 0 0 90 0 0 100 87 0 0 0 0 57 0
228 246 232 226 211 129 122 125 0 119 83 105 0 0 90 0 0 100 87 0 0 0 0 57 0
228 246 232 226 211 129 122 125 0 119 83 105 0 0 90 0 0 100 87 0 0 0 0 57 0
228 246 232 226 211 129 122 125 0 119 83 105 0 0 90 0 0 100 87 0 0 0 0 57 0
228 246 232 226 211 129 122 125 0 119 83 105 0 0 90 0 0 100 87 0 0 0 0 57 0
228 246 232 226 211 129 122 125 0 119 83 105 0 0 90 0 0 100 87 0 0 0 0 57 0
228 246 232 226 211 129 122 125 0 119 83 105 0 0 90 0 0 100 87 0 0 0 0 57 0
228 246 232 226 211 129 122 125 0 119 83 105 0 0 90 0 0 100 87 0 0 0 0 57 0
228 246 232 226 211 129 122 125 0 119 83 105 0 0 90 0 0 100 87 0 0 0 0 57 0
228 250 234 228 214 130 123 126 0 119 85 106 0 0 90 0 0 101 89 0 0 0 0 57 0
228 250 234 228 214 130 123 126 0 119 85 106 0 0 90 0 0 101 89 0 0 0 0 57 0
228 250 234 228 214 130 123 126 0 119 85 106 0 0 90 0 0 101 89 0 0 0 0 57 0
228 250 234 228 214 130 123 126 0 119 85 106 0 0 90 0 0 101 89 0 0 0 0 57 0
228 250 234 228 214 130 123 126 0 119 85 106 0 0 90 0 0 101 89 0 0 0 0 57 0
228 250 234 228 214 130 123 126 0 119 85 106 0 0 90 0 0 101 89 0 0 0 0 57 0
228 250 234 228 214 130 123 126 0 119 85 106 0 0 90 0 0 101 89 0 0 0 0 57 0
