スコア: 0
447 467 439 443 423 247 238 235 0 231 203 194 0 0 190 0 0 168 164 0 0 0 0 111 0
スコア: 0
451 467 442 445 424 248 239 236 0 231 204 194 0 0 192 0 0 170 165 0 0 0 0 112 0
スコア: 0
451 467 442 445 424 248 239 236 0 231 204 194 0 0 192 0 0 170 165 0 0 0 0 112 0
スコア: 0
451 467 442 445 424 248 239 236 0 231 204 194 0 0 192 0 0 170 165 0 0 0 0 112 0
スコア: 0
451 467 442 445 424 248 239 236 0 231 204 194 0 0 192 0 0 170 165 0 0 0 0 112 0
スコア: 0
451 467 442 445 424 248 239 236 0 231 204 194 0 0 192 0 0 170 165 0 0 0 0 112 0
スコア: 0
451 468 447 446 425 250 239 238 0 233 205 194 0 0 193 0 0 172 166 0 0 0 0 113 0
スコア: 0
451 468 447 446 425 250 239 238 0 233 205 194 0 0 193 0 0 172 166 0 0 0 0 113 0
スコア: 0
451 468 447 446 425 250 239 238 0 233 205 194 0 0 193 0 0 172 166 0 0 0 0 113 0
スコア: 0
451 468 447 446 425 250 239 238 0 233 205 194 0 0 193 0 0 172 166 0 0 0 0 113 0
スコア: 0
451 468 447 446 425 250 239 238 0 233 205 194 0 0 193 0 0 172 166 0 0 0 0 113 0
スコア: 0
453 471 451 446 428 250 241 238 0 234 206 194 0 0 195 0 0 173 166 0 0 0 0 114 0
スコア: 0
453 471 451 446 428 250 241 238 0 234 206 194 0 0 195 0 0 173 166 0 0 0 0 114 0
スコア: 0
453 471 451 446 428 250 241 238 0 234 206 194 0 0 195 0 0 173 166 0 0 0 0 114 0
スコア: 0
453 471 451 446 428 250 241 238 0 234 206 194 0 0 195 0 0 173 166 0 0 0 0 114 0
スコア: 0
453 474 452 449 430 251 242 241 0 235 209 195 0 0 195 0 0 174 166 0 0 0 0 114 0
スコア: 0
453 474 452 449 430 251 242 241 0 235 209 195 0 0 195 0 0 174 166 0 0 0 0 114 0
スコア: 0
453 474 452 449 430 251 242 241 0 235 209 195 0 0 195 0 0 174 166 0 0 0 0 114 0
スコア: 0
453 474 452 449 430 251 242 241 0 235 209 195 0 0 195 0 0 174 166 0 0 0 0 114 0
スコア: 0
453 474 452 449 430 251 242 241 0 235 209 195 0 0 195 0 0 174 166 0 0 0 0 114 0
スコア: 0
454 478 458 449 430 253 242 241 0 238 209 196 0 0 196 0 0 176 166 0 0 0 0 114 0
スコア: 0
454 478 458 449 430 253 242 241 0 238 209 196 0 0 196 0 0 176 166 0 0 0 0 114 0
スコア: 0
454 478 458 449 430 253 242 241 0 238 209 196 0 0 196 0 0 176 166 0 0 0 0 114 0
スコア: 0
454 478 458 449 430 253 242 241 0 238 209 196 0 0 196 0 0 176 166 0 0 0 0 114 0
スコア: 0
454 478 458 449 430 253 242 241 0 238 209 196 0 0 196 0 0 176 166 0 0 0 0 114 0
スコア: 0
456 479 459 452 432 253 244 242 0 239 209 196 0 0 197 0 0 178 169 0 0 0 0 115 0
スコア: 0
456 479 459 452 432 253 244 242 0 239 209 196 0 0 197 0 0 178 169 0 0 0 0 115 0
スコア: 0
456 479 459 452 432 253 244 242 0 239 209 196 0 0 197 0 0 178 169 0 0 0 0 115 0
スコア: 0
456 479 459 452 432 253 244 242 0 239 209 196 0 0 197 0 0 178 169 0 0 0 0 115 0
スコア: 0
456 479 459 452 432 253 244 242 0 239 209 196 0 0 197 0 0 178 169 0 0 0 0 115 0
スコア: 0
458 480 462 455 433 254 245 243 0 241 211 199 0 0 197 0 0 178 169 0 0 0 0 115 0
