スコア: 7937530
6 4 212 7 4 108 199 119 0 129 399 373 0 0 354 0 0 256 316 0 0 0 0 63 0
一番高いモンスター: 10078
召喚 ID: 789
出:5求8 0
スコア: 7947440
2 1 201 6 3 108 199 119 0 129 399 373 0 0 354 0 0 256 316 0 0 0 0 63 0
一番高いモンスター: 9015
召喚 ID: 725
出:5求8 0
スコア: 7956433
2 2 192 2 8 108 201 121 0 130 402 373 0 0 354 0 0 257 316 0 0 0 0 63 0
一番高いモンスター: 9540
召喚 ID: 767
出:5求8 0
スコア: 7965922
1 0 180 0 6 108 201 121 0 130 402 373 0 0 354 0 0 257 316 0 0 0 0 63 0
一番高いモンスター: 8007
出:5求8 0
スコア: 7965922
4 0 183 2 8 110 202 123 0 131 403 374 0 0 354 0 0 259 316 0 0 0 0 63 0
一番高いモンスター: 10072
召喚 ID: 791
出:5求8 0
