スコア: 63669496
84 86 93 104 81 50 64 68 0 56 195 58 3 3 271 0 0 2 2 0 0 0 0 0 0
求:15 出:14 数:5
一番高いモンスター: 129751
スコア: 63669496
86 86 95 105 82 51 65 69 0 57 197 62 3 3 267 0 0 4 2 0 0 0 0 1 0
求:12 出:7 数:5
一番高いモンスター: 129751
スコア: 63669496
86 86 95 105 82 51 65 64 0 57 197 62 3 3 267 0 0 4 2 0 0 0 0 1 0
求:15 出:17 数:5
一番高いモンスター: 129751
スコア: 63669496
86 86 95 105 82 51 65 64 0 57 197 62 3 3 267 0 0 2 2 0 0 0 0 1 0
求:12 出:6 数:5
一番高いモンスター: 129751
スコア: 63669496
86 86 95 105 82 51 60 64 0 57 197 62 3 3 267 0 0 2 2 0 0 0 0 1 0
求:15 出:17 数:5
一番高いモンスター: 129751
スコア: 63669496
86 86 95 105 82 51 60 64 0 57 197 62 3 3 267 0 0 2 2 0 0 0 0 1 0
求:12 出:14 数:5
一番高いモンスター: 129751
スコア: 63669496
86 86 95 105 82 51 60 64 0 57 197 62 3 3 267 0 0 2 2 0 0 0 0 1 0
求:15 出:14 数:5
一番高いモンスター: 129751
スコア: 63669496
86 86 95 105 82 51 60 64 0 57 197 62 3 3 267 0 0 2 2 0 0 0 0 1 0
求:12 出:14 数:5
一番高いモンスター: 129751
スコア: 63669496
86 86 95 105 82 51 60 64 0 57 197 62 3 3 267 0 0 2 2 0 0 0 0 1 0
求:15 出:17 数:5
一番高いモンスター: 129751
スコア: 63669496
86 86 95 105 82 51 60 64 0 57 197 62 3 3 267 0 0 2 2 0 0 0 0 1 0
求:12 出:7 数:5
一番高いモンスター: 129751
スコア: 63669496
89 89 97 108 84 52 60 66 0 57 198 63 3 3 268 0 0 3 2 0 0 0 0 1 0
求:15 出:14 数:5
一番高いモンスター: 129751
スコア: 63669496
89 89 97 108 84 52 60 66 0 57 198 63 3 3 268 0 0 3 2 0 0 0 0 1 0
求:12 出:7 数:5
一番高いモンスター: 129751
スコア: 63669496
89 89 97 108 84 52 60 66 0 57 198 63 3 3 268 0 0 3 2 0 0 0 0 1 0
求:15 出:17 数:5
一番高いモンスター: 129751
スコア: 63669496
89 89 97 108 84 52 60 66 0 57 198 63 3 3 268 0 0 3 2 0 0 0 0 1 0
求:12 出:7 数:5
一番高いモンスター: 129751
スコア: 63669496
89 89 97 108 84 52 60 66 0 57 198 63 3 3 268 0 0 3 2 0 0 0 0 1 0
求:15 出:14 数:5
一番高いモンスター: 129751
スコア: 63669496
89 89 97 108 84 52 60 66 0 57 198 63 3 3 268 0 0 3 2 0 0 0 0 1 0
求:12 出:14 数:5
一番高いモンスター: 129751
スコア: 63669496
89 89 97 108 84 52 60 66 0 57 198 63 3 3 268 0 0 3 2 0 0 0 0 1 0
求:15 出:14 数:5
一番高いモンスター: 129751
スコア: 63669496
89 89 97 108 84 52 60 66 0 57 198 63 3 3 268 0 0 3 2 0 0 0 0 1 0
求:12 出:14 数:5
一番高いモンスター: 129751
スコア: 63669496
89 89 97 108 84 52 60 66 0 57 198 63 3 3 268 0 0 3 2 0 0 0 0 1 0
求:15 出:14 数:5
一番高いモンスター: 129751
スコア: 63669496
89 89 97 108 84 52 60 66 0 57 198 63 3 3 268 0 0 3 2 0 0 0 0 1 0
求:12 出:14 数:5
一番高いモンスター: 129751
スコア: 63669496
92 89 102 109 88 54 60 66 0 60 198 64 3 3 269 0 0 3 2 0 0 0 0 1 0
求:15 出:17 数:5
一番高いモンスター: 129751
スコア: 63669496
92 89 102 109 88 54 60 66 0 60 198 64 3 3 269 0 0 3 2 0 0 0 0 1 0
求:12 出:14 数:5
一番高いモンスター: 129751
スコア: 63669496
92 89 102 109 88 54 60 66 0 60 198 64 3 3 269 0 0 3 2 0 0 0 0 1 0
求:15 出:17 数:5
一番高いモンスター: 129751
スコア: 63669496
92 89 102 109 88 54 60 66 0 60 198 64 3 3 269 0 0 3 2 0 0 0 0 1 0
求:12 出:14 数:5
一番高いモンスター: 129751
スコア: 63669496
92 89 102 109 88 54 60 66 0 60 198 64 3 3 269 0 0 3 2 0 0 0 0 1 0
求:15 出:14 数:5
一番高いモンスター: 129751
スコア: 63669496
92 89 102 109 88 54 60 66 0 60 198 64 3 3 269 0 0 3 2 0 0 0 0 1 0
求:12 出:14 数:5
一番高いモンスター: 129751
スコア: 63669496
92 89 102 109 88 54 60 66 0 60 198 64 3 3 269 0 0 3 2 0 0 0 0 1 0
求:15 出:17 数:5
一番高いモンスター: 129751
スコア: 63669496
92 89 102 109 88 54 60 66 0 60 198 64 3 3 269 0 0 3 2 0 0 0 0 1 0
求:12 出:7 数:5
一番高いモンスター: 129751
スコア: 63669496
92 89 102 109 88 54 60 66 0 60 198 64 3 3 269 0 0 3 2 0 0 0 0 1 0
求:15 出:14 数:5
一番高いモンスター: 129751
スコア: 63669496
94 90 102 113 91 55 60 67 0 60 198 65 3 3 271 0 0 4 6 0 0 0 0 1 0
求:12 出:14 数:5
一番高いモンスター: 129751
スコア: 63669496
94 90 102 113 91 55 60 67 0 60 198 65 3 3 271 0 0 4 6 0 0 0 0 1 0
求:15 出:18 数:5
一番高いモンスター: 129751
スコア: 63669496
94 90 102 113 91 55 60 67 0 60 198 65 3 3 271 0 0 4 6 0 0 0 0 1 0
求:12 出:14 数:5
一番高いモンスター: 129751
スコア: 63669496
94 90 102 113 91 55 60 67 0 60 198 65 3 3 271 0 0 4 6 0 0 0 0 1 0
求:15 出:18 数:5
一番高いモンスター: 129751
スコア: 63669496
94 90 102 113 91 55 60 67 0 60 198 65 3 3 271 0 0 4 6 0 0 0 0 1 0
求:12 出:14 数:5
一番高いモンスター: 129751
スコア: 63669496
94 90 102 113 91 55 60 67 0 60 198 65 3 3 271 0 0 4 6 0 0 0 0 1 0
求:15 出:18 数:5
一番高いモンスター: 129751
スコア: 63669496
94 90 102 113 91 55 60 67 0 60 198 65 3 3 271 0 0 4 6 0 0 0 0 1 0
求:12 出:7 数:5
一番高いモンスター: 129751
スコア: 63669496
94 90 102 113 91 55 60 67 0 60 198 65 3 3 271 0 0 4 6 0 0 0 0 1 0
求:15 出:14 数:5
一番高いモンスター: 129751
スコア: 63669496
94 90 102 113 91 55 60 67 0 60 198 65 3 3 271 0 0 4 6 0 0 0 0 1 0
求:12 出:14 数:5
一番高いモンスター: 129751
スコア: 63669496
97 93 106 114 91 55 60 68 0 63 199 66 3 3 271 0 0 6 7 0 0 0 0 1 0
求:15 出:18 数:5
一番高いモンスター: 129751
スコア: 63669496
97 93 106 114 91 55 60 68 0 63 199 66 3 3 271 0 0 6 7 0 0 0 0 1 0
求:12 出:14 数:5
一番高いモンスター: 129751
スコア: 63669496
97 93 106 114 91 55 60 68 0 63 199 66 3 3 271 0 0 6 7 0 0 0 0 1 0
求:15 出:14 数:5
一番高いモンスター: 129751
