スコア: 58705015
57 54 59 69 52 33 38 45 0 33 221 88 4 7 283 10 5 45 41 8 0 0 0 9 0
求:16 出:17 数:0
一番高いモンスター: 534239
召喚 ID: 113
スコア: 59126636
57 54 59 69 52 33 38 45 0 33 221 88 4 7 283 8 3 53 40 5 0 0 0 9 0
求:12 出:14 数:0
一番高いモンスター: 534239
召喚 ID: 113
スコア: 59548131
57 54 59 69 52 33 38 45 0 33 221 88 4 7 293 6 1 51 39 2 0 0 0 9 0
求:16 出:17 数:0
一番高いモンスター: 322537
召喚 ID: 84
スコア: 59866056
57 54 59 69 52 33 38 45 0 33 221 88 4 7 293 5 0 48 37 0 0 0 0 9 0
求:12 出:17 数:0
一番高いモンスター: 187869
召喚 ID: 153
スコア: 60034084
57 54 59 69 52 33 38 45 0 33 219 82 2 2 293 5 0 48 37 0 0 0 0 9 0
求:16 出:17 数:0
一番高いモンスター: 129751
