出:5求8 0
一番高いモンスター: -1
出:5求8 0
一番高いモンスター: -1
出:5求8 0
一番高いモンスター: -1
出:5求8 0
一番高いモンスター: -1
出:5求8 0
一番高いモンスター: -1
出:5求8 0
一番高いモンスター: -1
出:5求8 0
一番高いモンスター: -1
出:5求8 0
一番高いモンスター: -1
出:5求8 0
一番高いモンスター: -1
出:5求8 0
一番高いモンスター: -1
出:5求8 0
一番高いモンスター: -1
出:5求8 0
一番高いモンスター: -1
出:5求8 0
一番高いモンスター: -1
出:5求8 0
一番高いモンスター: -1
出:5求8 0
一番高いモンスター: -1
出:5求8 0
一番高いモンスター: -1
出:5求8 0
一番高いモンスター: -1
出:5求8 0
一番高いモンスター: -1
スコア: 8253101
2 4 2 2 1 155 172 167 80 170 444 411 0 0 400 0 0 281 357 0 0 0 0 81 0
出:6求8 172
一番高いモンスター: 3530
スコア: 8253101
2 4 2 2 1 155 172 167 80 170 444 411 0 0 400 0 0 281 357 0 0 0 0 81 0
出:6求8 172
一番高いモンスター: 3530
スコア: 8260107
0 0 2 0 2 155 177 169 80 172 444 411 0 0 403 0 0 282 357 0 0 0 0 81 0
出:6求8 177
一番高いモンスター: -1
スコア: 8260107
0 0 2 0 2 155 177 169 80 172 444 411 0 0 403 0 0 282 357 0 0 0 0 81 0
出:6求8 177
一番高いモンスター: -1
スコア: 8266060
0 0 0 0 4 157 177 169 80 174 444 413 0 0 404 0 0 282 358 0 0 0 0 81 0
出:6求8 177
一番高いモンスター: -1
スコア: 8266060
0 0 0 0 4 157 177 169 80 174 444 413 0 0 404 0 0 282 358 0 0 0 0 81 0
出:6求8 177
一番高いモンスター: -1
スコア: 8266060
1 0 3 3 6 158 179 169 80 177 445 413 0 0 404 0 0 283 361 0 0 0 0 81 0
出:6求8 179
一番高いモンスター: 4506
スコア: 8266060
1 0 3 3 6 158 179 169 80 177 445 413 0 0 404 0 0 283 361 0 0 0 0 81 0
出:6求8 179
一番高いモンスター: 4506
スコア: 8274025
0 0 2 3 0 160 180 170 80 179 447 414 0 0 405 0 0 283 362 0 0 0 0 82 0
出:6求8 180
一番高いモンスター: -1
スコア: 8274025
0 0 2 3 0 160 180 170 80 179 447 414 0 0 405 0 0 283 362 0 0 0 0 82 0
出:6求8 180
一番高いモンスター: -1
スコア: 8280534
1 2 1 0 0 161 182 170 80 180 448 415 0 0 406 0 0 284 362 0 0 0 0 82 0
出:6求8 182
一番高いモンスター: -1
