スコア: 78180803
143 148 143 161 157 168 228 292 75 227 407 274 49 50 403 32 33 69 74 37 10 0 4 28 0
スコア: 78180803
143 148 143 161 157 168 228 292 75 227 407 274 49 50 403 32 33 69 74 37 10 0 4 28 0
求:12 出:18 数:5
一番高いモンスター: 534239	id:113
召喚 ID: 113
スコア: 78497379
143 148 143 161 157 168 228 292 75 227 407 274 54 50 403 30 31 67 68 34 10 0 4 28 0
求:15 出:18 数:5
一番高いモンスター: 534239	id:113
召喚 ID: 113
スコア: 78813860
143 148 143 161 157 168 228 292 79 227 407 274 54 50 403 28 29 65 67 31 10 0 4 28 0
求:8 出:10 数:5
一番高いモンスター: 534239	id:113
召喚 ID: 113
スコア: 79130247
143 148 143 161 157 168 228 292 84 227 402 274 54 50 403 26 27 63 66 28 10 0 4 28 0
求:13 出:7 数:5
一番高いモンスター: 534239	id:113
召喚 ID: 113
スコア: 79446539
143 148 143 161 157 168 228 292 84 227 402 274 54 50 403 24 25 61 65 25 10 0 4 28 0
求:15 出:14 数:5
一番高いモンスター: 534239	id:113
召喚 ID: 113
スコア: 79762736
143 148 143 161 157 168 228 292 84 227 402 274 54 50 403 22 23 59 64 22 10 0 4 28 0
スコア: 79762736
143 148 143 161 157 168 228 292 84 227 402 274 54 50 403 22 23 59 64 22 10 0 4 28 0
求:13 出:7 数:5
一番高いモンスター: 534239	id:113
召喚 ID: 113
スコア: 80078838
145 150 144 163 161 169 229 294 84 227 404 275 54 50 403 20 21 58 64 19 10 0 4 28 0
求:19 出:10 数:5
一番高いモンスター: 534239	id:113
召喚 ID: 113
スコア: 80394845
145 150 144 163 161 169 229 294 84 227 404 275 54 50 403 18 19 56 63 16 10 0 4 28 0
スコア: 80394845
145 150 144 163 161 169 229 294 84 227 404 275 54 50 403 18 19 56 63 16 10 0 4 28 0
求:13 出:7 数:5
一番高いモンスター: 534239	id:113
召喚 ID: 113
スコア: 80710662
145 150 144 163 161 169 229 294 84 227 404 275 54 50 403 16 17 54 62 13 10 0 4 28 0
求:19 出:10 数:5
一番高いモンスター: 534239	id:113
召喚 ID: 113
スコア: 81026385
145 150 144 163 161 169 229 294 84 227 404 275 54 50 403 14 15 52 61 10 10 0 4 28 0
求:8 出:7 数:5
一番高いモンスター: 534239	id:113
召喚 ID: 113
スコア: 81342013
145 150 144 163 161 169 229 294 84 227 404 275 54 50 403 12 13 50 60 7 10 0 4 28 0
一番高いモンスター: 534239	id:113
召喚 ID: 113
スコア: 81657546
145 150 144 163 161 169 229 294 84 227 404 275 54 50 403 10 11 48 59 4 10 0 4 28 0
求:19 出:10 数:5
一番高いモンスター: 534239	id:113
召喚 ID: 113
スコア: 81972985
145 150 144 163 161 169 229 294 84 227 404 275 54 50 403 8 9 46 58 1 10 0 4 28 0
スコア: 81972985
145 150 144 163 161 169 229 294 84 227 404 275 54 50 403 8 9 46 58 1 10 0 4 28 0
一番高いモンスター: 238767	id:57
スコア: 81972985
149 150 145 166 163 170 231 294 84 228 407 276 54 50 403 8 9 46 59 1 10 0 4 29 0
求:19 出:18 数:5
一番高いモンスター: 238767	id:57
スコア: 81972985
149 150 145 166 163 170 231 294 84 228 407 276 54 50 403 8 9 46 54 1 10 0 4 29 0
求:8 出:10 数:5
一番高いモンスター: 238767	id:57
スコア: 81972985
149 150 145 166 163 170 231 294 89 228 402 276 54 50 403 8 9 46 54 1 10 0 4 29 0
求:13 出:14 数:5
一番高いモンスター: 238767	id:57
