スコア: 77374027
22 18 17 23 19 26 115 157 0 68 310 169 2 1 358 15 7 40 46 11 2 0 0 2 2
求:8 出:7 数:5
一番高いモンスター: 129751
スコア: 77374027
22 18 17 23 19 26 115 152 0 68 310 169 2 1 358 15 7 40 46 11 2 0 0 2 2
求:13 出:14 数:5
一番高いモンスター: 129751
スコア: 77374027
22 18 17 23 19 26 115 152 0 68 310 169 2 1 358 15 7 40 46 11 2 0 0 2 2
求:16 出:18 数:5
一番高いモンスター: 129751
スコア: 77374027
24 20 19 24 23 26 117 153 0 68 310 170 2 1 359 15 7 43 47 11 2 0 0 2 2
求:8 出:7 数:5
一番高いモンスター: 129751
スコア: 77374027
24 20 19 24 23 26 117 153 0 68 310 170 2 1 359 15 7 43 47 11 2 0 0 2 2
求:13 出:14 数:5
一番高いモンスター: 129751
スコア: 77374027
24 20 19 24 23 26 117 153 0 68 310 170 2 1 359 15 7 43 47 11 2 0 0 2 2
求:16 出:18 数:5
一番高いモンスター: 129751
スコア: 77374027
24 20 19 24 23 26 117 153 0 68 310 170 2 1 359 15 7 43 47 11 2 0 0 2 2
求:8 出:7 数:5
一番高いモンスター: 129751
スコア: 77374027
24 20 19 24 23 26 117 153 0 68 310 170 2 1 359 15 7 43 47 11 2 0 0 2 2
求:13 出:14 数:5
一番高いモンスター: 129751
スコア: 77374027
24 20 19 24 23 26 117 153 0 68 310 170 2 1 359 15 7 43 47 11 2 0 0 2 2
求:16 出:18 数:5
