スコア: 26480384
24 14 20 21 14 0 21 59 0 13 661 613 0 0 605 6 3 401 471 2 0 0 1 0 0
一番高いモンスター: 48387
召喚 ID: 392
スコア: 26525980
24 14 20 21 14 0 16 52 0 9 661 613 0 0 605 6 3 401 471 2 0 0 1 0 0
一番高いモンスター: 48387
召喚 ID: 392
スコア: 26571562
24 14 20 21 14 0 11 45 0 5 661 613 0 0 605 6 3 401 471 2 0 0 1 0 0
一番高いモンスター: 48387
召喚 ID: 392
スコア: 26617131
24 14 20 21 14 0 6 38 0 1 661 613 0 0 605 6 3 401 471 2 0 0 1 0 0
一番高いモンスター: 13477
スコア: 26617131
24 14 20 21 14 0 6 38 0 1 661 613 0 0 605 6 3 401 471 2 0 0 1 0 0
一番高いモンスター: 13477
スコア: 26617131
24 14 20 21 14 0 6 38 0 1 661 613 0 0 605 6 3 401 471 2 0 0 1 0 0
一番高いモンスター: 13477
スコア: 26617131
26 16 21 23 17 2 6 38 0 2 661 615 0 0 606 6 3 402 473 2 0 0 1 1 0
一番高いモンスター: 31824
スコア: 26617131
26 16 21 23 17 2 6 38 0 2 661 615 0 0 606 6 3 402 473 2 0 0 1 1 0
一番高いモンスター: 31824
スコア: 26617131
26 16 21 23 17 2 6 38 0 2 661 615 0 0 606 6 3 402 473 2 0 0 1 1 0
一番高いモンスター: 31824
スコア: 26617131
26 16 21 23 17 2 6 38 0 2 661 615 0 0 606 6 3 402 473 2 0 0 1 1 0
一番高いモンスター: 31824
スコア: 26617131
26 16 21 23 17 2 6 38 0 2 661 615 0 0 606 6 3 402 473 2 0 0 1 1 0
一番高いモンスター: 31824
スコア: 26617131
26 16 21 23 17 2 6 38 0 2 661 615 0 0 606 6 3 402 473 2 0 0 1 1 0
一番高いモンスター: 31824
スコア: 26617131
26 16 21 23 17 2 6 38 0 2 661 615 0 0 606 6 3 402 473 2 0 0 1 1 0
一番高いモンスター: 31824
スコア: 26617131
26 16 21 23 17 2 6 38 0 2 661 615 0 0 606 6 3 402 473 2 0 0 1 1 0
一番高いモンスター: 31824
スコア: 26617131
26 16 21 23 17 2 6 38 0 2 661 615 0 0 606 6 3 402 473 2 0 0 1 1 0
一番高いモンスター: 31824
スコア: 26617131
26 16 21 23 17 2 6 38 0 2 661 615 0 0 606 6 3 402 473 2 0 0 1 1 0
一番高いモンスター: 31824
スコア: 26617131
27 21 22 24 18 4 8 40 0 3 661 616 0 0 607 6 3 404 473 2 0 0 1 1 0
一番高いモンスター: 50801
召喚 ID: 385
スコア: 26665623
27 21 22 24 18 0 4 29 0 3 661 616 0 0 607 6 3 404 473 2 0 0 1 1 0
一番高いモンスター: 17819
スコア: 26665623
27 21 22 24 18 0 4 29 0 3 661 616 0 0 607 6 3 404 473 2 0 0 1 1 0
一番高いモンスター: 17819
スコア: 26665623
27 21 22 24 18 0 4 29 0 3 661 616 0 0 607 6 3 404 473 2 0 0 1 1 0
一番高いモンスター: 17819
スコア: 26665623
27 21 22 24 18 0 4 29 0 3 661 616 0 0 607 6 3 404 473 2 0 0 1 1 0
一番高いモンスター: 17819
スコア: 26665623
27 21 22 24 18 0 4 29 0 3 661 616 0 0 607 6 3 404 473 2 0 0 1 1 0
一番高いモンスター: 17819
