スコア: 27005031
38 33 32 25 25 5 8 6 1 0 612 614 28 28 612 6 3 407 420 2 0 0 1 4 0
求:12 出:18 数:10
一番高いモンスター: 45508
召喚 ID: 341
スコア: 27049500
38 33 32 25 25 0 2 2 1 0 612 614 30 28 612 6 3 407 410 2 0 0 1 4 0
求:5 出:11 数:10
一番高いモンスター: 10098
スコア: 27049500
38 33 32 25 25 10 2 2 1 0 612 604 30 28 612 6 3 407 410 2 0 0 1 4 0
求:13 出:18 数:10
一番高いモンスター: 15934
スコア: 27049500
38 33 32 25 25 10 2 2 1 0 612 604 30 38 612 6 3 407 400 2 0 0 1 4 0
求:9 出:10 数:10
一番高いモンスター: 15934
スコア: 27049500
38 33 32 25 25 10 2 2 1 10 602 604 30 38 612 6 3 407 400 2 0 0 1 4 0
求:12 出:17 数:10
一番高いモンスター: 40354
召喚 ID: 290
スコア: 27089818
38 33 32 25 25 3 0 1 0 6 602 604 40 38 612 6 3 397 400 2 0 0 1 4 0
求:6 出:14 数:10
一番高いモンスター: 10098
スコア: 27089818
38 33 32 25 25 3 10 1 0 6 602 604 40 38 602 6 3 397 400 2 0 0 1 4 0
求:13 出:18 数:10
一番高いモンスター: 27722
スコア: 27089818
38 33 32 25 25 3 10 1 0 6 602 604 40 48 602 6 3 397 390 2 0 0 1 4 0
求:8 出:11 数:10
一番高いモンスター: 27722
スコア: 27089818
38 33 32 25 25 3 10 1 10 6 602 594 48 48 602 6 3 397 390 2 0 0 1 4 0
求:12 出:17 数:10
一番高いモンスター: 45635
召喚 ID: 433
スコア: 27133985
40 33 33 26 28 5 5 2 1 6 604 594 56 48 602 6 3 390 391 2 0 0 1 5 0
求:8 出:10 数:10
一番高いモンスター: 28782
スコア: 27133985
40 33 33 26 28 5 5 2 11 6 594 594 56 48 602 6 3 390 391 2 0 0 1 5 0
求:13 出:18 数:10
一番高いモンスター: 108786
召喚 ID: 407
スコア: 27234758
40 33 33 26 28 0 0 0 5 4 594 594 56 58 602 6 3 390 381 2 0 0 1 5 0
求:5 出:14 数:10
一番高いモンスター: 10098
スコア: 27234758
40 33 33 26 28 10 0 0 5 4 594 594 56 58 592 6 3 390 381 2 0 0 1 5 0
求:12 出:17 数:10
一番高いモンスター: 15095
スコア: 27234758
40 33 33 26 28 10 0 0 5 4 594 594 56 58 592 6 3 382 381 2 0 0 1 5 0
求:6 出:10 数:10
一番高いモンスター: 15095
スコア: 27234758
40 33 33 26 28 10 0 0 5 4 584 594 56 58 592 6 3 382 381 2 0 0 1 5 0
求:12 出:17 数:10
一番高いモンスター: 15095
スコア: 27234758
40 33 33 26 28 10 0 0 5 4 584 594 56 58 592 6 3 382 381 2 0 0 1 5 0
求:6 出:11 数:10
一番高いモンスター: 15095
スコア: 27234758
40 33 33 26 28 10 10 0 5 4 584 584 56 58 592 6 3 382 381 2 0 0 1 5 0
求:12 出:17 数:10
一番高いモンスター: 72354
召喚 ID: 336
スコア: 27306464
40 33 33 26 28 3 2 0 2 3 584 584 56 58 592 6 3 382 381 2 0 0 1 5 0
求:7 出:14 数:10
一番高いモンスター: 10098
スコア: 27306464
40 33 36 28 35 5 3 10 2 5 584 585 56 58 583 6 3 382 381 2 0 0 1 6 0
求:12 出:17 数:10
一番高いモンスター: 68938
召喚 ID: 381
スコア: 27373124
40 33 36 28 35 0 13 3 1 0 584 585 56 58 583 6 3 382 381 2 0 0 1 6 0
求:5 出:11 数:10
一番高いモンスター: 13477
スコア: 27373124
40 33 36 28 35 10 13 3 1 0 584 575 56 58 583 6 3 382 381 2 0 0 1 6 0
求:12 出:17 数:10
一番高いモンスター: 45831
召喚 ID: 338
スコア: 27418613
40 33 36 28 35 4 4 2 0 0 584 575 56 58 583 6 3 382 381 2 0 0 1 6 0
求:8 出:10 数:10
一番高いモンスター: 10098
スコア: 27418613
40 33 36 28 35 4 4 2 10 0 574 575 56 58 583 6 3 382 381 2 0 0 1 6 0
求:12 出:17 数:10
一番高いモンスター: 32245
スコア: 27418613
40 33 36 28 35 4 4 2 10 0 574 575 56 58 583 6 3 382 381 2 0 0 1 6 0
求:9 出:14 数:10
一番高いモンスター: 32245
スコア: 27418613
40 33 36 28 35 4 4 2 10 10 574 575 66 58 573 6 3 382 381 2 0 0 1 6 0
求:13 出:17 数:10
一番高いモンスター: 54585
召喚 ID: 490
スコア: 27473165
40 33 36 28 35 0 2 0 8 4 574 575 66 68 573 6 3 372 381 2 0 0 1 6 0
求:5 出:11 数:10
一番高いモンスター: 14897
スコア: 27473165
40 33 36 28 35 3 2 0 8 4 574 565 66 68 573 6 3 372 381 2 0 0 1 6 0
求:12 出:18 数:10
一番高いモンスター: 27550
スコア: 27473165
43 34 38 29 36 3 6 2 8 4 576 567 74 68 574 6 3 372 371 2 0 0 1 7 0
求:7 出:10 数:10
一番高いモンスター: 37789
スコア: 27473165
43 34 38 29 36 4 6 12 8 4 566 567 74 68 574 6 3 372 371 2 0 0 1 7 0
求:13 出:17 数:10
一番高いモンスター: 92160
召喚 ID: 322
スコア: 27564171
43 34 38 29 36 2 0 8 5 1 566 567 74 71 574 6 3 362 371 2 0 0 1 7 0
求:6 出:14 数:10
一番高いモンスター: 16406
スコア: 27564171
43 34 38 29 36 3 10 8 5 1 566 567 74 71 564 6 3 362 371 2 0 0 1 7 0
求:13 出:18 数:10
一番高いモンスター: 51320
召喚 ID: 375
スコア: 27613840
43 34 38 29 36 7 7 0 0 0 566 567 74 81 564 6 3 362 361 2 0 0 1 7 0
求:7 出:11 数:10
一番高いモンスター: 10098
スコア: 27613840
43 34 38 29 36 7 7 10 0 0 566 557 74 81 564 6 3 362 361 2 0 0 1 7 0
求:12 出:17 数:10
一番高いモンスター: 45508
召喚 ID: 341
スコア: 27658282
43 34 38 29 36 2 1 6 0 0 566 557 74 81 564 6 3 352 361 2 0 0 1 7 0
求:8 出:10 数:10
一番高いモンスター: 10098
スコア: 27658282
43 34 38 29 36 2 1 6 4 0 556 557 74 81 564 6 3 352 361 2 0 0 1 7 0
求:12 出:18 数:10
一番高いモンスター: 10585
スコア: 27658282
43 34 38 29 36 2 1 6 4 0 556 557 74 81 564 6 3 352 353 2 0 0 1 7 0
求:9 出:14 数:10
一番高いモンスター: 10585
スコア: 27658282
43 39 41 32 36 5 1 7 4 10 556 558 74 81 554 6 3 353 354 2 0 0 1 9 0
求:12 出:18 数:10
一番高いモンスター: 68938
召喚 ID: 381
スコア: 27724922
43 39 41 32 36 0 1 0 3 5 556 558 74 81 554 6 3 353 354 2 0 0 1 9 0
求:5 出:11 数:10
一番高いモンスター: 10098
スコア: 27724922
43 39 41 32 36 4 1 0 3 5 556 548 74 81 554 6 3 353 354 2 0 0 1 9 0
求:12 出:18 数:10
一番高いモンスター: 13451
