スコア: 16180735
102 98 108 91 108 1 4 33 0 7 563 525 0 0 525 0 0 361 414 0 0 0 0 79 0
求:12 出:10 数:1
一番高いモンスター: 17819
スコア: 16180735
102 98 108 91 108 1 4 33 0 7 563 525 0 0 525 0 0 361 414 0 0 0 0 79 0
求:8 出:7 数:1
一番高いモンスター: 17819
スコア: 16180735
102 98 108 91 108 1 4 44 0 7 563 525 0 0 525 0 0 361 414 0 0 0 0 79 0
求:12 出:10 数:1
一番高いモンスター: 17819
スコア: 16180735
102 98 108 91 108 1 4 44 0 7 563 525 0 0 525 0 0 361 414 0 0 0 0 79 0
求:8 出:7 数:1
一番高いモンスター: 17819
スコア: 16180735
105 100 109 93 111 1 7 46 0 7 563 527 0 0 525 0 0 362 415 0 0 0 0 79 0
求:12 出:10 数:1
一番高いモンスター: 48387
スコア: 16180735
105 100 109 93 111 1 7 46 0 7 563 527 0 0 525 0 0 362 415 0 0 0 0 79 0
求:8 出:7 数:1
一番高いモンスター: 48387
スコア: 16180735
105 100 109 93 111 1 7 46 0 7 563 527 0 0 525 0 0 362 415 0 0 0 0 79 0
求:12 出:10 数:1
一番高いモンスター: 48387
スコア: 16180735
105 100 109 93 111 1 7 46 0 7 563 527 0 0 525 0 0 362 415 0 0 0 0 79 0
求:8 出:7 数:1
一番高いモンスター: 48387
スコア: 16180735
105 100 109 93 111 1 7 46 0 7 563 527 0 0 525 0 0 362 415 0 0 0 0 79 0
求:12 出:10 数:1
一番高いモンスター: 48387
スコア: 16180735
105 100 109 93 111 1 7 46 0 7 563 527 0 0 525 0 0 362 415 0 0 0 0 79 0
求:8 出:7 数:1
一番高いモンスター: 48387
スコア: 16180735
105 100 109 93 111 1 7 46 0 7 563 527 0 0 525 0 0 362 415 0 0 0 0 79 0
求:12 出:10 数:1
一番高いモンスター: 48387
スコア: 16180735
105 100 109 93 111 1 7 46 0 7 563 527 0 0 525 0 0 362 415 0 0 0 0 79 0
求:8 出:7 数:1
一番高いモンスター: 48387
スコア: 16180735
105 100 109 93 111 1 7 46 0 7 563 527 0 0 525 0 0 362 415 0 0 0 0 79 0
求:12 出:10 数:1
一番高いモンスター: 48387
スコア: 16180735
105 100 109 93 111 1 7 46 0 7 563 527 0 0 525 0 0 362 415 0 0 0 0 79 0
求:8 出:7 数:1
一番高いモンスター: 48387
スコア: 16180735
105 102 114 93 113 2 8 48 0 7 566 527 0 0 525 0 0 366 415 0 0 0 0 79 0
求:12 出:10 数:1
一番高いモンスター: 48387
スコア: 16180735
105 102 114 93 113 2 8 48 0 7 566 527 0 0 525 0 0 366 415 0 0 0 0 79 0
求:8 出:7 数:1
一番高いモンスター: 48387
スコア: 16180735
105 102 114 93 113 2 8 48 0 7 566 527 0 0 525 0 0 366 415 0 0 0 0 79 0
求:12 出:10 数:1
一番高いモンスター: 48387
スコア: 16180735
105 102 114 93 113 2 8 48 0 7 566 527 0 0 525 0 0 366 415 0 0 0 0 79 0
求:8 出:7 数:1
一番高いモンスター: 48387
スコア: 16180735
105 102 114 93 113 2 8 48 0 7 566 527 0 0 525 0 0 366 415 0 0 0 0 79 0
求:12 出:10 数:1
一番高いモンスター: 48387
スコア: 16180735
105 102 114 93 113 2 8 48 0 7 566 527 0 0 525 0 0 366 415 0 0 0 0 79 0
求:8 出:7 数:1
一番高いモンスター: 48387
スコア: 16180735
105 102 114 93 113 2 8 48 0 7 566 527 0 0 525 0 0 366 415 0 0 0 0 79 0
求:12 出:10 数:1
一番高いモンスター: 48387
スコア: 16180735
105 102 114 93 113 2 8 48 0 7 566 527 0 0 525 0 0 366 415 0 0 0 0 79 0
求:8 出:7 数:1
一番高いモンスター: 48387
スコア: 16180735
105 102 114 93 113 2 8 48 0 7 566 527 0 0 525 0 0 366 415 0 0 0 0 79 0
求:12 出:10 数:1
一番高いモンスター: 48387
スコア: 16180735
105 102 117 94 114 4 10 49 0 8 567 527 0 0 529 0 0 367 417 0 0 0 0 80 0
求:8 出:7 数:1
一番高いモンスター: 50801
召喚 ID: 385
スコア: 16229563
105 102 117 94 114 0 6 38 0 8 567 527 0 0 529 0 0 367 417 0 0 0 0 80 0
求:12 出:10 数:1
一番高いモンスター: 48387
スコア: 16229563
105 102 117 94 114 0 6 38 0 8 567 527 0 0 529 0 0 367 417 0 0 0 0 80 0
求:8 出:7 数:1
一番高いモンスター: 48387
スコア: 16229563
105 102 117 94 114 0 6 38 0 8 567 527 0 0 529 0 0 367 417 0 0 0 0 80 0
求:12 出:10 数:1
一番高いモンスター: 48387
