スコア: 25637842
13 8 11 12 10 82 76 77 0 67 657 610 0 0 600 2 3 397 467 2 0 0 1 2 0
一番高いモンスター: 82129
スコア: 25637842
13 8 11 12 10 82 76 77 0 67 657 610 0 0 600 2 3 397 467 2 0 0 1 2 0
一番高いモンスター: 82129
スコア: 25637842
13 8 11 12 10 82 76 77 0 67 657 610 0 0 600 2 3 397 467 2 0 0 1 2 0
一番高いモンスター: 82129
スコア: 25637842
16 10 13 15 11 84 76 79 0 68 658 611 0 0 601 2 3 398 467 2 0 0 1 2 0
一番高いモンスター: 82129
スコア: 25637842
16 10 13 15 11 84 76 79 0 68 658 611 0 0 601 2 3 398 467 2 0 0 1 2 0
一番高いモンスター: 82129
スコア: 25637842
16 10 13 15 11 84 76 79 0 68 658 611 0 0 601 2 3 398 467 2 0 0 1 2 0
一番高いモンスター: 82129
スコア: 25637842
16 10 13 15 11 84 76 79 0 68 658 611 0 0 601 2 3 398 467 2 0 0 1 2 0
一番高いモンスター: 82129
スコア: 25637842
16 10 13 15 11 84 76 79 0 68 658 611 0 0 601 2 3 398 467 2 0 0 1 2 0
一番高いモンスター: 82129
