スコア: 63353854
71 72 72 89 65 41 49 58 0 42 192 56 5 6 271 3 0 0 1 0 0 0 0 0 0
一番高いモンスター: 187869
召喚 ID: 153
スコア: 63521781
71 72 72 89 65 41 49 58 0 42 190 50 3 1 271 3 0 0 1 0 0 0 0 0 0
求:13 出:15 数:5
一番高いモンスター: 129751
スコア: 63521781
71 72 72 89 65 41 49 58 0 42 190 50 3 4 271 0 0 0 1 0 0 0 0 0 0
求:15 出:18 数:5
一番高いモンスター: 162747
召喚 ID: 221
スコア: 63669496
71 72 72 89 65 41 49 58 0 42 188 49 0 0 268 0 0 0 1 0 0 0 0 0 0
求:12 出:18 数:5
一番高いモンスター: 82129
スコア: 63669496
71 72 72 89 65 41 49 58 0 42 188 49 1 0 268 0 0 0 0 0 0 0 0 0 0
一番高いモンスター: 82129
スコア: 63669496
72 76 74 91 68 42 52 58 0 42 190 49 1 0 268 0 0 0 1 0 0 0 0 1 0
求:13 出:18 数:5
一番高いモンスター: 82129
スコア: 63669496
72 76 74 91 68 42 52 58 0 42 190 49 1 1 268 0 0 0 0 0 0 0 0 1 0
一番高いモンスター: 111793
スコア: 63669496
72 76 74 91 68 42 52 58 0 42 190 49 1 1 268 0 0 0 0 0 0 0 0 1 0
求:12 出:14 数:5
一番高いモンスター: 111793
スコア: 63669496
72 76 74 91 68 42 52 58 0 42 190 49 1 1 268 0 0 0 0 0 0 0 0 1 0
求:15 出:23 数:5
一番高いモンスター: 111793
スコア: 63669496
72 76 74 91 68 42 52 58 0 42 190 49 1 1 268 1 0 0 0 0 0 0 0 0 0
一番高いモンスター: 111793
スコア: 63669496
72 76 74 91 68 42 52 58 0 42 190 49 1 1 268 1 0 0 0 0 0 0 0 0 0
求:16 出:15 数:5
一番高いモンスター: 111793
スコア: 63669496
72 76 74 91 68 42 52 58 0 42 190 49 1 1 268 0 0 0 0 0 0 0 0 0 0
求:12 出:14 数:5
一番高いモンスター: 111793
スコア: 63669496
72 76 74 91 68 42 52 58 0 42 190 49 1 1 268 0 0 0 0 0 0 0 0 0 0
一番高いモンスター: 111793
スコア: 63669496
72 76 74 91 68 42 52 58 0 42 190 49 1 1 268 0 0 0 0 0 0 0 0 0 0
一番高いモンスター: 111793
スコア: 63669496
75 77 76 94 68 44 56 59 0 42 190 51 1 1 268 0 0 2 0 0 0 0 0 0 0
一番高いモンスター: 111793
スコア: 63669496
75 77 76 94 68 44 56 59 0 42 190 51 1 1 268 0 0 2 0 0 0 0 0 0 0
求:12 出:17 数:5
一番高いモンスター: 111793
スコア: 63669496
75 77 76 94 68 44 56 59 0 42 190 51 3 1 268 0 0 0 0 0 0 0 0 0 0
一番高いモンスター: 129751
スコア: 63669496
75 77 76 94 68 44 56 59 0 42 190 51 3 1 268 0 0 0 0 0 0 0 0 0 0
求:13 出:14 数:5
一番高いモンスター: 129751
スコア: 63669496
75 77 76 94 68 44 56 59 0 42 190 51 3 1 268 0 0 0 0 0 0 0 0 0 0
一番高いモンスター: 129751
スコア: 63669496
75 77 76 94 68 44 56 59 0 42 190 51 3 1 268 0 0 0 0 0 0 0 0 0 0
一番高いモンスター: 129751
スコア: 63669496
75 77 76 94 68 44 56 59 0 42 190 51 3 1 268 0 0 0 0 0 0 0 0 0 0
一番高いモンスター: 129751
スコア: 63669496
75 77 76 94 68 44 56 59 0 42 190 51 3 1 268 0 0 0 0 0 0 0 0 0 0
求:13 出:14 数:5
一番高いモンスター: 129751
スコア: 63669496
75 77 76 94 68 44 56 59 0 42 190 51 3 1 268 0 0 0 0 0 0 0 0 0 0
一番高いモンスター: 129751
スコア: 63669496
75 77 76 94 68 44 56 59 0 42 190 51 3 1 268 0 0 0 0 0 0 0 0 0 0
一番高いモンスター: 129751
スコア: 63669496
76 79 78 95 72 44 56 60 0 46 191 52 3 1 268 0 0 1 2 0 0 0 0 0 0
求:15 出:18 数:5
一番高いモンスター: 129751
スコア: 63669496
76 79 78 95 72 44 56 60 0 46 191 52 3 1 268 0 0 1 2 0 0 0 0 0 0
求:13 出:18 数:5
一番高いモンスター: 129751
スコア: 63669496
76 79 78 95 72 44 56 60 0 46 191 52 3 1 268 0 0 1 0 0 0 0 0 0 0
求:15 出:17 数:5
一番高いモンスター: 129751
スコア: 63669496
76 79 78 95 72 44 56 60 0 46 191 52 3 1 268 0 0 0 0 0 0 0 0 0 0
求:13 出:14 数:5
一番高いモンスター: 129751
スコア: 63669496
76 79 78 95 72 44 56 60 0 46 191 52 3 1 268 0 0 0 0 0 0 0 0 0 0
一番高いモンスター: 129751
スコア: 63669496
76 79 78 95 72 44 56 60 0 46 191 52 3 1 268 0 0 0 0 0 0 0 0 0 0
一番高いモンスター: 129751
スコア: 63669496
76 79 78 95 72 44 56 60 0 46 191 52 3 1 268 0 0 0 0 0 0 0 0 0 0
一番高いモンスター: 129751
スコア: 63669496
76 79 78 95 72 44 56 60 0 46 191 52 3 1 268 0 0 0 0 0 0 0 0 0 0
一番高いモンスター: 129751
スコア: 63669496
76 79 78 95 72 44 56 60 0 46 191 52 3 1 268 0 0 0 0 0 0 0 0 0 0
一番高いモンスター: 129751
スコア: 63669496
77 80 81 98 74 45 60 61 0 48 191 53 3 1 268 0 0 1 0 0 0 0 0 0 0
求:13 出:14 数:5
一番高いモンスター: 129751
スコア: 63669496
77 80 81 98 74 45 60 61 0 48 191 53 3 1 268 0 0 1 0 0 0 0 0 0 0
一番高いモンスター: 129751
スコア: 63669496
77 80 81 98 74 45 60 61 0 48 191 53 3 1 268 0 0 1 0 0 0 0 0 0 0
求:13 出:14 数:5
一番高いモンスター: 129751
スコア: 63669496
77 80 81 98 74 45 60 61 0 48 191 53 3 1 268 0 0 1 0 0 0 0 0 0 0
一番高いモンスター: 129751
スコア: 63669496
77 80 81 98 74 45 60 61 0 48 191 53 3 1 268 0 0 1 0 0 0 0 0 0 0
一番高いモンスター: 129751
スコア: 63669496
77 80 81 98 74 45 60 61 0 48 191 53 3 1 268 0 0 1 0 0 0 0 0 0 0
一番高いモンスター: 129751
スコア: 63669496
77 80 81 98 74 45 60 61 0 48 191 53 3 3 268 0 0 1 0 0 0 0 0 0 0
求:12 出:14 数:5
一番高いモンスター: 129751
スコア: 63669496
77 80 81 98 74 45 60 61 0 48 191 53 3 3 268 0 0 1 0 0 0 0 0 0 0
一番高いモンスター: 129751
スコア: 63669496
77 80 81 98 74 45 60 61 0 48 191 53 3 3 268 0 0 1 0 0 0 0 0 0 0
求:12 出:14 数:5
一番高いモンスター: 129751
スコア: 63669496
78 84 82 99 76 48 61 62 0 50 191 53 3 3 270 0 0 2 0 0 0 0 0 1 0
求:15 出:17 数:5
一番高いモンスター: 129751
スコア: 63669496
78 84 82 99 76 48 61 62 0 50 191 53 3 3 270 0 0 0 0 0 0 0 0 1 0
一番高いモンスター: 129751
スコア: 63669496
78 84 82 99 76 48 61 62 0 50 191 53 3 3 270 0 0 0 0 0 0 0 0 1 0
求:15 出:23 数:5
一番高いモンスター: 129751
スコア: 63669496
78 84 82 99 76 48 61 62 0 50 191 53 3 3 270 1 0 0 0 0 0 0 0 0 0
一番高いモンスター: 129751
スコア: 63669496
78 84 82 99 76 48 61 62 0 50 191 53 3 3 270 1 0 0 0 0 0 0 0 0 0
一番高いモンスター: 129751
スコア: 63669496
78 84 82 99 76 48 61 62 0 50 191 53 3 3 270 1 0 0 0 0 0 0 0 0 0
一番高いモンスター: 129751
スコア: 63669496
78 84 82 99 76 48 61 62 0 50 191 53 3 3 270 1 0 0 0 0 0 0 0 0 0
求:16 出:15 数:5
一番高いモンスター: 129751
スコア: 63669496
78 84 82 99 76 48 61 62 0 50 191 53 3 3 270 0 0 0 0 0 0 0 0 0 0
一番高いモンスター: 129751
スコア: 63669496
78 84 82 99 76 48 61 62 0 50 191 53 3 3 270 0 0 0 0 0 0 0 0 0 0
一番高いモンスター: 129751
スコア: 63669496
80 85 83 101 77 49 62 65 0 53 193 54 3 3 270 0 0 0 2 0 0 0 0 0 0
求:12 出:14 数:5
一番高いモンスター: 129751
スコア: 63669496
80 85 83 101 77 49 62 65 0 53 193 54 3 3 270 0 0 0 2 0 0 0 0 0 0
求:15 出:18 数:5
一番高いモンスター: 129751
スコア: 63669496
80 85 83 101 77 49 62 65 0 53 193 54 3 3 270 0 0 0 2 0 0 0 0 0 0
求:12 出:14 数:5
一番高いモンスター: 129751
スコア: 63669496
80 85 83 101 77 49 62 65 0 53 193 54 3 3 270 0 0 0 2 0 0 0 0 0 0
一番高いモンスター: 129751
スコア: 63669496
80 85 83 101 77 49 62 65 0 53 193 54 3 3 270 0 0 0 2 0 0 0 0 0 0
求:12 出:14 数:5
一番高いモンスター: 129751
スコア: 63669496
80 85 83 101 77 49 62 65 0 53 193 54 3 3 270 0 0 0 2 0 0 0 0 0 0
求:15 出:18 数:5
一番高いモンスター: 129751
スコア: 63669496
80 85 83 101 77 49 62 65 0 53 193 54 3 3 270 0 0 0 2 0 0 0 0 0 0
一番高いモンスター: 129751
スコア: 63669496
80 85 83 101 77 49 62 65 0 53 193 54 3 3 270 0 0 0 2 0 0 0 0 0 0
一番高いモンスター: 129751
スコア: 63669496
80 85 83 101 77 49 62 65 0 53 193 54 3 3 270 0 0 0 2 0 0 0 0 0 0
求:12 出:14 数:5
一番高いモンスター: 129751
スコア: 63669496
82 86 87 102 80 49 64 66 0 55 193 56 3 3 271 0 0 1 2 0 0 0 0 0 0
求:15 出:18 数:5
一番高いモンスター: 129751
スコア: 63669496
82 86 87 102 80 49 64 66 0 55 193 56 3 3 271 0 0 1 2 0 0 0 0 0 0
求:12 出:14 数:5
一番高いモンスター: 129751
スコア: 63669496
82 86 87 102 80 49 64 66 0 55 193 56 3 3 271 0 0 1 2 0 0 0 0 0 0
一番高いモンスター: 129751
スコア: 63669496
82 86 87 102 80 49 64 66 0 55 193 56 3 3 271 0 0 1 2 0 0 0 0 0 0
求:12 出:14 数:5
一番高いモンスター: 129751
スコア: 63669496
82 86 87 102 80 49 64 66 0 55 193 56 3 3 271 0 0 1 2 0 0 0 0 0 0
一番高いモンスター: 129751
