スコア: 8313446
1 2 1 0 2 169 194 183 80 193 463 420 0 0 413 0 0 289 369 0 0 0 0 89 0
一番高いモンスター: 2519
スコア: 8313446
3 6 4 2 3 170 197 183 80 194 463 421 0 0 413 0 0 289 371 0 0 0 0 89 0
一番高いモンスター: 6509
召喚 ID: 640
スコア: 8319918
2 1 0 1 1 170 197 183 80 194 463 421 0 0 413 0 0 289 371 0 0 0 0 89 0
一番高いモンスター: -1
スコア: 8319918
6 2 1 5 2 173 199 183 80 196 464 421 0 0 413 0 0 289 371 0 0 0 0 90 0
一番高いモンスター: 6030
召喚 ID: 568
スコア: 8325921
0 2 0 1 1 173 199 183 80 196 464 421 0 0 413 0 0 289 371 0 0 0 0 90 0
一番高いモンスター: -1
スコア: 8325921
2 4 3 4 1 173 201 187 80 197 464 423 0 0 413 0 0 289 371 0 0 0 0 91 0
一番高いモンスター: 5026
召喚 ID: 619
スコア: 8330892
1 0 0 3 0 173 201 187 80 197 464 423 0 0 413 0 0 289 371 0 0 0 0 91 0
一番高いモンスター: -1
スコア: 8330892
3 3 3 5 2 174 205 187 80 197 464 424 0 0 413 0 0 289 373 0 0 0 0 91 0
一番高いモンスター: 6030
召喚 ID: 861
スコア: 8336881
2 0 1 1 0 174 205 187 80 197 464 424 0 0 413 0 0 289 373 0 0 0 0 91 0
一番高いモンスター: -1
スコア: 8336881
2 2 4 3 3 176 205 190 80 198 464 425 0 0 414 0 0 291 373 0 0 0 0 91 0
一番高いモンスター: 6560
召喚 ID: 749
スコア: 8343380
0 0 0 0 1 176 205 190 80 198 464 425 0 0 414 0 0 291 373 0 0 0 0 91 0
一番高いモンスター: -1
スコア: 8343380
2 2 2 0 4 178 208 191 80 201 465 425 0 0 414 0 0 292 373 0 0 0 0 91 0
一番高いモンスター: 3023
スコア: 8343380
2 2 2 0 4 178 208 191 80 201 465 425 0 0 414 0 0 292 373 0 0 0 0 91 0
一番高いモンスター: 3023
スコア: 8350370
1 1 2 0 0 179 209 193 80 203 465 425 0 0 416 0 0 296 373 0 0 0 0 91 0
一番高いモンスター: -1
スコア: 8350370
1 1 2 0 0 179 209 193 80 203 465 425 0 0 416 0 0 296 373 0 0 0 0 91 0
一番高いモンスター: -1
スコア: 8355368
3 0 0 0 1 179 211 195 80 203 466 426 0 0 417 0 0 298 373 0 0 0 0 92 0
一番高いモンスター: -1
スコア: 8355368
3 0 0 0 1 179 211 195 80 203 466 426 0 0 417 0 0 298 373 0 0 0 0 92 0
一番高いモンスター: -1
スコア: 8360371
0 0 0 0 3 179 212 196 80 203 467 427 0 0 420 0 0 299 376 0 0 0 0 92 0
一番高いモンスター: -1
スコア: 8360371
0 0 0 0 3 179 212 196 80 203 467 427 0 0 420 0 0 299 376 0 0 0 0 92 0
一番高いモンスター: -1
スコア: 8365314
1 1 1 0 2 181 212 197 80 203 468 427 0 0 420 0 0 301 376 0 0 0 0 94 0
一番高いモンスター: 2519
スコア: 8365314
1 1 1 0 2 181 212 197 80 203 468 427 0 0 420 0 0 301 376 0 0 0 0 94 0
一番高いモンスター: 2519
スコア: 8365314
7 1 2 3 4 181 212 197 80 206 468 427 0 0 421 0 0 303 377 0 0 0 0 95 0
一番高いモンスター: 6008
召喚 ID: 536
スコア: 8371286
2 0 0 0 3 181 212 197 80 206 468 427 0 0 421 0 0 303 377 0 0 0 0 95 0
一番高いモンスター: -1
スコア: 8371286
4 3 1 2 6 181 212 197 80 206 468 429 0 0 426 0 0 303 378 0 0 0 0 96 0
一番高いモンスター: 5539
召喚 ID: 511
スコア: 8376770
0 1 1 0 3 181 212 197 80 206 468 429 0 0 426 0 0 303 378 0 0 0 0 96 0
一番高いモンスター: -1
スコア: 8376770
4 3 3 1 3 181 216 200 80 207 468 429 0 0 427 0 0 303 380 0 0 0 0 96 0
一番高いモンスター: 5014
召喚 ID: 570
スコア: 8381705
0 0 0 1 3 181 216 200 80 207 468 429 0 0 427 0 0 303 380 0 0 0 0 96 0
一番高いモンスター: -1
スコア: 8381705
3 1 2 4 8 181 217 200 80 209 469 429 0 0 427 0 0 303 381 0 0 0 0 97 0
一番高いモンスター: 7052
召喚 ID: 959
スコア: 8388711
2 0 0 1 1 181 217 200 80 209 469 429 0 0 427 0 0 303 381 0 0 0 0 97 0
一番高いモンスター: -1
スコア: 8388711
4 3 4 3 5 182 217 200 80 212 470 429 0 0 427 0 0 303 381 0 0 0 0 97 0
一番高いモンスター: 7032
召喚 ID: 938
スコア: 8395697
2 1 2 0 0 182 217 200 80 212 470 429 0 0 427 0 0 303 381 0 0 0 0 97 0
一番高いモンスター: -1
スコア: 8395697
4 4 3 1 2 182 220 203 80 212 471 429 0 0 429 0 0 303 383 0 0 0 0 97 0
一番高いモンスター: 5026
召喚 ID: 619
スコア: 8400662
3 0 0 0 1 182 220 203 80 212 471 429 0 0 429 0 0 303 383 0 0 0 0 97 0
一番高いモンスター: -1
スコア: 8400662
5 4 1 4 3 183 221 204 80 212 471 430 0 0 429 0 0 305 383 0 0 0 0 98 0
一番高いモンスター: 6524
召喚 ID: 524
スコア: 8407126
0 1 0 1 2 183 221 204 80 212 471 430 0 0 429 0 0 305 383 0 0 0 0 98 0
一番高いモンスター: -1
スコア: 8407126
3 2 0 4 5 183 222 205 80 213 472 432 0 0 430 0 0 306 385 0 0 0 0 98 0
一番高いモンスター: 4505
スコア: 8407126
3 2 0 4 5 183 222 205 80 213 472 432 0 0 430 0 0 306 385 0 0 0 0 98 0
一番高いモンスター: 4505
スコア: 8407126
6 7 2 4 6 185 222 207 80 214 474 433 0 0 431 0 0 306 385 0 0 0 0 98 0
一番高いモンスター: 8568
召喚 ID: 695
スコア: 8415635
1 0 2 4 1 185 222 207 80 214 474 433 0 0 431 0 0 306 385 0 0 0 0 98 0
一番高いモンスター: 3519
スコア: 8415635
1 1 7 5 4 186 224 209 80 214 476 433 0 0 431 0 0 307 387 0 0 0 0 98 0
一番高いモンスター: 6563
召喚 ID: 707
スコア: 8422141
0 0 0 4 1 186 224 209 80 214 476 433 0 0 431 0 0 307 387 0 0 0 0 98 0
一番高いモンスター: -1
スコア: 8422141
6 1 1 5 3 187 226 211 80 215 477 433 0 0 432 0 0 308 387 0 0 0 0 98 0
一番高いモンスター: 6030
召喚 ID: 568
スコア: 8428140
2 1 4 2 2 188 229 212 80 217 477 433 0 0 434 0 0 308 391 0 0 0 0 98 0
一番高いモンスター: 4524
スコア: 8428140
2 1 4 2 2 188 229 212 80 217 477 433 0 0 434 0 0 308 391 0 0 0 0 98 0
一番高いモンスター: 4524
スコア: 8428140
2 3 4 6 6 190 231 212 80 218 479 433 0 0 434 0 0 309 393 0 0 0 0 98 0
一番高いモンスター: 8029
召喚 ID: 992
スコア: 8436119
0 2 2 1 0 190 231 212 80 218 479 433 0 0 434 0 0 309 393 0 0 0 0 98 0
一番高いモンスター: -1
スコア: 8436119
0 6 3 7 4 191 232 212 80 219 480 434 0 0 434 0 0 309 393 0 0 0 0 98 0
一番高いモンスター: 6005
召喚 ID: 856
スコア: 8442076
0 5 0 1 2 191 232 212 80 219 480 434 0 0 434 0 0 309 393 0 0 0 0 98 0
一番高いモンスター: 3028
スコア: 8442076
3 7 1 2 4 191 233 213 80 221 481 436 0 0 437 0 0 309 394 0 0 0 0 98 0
一番高いモンスター: 6558
召喚 ID: 642
スコア: 8448579
2 0 0 0 2 191 233 213 80 221 477 436 0 0 437 0 0 309 394 0 0 0 0 98 0
一番高いモンスター: -1
スコア: 8448579
5 4 1 0 5 191 235 215 80 223 478 436 0 0 438 0 0 309 392 0 0 0 0 98 0
一番高いモンスター: 6014
召喚 ID: 501
スコア: 8454491
0 0 0 0 3 191 235 215 80 223 478 436 0 0 438 0 0 309 392 0 0 0 0 96 0
一番高いモンスター: -1
スコア: 8454491
1 4 3 2 7 192 237 216 80 223 478 436 0 0 438 0 0 309 393 0 0 0 0 97 0
一番高いモンスター: 6031
召喚 ID: 969
スコア: 8460484
1 0 2 2 0 192 237 216 80 223 478 436 0 0 438 0 0 309 393 0 0 0 0 97 0
一番高いモンスター: -1
一番高いモンスター: -1
一番高いモンスター: -1
