スコア: 38713796
20 25 27 31 28 10 19 40 1 31 371 337 4 5 402 6 3 273 270 2 0 0 1 27 0
求:19 出:23 数:10
一番高いモンスター: 187869
召喚 ID: 153
スコア: 38888717
25 26 30 33 30 10 20 44 1 31 371 331 2 0 402 6 3 273 270 12 0 0 1 17 0
求:16 出:23 数:10
一番高いモンスター: 129751
スコア: 38888717
25 26 30 33 30 10 20 44 1 31 371 331 2 0 402 6 13 273 270 12 0 0 1 7 0
一番高いモンスター: 129751
スコア: 38888717
25 26 30 33 30 10 20 44 1 31 371 331 2 0 402 6 13 273 270 12 0 0 1 7 0
一番高いモンスター: 129751
スコア: 38888717
25 26 30 33 30 10 20 44 1 31 371 331 2 0 402 6 13 273 270 12 0 0 1 7 0
一番高いモンスター: 129751
スコア: 38888717
25 26 30 33 30 10 20 44 1 31 371 331 2 0 402 6 13 273 270 12 0 0 1 7 0
一番高いモンスター: 129751
スコア: 38888717
25 26 30 33 30 10 20 44 1 31 371 331 2 0 402 6 13 273 270 12 0 0 1 7 0
一番高いモンスター: 129751
スコア: 38888717
25 26 30 33 30 10 20 44 1 31 371 331 2 0 402 6 13 273 270 12 0 0 1 7 0
一番高いモンスター: 129751
スコア: 38888717
25 26 30 33 30 10 20 44 1 31 371 331 2 0 402 6 13 273 270 12 0 0 1 7 0
一番高いモンスター: 129751
スコア: 38888717
25 26 30 33 30 10 20 44 1 31 371 331 2 0 402 6 13 273 270 12 0 0 1 7 0
