スコア: 95841427
42 53 129 192 43 1 5 5 2 3 62 6 0 0 109 0 0 2 1 0 5 5 4 7 0
求:5 出:14 数:5
一番高いモンスター: 402753	id:12
召喚 ID: 12
スコア: 96232744
43 55 130 194 46 8 7 8 2 4 64 7 0 0 104 0 0 2 1 0 4 2 3 6 0
一番高いモンスター: 401019	id:29
召喚 ID: 29
スコア: 96623665
43 55 130 194 46 8 7 8 2 4 64 7 0 0 104 0 0 2 1 0 2 1 0 6 0
一番高いモンスター: 68974	id:275
召喚 ID: 275
スコア: 96687024
43 55 130 194 46 1 3 4 2 1 64 7 0 0 104 0 0 2 1 0 2 1 0 6 0
一番高いモンスター: 66872	id:38
召喚 ID: 38
スコア: 96753297
43 55 130 194 46 1 3 4 2 1 64 7 0 0 104 0 0 2 1 0 2 0 0 3 0
一番高いモンスター: 26199	id:142
召喚 ID: 142
スコア: 96770233
43 55 130 194 46 1 3 4 2 1 59 7 0 0 101 0 0 2 1 0 2 0 0 3 0
一番高いモンスター: 26199	id:142
召喚 ID: 142
スコア: 96787164
43 55 130 194 46 1 3 4 2 1 54 7 0 0 98 0 0 2 1 0 2 0 0 3 0
求:5 出:14 数:5
一番高いモンスター: 26199	id:142
召喚 ID: 142
スコア: 96804090
43 55 130 194 46 6 3 4 2 1 49 7 0 0 90 0 0 2 1 0 2 0 0 3 0
一番高いモンスター: 26199	id:142
召喚 ID: 142
スコア: 96821011
43 55 130 194 46 6 3 4 2 1 44 7 0 0 87 0 0 2 1 0 2 0 0 3 0
一番高いモンスター: 26199	id:142
召喚 ID: 142
スコア: 96837927
43 55 130 194 46 6 3 4 2 1 39 7 0 0 84 0 0 2 1 0 2 0 0 3 0
一番高いモンスター: 26199	id:142
召喚 ID: 142
スコア: 96854838
48 58 132 196 47 7 3 5 2 2 37 7 0 0 81 0 0 2 2 0 2 0 0 3 0
求:12 出:14 数:5
一番高いモンスター: 27611	id:289
召喚 ID: 289
スコア: 96882111
48 58 132 196 47 0 1 5 0 0 37 7 0 0 81 0 0 2 2 0 2 0 0 3 0
一番高いモンスター: 26199	id:142
召喚 ID: 142
スコア: 96899012
48 58 132 196 47 0 1 5 0 0 32 7 0 0 78 0 0 2 2 0 2 0 0 3 0
スコア: 96899012
48 58 132 196 47 0 1 5 0 0 32 7 0 0 78 0 0 2 2 0 2 0 0 3 0
一番高いモンスター: 26199	id:142
召喚 ID: 142
スコア: 96915908
48 58 132 196 47 0 1 5 0 0 27 7 0 0 75 0 0 2 2 0 2 0 0 3 0
一番高いモンスター: 26199	id:142
召喚 ID: 142
スコア: 96932799
48 58 132 196 47 0 1 5 0 0 22 7 0 0 72 0 0 2 2 0 2 0 0 3 0
求:5 出:14 数:5
一番高いモンスター: 26199	id:142
召喚 ID: 142
スコア: 96949685
48 58 132 196 47 5 1 5 0 0 17 7 0 0 64 0 0 2 2 0 2 0 0 3 0
求:12 出:14 数:5
一番高いモンスター: 26199	id:142
召喚 ID: 142
スコア: 96966565
48 58 132 196 47 5 1 5 0 0 12 7 0 0 61 0 0 2 2 0 2 0 0 3 0
求:15 出:14 数:5
一番高いモンスター: 26199	id:142
召喚 ID: 142
スコア: 96983440
48 58 132 196 47 5 1 5 0 0 7 7 0 0 58 0 0 2 2 0 2 0 0 3 0
一番高いモンスター: 26199	id:142
召喚 ID: 142
スコア: 97000310
50 58 133 197 51 5 1 7 0 2 2 7 0 0 56 0 0 6 5 0 2 0 0 3 0
一番高いモンスター: 28169	id:103
召喚 ID: 103
スコア: 97025025
50 58 133 197 51 5 1 7 0 2 2 7 0 0 56 0 0 5 0 0 2 0 0 3 0
一番高いモンスター: 25161	id:31
召喚 ID: 31
スコア: 97047174
50 58 133 197 51 5 1 7 0 2 2 7 0 0 56 0 0 5 0 0 2 0 0 0 0
スコア: 97047174
50 58 133 197 51 5 1 7 0 2 2 7 0 0 56 0 0 5 0 0 2 0 0 0 0
求:12 出:14 数:5
一番高いモンスター: 21854	id:236
召喚 ID: 236
スコア: 97067607
50 58 133 197 51 5 1 7 0 2 2 7 0 0 43 0 0 5 0 0 2 0 0 0 0
求:15 出:14 数:5
一番高いモンスター: 21854	id:236
召喚 ID: 236
スコア: 97088034
50 58 133 197 51 5 1 7 0 2 2 7 0 0 30 0 0 5 0 0 2 0 0 0 0
求:8 出:14 数:5
一番高いモンスター: 21854	id:236
召喚 ID: 236
スコア: 97108455
50 58 133 197 51 5 1 7 0 2 2 7 0 0 16 0 0 5 0 0 2 0 0 0 0
一番高いモンスター: 21854	id:236
召喚 ID: 236
スコア: 97128870
50 58 133 197 51 5 1 7 0 2 2 7 0 0 3 0 0 5 0 0 2 0 0 0 0
一番高いモンスター: 21015	id:158
召喚 ID: 158
スコア: 97148543
50 58 133 197 51 5 1 7 0 2 2 1 0 0 1 0 0 5 0 0 2 0 0 0 0
スコア: 97148543
51 59 136 201 52 6 3 10 0 3 2 1 0 0 3 0 0 6 0 0 2 0 0 0 0
求:12 出:7 数:5
一番高いモンスター: 31824	id:363
召喚 ID: 363
スコア: 97180215
51 59 136 201 52 4 1 1 0 1 2 1 0 0 3 0 0 6 0 0 2 0 0 0 0
一番高いモンスター: 13089	id:235
召喚 ID: 235
スコア: 97192601
51 59 136 201 52 4 1 1 0 1 1 0 0 0 0 0 0 6 0 0 2 0 0 0 0
一番高いモンスター: 10098	id:953
召喚 ID: 953
スコア: 97199481
50 53 135 200 41 4 1 1 0 1 1 0 0 0 0 0 0 6 0 0 2 0 0 0 0
一番高いモンスター: 10098	id:953
召喚 ID: 953
スコア: 97206359
49 47 134 199 30 4 1 1 0 1 1 0 0 0 0 0 0 6 0 0 2 0 0 0 0
一番高いモンスター: 10098	id:953
召喚 ID: 953
スコア: 97213233
48 41 133 198 19 4 1 1 0 1 1 0 0 0 0 0 0 6 0 0 2 0 0 0 0
一番高いモンスター: 10098	id:953
召喚 ID: 953
スコア: 97220104
47 35 132 197 8 4 1 1 0 1 1 0 0 0 0 0 0 6 0 0 2 0 0 0 0
一番高いモンスター: 10094	id:547
召喚 ID: 547
スコア: 97228670
30 33 132 197 7 4 1 1 0 1 1 0 0 0 0 0 0 6 0 0 2 0 0 0 0
一番高いモンスター: 10094	id:547
召喚 ID: 547
スコア: 97237234
13 31 132 197 6 4 1 1 0 1 1 0 0 0 0 0 0 6 0 0 2 0 0 0 0
一番高いモンスター: 10094	id:606
召喚 ID: 606
スコア: 97246382
11 24 126 195 3 4 1 1 0 1 1 0 0 0 0 0 0 6 0 0 2 0 0 0 0
一番高いモンスター: 10094	id:606
召喚 ID: 606
スコア: 97255527
10 20 122 194 3 5 1 4 0 2 1 1 0 0 2 0 0 7 0 0 2 0 0 1 0
一番高いモンスター: 11957	id:285
召喚 ID: 285
スコア: 97267085
10 20 122 194 3 0 0 2 0 2 1 1 0 0 2 0 0 7 0 0 2 0 0 1 0
一番高いモンスター: 10094	id:606
召喚 ID: 606
スコア: 97276227
8 13 116 192 0 0 0 2 0 2 1 1 0 0 2 0 0 7 0 0 2 0 0 1 0
一番高いモンスター: 10078	id:743
召喚 ID: 743
スコア: 97284609
2 7 108 192 0 0 0 2 0 2 1 1 0 0 2 0 0 7 0 0 2 0 0 1 0
一番高いモンスター: 10060	id:803
召喚 ID: 803
スコア: 97293762
1 1 108 179 0 0 0 2 0 2 1 1 0 0 2 0 0 7 0 0 2 0 0 1 0
一番高いモンスター: 10036	id:847
召喚 ID: 847
スコア: 97302047
1 1 101 166 0 0 0 2 0 2 1 1 0 0 2 0 0 7 0 0 2 0 0 1 0
一番高いモンスター: 10036	id:847
召喚 ID: 847
スコア: 97310330
1 1 94 153 0 0 0 2 0 2 1 1 0 0 2 0 0 7 0 0 2 0 0 1 0
一番高いモンスター: 10036	id:847
召喚 ID: 847
スコア: 97318610
1 1 87 140 0 0 0 2 0 2 1 1 0 0 2 0 0 7 0 0 2 0 0 1 0
一番高いモンスター: 10036	id:847
召喚 ID: 847
スコア: 97326885
1 1 80 127 0 0 0 2 0 2 1 1 0 0 2 0 0 7 0 0 2 0 0 1 0
一番高いモンスター: 10036	id:847
召喚 ID: 847
スコア: 97335155
1 4 76 116 2 0 2 4 0 4 3 1 0 0 3 0 0 8 0 0 2 0 0 1 0
一番高いモンスター: 25043	id:90
召喚 ID: 90
スコア: 97357981
1 4 76 116 2 0 2 4 0 4 3 1 0 0 3 0 0 0 0 0 2 0 0 1 0
一番高いモンスター: 13149	id:145
召喚 ID: 145
スコア: 97369146
1 4 76 116 2 0 2 4 2 4 0 0 0 0 2 0 0 0 0 0 2 0 0 1 0
一番高いモンスター: 21199	id:476
召喚 ID: 476
スコア: 97389003
1 4 76 116 2 0 0 2 1 0 0 0 0 0 2 0 0 0 0 0 2 0 0 1 0
一番高いモンスター: 10036	id:847
召喚 ID: 847
スコア: 97397271
1 4 69 103 2 0 0 2 1 0 0 0 0 0 2 0 0 0 0 0 2 0 0 1 0
一番高いモンスター: 10036	id:847
召喚 ID: 847
スコア: 97405536
1 4 62 90 2 0 0 2 1 0 0 0 0 0 2 0 0 0 0 0 2 0 0 1 0
一番高いモンスター: 10036	id:847
召喚 ID: 847
スコア: 97413799
1 4 55 77 2 0 0 2 1 0 0 0 0 0 2 0 0 0 0 0 2 0 0 1 0
一番高いモンスター: 10036	id:847
召喚 ID: 847
スコア: 97422059
1 4 48 64 2 0 0 2 1 0 0 0 0 0 2 0 0 0 0 0 2 0 0 1 0
スコア: 97422059
1 4 48 64 2 0 0 2 1 0 0 0 0 0 2 0 0 0 0 0 2 0 0 1 0
一番高いモンスター: 10036	id:847
召喚 ID: 847
スコア: 97430314
2 6 42 52 2 4 0 2 1 3 0 3 0 0 3 0 0 1 1 0 2 0 0 3 0
一番高いモンスター: 25161	id:31
召喚 ID: 31
スコア: 97452449
2 6 42 52 2 4 0 2 1 3 0 3 0 0 3 0 0 1 1 0 2 0 0 0 0
一番高いモンスター: 10060	id:803
召喚 ID: 803
スコア: 97461596
1 0 42 39 2 4 0 2 1 3 0 3 0 0 3 0 0 1 1 0 2 0 0 0 0
一番高いモンスター: 10036	id:847
召喚 ID: 847
スコア: 97469844
1 0 35 26 2 4 0 2 1 3 0 3 0 0 3 0 0 1 1 0 2 0 0 0 0
一番高いモンスター: 10036	id:847
召喚 ID: 847
スコア: 97478087
1 0 28 13 2 4 0 2 2 3 0 3 0 0 3 0 0 1 1 0 2 0 0 0 0
スコア: 97478087
1 0 28 13 2 4 0 2 2 3 0 3 0 0 3 0 0 1 1 0 2 0 0 0 0
一番高いモンスター: 10036	id:847
召喚 ID: 847
スコア: 97486327
1 0 21 0 2 4 0 2 2 3 0 3 0 0 3 0 0 1 1 0 2 0 0 0 0
一番高いモンスター: 8410	id:169
召喚 ID: 169
スコア: 97494401
1 0 21 0 2 4 0 2 4 3 0 0 0 0 2 0 0 1 1 0 2 0 0 0 0
一番高いモンスター: 10383	id:273
召喚 ID: 273
スコア: 97504501
1 0 21 0 2 0 0 2 1 3 0 0 0 0 2 0 0 1 1 0 2 0 0 0 0
一番高いモンスター: 8007	id:726
召喚 ID: 726
スコア: 97511947
4 3 9 1 2 3 1 3 1 3 0 1 0 0 3 0 0 1 1 0 2 0 0 2 0
一番高いモンスター: 15143	id:298
召喚 ID: 298
スコア: 97526945
4 3 9 1 2 0 0 1 0 2 0 1 0 0 3 0 0 1 1 0 2 0 0 2 0
スコア: 97526945
4 3 9 1 2 0 0 1 0 2 0 1 0 0 3 0 0 1 1 0 2 0 0 2 0
一番高いモンスター: 8405	id:243
召喚 ID: 243
スコア: 97535198
4 3 9 1 2 0 0 1 0 2 0 0 0 0 0 0 0 1 1 0 2 0 0 2 0
一番高いモンスター: 7553	id:745
召喚 ID: 745
スコア: 97542616
0 1 1 1 1 0 0 1 0 2 0 0 0 0 0 0 0 1 1 0 2 0 0 2 0
一番高いモンスター: -1	id:-1
スコア: 97542616
0 1 1 1 1 0 0 1 0 2 0 0 0 0 0 0 0 1 1 0 2 0 0 2 0
一番高いモンスター: -1	id:-1
スコア: 97542616
0 1 1 1 1 0 0 1 0 2 0 0 0 0 0 0 0 1 1 0 2 0 0 2 0
一番高いモンスター: -1	id:-1
スコア: 97542616
0 1 1 1 1 0 0 1 0 2 0 0 0 0 0 0 0 1 1 0 2 0 0 2 0
一番高いモンスター: -1	id:-1
スコア: 97542616
0 1 1 1 1 0 0 1 0 2 0 0 0 0 0 0 0 1 1 0 2 0 0 2 0
一番高いモンスター: -1	id:-1
スコア: 97542616
0 1 1 1 1 0 0 1 0 2 0 0 0 0 0 0 0 1 1 0 2 0 0 2 0
一番高いモンスター: -1	id:-1
スコア: 97542616
3 2 2 2 3 3 1 3 0 3 1 0 0 0 2 0 0 2 2 0 2 0 0 2 0
一番高いモンスター: 6637	id:259
召喚 ID: 259
スコア: 97548700
3 2 2 2 3 0 1 1 0 3 1 0 0 0 2 0 0 2 2 0 2 0 0 2 0
一番高いモンスター: 5006	id:923
召喚 ID: 923
スコア: 97553464
1 0 0 1 0 0 1 1 0 3 1 0 0 0 2 0 0 2 2 0 2 0 0 2 0
一番高いモンスター: -1	id:-1
スコア: 97553464
1 0 0 1 0 0 1 1 0 3 1 0 0 0 2 0 0 2 2 0 2 0 0 2 0
一番高いモンスター: -1	id:-1
スコア: 97553464
1 0 0 1 0 0 1 1 0 3 1 0 0 0 2 0 0 2 2 0 2 0 0 2 0
一番高いモンスター: -1	id:-1
スコア: 97553464
1 0 0 1 0 0 1 1 0 3 1 0 0 0 2 0 0 2 2 0 2 0 0 2 0
一番高いモンスター: -1	id:-1
スコア: 97553464
1 0 0 1 0 0 1 1 0 3 1 0 0 0 2 0 0 2 2 0 2 0 0 2 0
一番高いモンスター: -1	id:-1
スコア: 97553464
1 0 0 1 0 0 1 1 0 3 1 0 0 0 2 0 0 2 2 0 2 0 0 2 0
一番高いモンスター: -1	id:-1
スコア: 97553464
1 0 0 1 0 0 1 1 0 3 1 0 0 0 2 0 0 2 2 0 2 0 0 2 0
一番高いモンスター: -1	id:-1
スコア: 97553464
4 2 1 4 3 0 2 1 0 5 2 1 0 0 5 0 0 2 2 0 2 0 0 2 0
一番高いモンスター: 13089	id:235
召喚 ID: 235
スコア: 97565809
4 2 1 4 3 0 2 1 2 5 1 0 0 0 2 0 0 2 2 0 2 0 0 2 0
一番高いモンスター: 17025	id:470
召喚 ID: 470
