スコア: 67165490
3 2 3 1 1 89 140 118 6 100 270 140 23 16 319 18 8 47 53 12 2 0 2 7 1
求:13 出:14 数:5
一番高いモンスター: 534239
召喚 ID: 113
スコア: 67549087
3 2 3 1 1 89 140 118 6 100 270 140 23 16 319 16 6 45 52 9 2 0 2 7 1
求:16 出:18 数:5
一番高いモンスター: 534239
召喚 ID: 113
スコア: 67932569
3 2 3 1 1 89 140 118 6 100 270 140 23 16 319 14 4 43 51 6 2 0 2 7 1
求:21 出:23 数:5
一番高いモンスター: 534239
召喚 ID: 113
スコア: 68315936
3 2 3 1 1 89 140 118 6 100 270 140 23 16 319 12 2 41 50 3 2 0 2 7 1
求:13 出:14 数:5
一番高いモンスター: 534239
召喚 ID: 113
スコア: 68699188
4 3 7 3 3 91 140 119 6 102 270 143 23 16 321 10 0 39 49 0 2 0 2 7 1
求:16 出:18 数:5
一番高いモンスター: 187869
