スコア: 4626310
516 536 519 514 481 4 79 107 0 3 244 224 0 0 222 0 0 206 186 0 0 0 0 0 0
一番高いモンスター: 50801
スコア: 4626310
516 536 519 514 481 4 79 107 0 3 244 224 0 0 222 0 0 206 186 0 0 0 0 0 0
一番高いモンスター: 50801
スコア: 4626310
516 536 519 514 481 4 79 107 0 3 244 224 0 0 222 0 0 206 186 0 0 0 0 0 0
一番高いモンスター: 50801
スコア: 4626310
516 536 519 514 481 4 79 107 0 3 244 224 0 0 222 0 0 206 186 0 0 0 0 0 0
一番高いモンスター: 50801
スコア: 4626310
519 539 521 514 483 7 81 107 0 6 244 225 0 0 222 0 0 206 187 0 0 0 0 0 0
一番高いモンスター: 82129
召喚 ID: 276
スコア: 4707484
519 539 521 514 483 0 76 105 0 1 244 225 0 0 222 0 0 206 187 0 0 0 0 0 0
一番高いモンスター: 31539
スコア: 4707484
519 539 521 514 483 0 76 105 0 1 244 225 0 0 222 0 0 206 187 0 0 0 0 0 0
一番高いモンスター: 31539
スコア: 4707484
519 539 521 514 483 0 76 105 0 1 244 225 0 0 222 0 0 206 187 0 0 0 0 0 0
一番高いモンスター: 31539
スコア: 4707484
519 539 521 514 483 0 76 105 0 1 244 225 0 0 222 0 0 206 187 0 0 0 0 0 0
一番高いモンスター: 31539
スコア: 4707484
521 541 523 515 486 0 77 106 0 3 244 228 0 0 224 0 0 207 187 0 0 0 0 0 0
一番高いモンスター: 38018
スコア: 4707484
521 541 523 515 486 0 77 106 0 3 244 228 0 0 224 0 0 207 187 0 0 0 0 0 0
一番高いモンスター: 38018
スコア: 4707484
521 541 523 515 486 0 77 106 0 3 244 228 0 0 224 0 0 207 187 0 0 0 0 0 0
一番高いモンスター: 38018
スコア: 4707484
521 541 523 515 486 0 77 106 0 3 244 228 0 0 224 0 0 207 187 0 0 0 0 0 0
一番高いモンスター: 38018
スコア: 4707484
525 542 523 517 487 1 79 107 0 3 244 231 0 0 226 0 0 208 188 0 0 0 0 1 0
一番高いモンスター: 38018
スコア: 4707484
525 542 523 517 487 1 79 107 0 3 244 231 0 0 226 0 0 208 188 0 0 0 0 1 0
一番高いモンスター: 38018
スコア: 4707484
525 542 523 517 487 1 79 107 0 3 244 231 0 0 226 0 0 208 188 0 0 0 0 1 0
一番高いモンスター: 38018
スコア: 4707484
525 542 523 517 487 1 79 107 0 3 244 231 0 0 226 0 0 208 188 0 0 0 0 1 0
一番高いモンスター: 38018
スコア: 4707484
525 542 523 517 487 1 79 107 0 3 244 231 0 0 226 0 0 208 188 0 0 0 0 1 0
一番高いモンスター: 38018
スコア: 4707484
527 545 525 519 488 5 82 108 0 3 244 231 0 0 227 0 0 208 189 0 0 0 0 1 0
一番高いモンスター: 50801
スコア: 4707484
527 545 525 519 488 5 82 108 0 3 244 231 0 0 227 0 0 208 189 0 0 0 0 1 0
一番高いモンスター: 50801
スコア: 4707484
527 545 525 519 488 5 82 108 0 3 244 231 0 0 227 0 0 208 189 0 0 0 0 1 0
一番高いモンスター: 50801
スコア: 4707484
527 545 525 519 488 5 82 108 0 3 244 231 0 0 227 0 0 208 189 0 0 0 0 1 0
一番高いモンスター: 50801
スコア: 4707484
527 545 525 519 488 5 82 108 0 3 244 231 0 0 227 0 0 208 189 0 0 0 0 1 0
一番高いモンスター: 50801
スコア: 4707484
528 547 528 522 489 5 84 109 0 6 245 231 0 0 228 0 0 208 190 0 0 0 0 2 0
一番高いモンスター: 50801
スコア: 4707484
528 547 528 522 489 5 84 109 0 6 245 231 0 0 228 0 0 208 190 0 0 0 0 2 0
一番高いモンスター: 50801
スコア: 4707484
528 547 528 522 489 5 84 109 0 6 245 231 0 0 228 0 0 208 190 0 0 0 0 2 0
一番高いモンスター: 50801
スコア: 4707484
528 547 528 522 489 5 84 109 0 6 245 231 0 0 228 0 0 208 190 0 0 0 0 2 0
一番高いモンスター: 50801
スコア: 4707484
528 547 528 522 489 5 84 109 0 6 245 231 0 0 228 0 0 208 190 0 0 0 0 2 0
一番高いモンスター: 50801
スコア: 4707484
532 547 529 525 490 6 86 110 0 8 246 231 0 0 228 0 0 211 191 0 0 0 0 2 0
一番高いモンスター: 50801
スコア: 4707484
532 547 529 525 490 6 86 110 0 8 246 231 0 0 228 0 0 211 191 0 0 0 0 2 0
一番高いモンスター: 50801
スコア: 4707484
532 547 529 525 490 6 86 110 0 8 246 231 0 0 228 0 0 211 191 0 0 0 0 2 0
一番高いモンスター: 50801
スコア: 4707484
532 547 529 525 490 6 86 110 0 8 246 231 0 0 228 0 0 211 191 0 0 0 0 2 0
一番高いモンスター: 50801
スコア: 4707484
532 547 529 525 490 6 86 110 0 8 246 231 0 0 228 0 0 211 191 0 0 0 0 2 0
一番高いモンスター: 50801
スコア: 4707484
534 547 532 529 493 6 86 110 0 10 249 231 0 0 228 0 0 212 193 0 0 0 0 2 0
一番高いモンスター: 57222
スコア: 4707484
534 547 532 529 493 6 86 110 0 10 249 231 0 0 228 0 0 212 193 0 0 0 0 2 0
一番高いモンスター: 57222
スコア: 4707484
534 547 532 529 493 6 86 110 0 10 249 231 0 0 228 0 0 212 193 0 0 0 0 2 0
一番高いモンスター: 57222
スコア: 4707484
534 547 532 529 493 6 86 110 0 10 249 231 0 0 228 0 0 212 193 0 0 0 0 2 0
一番高いモンスター: 57222
スコア: 4707484
534 547 532 529 493 6 86 110 0 10 249 231 0 0 228 0 0 212 193 0 0 0 0 2 0
一番高いモンスター: 57222
スコア: 4707484
538 551 532 530 493 7 87 114 0 10 252 231 0 0 228 0 0 213 194 0 0 0 0 2 0
一番高いモンスター: 82129
召喚 ID: 276
スコア: 4788366
538 551 532 530 493 0 82 112 0 5 252 231 0 0 228 0 0 213 194 0 0 0 0 2 0
一番高いモンスター: 48387
スコア: 4788366
538 551 532 530 493 0 82 112 0 5 252 231 0 0 228 0 0 213 194 0 0 0 0 2 0
一番高いモンスター: 48387
スコア: 4788366
538 551 532 530 493 0 82 112 0 5 252 231 0 0 228 0 0 213 194 0 0 0 0 2 0
一番高いモンスター: 48387
スコア: 4788366
541 552 534 531 494 0 83 112 0 5 255 233 0 0 230 0 0 214 194 0 0 0 0 5 0
一番高いモンスター: 48387
スコア: 4788366
541 552 534 531 494 0 83 112 0 5 255 233 0 0 230 0 0 214 194 0 0 0 0 5 0
一番高いモンスター: 48387
スコア: 4788366
541 552 534 531 494 0 83 112 0 5 255 233 0 0 230 0 0 214 194 0 0 0 0 5 0
一番高いモンスター: 48387
スコア: 4788366
541 552 534 531 494 0 83 112 0 5 255 233 0 0 230 0 0 214 194 0 0 0 0 5 0
一番高いモンスター: 48387
スコア: 4788366
541 552 534 531 494 0 83 112 0 5 255 233 0 0 230 0 0 214 194 0 0 0 0 5 0
一番高いモンスター: 48387
スコア: 4788366
542 552 534 535 498 3 84 113 0 7 256 235 0 0 230 0 0 215 194 0 0 0 0 5 0
一番高いモンスター: 48387
