スコア: 17014296
0 0 0 0 2 19 17 13 0 15 593 552 0 0 552 0 0 388 450 0 0 2 9 89 0
求:16 出:18 数:3
一番高いモンスター: -1
スコア: 17014296
0 0 0 0 2 19 17 13 0 15 593 552 0 0 552 0 0 388 454 0 0 2 9 89 0
求:16 出:18 数:7
一番高いモンスター: -1
スコア: 17014296
0 0 0 0 2 19 17 13 0 15 593 552 0 0 552 0 0 388 450 0 0 2 9 89 0
求:16 出:18 数:5
一番高いモンスター: -1
スコア: 17014296
0 0 0 0 2 19 17 13 0 15 593 552 0 0 552 0 0 388 452 0 0 2 9 89 0
求:16 出:18 数:7
一番高いモンスター: -1
スコア: 17014296
4 2 3 2 2 21 17 13 0 16 594 553 0 0 553 0 0 389 452 0 0 2 9 89 0
求:16 出:18 数:9
一番高いモンスター: 5024
召喚 ID: 539
スコア: 17019248
0 1 1 0 1 21 17 13 0 16 594 553 0 0 553 0 0 389 450 0 0 2 9 89 0
求:16 出:18 数:10
一番高いモンスター: -1
スコア: 17019248
0 1 1 0 1 21 17 13 0 16 594 553 0 0 553 0 0 389 449 0 0 2 9 89 0
求:16 出:18 数:5
一番高いモンスター: -1
スコア: 17019248
0 1 1 0 1 21 17 13 0 16 594 553 0 0 553 0 0 389 454 0 0 2 9 89 0
求:16 出:18 数:7
一番高いモンスター: -1
スコア: 17019248
0 1 1 0 1 21 17 13 0 16 594 553 0 0 553 0 0 389 452 0 0 2 9 89 0
求:16 出:18 数:7
一番高いモンスター: -1
スコア: 17019248
0 1 1 0 1 21 17 13 0 16 594 553 0 0 553 0 0 389 452 0 0 2 9 89 0
求:16 出:18 数:4
一番高いモンスター: -1
スコア: 17019248
0 1 1 0 1 21 17 13 0 16 594 553 0 0 553 0 0 389 455 0 0 2 9 89 0
求:16 出:18 数:11
一番高いモンスター: -1
スコア: 17019248
0 1 1 0 1 21 17 13 0 16 594 553 0 0 553 0 0 389 448 0 0 2 9 89 0
求:16 出:18 数:8
一番高いモンスター: -1
スコア: 17019248
0 1 1 0 1 21 17 13 0 16 594 553 0 0 553 0 0 389 451 0 0 2 9 89 0
求:16 出:18 数:8
一番高いモンスター: -1
スコア: 17019248
1 2 3 3 3 21 20 16 0 16 594 556 0 0 553 0 0 389 453 0 0 2 9 89 0
求:16 出:18 数:6
一番高いモンスター: 4516
召喚 ID: 815
スコア: 17023694
1 0 1 0 1 21 20 16 0 16 594 556 0 0 553 0 0 389 455 0 0 2 9 89 0
求:16 出:18 数:10
一番高いモンスター: -1
スコア: 17023694
1 0 1 0 1 21 20 16 0 16 594 556 0 0 553 0 0 389 451 0 0 2 9 89 0
求:16 出:18 数:3
一番高いモンスター: -1
スコア: 17023694
1 0 1 0 1 21 20 16 0 16 594 556 0 0 553 0 0 389 458 0 0 2 9 89 0
求:16 出:18 数:3
一番高いモンスター: -1
スコア: 17023694
1 0 1 0 1 21 20 16 0 16 594 556 0 0 553 0 0 389 458 0 0 2 9 89 0
求:16 出:18 数:3
一番高いモンスター: -1
スコア: 17023694
1 0 1 0 1 21 20 16 0 16 594 556 0 0 553 0 0 389 458 0 0 2 9 89 0
求:16 出:18 数:3
一番高いモンスター: -1
スコア: 17023694
1 0 1 0 1 21 20 16 0 16 594 556 0 0 553 0 0 389 458 0 0 2 9 89 0
求:16 出:18 数:6
一番高いモンスター: -1
スコア: 17023694
1 0 1 0 1 21 20 16 0 16 594 556 0 0 553 0 0 389 455 0 0 2 9 89 0
求:16 出:18 数:3
一番高いモンスター: -1
スコア: 17023694
1 0 1 0 1 21 20 16 0 16 594 556 0 0 553 0 0 389 458 0 0 2 9 89 0
求:16 出:18 数:3
一番高いモンスター: -1
スコア: 17023694
1 0 1 0 1 21 20 16 0 16 594 556 0 0 553 0 0 389 458 0 0 2 9 89 0
求:16 出:18 数:5
一番高いモンスター: -1
スコア: 17023694
3 2 5 3 3 22 21 16 0 16 595 557 0 0 553 0 0 390 456 0 0 2 9 91 0
求:16 出:18 数:4
一番高いモンスター: 6560
召喚 ID: 749
スコア: 17030098
1 0 1 0 1 22 21 16 0 16 595 557 0 0 553 0 0 390 457 0 0 2 9 91 0
求:16 出:18 数:4
一番高いモンスター: -1
スコア: 17030098
1 0 1 0 1 22 21 16 0 16 595 557 0 0 553 0 0 390 457 0 0 2 9 91 0
求:16 出:18 数:5
一番高いモンスター: -1
スコア: 17030098
1 0 1 0 1 22 21 16 0 16 595 557 0 0 553 0 0 390 456 0 0 2 9 91 0
求:16 出:18 数:7
一番高いモンスター: -1
スコア: 17030098
1 0 1 0 1 22 21 16 0 16 595 557 0 0 553 0 0 390 454 0 0 2 9 91 0
求:16 出:18 数:6
一番高いモンスター: -1
スコア: 17030098
1 0 1 0 1 22 21 16 0 16 595 557 0 0 553 0 0 390 455 0 0 2 9 91 0
求:16 出:18 数:11
一番高いモンスター: -1
スコア: 17030098
1 0 1 0 1 22 21 16 0 16 595 557 0 0 553 0 0 390 450 0 0 2 9 91 0
求:16 出:18 数:7
一番高いモンスター: -1
スコア: 17030098
1 0 1 0 1 22 21 16 0 16 595 557 0 0 553 0 0 390 454 0 0 2 9 91 0
求:16 出:18 数:11
一番高いモンスター: -1
スコア: 17030098
1 0 1 0 1 22 21 16 0 16 595 557 0 0 553 0 0 390 450 0 0 2 9 91 0
求:16 出:18 数:11
一番高いモンスター: -1
スコア: 17030098
1 0 4 1 2 23 22 18 0 17 595 560 0 0 553 0 0 393 453 0 0 2 9 92 0
求:16 出:18 数:12
一番高いモンスター: 3007
召喚 ID: 733
スコア: 17033027
1 0 0 1 0 23 22 18 0 17 595 560 0 0 553 0 0 393 452 0 0 2 9 92 0
求:16 出:18 数:3
一番高いモンスター: -1
スコア: 17033027
1 0 0 1 0 23 22 18 0 17 595 560 0 0 553 0 0 393 461 0 0 2 9 92 0
求:16 出:18 数:11
一番高いモンスター: -1
スコア: 17033027
1 0 0 1 0 23 22 18 0 17 595 560 0 0 553 0 0 393 453 0 0 2 9 92 0
求:16 出:18 数:5
一番高いモンスター: -1
スコア: 17033027
1 0 0 1 0 23 22 18 0 17 595 560 0 0 553 0 0 393 459 0 0 2 9 92 0
求:16 出:18 数:4
一番高いモンスター: -1
スコア: 17033027
1 0 0 1 0 23 22 18 0 17 595 560 0 0 553 0 0 393 460 0 0 2 9 92 0
求:16 出:18 数:12
一番高いモンスター: -1
スコア: 17033027
1 0 0 1 0 23 22 18 0 17 595 560 0 0 553 0 0 393 452 0 0 2 9 92 0
求:16 出:18 数:5
一番高いモンスター: -1
スコア: 17033027
1 0 0 1 0 23 22 18 0 17 595 560 0 0 553 0 0 393 459 0 0 2 9 92 0
求:16 出:18 数:8
一番高いモンスター: -1
スコア: 17033027
1 0 0 1 0 23 22 18 0 17 595 560 0 0 553 0 0 393 456 0 0 2 9 92 0
求:16 出:18 数:5
一番高いモンスター: -1
スコア: 17033027
2 2 2 2 3 25 22 19 0 18 598 562 0 0 554 0 0 393 460 0 0 2 9 92 0
求:16 出:18 数:12
一番高いモンスター: 5006
召喚 ID: 923
スコア: 17037919
0 0 0 1 0 25 22 19 0 18 598 562 0 0 554 0 0 393 453 0 0 2 9 92 0
求:16 出:18 数:5
一番高いモンスター: -1
スコア: 17037919
0 0 0 1 0 25 22 19 0 18 598 562 0 0 554 0 0 393 460 0 0 2 9 92 0
求:16 出:18 数:8
一番高いモンスター: -1
スコア: 17037919
0 0 0 1 0 25 22 19 0 18 598 562 0 0 554 0 0 393 457 0 0 2 9 92 0
求:16 出:18 数:4
一番高いモンスター: -1
スコア: 17037919
0 0 0 1 0 25 22 19 0 18 598 562 0 0 554 0 0 393 461 0 0 2 9 92 0
求:16 出:18 数:12
一番高いモンスター: -1
スコア: 17037919
0 0 0 1 0 25 22 19 0 18 598 562 0 0 554 0 0 393 453 0 0 2 9 92 0
求:16 出:18 数:4
一番高いモンスター: -1
スコア: 17037919
0 0 0 1 0 25 22 19 0 18 598 562 0 0 554 0 0 393 461 0 0 2 9 92 0
求:16 出:18 数:11
一番高いモンスター: -1
スコア: 17037919
0 0 0 1 0 25 22 19 0 18 598 562 0 0 554 0 0 393 454 0 0 2 9 92 0
求:16 出:18 数:4
一番高いモンスター: -1
スコア: 17037919
0 0 0 1 0 25 22 19 0 18 598 562 0 0 554 0 0 393 461 0 0 2 9 92 0
求:16 出:18 数:10
一番高いモンスター: -1
スコア: 17037919
0 0 0 1 0 25 22 19 0 18 598 562 0 0 554 0 0 393 455 0 0 2 9 92 0
求:16 出:18 数:10
一番高いモンスター: -1
スコア: 17037919
1 4 1 2 3 25 23 20 0 18 601 565 0 0 556 0 0 393 455 0 0 2 9 92 0
求:16 出:18 数:8
一番高いモンスター: 4527
召喚 ID: 689
スコア: 17042377
0 1 0 0 1 25 23 20 0 18 601 565 0 0 556 0 0 393 457 0 0 2 9 92 0
求:16 出:18 数:8
一番高いモンスター: -1
スコア: 17042377
0 1 0 0 1 25 23 20 0 18 601 565 0 0 556 0 0 393 457 0 0 2 9 92 0
求:16 出:18 数:9
一番高いモンスター: -1
スコア: 17042377
0 1 0 0 1 25 23 20 0 18 601 565 0 0 556 0 0 393 456 0 0 2 9 92 0
求:16 出:18 数:4
一番高いモンスター: -1
スコア: 17042377
0 1 0 0 1 25 23 20 0 18 601 565 0 0 556 0 0 393 461 0 0 2 9 92 0
求:16 出:18 数:11
一番高いモンスター: -1
スコア: 17042377
0 1 0 0 1 25 23 20 0 18 601 565 0 0 556 0 0 393 454 0 0 2 9 92 0
求:16 出:18 数:12
一番高いモンスター: -1
スコア: 17042377
0 1 0 0 1 25 23 20 0 18 601 565 0 0 556 0 0 393 453 0 0 2 9 92 0
求:16 出:18 数:9
一番高いモンスター: -1
スコア: 17042377
0 1 0 0 1 25 23 20 0 18 601 565 0 0 556 0 0 393 456 0 0 2 9 92 0
求:16 出:18 数:5
一番高いモンスター: -1
スコア: 17042377
0 1 0 0 1 25 23 20 0 18 601 565 0 0 556 0 0 393 460 0 0 2 9 92 0
求:16 出:18 数:7
一番高いモンスター: -1
スコア: 17042377
1 5 3 1 4 26 23 21 0 22 602 565 0 0 556 0 0 394 458 0 0 2 9 92 0
求:16 出:18 数:10
一番高いモンスター: 5026
召喚 ID: 619
スコア: 17047318
0 1 0 0 3 26 23 21 0 22 602 565 0 0 556 0 0 394 455 0 0 2 9 92 0
求:16 出:18 数:12
一番高いモンスター: -1
スコア: 17047318
0 1 0 0 3 26 23 21 0 22 602 565 0 0 556 0 0 394 453 0 0 2 9 92 0
求:16 出:18 数:4
一番高いモンスター: -1
スコア: 17047318
0 1 0 0 3 26 23 21 0 22 602 565 0 0 556 0 0 394 461 0 0 2 9 92 0
求:16 出:18 数:7
一番高いモンスター: -1
スコア: 17047318
0 1 0 0 3 26 23 21 0 22 602 565 0 0 556 0 0 394 458 0 0 2 9 92 0
求:16 出:18 数:7
一番高いモンスター: -1
スコア: 17047318
0 1 0 0 3 26 23 21 0 22 602 565 0 0 556 0 0 394 458 0 0 2 9 92 0
求:16 出:18 数:5
一番高いモンスター: -1
スコア: 17047318
0 1 0 0 3 26 23 21 0 22 602 565 0 0 556 0 0 394 460 0 0 2 9 92 0
求:16 出:18 数:4
一番高いモンスター: -1
スコア: 17047318
0 1 0 0 3 26 23 21 0 22 602 565 0 0 556 0 0 394 461 0 0 2 9 92 0
求:16 出:18 数:10
一番高いモンスター: -1
スコア: 17047318
0 1 0 0 3 26 23 21 0 22 602 565 0 0 556 0 0 394 455 0 0 2 9 92 0
求:16 出:18 数:3
一番高いモンスター: -1
スコア: 17047318
3 2 2 2 5 28 24 21 0 24 603 566 0 0 557 0 0 396 462 0 0 2 9 92 0
求:16 出:18 数:5
一番高いモンスター: 5528
召喚 ID: 955
スコア: 17052777
2 0 1 0 0 28 24 21 0 24 603 566 0 0 557 0 0 396 460 0 0 2 9 92 0
求:16 出:18 数:5
一番高いモンスター: -1
スコア: 17052777
2 0 1 0 0 28 24 21 0 24 603 566 0 0 557 0 0 396 460 0 0 2 9 92 0
求:16 出:18 数:4
一番高いモンスター: -1
スコア: 17052777
2 0 1 0 0 28 24 21 0 24 603 566 0 0 557 0 0 396 461 0 0 2 9 92 0
求:16 出:18 数:8
一番高いモンスター: -1
スコア: 17052777
2 0 1 0 0 28 24 21 0 24 603 566 0 0 557 0 0 396 457 0 0 2 9 92 0
求:16 出:18 数:6
一番高いモンスター: -1
スコア: 17052777
2 0 1 0 0 28 24 21 0 24 603 566 0 0 557 0 0 396 459 0 0 2 9 92 0
求:16 出:18 数:11
一番高いモンスター: -1
スコア: 17052777
2 0 1 0 0 28 24 21 0 24 603 566 0 0 557 0 0 396 454 0 0 2 9 92 0
求:16 出:18 数:3
一番高いモンスター: -1
スコア: 17052777
2 0 1 0 0 28 24 21 0 24 603 566 0 0 557 0 0 396 462 0 0 2 9 92 0
求:16 出:18 数:11
一番高いモンスター: -1
スコア: 17052777
2 0 1 0 0 28 24 21 0 24 603 566 0 0 557 0 0 396 454 0 0 2 9 92 0
求:16 出:18 数:12
一番高いモンスター: -1
スコア: 17052777
4 0 4 0 2 29 26 23 0 26 605 567 0 0 557 0 0 397 453 0 0 2 9 94 0
求:16 出:18 数:11
一番高いモンスター: 3007
召喚 ID: 733
スコア: 17055705
4 0 0 0 0 29 26 23 0 26 605 567 0 0 557 0 0 397 454 0 0 2 9 94 0
求:16 出:18 数:10
一番高いモンスター: -1
スコア: 17055705
4 0 0 0 0 29 26 23 0 26 605 567 0 0 557 0 0 397 455 0 0 2 9 94 0
求:16 出:18 数:11
一番高いモンスター: -1
スコア: 17055705
4 0 0 0 0 29 26 23 0 26 605 567 0 0 557 0 0 397 454 0 0 2 9 94 0
求:16 出:18 数:9
一番高いモンスター: -1
スコア: 17055705
4 0 0 0 0 29 26 23 0 26 605 567 0 0 557 0 0 397 456 0 0 2 9 94 0
求:16 出:18 数:9
一番高いモンスター: -1
スコア: 17055705
4 0 0 0 0 29 26 23 0 26 605 567 0 0 557 0 0 397 456 0 0 2 9 94 0
求:16 出:18 数:5
一番高いモンスター: -1
スコア: 17055705
4 0 0 0 0 29 26 23 0 26 605 567 0 0 557 0 0 397 460 0 0 2 9 94 0
求:16 出:18 数:9
一番高いモンスター: -1
スコア: 17055705
4 0 0 0 0 29 26 23 0 26 605 567 0 0 557 0 0 397 456 0 0 2 9 94 0
求:16 出:18 数:4
一番高いモンスター: -1
スコア: 17055705
4 0 0 0 0 29 26 23 0 26 605 567 0 0 557 0 0 397 461 0 0 2 9 94 0
求:16 出:18 数:9
一番高いモンスター: -1
スコア: 17055705
4 0 0 0 0 29 26 23 0 26 605 567 0 0 557 0 0 397 456 0 0 2 9 94 0
求:16 出:18 数:5
一番高いモンスター: -1
スコア: 17055705
6 0 3 1 0 32 27 24 0 28 606 568 0 0 558 0 0 399 460 0 0 2 9 96 0
求:16 出:18 数:4
一番高いモンスター: 3021
召喚 ID: 595
スコア: 17058677
0 0 3 1 0 32 27 24 0 28 606 568 0 0 558 0 0 399 461 0 0 2 9 96 0
求:16 出:18 数:12
一番高いモンスター: -1
スコア: 17058677
0 0 3 1 0 32 27 24 0 28 606 568 0 0 558 0 0 399 453 0 0 2 9 96 0
求:16 出:18 数:9
一番高いモンスター: -1
スコア: 17058677
0 0 3 1 0 32 27 24 0 28 606 568 0 0 558 0 0 399 456 0 0 2 9 96 0
求:16 出:18 数:12
一番高いモンスター: -1
スコア: 17058677
0 0 3 1 0 32 27 24 0 28 606 568 0 0 558 0 0 399 453 0 0 2 9 96 0
求:16 出:18 数:3
一番高いモンスター: -1
スコア: 17058677
0 0 3 1 0 32 27 24 0 28 606 568 0 0 558 0 0 399 462 0 0 2 9 96 0
求:16 出:18 数:10
一番高いモンスター: -1
スコア: 17058677
0 0 3 1 0 32 27 24 0 28 606 568 0 0 558 0 0 399 455 0 0 2 9 96 0
求:16 出:18 数:7
一番高いモンスター: -1
スコア: 17058677
0 0 3 1 0 32 27 24 0 28 606 568 0 0 558 0 0 399 458 0 0 2 9 96 0
求:16 出:18 数:7
一番高いモンスター: -1
スコア: 17058677
0 0 3 1 0 32 27 24 0 28 606 568 0 0 558 0 0 399 458 0 0 2 9 96 0
求:16 出:18 数:4
一番高いモンスター: -1
スコア: 17058677
0 0 8 3 8 33 27 25 0 28 606 568 0 0 559 0 0 400 461 0 0 2 9 97 0
求:16 出:18 数:8
一番高いモンスター: 7524
召喚 ID: 786
スコア: 17066160
0 0 0 1 3 33 27 25 0 28 606 568 0 0 559 0 0 400 457 0 0 2 9 97 0
求:16 出:18 数:9
一番高いモンスター: -1
スコア: 17066160
0 0 0 1 3 33 27 25 0 28 606 568 0 0 559 0 0 400 456 0 0 2 9 97 0
求:16 出:18 数:4
一番高いモンスター: -1
スコア: 17066160
0 0 0 1 3 33 27 25 0 28 606 568 0 0 559 0 0 400 461 0 0 2 9 97 0
求:16 出:18 数:6
一番高いモンスター: -1
スコア: 17066160
0 0 0 1 3 33 27 25 0 28 606 568 0 0 559 0 0 400 459 0 0 2 9 97 0
求:16 出:18 数:5
一番高いモンスター: -1
スコア: 17066160
0 0 0 1 3 33 27 25 0 28 606 568 0 0 559 0 0 400 460 0 0 2 9 97 0
求:16 出:18 数:10
一番高いモンスター: -1
スコア: 17066160
0 0 0 1 3 33 27 25 0 28 606 568 0 0 559 0 0 400 455 0 0 2 9 97 0
求:16 出:18 数:7
一番高いモンスター: -1
スコア: 17066160
0 0 0 1 3 33 27 25 0 28 606 568 0 0 559 0 0 400 458 0 0 2 9 97 0
求:16 出:18 数:9
一番高いモンスター: -1
スコア: 17066160
0 0 0 1 3 33 27 25 0 28 606 568 0 0 559 0 0 400 456 0 0 2 9 97 0
求:16 出:18 数:10
一番高いモンスター: -1
スコア: 17066160
5 1 2 2 4 33 27 26 0 32 610 568 0 0 559 0 0 401 455 0 0 2 9 97 0
求:16 出:18 数:7
一番高いモンスター: 5024
召喚 ID: 539
スコア: 17071109
1 0 0 0 3 33 27 26 0 32 610 568 0 0 559 0 0 401 458 0 0 2 9 97 0
求:16 出:18 数:4
一番高いモンスター: -1
スコア: 17071109
1 0 0 0 3 33 27 26 0 32 610 568 0 0 559 0 0 401 461 0 0 2 9 97 0
求:16 出:18 数:10
一番高いモンスター: -1
スコア: 17071109
1 0 0 0 3 33 27 26 0 32 610 568 0 0 559 0 0 401 455 0 0 2 9 97 0
求:16 出:18 数:11
一番高いモンスター: -1
スコア: 17071109
1 0 0 0 3 33 27 26 0 32 610 568 0 0 559 0 0 401 454 0 0 2 9 97 0
求:16 出:18 数:5
一番高いモンスター: -1
スコア: 17071109
1 0 0 0 3 33 27 26 0 32 610 568 0 0 559 0 0 401 460 0 0 2 9 97 0
求:16 出:18 数:10
一番高いモンスター: -1
スコア: 17071109
1 0 0 0 3 33 27 26 0 32 610 568 0 0 559 0 0 401 455 0 0 2 9 97 0
求:16 出:18 数:10
一番高いモンスター: -1
スコア: 17071109
1 0 0 0 3 33 27 26 0 32 610 568 0 0 559 0 0 401 455 0 0 2 9 97 0
求:16 出:18 数:12
一番高いモンスター: -1
スコア: 17071109
1 0 0 0 3 33 27 26 0 32 610 568 0 0 559 0 0 401 453 0 0 2 9 97 0
求:16 出:18 数:7
一番高いモンスター: -1
スコア: 17071109
1 0 0 0 3 33 27 26 0 32 610 568 0 0 559 0 0 401 458 0 0 2 9 97 0
求:16 出:18 数:7
一番高いモンスター: -1
スコア: 17071109
3 0 3 1 5 36 29 27 0 32 612 570 0 0 559 0 0 402 458 0 0 2 9 98 0
求:16 出:18 数:4
一番高いモンスター: 3521
召喚 ID: 989
スコア: 17074577
0 0 3 1 1 36 29 27 0 32 612 570 0 0 559 0 0 402 461 0 0 2 9 98 0
求:16 出:18 数:8
一番高いモンスター: -1
スコア: 17074577
0 0 3 1 1 36 29 27 0 32 612 570 0 0 559 0 0 402 457 0 0 2 9 98 0
求:16 出:18 数:6
一番高いモンスター: -1
スコア: 17074577
0 0 3 1 1 36 29 27 0 32 612 570 0 0 559 0 0 402 459 0 0 2 9 98 0
求:16 出:18 数:8
一番高いモンスター: -1
スコア: 17074577
0 0 3 1 1 36 29 27 0 32 612 570 0 0 559 0 0 402 457 0 0 2 9 98 0
求:16 出:18 数:11
一番高いモンスター: -1
スコア: 17074577
0 0 3 1 1 36 29 27 0 32 612 570 0 0 559 0 0 402 454 0 0 2 9 98 0
求:16 出:18 数:8
一番高いモンスター: -1
スコア: 17074577
0 0 3 1 1 36 29 27 0 32 612 570 0 0 559 0 0 402 457 0 0 2 9 98 0
求:16 出:18 数:3
一番高いモンスター: -1
