スコア: 64823032
0 3 1 0 0 70 120 98 6 82 254 123 18 16 302 20 10 33 38 10 10 5 5 8 5
求:13 出:14 数:5
一番高いモンスター: -1
スコア: 64823032
0 3 1 0 0 70 120 98 6 82 254 123 18 16 302 20 10 33 38 10 10 5 5 8 5
求:16 出:18 数:5
一番高いモンスター: -1
スコア: 64823032
0 3 1 0 0 70 120 98 6 82 254 123 18 16 302 20 10 33 38 10 10 5 5 8 5
求:21 出:20 数:5
一番高いモンスター: -1
スコア: 64823032
1 6 4 0 2 71 121 98 6 82 256 125 18 16 304 20 10 35 39 10 5 5 5 8 5
求:13 出:14 数:5
一番高いモンスター: 4522
召喚 ID: 622
スコア: 64827484
1 1 2 0 0 71 121 98 6 82 256 125 18 16 304 20 10 35 39 10 5 5 5 8 5
求:16 出:18 数:5
一番高いモンスター: -1
スコア: 64827484
1 1 2 0 0 71 121 98 6 82 256 125 18 16 304 20 10 35 39 10 5 5 5 8 5
求:20 出:23 数:5
一番高いモンスター: -1
スコア: 64827484
1 1 2 0 0 71 121 98 6 82 256 125 18 16 304 20 10 35 39 10 10 5 5 3 5
求:13 出:14 数:5
一番高いモンスター: -1
スコア: 64827484
1 1 2 0 0 71 121 98 6 82 256 125 18 16 304 20 10 35 39 10 10 5 5 3 5
求:16 出:18 数:5
一番高いモンスター: -1
スコア: 64827484
1 1 2 0 0 71 121 98 6 82 256 125 18 16 304 20 10 35 39 10 10 5 5 3 5
求:23 出:20 数:5
一番高いモンスター: -1
スコア: 64827484
1 1 2 0 0 71 121 98 6 82 256 125 18 16 304 20 10 35 39 10 5 5 5 3 5
求:13 出:14 数:5
一番高いモンスター: -1
スコア: 64827484
1 1 2 0 0 71 121 98 6 82 256 125 18 16 304 20 10 35 39 10 5 5 5 3 5
求:16 出:18 数:5
一番高いモンスター: -1
スコア: 64827484
1 1 2 0 0 71 121 98 6 82 256 125 18 16 304 20 10 35 39 10 5 5 5 3 5
求:23 出:20 数:5
一番高いモンスター: -1
スコア: 64827484
1 1 2 0 0 71 121 98 6 82 256 125 18 16 304 20 10 35 39 10 5 5 5 3 5
求:13 出:14 数:5
一番高いモンスター: -1
スコア: 64827484
3 6 5 2 3 71 122 98 6 83 257 125 18 16 305 20 10 35 40 10 5 5 5 3 5
求:16 出:18 数:5
一番高いモンスター: 7522
召喚 ID: 647
スコア: 64834943
0 0 0 1 3 71 122 98 6 83 257 125 18 16 305 20 10 35 40 10 5 5 5 3 5
求:23 出:20 数:5
一番高いモンスター: -1
スコア: 64834943
0 0 0 1 3 71 122 98 6 83 257 125 18 16 305 20 10 35 40 10 5 5 5 3 5
求:13 出:14 数:5
一番高いモンスター: -1
スコア: 64834943
0 0 0 1 3 71 122 98 6 83 257 125 18 16 305 20 10 35 40 10 5 5 5 3 5
求:16 出:18 数:5
一番高いモンスター: -1
スコア: 64834943
0 0 0 1 3 71 122 98 6 83 257 125 18 16 305 20 10 35 40 10 5 5 5 3 5
求:23 出:20 数:5
一番高いモンスター: -1
スコア: 64834943
0 0 0 1 3 71 122 98 6 83 257 125 18 16 305 20 10 35 40 10 5 5 5 3 5
求:13 出:14 数:5
一番高いモンスター: -1
スコア: 64834943
0 0 0 1 3 71 122 98 6 83 257 125 18 16 305 20 10 35 40 10 5 5 5 3 5
求:16 出:18 数:5
一番高いモンスター: -1
スコア: 64834943
0 0 0 1 3 71 122 98 6 83 257 125 18 16 305 20 10 35 40 10 5 5 5 3 5
求:23 出:20 数:5
一番高いモンスター: -1
スコア: 64834943
0 0 0 1 3 71 122 98 6 83 257 125 18 16 305 20 10 35 40 10 5 5 5 3 5
求:13 出:14 数:5
一番高いモンスター: -1
スコア: 64834943
2 2 0 2 4 74 124 99 6 84 258 127 18 16 307 20 10 35 41 10 5 5 5 4 5
求:16 出:18 数:5
一番高いモンスター: 4021
召喚 ID: 982
スコア: 64838886
0 1 0 1 0 74 124 99 6 84 258 127 18 16 307 20 10 35 41 10 5 5 5 4 5
求:23 出:20 数:5
一番高いモンスター: -1
スコア: 64838886
0 1 0 1 0 74 124 99 6 84 258 127 18 16 307 20 10 35 41 10 5 5 5 4 5
求:13 出:14 数:5
一番高いモンスター: -1
スコア: 64838886
0 1 0 1 0 74 124 99 6 84 258 127 18 16 307 20 10 35 41 10 5 5 5 4 5
求:16 出:18 数:5
一番高いモンスター: -1
スコア: 64838886
0 1 0 1 0 74 124 99 6 84 258 127 18 16 307 20 10 35 41 10 5 5 5 4 5
求:23 出:20 数:5
一番高いモンスター: -1
スコア: 64838886
0 1 0 1 0 74 124 99 6 84 258 127 18 16 307 20 10 35 41 10 5 5 5 4 5
求:13 出:14 数:5
一番高いモンスター: -1
スコア: 64838886
0 1 0 1 0 74 124 99 6 84 258 127 18 16 307 20 10 35 41 10 5 5 5 4 5
求:16 出:18 数:5
一番高いモンスター: -1
スコア: 64838886
0 1 0 1 0 74 124 99 6 84 258 127 18 16 307 20 10 35 41 10 5 5 5 4 5
求:23 出:20 数:5
一番高いモンスター: -1
スコア: 64838886
0 1 0 1 0 74 124 99 6 84 258 127 18 16 307 20 10 35 41 10 5 5 5 4 5
求:13 出:14 数:5
一番高いモンスター: -1
スコア: 64838886
0 1 0 1 0 74 124 99 6 84 258 127 18 16 307 20 10 35 41 10 5 5 5 4 5
求:16 出:18 数:5
一番高いモンスター: -1
