スコア: 77374027
36 37 39 39 35 37 129 167 0 77 313 181 2 1 367 15 7 48 52 11 7 0 5 7 2
求:21 出:20 数:1
一番高いモンスター: 129751
スコア: 77374027
36 37 39 39 35 37 129 167 0 77 313 181 2 1 367 15 7 48 52 11 7 0 5 7 2
求:8 出:7 数:5
一番高いモンスター: 129751
スコア: 77374027
36 37 39 39 35 37 129 167 0 77 313 181 2 1 367 15 7 48 52 11 7 0 5 7 2
求:8 出:7 数:5
一番高いモンスター: 129751
スコア: 77374027
36 37 39 39 35 37 129 167 0 77 313 181 2 1 367 15 7 48 52 11 7 0 5 7 2
求:8 出:7 数:5
一番高いモンスター: 129751
スコア: 77374027
36 37 39 39 35 37 129 167 0 77 313 181 2 1 367 15 7 48 52 11 7 0 5 7 2
求:8 出:7 数:5
一番高いモンスター: 129751
スコア: 77374027
36 37 39 39 35 37 129 167 0 77 313 181 2 1 367 15 7 48 52 11 7 0 5 7 2
求:13 出:14 数:5
一番高いモンスター: 129751
スコア: 77374027
36 37 39 39 35 37 129 167 0 77 313 181 2 1 367 15 7 48 52 11 7 0 5 7 2
求:16 出:18 数:5
一番高いモンスター: 129751
スコア: 77374027
36 37 39 39 35 37 129 167 0 77 313 181 2 1 367 15 7 48 52 11 7 0 5 7 2
求:21 出:20 数:1
一番高いモンスター: 129751
スコア: 77374027
36 40 39 41 36 38 132 168 0 78 315 181 2 1 368 15 7 50 54 11 7 0 5 8 2
求:8 出:7 数:5
一番高いモンスター: 129751
スコア: 77374027
36 40 39 41 36 38 132 168 0 78 315 181 2 1 368 15 7 50 54 11 7 0 5 8 2
求:13 出:14 数:5
一番高いモンスター: 129751
スコア: 77374027
36 40 39 41 36 38 132 168 0 78 315 181 2 1 368 15 7 50 54 11 7 0 5 8 2
求:13 出:14 数:5
一番高いモンスター: 129751
スコア: 77374027
36 40 39 41 36 38 132 168 0 78 315 181 2 1 368 15 7 50 54 11 7 0 5 8 2
求:16 出:18 数:5
一番高いモンスター: 129751
スコア: 77374027
36 40 39 41 36 38 132 168 0 78 315 181 2 1 368 15 7 50 54 11 7 0 5 8 2
求:16 出:18 数:1
一番高いモンスター: 129751
スコア: 77374027
36 40 39 41 36 38 132 168 0 78 315 181 2 1 368 15 7 50 58 11 7 0 5 8 2
求:21 出:23 数:1
一番高いモンスター: 129751
スコア: 77374027
36 40 39 41 36 38 132 168 0 78 315 181 2 1 368 15 7 50 58 11 7 0 5 8 2
求:8 出:7 数:5
一番高いモンスター: 129751
スコア: 77374027
36 40 39 41 36 38 132 168 0 78 315 181 2 1 368 15 7 50 58 11 7 0 5 8 2
求:13 出:14 数:5
一番高いモンスター: 129751
スコア: 77374027
36 40 39 41 36 38 132 168 0 78 315 181 2 1 368 15 7 50 58 11 7 0 5 8 2
求:13 出:14 数:5
一番高いモンスター: 129751
スコア: 77374027
37 40 40 43 39 38 134 169 0 80 316 182 2 1 371 15 7 51 59 11 7 0 5 9 2
求:13 出:14 数:5
一番高いモンスター: 129751
スコア: 77374027
37 40 40 43 39 38 134 169 0 80 316 182 2 1 371 15 7 51 59 11 7 0 5 9 2
求:16 出:18 数:5
一番高いモンスター: 129751
スコア: 77374027
37 40 40 43 39 38 134 169 0 80 316 182 2 1 371 15 7 51 55 11 7 0 5 9 2
求:21 出:23 数:1
一番高いモンスター: 129751
スコア: 77374027
37 40 40 43 39 38 134 169 0 80 316 182 2 1 371 15 7 51 55 11 7 0 5 9 2
求:8 出:7 数:5
一番高いモンスター: 129751
スコア: 77374027
37 40 40 43 39 38 134 169 0 80 316 182 2 1 371 15 7 51 55 11 7 0 5 9 2
求:13 出:14 数:5
一番高いモンスター: 129751
スコア: 77374027
37 40 40 43 39 38 134 169 0 80 316 182 2 1 371 15 7 51 55 11 7 0 5 9 2
求:13 出:14 数:5
一番高いモンスター: 129751
スコア: 77374027
37 40 40 43 39 38 134 169 0 80 316 182 2 1 371 15 7 51 55 11 7 0 5 9 2
求:13 出:14 数:5
一番高いモンスター: 129751
スコア: 77374027
37 40 40 43 39 38 134 169 0 80 316 182 2 1 371 15 7 51 55 11 7 0 5 9 2
求:13 出:14 数:5
一番高いモンスター: 129751
スコア: 77374027
37 40 40 43 39 38 134 169 0 80 316 182 2 1 371 15 7 51 55 11 7 0 5 9 2
求:13 出:14 数:5
一番高いモンスター: 129751
スコア: 77374027
38 41 42 47 43 38 135 170 0 81 317 183 2 1 371 15 7 53 56 11 7 0 5 9 2
求:16 出:18 数:5
一番高いモンスター: 129751
スコア: 77374027
38 41 42 47 43 38 135 170 0 81 317 183 2 1 371 15 7 53 56 11 7 0 5 9 2
求:21 出:23 数:1
一番高いモンスター: 129751
スコア: 77374027
38 41 42 47 43 38 135 170 0 81 317 183 2 1 371 15 7 53 56 11 7 0 5 9 2
求:8 出:7 数:5
一番高いモンスター: 129751
スコア: 77374027
38 41 42 47 43 38 135 170 0 81 317 183 2 1 371 15 7 53 56 11 7 0 5 9 2
求:8 出:7 数:5
一番高いモンスター: 129751
スコア: 77374027
38 41 42 47 43 38 135 170 0 81 317 183 2 1 371 15 7 53 56 11 7 0 5 9 2
求:8 出:7 数:5
一番高いモンスター: 129751
スコア: 77374027
38 41 42 47 43 38 135 170 0 81 317 183 2 1 371 15 7 53 56 11 7 0 5 9 2
求:8 出:7 数:5
一番高いモンスター: 129751
スコア: 77374027
38 41 42 47 43 38 135 170 0 81 317 183 2 1 371 15 7 53 56 11 7 0 5 9 2
求:8 出:7 数:5
一番高いモンスター: 129751
スコア: 77374027
38 41 42 47 43 38 135 170 0 81 317 183 2 1 371 15 7 53 56 11 7 0 5 9 2
求:8 出:7 数:5
一番高いモンスター: 129751
スコア: 77374027
38 41 42 47 43 38 135 170 0 81 317 183 2 1 371 15 7 53 56 11 7 0 5 9 2
求:13 出:14 数:5
一番高いモンスター: 129751
スコア: 77374027
40 43 44 49 46 38 137 173 0 83 318 183 2 1 371 15 7 54 56 11 7 0 5 9 2
求:13 出:14 数:5
一番高いモンスター: 129751
スコア: 77374027
40 43 44 49 46 38 137 173 0 83 318 183 2 1 371 15 7 54 56 11 7 0 5 9 2
求:16 出:18 数:5
一番高いモンスター: 129751
スコア: 77374027
40 43 44 49 46 38 137 173 0 83 318 183 2 1 371 15 7 54 56 11 7 0 5 9 2
求:16 出:18 数:1
一番高いモンスター: 129751
スコア: 77374027
40 43 44 49 46 38 137 173 0 83 318 183 2 1 371 15 7 54 60 11 7 0 5 9 2
求:16 出:18 数:1
一番高いモンスター: 129751
スコア: 77374027
40 43 44 49 46 38 137 173 0 83 318 183 2 1 371 15 7 54 60 11 7 0 5 9 2
求:21 出:23 数:1
一番高いモンスター: 129751
スコア: 77374027
40 43 44 49 46 38 137 173 0 83 318 183 2 1 371 15 7 54 60 11 7 0 5 9 2
求:8 出:7 数:5
一番高いモンスター: 129751
スコア: 77374027
40 43 44 49 46 38 137 173 0 83 318 183 2 1 371 15 7 54 60 11 7 0 5 9 2
求:13 出:14 数:5
一番高いモンスター: 129751
スコア: 77374027
40 43 44 49 46 38 137 173 0 83 318 183 2 1 371 15 7 54 60 11 7 0 5 9 2
求:16 出:18 数:5
一番高いモンスター: 129751
スコア: 77374027
40 43 44 49 46 38 137 173 0 83 318 183 2 1 371 15 7 54 56 11 7 0 5 9 2
求:21 出:23 数:1
一番高いモンスター: 129751
スコア: 77374027
43 47 48 51 47 40 138 173 0 83 319 183 2 1 372 15 7 54 56 11 7 0 5 10 2
求:8 出:7 数:5
一番高いモンスター: 129751
スコア: 77374027
43 47 48 51 47 40 138 173 0 83 319 183 2 1 372 15 7 54 56 11 7 0 5 10 2
求:13 出:14 数:5
一番高いモンスター: 129751
スコア: 77374027
43 47 48 51 47 40 138 173 0 83 319 183 2 1 372 15 7 54 56 11 7 0 5 10 2
求:16 出:18 数:5
一番高いモンスター: 129751
スコア: 77374027
43 47 48 51 47 40 138 173 0 83 319 183 2 1 372 15 7 54 56 11 7 0 5 10 2
求:16 出:18 数:1
一番高いモンスター: 129751
スコア: 77374027
43 47 48 51 47 40 138 173 0 83 319 183 2 1 372 15 7 54 60 11 7 0 5 10 2
求:21 出:23 数:1
一番高いモンスター: 129751
スコア: 77374027
43 47 48 51 47 40 138 173 0 83 319 183 2 1 372 15 7 54 60 11 7 0 5 10 2
求:8 出:7 数:5
一番高いモンスター: 129751
スコア: 77374027
43 47 48 51 47 40 138 173 0 83 319 183 2 1 372 15 7 54 60 11 7 0 5 10 2
求:8 出:7 数:5
一番高いモンスター: 129751
スコア: 77374027
43 47 48 51 47 40 138 173 0 83 319 183 2 1 372 15 7 54 60 11 7 0 5 10 2
求:8 出:7 数:5
一番高いモンスター: 129751
スコア: 77374027
43 47 48 51 47 40 138 173 0 83 319 183 2 1 372 15 7 54 60 11 7 0 5 10 2
求:8 出:7 数:5
一番高いモンスター: 129751
スコア: 77374027
46 49 49 53 49 42 138 175 0 84 319 184 2 1 373 15 7 55 60 11 7 0 5 12 2
求:8 出:7 数:5
一番高いモンスター: 129751
スコア: 77374027
46 49 49 53 49 42 138 175 0 84 319 184 2 1 373 15 7 55 60 11 7 0 5 12 2
求:13 出:14 数:5
一番高いモンスター: 129751
スコア: 77374027
46 49 49 53 49 42 138 175 0 84 319 184 2 1 373 15 7 55 60 11 7 0 5 12 2
求:13 出:14 数:5
一番高いモンスター: 129751
スコア: 77374027
46 49 49 53 49 42 138 175 0 84 319 184 2 1 373 15 7 55 60 11 7 0 5 12 2
求:16 出:18 数:5
一番高いモンスター: 129751
スコア: 77374027
46 49 49 53 49 42 138 175 0 84 319 184 2 1 373 15 7 55 56 11 7 0 5 12 2
求:16 出:18 数:1
一番高いモンスター: 129751
スコア: 77374027
46 49 49 53 49 42 138 175 0 84 319 184 2 1 373 15 7 55 60 11 7 0 5 12 2
求:21 出:23 数:1
一番高いモンスター: 129751
スコア: 77374027
46 49 49 53 49 42 138 175 0 84 319 184 2 1 373 15 7 55 60 11 7 0 5 12 2
求:8 出:7 数:5
一番高いモンスター: 129751
スコア: 77374027
46 49 49 53 49 42 138 175 0 84 319 184 2 1 373 15 7 55 60 11 7 0 5 12 2
求:8 出:7 数:5
一番高いモンスター: 129751
スコア: 77374027
46 49 49 53 49 42 138 175 0 84 319 184 2 1 373 15 7 55 60 11 7 0 5 12 2
求:13 出:14 数:5
一番高いモンスター: 129751
スコア: 77374027
49 50 53 57 49 43 138 177 0 87 320 185 2 1 373 15 7 55 60 11 7 0 5 12 2
求:13 出:14 数:5
一番高いモンスター: 129751
スコア: 77374027
49 50 53 57 49 43 138 177 0 87 320 185 2 1 373 15 7 55 60 11 7 0 5 12 2
求:16 出:18 数:5
一番高いモンスター: 129751
スコア: 77374027
49 50 53 57 49 43 138 177 0 87 320 185 2 1 373 15 7 55 56 11 7 0 5 12 2
求:16 出:18 数:1
一番高いモンスター: 129751
スコア: 77374027
49 50 53 57 49 43 138 177 0 87 320 185 2 1 373 15 7 55 60 11 7 0 5 12 2
求:16 出:18 数:1
一番高いモンスター: 129751
スコア: 77374027
49 50 53 57 49 43 138 177 0 87 320 185 2 1 373 15 7 55 60 11 7 0 5 12 2
求:16 出:18 数:1
一番高いモンスター: 129751
スコア: 77374027
49 50 53 57 49 43 138 177 0 87 320 185 2 1 373 15 7 55 60 11 7 0 5 12 2
求:21 出:23 数:1
一番高いモンスター: 129751
スコア: 77374027
49 50 53 57 49 43 138 177 0 87 320 185 2 1 373 15 7 55 60 11 7 0 5 12 2
求:8 出:7 数:5
一番高いモンスター: 129751
スコア: 77374027
49 50 53 57 49 43 138 177 0 87 320 185 2 1 373 15 7 55 60 11 7 0 5 12 2
求:13 出:14 数:5
一番高いモンスター: 129751
スコア: 77374027
49 50 53 57 49 43 138 177 0 87 320 185 2 1 373 15 7 55 60 11 7 0 5 12 2
求:16 出:18 数:5
一番高いモンスター: 129751
スコア: 77374027
49 50 53 57 49 43 138 177 0 87 320 185 2 1 373 15 7 55 56 11 7 0 5 12 2
求:16 出:18 数:1
一番高いモンスター: 129751
スコア: 77374027
50 52 53 58 50 44 138 180 0 91 323 186 2 1 373 15 7 57 61 11 7 0 5 12 2
求:16 出:18 数:1
一番高いモンスター: 129751
スコア: 77374027
50 52 53 58 50 44 138 180 0 93 323 186 2 1 373 15 7 57 61 11 7 0 5 12 2
求:16 出:18 数:1
一番高いモンスター: 129751
スコア: 77374027
50 52 53 58 50 44 138 180 0 93 323 186 2 1 373 15 7 57 61 11 7 0 5 12 2
求:16 出:18 数:1
一番高いモンスター: 129751
スコア: 77374027
50 52 53 58 50 44 138 180 0 93 323 186 2 1 373 15 7 57 61 11 7 0 5 12 2
求:21 出:23 数:1
一番高いモンスター: 129751
スコア: 77374027
50 52 53 58 50 44 138 180 0 93 323 186 2 1 373 15 7 57 61 11 7 0 5 12 2
求:8 出:7 数:5
一番高いモンスター: 129751
スコア: 77374027
50 52 53 58 50 44 138 180 0 93 323 186 2 1 373 15 7 57 61 11 7 0 5 12 2
求:8 出:7 数:5
一番高いモンスター: 129751
スコア: 77374027
50 52 53 58 50 44 138 180 0 93 323 186 2 1 373 15 7 57 61 11 7 0 5 12 2
求:8 出:7 数:5
一番高いモンスター: 129751
スコア: 77374027
50 52 53 58 50 44 138 180 0 93 323 186 2 1 373 15 7 57 61 11 7 0 5 12 2
求:8 出:7 数:5
一番高いモンスター: 129751
スコア: 77374027
50 52 53 58 50 44 138 180 0 93 323 186 2 1 373 15 7 57 61 11 7 0 5 12 2
求:13 出:14 数:5
一番高いモンスター: 129751
スコア: 77374027
53 53 55 59 54 46 139 181 0 93 323 188 2 1 374 15 7 57 62 11 7 0 5 13 2
求:13 出:14 数:5
一番高いモンスター: 129751
スコア: 77374027
53 53 55 59 54 46 139 181 0 93 323 188 2 1 374 15 7 57 62 11 7 0 5 13 2
求:13 出:14 数:5
一番高いモンスター: 129751
スコア: 77374027
53 53 55 59 54 46 139 181 0 93 323 188 2 1 374 15 7 57 62 11 7 0 5 13 2
求:13 出:14 数:5
一番高いモンスター: 129751
スコア: 77374027
53 53 55 59 54 46 139 181 0 93 323 188 2 1 374 15 7 57 62 11 7 0 5 13 2
求:16 出:18 数:5
一番高いモンスター: 129751
スコア: 77374027
53 53 55 59 54 46 139 181 0 93 323 188 2 1 374 15 7 57 58 11 7 0 5 13 2
求:16 出:18 数:1
一番高いモンスター: 129751
スコア: 77374027
53 53 55 59 54 46 139 181 0 93 323 188 2 1 374 15 7 57 62 11 7 0 5 13 2
求:16 出:18 数:1
一番高いモンスター: 129751
スコア: 77374027
53 53 55 59 54 46 139 181 0 93 323 188 2 1 374 15 7 57 62 11 7 0 5 13 2
求:21 出:23 数:1
一番高いモンスター: 129751
スコア: 77374027
53 53 55 59 54 46 139 181 0 93 323 188 2 1 374 15 7 57 62 11 7 0 5 13 2
求:8 出:7 数:5
一番高いモンスター: 129751
スコア: 77374027
53 53 55 59 54 46 139 181 0 93 323 188 2 1 374 15 7 57 62 11 7 0 5 13 2
求:8 出:7 数:5
一番高いモンスター: 129751
スコア: 77374027
57 55 56 64 57 47 140 181 0 93 323 188 2 1 374 15 7 60 62 11 7 0 5 13 2
求:8 出:7 数:5
一番高いモンスター: 129751
スコア: 77374027
57 55 56 64 57 47 140 181 0 93 323 188 2 1 374 15 7 60 62 11 7 0 5 13 2
求:13 出:14 数:5
一番高いモンスター: 129751
スコア: 77374027
57 55 56 64 57 47 140 181 0 93 323 188 2 1 374 15 7 60 62 11 7 0 5 13 2
求:16 出:18 数:5
一番高いモンスター: 129751
スコア: 77374027
57 55 56 64 57 47 140 181 0 93 323 188 2 1 374 15 7 60 58 11 7 0 5 13 2
求:16 出:17 数:1
一番高いモンスター: 129751
スコア: 77374027
57 55 56 64 57 47 140 181 0 93 323 188 2 1 374 15 7 59 58 11 7 0 5 13 2
求:21 出:23 数:1
一番高いモンスター: 129751
スコア: 77374027
57 55 56 64 57 47 140 181 0 93 323 188 2 1 374 15 7 59 58 11 7 0 5 13 2
求:8 出:7 数:5
一番高いモンスター: 129751
スコア: 77374027
57 55 56 64 57 47 140 181 0 93 323 188 2 1 374 15 7 59 58 11 7 0 5 13 2
求:13 出:14 数:5
一番高いモンスター: 129751
スコア: 77374027
57 55 56 64 57 47 140 181 0 93 323 188 2 1 374 15 7 59 58 11 7 0 5 13 2
求:13 出:14 数:5
一番高いモンスター: 129751
スコア: 77374027
57 55 56 64 57 47 140 181 0 93 323 188 2 1 374 15 7 59 58 11 7 0 5 13 2
求:13 出:14 数:5
一番高いモンスター: 129751
スコア: 77374027
57 55 56 64 57 47 140 181 0 93 323 188 2 1 374 15 7 59 58 11 7 0 5 13 2
求:16 出:17 数:5
一番高いモンスター: 129751
スコア: 77374027
59 58 56 68 58 50 141 181 0 94 324 188 2 1 376 15 7 55 59 11 7 0 5 14 2
求:16 出:18 数:1
一番高いモンスター: 129751
スコア: 77374027
59 58 56 68 58 50 141 181 0 94 324 188 2 1 376 15 7 55 63 11 7 0 5 14 2
求:16 出:18 数:1
一番高いモンスター: 129751
スコア: 77374027
59 58 56 68 58 50 141 181 0 94 324 188 2 1 376 15 7 55 63 11 7 0 5 14 2
求:21 出:23 数:1
一番高いモンスター: 129751
スコア: 77374027
59 58 56 68 58 50 141 181 0 94 324 188 2 1 376 15 7 55 63 11 7 0 5 14 2
求:8 出:7 数:5
一番高いモンスター: 129751
スコア: 77374027
59 58 56 68 58 50 141 181 0 94 324 188 2 1 376 15 7 55 63 11 7 0 5 14 2
求:8 出:7 数:5
一番高いモンスター: 129751
スコア: 77374027
59 58 56 68 58 50 141 181 0 94 324 188 2 1 376 15 7 55 63 11 7 0 5 14 2
求:13 出:14 数:5
一番高いモンスター: 129751
スコア: 77374027
59 58 56 68 58 50 141 181 0 94 324 188 2 1 376 15 7 55 63 11 7 0 5 14 2
求:16 出:18 数:5
一番高いモンスター: 129751
スコア: 77374027
59 58 56 68 58 50 141 181 0 94 324 188 2 1 376 15 7 55 59 11 7 0 5 14 2
求:16 出:18 数:1
一番高いモンスター: 129751
スコア: 77374027
59 58 56 68 58 50 141 181 0 94 324 188 2 1 376 15 7 55 63 11 7 0 5 14 2
求:21 出:23 数:1
一番高いモンスター: 129751
スコア: 77374027
59 60 59 74 58 50 142 182 0 95 324 189 2 1 378 15 7 56 65 11 7 0 5 14 2
求:8 出:7 数:5
一番高いモンスター: 129751
スコア: 77374027
59 60 59 74 58 50 142 182 0 95 324 189 2 1 378 15 7 56 65 11 7 0 5 14 2
求:13 出:14 数:5
一番高いモンスター: 129751
スコア: 77374027
59 60 59 74 58 50 142 182 0 95 324 189 2 1 378 15 7 56 65 11 7 0 5 14 2
求:13 出:14 数:5
一番高いモンスター: 129751
スコア: 77374027
59 60 59 74 58 50 142 182 0 95 324 189 2 1 378 15 7 56 65 11 7 0 5 14 2
求:13 出:14 数:5
一番高いモンスター: 129751
スコア: 77374027
59 60 59 74 58 50 142 182 0 95 324 189 2 1 378 15 7 56 65 11 7 0 5 14 2
求:16 出:18 数:5
一番高いモンスター: 129751
スコア: 77374027
59 60 59 74 58 50 142 182 0 95 324 189 2 1 378 15 7 56 61 11 7 0 5 14 2
求:21 出:23 数:1
一番高いモンスター: 129751
スコア: 77374027
59 60 59 74 58 50 142 182 0 95 324 189 2 1 378 15 7 56 61 11 7 0 5 14 2
求:8 出:7 数:5
一番高いモンスター: 129751
スコア: 77374027
59 60 59 74 58 50 142 182 0 95 324 189 2 1 378 15 7 56 61 11 7 0 5 14 2
求:8 出:7 数:5
一番高いモンスター: 129751
