スコア: 50679055
107 94 113 134 118 3 1 8 0 2 292 196 16 16 335 10 7 127 127 16 0 0 0 6 0
一番高いモンスター: 10098
召喚 ID: 953
スコア: 50686756
106 88 112 133 107 3 1 8 0 2 292 196 16 16 335 10 7 127 127 16 0 0 0 6 0
求:12 出:17 数:5
一番高いモンスター: 10098
召喚 ID: 953
スコア: 50694455
105 82 111 132 96 3 1 8 0 2 292 196 21 16 335 10 7 122 127 16 0 0 0 6 0
一番高いモンスター: 10098
召喚 ID: 953
スコア: 50702149
104 76 110 131 85 3 1 8 0 2 292 196 21 16 335 10 7 122 127 16 0 0 0 6 0
求:13 出:14 数:5
一番高いモンスター: 10098
召喚 ID: 953
スコア: 50709841
103 70 109 130 74 3 1 8 0 2 292 196 21 16 335 10 7 122 127 16 0 0 0 6 0
求:16 出:18 数:5
一番高いモンスター: 10098
召喚 ID: 953
スコア: 50717531
102 64 108 129 63 3 1 8 0 2 292 196 21 16 335 10 7 122 127 16 0 0 0 6 0
求:13 出:14 数:5
一番高いモンスター: 10098
召喚 ID: 953
スコア: 50725219
101 58 107 128 52 3 1 8 0 2 292 196 21 16 335 10 7 122 127 16 0 0 0 6 0
一番高いモンスター: 10098
召喚 ID: 953
スコア: 50732904
100 52 106 127 41 3 1 8 0 2 292 196 21 16 335 10 7 122 127 16 0 0 0 6 0
求:13 出:14 数:5
一番高いモンスター: 10098
召喚 ID: 953
スコア: 50740587
102 49 105 127 30 5 3 9 0 3 292 199 21 16 337 10 7 123 127 16 0 0 0 7 0
一番高いモンスター: 10098
召喚 ID: 953
スコア: 50748268
101 43 104 126 19 5 3 9 0 3 292 199 21 16 337 10 7 123 127 16 0 0 0 7 0
求:13 出:14 数:5
一番高いモンスター: 10098
召喚 ID: 953
スコア: 50755946
100 37 103 125 8 5 3 9 0 3 292 199 21 16 337 10 7 123 127 16 0 0 0 7 0
一番高いモンスター: 10094
召喚 ID: 547
スコア: 50765009
83 35 103 125 7 5 3 9 0 3 292 199 21 16 337 10 7 123 127 16 0 0 0 7 0
求:13 出:14 数:5
一番高いモンスター: 10094
召喚 ID: 547
スコア: 50774067
66 33 103 125 6 5 3 9 0 3 292 199 21 16 337 10 7 123 127 16 0 0 0 7 0
求:16 出:18 数:5
一番高いモンスター: 10094
召喚 ID: 547
スコア: 50783119
49 31 103 125 5 5 3 9 0 3 292 199 21 16 337 10 7 123 127 16 0 0 0 7 0
求:13 出:14 数:5
一番高いモンスター: 10094
召喚 ID: 547
スコア: 50792169
32 29 103 125 4 5 3 9 0 3 292 199 21 16 337 10 7 123 127 16 0 0 0 7 0
求:16 出:18 数:5
一番高いモンスター: 10094
召喚 ID: 547
スコア: 50801216
15 27 103 125 3 5 3 9 0 3 292 199 21 16 337 10 7 123 127 16 0 0 0 7 0
求:13 出:18 数:5
一番高いモンスター: 10094
召喚 ID: 606
スコア: 50810620
13 20 97 123 0 5 3 9 0 3 292 199 21 21 337 10 7 123 122 16 0 0 0 7 0
一番高いモンスター: 10078
召喚 ID: 743
スコア: 50819475
8 15 93 125 3 6 4 9 0 5 292 200 21 21 339 10 7 123 123 16 0 0 0 8 0
求:12 出:17 数:5
一番高いモンスター: 10094
召喚 ID: 606
スコア: 50828876
6 8 87 123 0 6 4 9 0 5 292 200 25 21 339 10 7 118 123 16 0 0 0 8 0
一番高いモンスター: 10078
召喚 ID: 743
スコア: 50837729
0 2 79 123 0 6 4 9 0 5 292 200 25 21 339 10 7 118 123 16 0 0 0 8 0
求:13 出:14 数:5
一番高いモンスター: 10036
召喚 ID: 847
スコア: 50846617
0 2 72 110 0 6 4 9 0 5 292 200 25 21 339 10 7 118 123 16 0 0 0 8 0
求:16 出:18 数:5
一番高いモンスター: 10036
召喚 ID: 847
スコア: 50855502
0 2 65 97 0 6 4 9 0 5 292 200 26 21 339 10 7 118 123 16 0 0 0 8 0
求:13 出:14 数:5
一番高いモンスター: 10036
召喚 ID: 847
スコア: 50864384
0 2 58 84 0 6 4 9 0 5 292 200 26 21 339 10 7 118 123 16 0 0 0 8 0
求:16 出:18 数:5
一番高いモンスター: 10036
召喚 ID: 847
スコア: 50873264
0 2 51 71 0 6 4 9 0 5 292 200 26 21 339 10 7 118 123 16 0 0 0 8 0
求:13 出:18 数:5
一番高いモンスター: 10036
召喚 ID: 847
スコア: 50882141
0 2 44 58 0 6 4 9 0 5 292 200 26 26 339 10 7 118 118 16 0 0 0 8 0
一番高いモンスター: 10036
召喚 ID: 847
スコア: 50891015
0 2 37 45 0 6 4 9 0 5 292 200 26 26 339 10 7 118 118 16 0 0 0 8 0
求:12 出:17 数:5
一番高いモンスター: 10036
召喚 ID: 847
スコア: 50899887
3 3 34 34 1 7 6 9 0 6 292 203 29 26 341 10 7 113 118 16 0 0 0 8 0
一番高いモンスター: 10036
召喚 ID: 847
スコア: 50908756
3 3 27 21 1 7 6 9 0 6 292 203 31 26 341 10 7 113 118 16 0 0 0 8 0
求:13 出:18 数:5
一番高いモンスター: 10036
召喚 ID: 847
スコア: 50917622
3 3 20 8 1 7 6 9 0 6 292 203 31 31 341 10 7 113 113 16 0 0 0 8 0
一番高いモンスター: 9068
召喚 ID: 721
スコア: 50926585
0 2 12 3 0 7 6 9 0 6 292 203 31 31 341 10 7 113 113 16 0 0 0 8 0
求:12 出:17 数:5
一番高いモンスター: 8061
召喚 ID: 772
