スコア: 39413008
40 40 44 55 44 17 28 53 1 44 372 320 1 0 409 11 13 275 272 12 0 0 1 9 0
一番高いモンスター: 534239
召喚 ID: 113
スコア: 39853113
41 42 45 57 45 19 28 54 1 46 374 322 1 0 409 9 11 273 275 9 0 0 1 9 0
求:13 出:18 数:5
一番高いモンスター: 534239
召喚 ID: 113
スコア: 40293086
41 42 45 57 45 19 28 54 1 46 374 322 1 3 409 7 9 271 271 6 0 0 1 9 0
求:19 出:23 数:5
一番高いモンスター: 534239
召喚 ID: 113
スコア: 40732795
41 42 45 57 45 19 28 54 1 46 374 322 1 3 409 5 7 269 270 8 0 0 1 4 0
求:12 出:18 数:5
一番高いモンスター: 534239
召喚 ID: 113
スコア: 41172373
41 42 45 57 45 19 28 54 1 46 374 322 6 3 409 3 5 267 264 5 0 0 1 4 0
求:15 出:23 数:5
一番高いモンスター: 534239
召喚 ID: 113
スコア: 41611819
41 42 45 57 45 19 28 54 1 46 374 322 6 3 409 5 3 265 263 2 0 0 1 0 0
求:13 出:17 数:5
一番高いモンスター: 322537
召喚 ID: 84
スコア: 41930126
41 42 45 57 45 19 28 54 1 46 374 322 6 3 409 4 2 262 261 0 0 0 1 0 0
求:19 出:22 数:5
一番高いモンスター: 214416
召喚 ID: 64
スコア: 42141033
41 42 45 57 45 19 28 54 1 46 374 322 6 3 409 0 0 261 259 1 0 0 0 0 0
求:13 出:17 数:5
一番高いモンスター: 187041
スコア: 42141033
41 42 45 57 45 19 28 54 1 46 374 322 6 3 409 0 0 261 259 1 0 0 0 0 0
一番高いモンスター: 187041
