スコア: 11867498
16 8 13 8 16 137 147 221 1 213 520 478 0 0 476 0 0 343 417 2 0 0 0 105 0
出:12 求:10 数:4
一番高いモンスター: 82129
スコア: 11867498
16 8 13 8 16 137 147 221 1 213 520 478 0 0 476 0 0 343 417 2 0 2 0 105 0
出:16 求:18 数:3
一番高いモンスター: 167313
召喚 ID: 35
スコア: 12034010
16 8 13 8 16 137 147 221 1 213 520 478 0 0 476 0 3 343 414 2 0 0 0 102 0
出:21 求:23 数:2
一番高いモンスター: 189906
召喚 ID: 73
スコア: 12222667
16 8 13 8 16 137 147 221 1 213 520 478 0 0 476 0 0 341 412 1 0 2 0 100 0
出:8 求:7 数:5
一番高いモンスター: 167313
召喚 ID: 35
スコア: 12389129
16 8 13 8 16 137 147 221 1 213 520 478 0 0 476 0 0 341 412 1 0 0 0 97 0
出:12 求:10 数:4
一番高いモンスター: 82129
スコア: 12389129
16 8 13 8 16 137 147 221 1 213 520 478 0 0 476 0 0 341 412 1 0 0 0 97 0
出:16 求:18 数:3
一番高いモンスター: 82129
スコア: 12389129
16 8 13 8 16 137 147 221 1 213 520 478 0 0 476 0 0 341 409 1 0 0 0 97 0
出:21 求:23 数:2
一番高いモンスター: 82129
スコア: 12389129
16 8 13 8 16 137 147 221 1 213 520 478 0 0 476 0 0 341 409 1 0 0 0 95 0
出:8 求:7 数:5
一番高いモンスター: 82129
スコア: 12389129
16 8 13 8 16 137 147 221 1 213 520 478 0 0 476 0 0 341 409 1 0 0 0 95 0
出:12 求:10 数:4
一番高いモンスター: 82129
スコア: 12389129
18 11 15 10 18 140 148 221 1 215 521 479 0 0 477 0 0 341 409 1 0 0 0 95 0
出:16 求:18 数:3
一番高いモンスター: 82129
スコア: 12389129
18 11 15 10 18 140 148 221 1 215 521 479 0 0 477 0 3 341 409 1 0 0 0 95 0
出:21 求:23 数:2
一番高いモンスター: 189906
召喚 ID: 73
スコア: 12577729
18 11 15 10 18 140 148 221 1 215 521 479 0 0 477 0 0 339 407 0 0 0 0 95 0
出:8 求:7 数:5
一番高いモンスター: 82129
スコア: 12577729
18 11 15 10 18 140 148 221 1 215 521 479 0 0 477 0 0 339 407 0 0 0 0 95 0
出:12 求:10 数:4
一番高いモンスター: 82129
スコア: 12577729
18 11 15 10 18 140 148 221 1 215 521 479 0 0 477 0 0 339 407 0 0 0 0 95 0
出:16 求:18 数:3
一番高いモンスター: 82129
スコア: 12577729
18 11 15 10 18 140 148 221 1 215 521 479 0 0 477 0 3 339 404 0 0 0 0 95 0
出:21 求:23 数:2
一番高いモンスター: 82129
スコア: 12577729
18 11 15 10 18 140 148 221 1 215 521 479 0 0 477 0 3 339 404 0 0 0 0 95 0
出:8 求:7 数:5
一番高いモンスター: 82129
スコア: 12577729
18 11 15 10 18 140 148 221 1 215 521 479 0 0 477 0 3 339 404 0 0 0 0 95 0
出:12 求:10 数:4
一番高いモンスター: 82129
スコア: 12577729
18 11 15 10 18 140 148 221 1 215 521 479 0 0 477 0 3 339 404 0 0 0 0 95 0
出:19 求:18 数:3
一番高いモンスター: 82129
スコア: 12577729
21 13 17 11 20 141 149 223 1 216 521 480 0 0 479 0 3 340 402 3 0 0 0 95 0
出:21 求:23 数:2
一番高いモンスター: 189906
召喚 ID: 73
スコア: 12766272
21 13 17 11 20 141 149 223 1 216 521 480 0 0 479 0 0 338 400 2 0 0 0 95 0
出:8 求:7 数:5
一番高いモンスター: 82129
スコア: 12766272
21 13 17 11 20 141 149 223 1 216 521 480 0 0 479 0 0 338 400 2 0 0 0 95 0
出:12 求:10 数:4
一番高いモンスター: 82129
スコア: 12766272
21 13 17 11 20 141 149 223 1 216 521 480 0 0 479 0 0 338 400 2 0 0 0 95 0
出:16 求:18 数:3
一番高いモンスター: 82129
スコア: 12766272
21 13 17 11 20 141 149 223 1 216 521 480 0 0 479 0 0 338 397 2 0 0 0 95 0
出:21 求:23 数:2
一番高いモンスター: 82129
