スコア: 90049592
8 24 76 147 7 15 103 252 12 168 335 161 6 5 337 8 4 6 11 6 10 5 4 12 0
スコア: 90049592
8 24 76 147 7 15 103 252 12 168 335 161 6 5 337 8 5 6 11 6 10 5 4 12 0
求:13 出:14 数:5
一番高いモンスター: 534239	id:113
召喚 ID: 113
スコア: 90361455
8 24 76 147 7 15 103 252 12 168 335 161 6 5 337 6 3 4 10 3 10 5 4 12 0
求:16 出:14 数:5
一番高いモンスター: 534239	id:113
召喚 ID: 113
スコア: 90673130
8 24 76 147 7 15 103 252 12 168 335 161 6 5 337 4 1 2 9 0 10 5 4 12 0
求:8 出:7 数:5
一番高いモンスター: 402753	id:12
スコア: 90673130
11 24 78 149 9 16 103 252 12 170 336 161 6 5 340 4 1 5 9 0 10 5 4 13 0
求:13 出:14 数:5
一番高いモンスター: 402753	id:12
スコア: 90673130
11 24 78 149 9 16 103 252 12 170 336 161 6 5 340 4 1 5 9 0 10 5 4 13 0
求:19 出:14 数:5
一番高いモンスター: 402753	id:12
スコア: 90673130
11 24 78 149 9 16 103 252 12 170 336 161 6 5 340 4 1 5 9 0 10 5 4 13 0
求:8 出:7 数:5
一番高いモンスター: 402753	id:12
スコア: 90673130
11 24 78 149 9 16 103 252 12 170 336 161 6 5 340 4 1 5 9 0 10 5 4 13 0
求:13 出:14 数:5
一番高いモンスター: 402753	id:12
スコア: 90673130
11 24 78 149 9 16 103 252 12 170 336 161 6 5 340 4 1 5 9 0 10 5 4 13 0
一番高いモンスター: 402753	id:12
スコア: 90673130
11 24 78 149 9 16 103 252 12 170 336 161 6 5 340 4 1 5 9 0 10 5 4 13 0
スコア: 90673130
11 24 78 149 9 16 103 252 12 170 336 161 6 5 340 4 3 5 9 0 10 5 4 13 0
一番高いモンスター: 402753	id:12
スコア: 90673130
11 24 78 149 9 16 103 252 12 170 336 161 6 5 340 4 3 5 9 0 10 5 4 13 0
求:19 出:14 数:5
一番高いモンスター: 402753	id:12
スコア: 90673130
11 24 78 149 9 16 103 252 12 170 336 161 6 5 340 4 3 5 9 0 10 5 4 13 0
求:8 出:14 数:5
一番高いモンスター: 402753	id:12
スコア: 90673130
16 26 80 151 10 17 103 255 12 171 337 161 6 5 340 4 3 6 9 0 10 5 4 14 0
一番高いモンスター: 402753	id:12
