スコア: 88897113
1 14 72 145 0 13 99 249 9 165 349 198 23 20 347 8 4 14 19 1 10 5 4 14 0
求:8 出:7 数:5
一番高いモンスター: 187869	id:153
召喚 ID: 153
スコア: 89041516
4 18 74 146 1 14 101 250 9 165 349 193 21 15 349 8 4 14 19 1 10 5 4 14 0
求:13 出:18 数:5
一番高いモンスター: 187869	id:153
召喚 ID: 153
スコア: 89185875
4 18 74 146 1 14 101 250 9 165 347 187 19 15 349 8 4 14 14 1 10 5 4 14 0
求:19 出:14 数:5
一番高いモンスター: 187869	id:153
召喚 ID: 153
スコア: 89330191
4 18 74 146 1 14 101 250 9 165 345 181 17 10 349 8 4 14 14 1 10 5 4 14 0
求:8 出:14 数:5
一番高いモンスター: 187869	id:153
召喚 ID: 153
スコア: 89474464
4 18 74 146 1 14 101 250 9 165 343 175 15 5 346 8 4 14 14 1 10 5 4 14 0
求:13 出:14 数:5
一番高いモンスター: 187869	id:153
召喚 ID: 153
スコア: 89618693
4 18 74 146 1 14 101 250 9 165 341 169 13 0 346 8 4 14 14 1 10 5 4 14 0
求:19 出:14 数:5
一番高いモンスター: 174306	id:196
召喚 ID: 196
スコア: 89762071
4 18 74 146 1 14 101 250 9 165 338 166 8 0 343 8 4 14 14 1 10 5 4 14 0
スコア: 89762071
4 18 74 146 1 14 101 250 9 165 338 166 8 0 343 8 4 14 14 1 10 5 4 14 0
求:13 出:7 数:5
一番高いモンスター: 174306	id:196
召喚 ID: 196
スコア: 89905406
4 18 74 146 1 14 101 250 9 165 335 163 3 0 340 8 4 14 14 1 10 5 4 14 0
求:19 出:23 数:5
一番高いモンスター: 129751	id:147
スコア: 89905406
4 18 74 146 1 14 101 250 9 165 335 163 3 0 340 8 4 14 14 6 10 5 4 9 0
求:8 出:7 数:5
一番高いモンスター: 129751	id:147
スコア: 89905406
8 23 74 146 4 14 101 251 9 166 335 164 3 0 340 8 4 16 15 6 10 5 4 11 0
求:13 出:17 数:5
一番高いモンスター: 129751	id:147
スコア: 89905406
8 23 74 146 4 14 101 251 9 166 335 164 3 5 340 8 4 11 15 6 10 5 4 11 0
求:16 出:14 数:5
一番高いモンスター: 187869	id:153
召喚 ID: 153
スコア: 90049592
8 23 74 146 4 14 101 251 12 166 333 158 1 0 340 8 4 11 15 6 10 5 4 11 0
求:8 出:7 数:5
一番高いモンスター: 108786	id:407
スコア: 90049592
8 23 74 146 4 14 101 251 12 166 333 158 1 0 340 8 4 11 15 6 10 5 4 11 0
求:13 出:18 数:5
一番高いモンスター: 108786	id:407
スコア: 90049592
8 23 74 146 4 14 101 251 12 166 333 158 1 5 340 8 4 11 10 6 10 5 4 11 0
求:16 出:17 数:5
一番高いモンスター: 111793	id:226
スコア: 90049592
8 23 74 146 4 14 101 251 12 166 333 158 1 5 340 8 4 11 10 6 10 5 4 11 0
求:8 出:7 数:5
一番高いモンスター: 111793	id:226
