スコア: 8286015
2 0 0 1 0 161 185 174 80 182 448 415 0 0 406 0 0 284 363 0 0 0 0 82 0
一番高いモンスター: -1
スコア: 8286015
2 0 0 2 1 164 186 176 80 182 453 417 0 0 407 0 0 285 364 0 0 0 0 84 0
一番高いモンスター: -1
スコア: 8286015
2 0 0 2 1 164 186 176 80 182 453 417 0 0 407 0 0 285 364 0 0 0 0 84 0
一番高いモンスター: -1
スコア: 8286015
3 2 1 3 4 165 188 177 80 183 455 417 0 0 409 0 0 285 365 0 0 0 0 86 0
一番高いモンスター: 4025
スコア: 8286015
3 2 1 3 4 165 188 177 80 183 455 417 0 0 409 0 0 285 365 0 0 0 0 86 0
一番高いモンスター: 4025
スコア: 8286015
5 4 4 6 4 165 188 180 80 187 457 417 0 0 409 0 0 285 366 0 0 0 0 86 0
一番高いモンスター: 8534
召喚 ID: 872
スコア: 8294516
1 0 0 1 4 165 188 180 80 187 457 417 0 0 409 0 0 285 366 0 0 0 0 86 0
一番高いモンスター: -1
スコア: 8294516
5 3 2 1 5 165 189 181 80 188 460 417 0 0 410 0 0 286 368 0 0 0 0 86 0
一番高いモンスター: 5006
召喚 ID: 549
スコア: 8299486
1 1 0 0 4 165 189 181 80 188 460 417 0 0 410 0 0 286 368 0 0 0 0 86 0
一番高いモンスター: 2521
スコア: 8299486
4 2 1 0 4 167 193 182 80 191 460 418 0 0 413 0 0 286 369 0 0 0 0 86 0
一番高いモンスター: 3521
スコア: 8299486
4 2 1 0 4 167 193 182 80 191 460 418 0 0 413 0 0 286 369 0 0 0 0 86 0
一番高いモンスター: 3521
スコア: 8299486
5 4 2 1 9 168 194 183 80 193 461 420 0 0 413 0 0 288 369 0 0 0 0 86 0
一番高いモンスター: 8032
召喚 ID: 951
スコア: 8307496
0 2 1 1 1 168 194 183 80 193 461 420 0 0 413 0 0 288 369 0 0 0 0 86 0
一番高いモンスター: -1
スコア: 8307496
3 4 5 2 4 169 194 183 80 193 463 420 0 0 413 0 0 289 369 0 0 0 0 89 0
一番高いモンスター: 6036
召喚 ID: 747
一番高いモンスター: 6036
召喚 ID: 747
一番高いモンスター: 6036
召喚 ID: 747
