スコア: 50934555
0 1 0 0 0 7 6 9 0 6 292 203 35 31 341 10 7 108 113 16 0 0 0 8 0
求:16 出:18 数:5
一番高いモンスター: 187869
召喚 ID: 153
スコア: 51104918
0 1 0 0 0 7 6 9 0 6 290 197 33 26 341 10 7 108 113 16 0 0 0 8 0
求:13 出:18 数:5
一番高いモンスター: 187869
召喚 ID: 153
スコア: 51275230
0 1 0 0 0 7 6 9 0 6 288 191 31 24 341 10 7 108 108 16 0 0 0 8 0
一番高いモンスター: 187869
召喚 ID: 153
スコア: 51445491
0 1 0 0 0 7 6 9 0 6 286 185 29 19 341 10 7 108 108 16 0 0 0 8 0
求:13 出:17 数:5
一番高いモンスター: 187869
召喚 ID: 153
スコア: 51615701
1 6 2 2 3 7 6 10 0 7 285 180 27 19 341 10 7 104 109 16 0 0 0 9 0
求:16 出:23 数:5
一番高いモンスター: 187869
召喚 ID: 153
スコア: 51785859
1 6 2 2 3 7 6 10 0 7 283 174 26 14 341 10 12 104 109 16 0 0 0 4 0
求:13 出:18 数:5
一番高いモンスター: 187869
召喚 ID: 153
スコア: 51955966
1 6 2 2 3 7 6 10 0 7 281 168 24 9 341 10 12 104 106 16 0 0 0 4 0
求:15 出:18 数:5
一番高いモンスター: 187869
召喚 ID: 153
スコア: 52126022
1 6 2 2 3 7 6 10 0 7 279 162 22 4 341 10 12 104 106 16 0 0 0 4 0
求:13 出:14 数:5
一番高いモンスター: 187041
召喚 ID: 178
スコア: 52299859
1 6 2 2 3 7 6 10 0 7 276 160 16 2 339 10 12 104 106 16 0 0 0 4 0
求:15 出:18 数:5
一番高いモンスター: 187041
召喚 ID: 178
スコア: 52473644
1 6 2 2 3 7 6 10 0 7 273 158 10 0 337 10 12 104 106 16 0 0 0 4 0
求:13 出:18 数:5
一番高いモンスター: 174306
召喚 ID: 196
スコア: 52631897
1 6 2 2 3 7 6 10 0 7 270 155 5 0 334 10 12 104 106 16 0 0 0 4 0
一番高いモンスター: 174306
召喚 ID: 196
スコア: 52790103
1 6 2 2 3 7 6 10 0 7 267 152 0 0 331 10 12 104 106 16 0 0 0 4 0
求:12 出:18 数:5
一番高いモンスター: 82129
スコア: 52790103
1 6 2 2 3 7 6 10 0 7 267 152 4 0 331 10 12 104 101 16 0 0 0 4 0
求:15 出:17 数:5
一番高いモンスター: 129751
スコア: 52790103
3 9 2 6 5 8 7 12 0 8 267 152 4 0 333 10 12 101 101 16 0 0 0 4 0
求:13 出:17 数:5
一番高いモンスター: 129751
スコア: 52790103
3 9 2 6 5 8 7 12 0 8 267 152 4 5 333 10 12 96 101 16 0 0 0 4 0
求:15 出:18 数:5
一番高いモンスター: 187869
召喚 ID: 153
スコア: 52960108
3 9 2 6 5 8 7 12 0 8 265 146 2 0 333 10 12 96 101 16 0 0 0 4 0
求:13 出:18 数:5
一番高いモンスター: 129751
スコア: 52960108
3 9 2 6 5 8 7 12 0 8 265 146 2 0 333 10 12 96 101 16 0 0 0 4 0
一番高いモンスター: 129751
スコア: 52960108
3 9 2 6 5 8 7 12 0 8 265 146 3 0 333 10 12 96 101 16 0 0 0 4 0
求:13 出:18 数:5
一番高いモンスター: 129751
スコア: 52960108
3 9 2 6 5 8 7 12 0 8 265 146 3 0 333 10 12 96 101 16 0 0 0 4 0
一番高いモンスター: 129751
スコア: 52960108
3 9 2 6 5 8 7 12 0 8 265 146 3 0 333 10 12 96 101 16 0 0 0 4 0
求:13 出:14 数:5
一番高いモンスター: 129751
スコア: 52960108
3 9 2 6 5 8 7 12 0 8 265 146 3 0 333 10 12 96 101 16 0 0 0 4 0
一番高いモンスター: 129751
スコア: 52960108
3 9 2 6 5 8 7 12 0 8 265 146 3 0 333 10 12 96 101 16 0 0 0 4 0
求:13 出:14 数:5
一番高いモンスター: 129751
スコア: 52960108
3 9 2 6 5 8 7 12 0 8 265 146 3 0 333 10 12 96 101 16 0 0 0 4 0
一番高いモンスター: 129751
スコア: 52960108
6 11 4 9 7 8 9 13 0 8 266 147 3 0 334 10 12 96 102 16 0 0 0 5 0
求:13 出:14 数:5
一番高いモンスター: 129751
