スコア: 36117395
9 11 14 16 10 4 9 32 1 18 406 384 14 5 418 6 3 310 312 2 0 0 1 25 0
求:13 出:18 数:10
一番高いモンスター: 187869
召喚 ID: 153
スコア: 36293686
9 11 14 16 10 4 9 32 1 18 404 378 12 0 418 6 3 310 312 2 0 0 1 25 0
求:13 出:18 数:10
一番高いモンスター: 174306
召喚 ID: 196
スコア: 36460772
9 11 14 16 10 4 9 32 1 18 401 375 7 4 415 6 3 310 312 2 0 0 1 25 0
求:13 出:18 数:10
一番高いモンスター: 187041
召喚 ID: 178
スコア: 36639206
9 11 14 16 10 4 9 32 1 18 398 373 1 2 413 6 3 310 312 2 0 0 1 25 0
求:12 出:18 数:10
一番高いモンスター: 111793
スコア: 36639206
11 13 15 19 12 4 11 34 1 20 399 373 11 2 415 6 3 310 303 2 0 0 1 25 0
求:13 出:17 数:10
一番高いモンスター: 187041
召喚 ID: 178
スコア: 36817480
11 13 15 19 12 4 11 34 1 20 396 371 5 1 413 6 3 303 303 2 0 0 1 25 0
求:13 出:17 数:10
一番高いモンスター: 174306
召喚 ID: 196
スコア: 36984515
11 13 15 19 12 4 11 34 1 20 393 368 0 1 410 6 3 303 303 2 0 0 1 25 0
求:12 出:17 数:10
一番高いモンスター: 111793
スコア: 36984515
11 13 15 19 12 4 11 34 1 20 393 368 2 1 410 6 3 293 303 2 0 0 1 25 0
求:13 出:18 数:10
一番高いモンスター: 129751
スコア: 36984515
11 13 15 19 12 4 11 34 1 20 393 368 2 1 410 6 3 293 302 2 0 0 1 25 0
求:13 出:18 数:10
一番高いモンスター: 129751
スコア: 36984515
11 13 15 19 12 4 11 34 1 20 393 368 2 1 410 6 3 293 302 2 0 0 1 25 0
求:13 出:18 数:10
一番高いモンスター: 129751
スコア: 36984515
11 13 15 19 12 4 11 34 1 20 393 368 2 6 410 6 3 293 302 2 0 0 1 25 0
求:12 出:18 数:10
一番高いモンスター: 187869
召喚 ID: 153
スコア: 37160436
11 13 15 19 12 4 11 34 1 20 391 362 10 11 410 6 3 293 292 2 0 0 1 25 0
求:12 出:17 数:10
一番高いモンスター: 187869
召喚 ID: 153
スコア: 37336304
11 13 15 19 12 4 11 34 1 20 389 356 8 6 410 6 3 291 292 2 0 0 1 25 0
求:13 出:18 数:10
一番高いモンスター: 187869
召喚 ID: 153
スコア: 37512119
13 14 17 20 17 5 12 36 1 21 388 351 14 1 412 6 3 291 287 2 0 0 1 25 0
求:13 出:17 数:10
一番高いモンスター: 174306
召喚 ID: 196
スコア: 37679054
13 14 17 20 17 5 12 36 1 21 385 348 9 4 409 6 3 281 287 2 0 0 1 25 0
求:13 出:18 数:10
一番高いモンスター: 187041
召喚 ID: 178
スコア: 37857221
13 14 17 20 17 5 12 36 1 21 382 346 3 2 407 6 3 281 284 2 0 0 1 25 0
求:13 出:18 数:10
一番高いモンスター: 129751
スコア: 37857221
13 14 17 20 17 5 12 36 1 21 382 346 3 2 407 6 3 281 284 2 0 0 1 25 0
求:13 出:18 数:10
一番高いモンスター: 129751
スコア: 37857221
13 14 17 20 17 5 12 36 1 21 382 346 3 2 407 6 3 281 284 2 0 0 1 25 0
求:13 出:18 数:10
一番高いモンスター: 129751
スコア: 37857221
13 14 17 20 17 5 12 36 1 21 382 346 3 2 407 6 3 281 284 2 0 0 1 25 0
求:13 出:18 数:10
一番高いモンスター: 129751
スコア: 37857221
13 14 17 20 17 5 12 36 1 21 382 346 3 2 407 6 3 281 284 2 0 0 1 25 0
求:13 出:18 数:10
一番高いモンスター: 129751
スコア: 37857221
13 14 17 20 17 5 12 36 1 21 382 346 3 2 407 6 3 281 284 2 0 0 1 25 0
求:13 出:18 数:10
一番高いモンスター: 129751
スコア: 37857221
13 14 17 20 17 5 12 36 1 21 382 346 3 2 407 6 3 281 284 2 0 0 1 25 0
求:13 出:18 数:10
一番高いモンスター: 129751
スコア: 37857221
14 17 17 23 18 5 14 38 1 23 384 346 3 2 409 6 3 281 285 2 0 0 1 26 0
求:13 出:18 数:10
一番高いモンスター: 129751
スコア: 37857221
14 17 17 23 18 5 14 38 1 23 384 346 3 2 409 6 3 281 285 2 0 0 1 26 0
求:13 出:18 数:10
一番高いモンスター: 129751
スコア: 37857221
14 17 17 23 18 5 14 38 1 23 384 346 3 3 409 6 3 281 285 2 0 0 1 26 0
求:12 出:18 数:10
一番高いモンスター: 129751
スコア: 37857221
14 17 17 23 18 5 14 38 1 23 384 346 11 3 409 6 3 281 275 2 0 0 1 26 0
求:13 出:17 数:10
一番高いモンスター: 187041
召喚 ID: 178
スコア: 38035334
14 17 17 23 18 5 14 38 1 23 381 344 5 1 407 6 3 281 275 2 0 0 1 26 0
求:13 出:17 数:10
一番高いモンスター: 174306
召喚 ID: 196
スコア: 38202219
14 17 17 23 18 5 14 38 1 23 378 341 0 1 404 6 3 281 275 2 0 0 1 26 0
求:12 出:17 数:10
一番高いモンスター: 111793
スコア: 38202219
14 17 17 23 18 5 14 38 1 23 378 341 0 1 404 6 3 271 275 2 0 0 1 26 0
求:12 出:18 数:10
一番高いモンスター: 111793
スコア: 38202219
14 17 17 23 18 5 14 38 1 23 378 341 0 1 404 6 3 271 269 2 0 0 1 26 0
求:12 出:17 数:10
一番高いモンスター: 111793
スコア: 38202219
14 17 17 23 18 5 14 38 1 23 378 341 0 1 404 6 3 271 269 2 0 0 1 26 0
求:12 出:17 数:10
一番高いモンスター: 111793
スコア: 38202219
17 22 18 24 19 6 15 39 1 26 378 342 10 3 405 6 3 272 269 2 0 0 1 26 0
求:13 出:17 数:10
一番高いモンスター: 187041
召喚 ID: 178
スコア: 38380226
17 22 18 24 19 6 15 39 1 26 375 340 4 1 403 6 3 270 269 2 0 0 1 26 0
求:13 出:17 数:10
一番高いモンスター: 129751
スコア: 38380226
17 22 18 24 19 6 15 39 1 26 375 340 4 1 403 6 3 270 269 2 0 0 1 26 0
求:13 出:17 数:10
一番高いモンスター: 129751
スコア: 38380226
17 22 18 24 19 6 15 39 1 26 375 340 4 1 403 6 3 270 269 2 0 0 1 26 0
求:13 出:17 数:10
一番高いモンスター: 129751
スコア: 38380226
17 22 18 24 19 6 15 39 1 26 375 340 4 1 403 6 3 270 269 2 0 0 1 26 0
求:13 出:17 数:10
一番高いモンスター: 129751
スコア: 38380226
17 22 18 24 19 6 15 39 1 26 375 340 4 1 403 6 3 270 269 2 0 0 1 26 0
求:13 出:17 数:10
一番高いモンスター: 129751
スコア: 38380226
17 22 18 24 19 6 15 39 1 26 375 340 4 1 403 6 3 270 269 2 0 0 1 26 0
求:13 出:17 数:10
一番高いモンスター: 129751
スコア: 38380226
17 22 18 24 19 6 15 39 1 26 375 340 4 1 403 6 3 270 269 2 0 0 1 26 0
求:13 出:17 数:10
一番高いモンスター: 129751
スコア: 38380226
17 22 18 24 19 6 15 39 1 26 375 340 4 1 403 6 3 270 269 2 0 0 1 26 0
求:13 出:17 数:10
一番高いモンスター: 129751
スコア: 38380226
18 22 18 26 23 7 16 40 1 29 377 341 8 1 404 6 3 271 270 2 0 0 1 27 0
求:13 出:17 数:10
一番高いモンスター: 174306
召喚 ID: 196
スコア: 38547061
18 22 18 26 23 7 16 40 1 29 374 338 3 1 401 6 3 271 270 2 0 0 1 27 0
求:13 出:17 数:10
一番高いモンスター: 129751
スコア: 38547061
18 22 18 26 23 7 16 40 1 29 374 338 3 1 401 6 3 271 270 2 0 0 1 27 0
求:13 出:17 数:10
一番高いモンスター: 129751
スコア: 38547061
18 22 18 26 23 7 16 40 1 29 374 338 3 1 401 6 3 271 270 2 0 0 1 27 0
求:13 出:17 数:10
一番高いモンスター: 129751
スコア: 38547061
18 22 18 26 23 7 16 40 1 29 374 338 3 1 401 6 3 271 270 2 0 0 1 27 0
求:13 出:17 数:10
一番高いモンスター: 129751
スコア: 38547061
18 22 18 26 23 7 16 40 1 29 374 338 3 1 401 6 3 271 270 2 0 0 1 27 0
求:13 出:17 数:10
一番高いモンスター: 129751
スコア: 38547061
18 22 18 26 23 7 16 40 1 29 374 338 3 1 401 6 3 271 270 2 0 0 1 27 0
求:13 出:17 数:10
一番高いモンスター: 129751
スコア: 38547061
18 22 18 26 23 7 16 40 1 29 374 338 3 1 401 6 3 271 270 2 0 0 1 27 0
求:13 出:17 数:10
一番高いモンスター: 129751
スコア: 38547061
18 22 18 26 23 7 16 40 1 29 374 338 3 1 401 6 3 271 270 2 0 0 1 27 0
求:13 出:17 数:10
一番高いモンスター: 129751
スコア: 38547061
20 24 22 28 25 8 17 40 1 30 374 338 3 1 405 6 3 272 270 2 0 0 1 27 0
求:13 出:17 数:10
一番高いモンスター: 129751
スコア: 38547061
20 24 22 28 25 8 17 40 1 30 374 338 3 1 405 6 3 272 270 2 0 0 1 27 0
求:13 出:17 数:10
一番高いモンスター: 129751
スコア: 38547061
20 24 22 28 25 8 17 40 1 30 374 338 9 1 405 6 3 272 270 2 0 0 1 27 0
求:13 出:17 数:10
一番高いモンスター: 174306
召喚 ID: 196
スコア: 38713796
20 24 22 28 25 8 17 40 1 30 371 335 4 1 402 6 3 272 270 2 0 0 1 27 0
求:13 出:17 数:10
一番高いモンスター: 129751
スコア: 38713796
20 24 22 28 25 8 17 40 1 30 371 335 4 1 402 6 3 272 270 2 0 0 1 27 0
求:13 出:17 数:10
一番高いモンスター: 129751
スコア: 38713796
20 24 22 28 25 8 17 40 1 30 371 335 4 1 402 6 3 272 270 2 0 0 1 27 0
求:13 出:17 数:10
一番高いモンスター: 129751
スコア: 38713796
20 24 22 28 25 8 17 40 1 30 371 335 4 1 402 6 3 272 270 2 0 0 1 27 0
求:13 出:17 数:10
一番高いモンスター: 129751
スコア: 38713796
20 24 22 28 25 8 17 40 1 30 371 335 4 1 402 6 3 272 270 2 0 0 1 27 0
求:13 出:17 数:10
一番高いモンスター: 129751
スコア: 38713796
20 24 22 28 25 8 17 40 1 30 371 335 4 3 402 6 3 272 270 2 0 0 1 27 0
求:13 出:17 数:10
一番高いモンスター: 129751
スコア: 38713796
20 24 22 28 25 8 17 40 1 30 371 335 4 3 402 6 3 272 270 2 0 0 1 27 0
求:13 出:17 数:10
一番高いモンスター: 129751
スコア: 38713796
20 25 27 31 28 10 19 40 1 31 371 337 4 3 402 6 3 273 270 2 0 0 1 27 0
求:13 出:17 数:10
一番高いモンスター: 129751
スコア: 38713796
20 25 27 31 28 10 19 40 1 31 371 337 4 3 402 6 3 273 270 2 0 0 1 27 0
求:13 出:17 数:10
一番高いモンスター: 129751
スコア: 38713796
20 25 27 31 28 10 19 40 1 31 371 337 4 3 402 6 3 273 270 2 0 0 1 27 0
求:13 出:17 数:10
一番高いモンスター: 129751
スコア: 38713796
20 25 27 31 28 10 19 40 1 31 371 337 4 3 402 6 3 273 270 2 0 0 1 27 0
求:13 出:17 数:10
一番高いモンスター: 129751
スコア: 38713796
20 25 27 31 28 10 19 40 1 31 371 337 4 3 402 6 3 273 270 2 0 0 1 27 0
求:13 出:17 数:10
一番高いモンスター: 129751
スコア: 38713796
20 25 27 31 28 10 19 40 1 31 371 337 4 3 402 6 3 273 270 2 0 0 1 27 0
求:13 出:17 数:10
一番高いモンスター: 129751
スコア: 38713796
20 25 27 31 28 10 19 40 1 31 371 337 4 3 402 6 3 273 270 2 0 0 1 27 0
求:13 出:17 数:10
一番高いモンスター: 129751
