スコア: 17084978
0 1 5 1 0 36 37 34 0 35 615 575 0 0 560 0 0 406 465 0 0 2 9 101 0
求:16 出:18 数:1
一番高いモンスター: 3019
召喚 ID: 796
スコア: 17087957
0 1 0 0 0 36 37 34 0 35 615 575 0 0 560 0 0 406 467 0 0 2 9 101 0
求:16 出:18 数:1
一番高いモンスター: -1
スコア: 17087957
0 1 0 0 0 36 37 34 0 35 615 575 0 0 560 0 0 406 467 0 0 2 9 101 0
求:16 出:18 数:1
一番高いモンスター: -1
スコア: 17087957
0 1 0 0 0 36 37 34 0 35 615 575 0 0 560 0 0 406 467 0 0 2 9 101 0
求:16 出:18 数:1
一番高いモンスター: -1
スコア: 17087957
0 1 0 0 0 36 37 34 0 35 615 575 0 0 560 0 0 406 467 0 0 2 9 101 0
求:16 出:18 数:1
一番高いモンスター: -1
スコア: 17087957
0 1 0 0 0 36 37 34 0 35 615 575 0 0 560 0 0 406 467 0 0 2 9 101 0
求:16 出:18 数:1
一番高いモンスター: -1
スコア: 17087957
0 1 0 0 0 36 37 34 0 35 615 575 0 0 560 0 0 406 467 0 0 2 9 101 0
求:16 出:18 数:1
一番高いモンスター: -1
スコア: 17087957
0 1 0 0 0 36 37 34 0 35 615 575 0 0 560 0 0 406 467 0 0 2 9 101 0
求:16 出:18 数:1
一番高いモンスター: -1
スコア: 17087957
0 3 0 3 4 37 37 36 0 37 616 575 0 0 560 0 0 407 468 0 0 2 9 104 0
求:16 出:18 数:1
一番高いモンスター: 3029
召喚 ID: 903
スコア: 17090912
0 1 0 2 1 37 37 36 0 37 616 575 0 0 560 0 0 407 468 0 0 2 9 104 0
求:16 出:18 数:1
一番高いモンスター: -1
スコア: 17090912
0 1 0 2 1 37 37 36 0 37 616 575 0 0 560 0 0 407 468 0 0 2 9 104 0
求:16 出:18 数:1
一番高いモンスター: -1
スコア: 17090912
0 1 0 2 1 37 37 36 0 37 616 575 0 0 560 0 0 407 468 0 0 2 9 104 0
求:16 出:18 数:1
一番高いモンスター: -1
スコア: 17090912
0 1 0 2 1 37 37 36 0 37 616 575 0 0 560 0 0 407 468 0 0 2 9 104 0
求:16 出:18 数:1
一番高いモンスター: -1
スコア: 17090912
0 1 0 2 1 37 37 36 0 37 616 575 0 0 560 0 0 407 468 0 0 2 9 104 0
求:16 出:18 数:1
一番高いモンスター: -1
スコア: 17090912
0 1 0 2 1 37 37 36 0 37 616 575 0 0 560 0 0 407 468 0 0 2 9 104 0
求:16 出:18 数:1
一番高いモンスター: -1
スコア: 17090912
0 1 0 2 1 37 37 36 0 37 616 575 0 0 560 0 0 407 468 0 0 2 9 104 0
求:16 出:18 数:1
一番高いモンスター: -1
スコア: 17090912
0 1 0 2 1 37 37 36 0 37 616 575 0 0 560 0 0 407 468 0 0 2 9 104 0
求:16 出:18 数:1
一番高いモンスター: -1
スコア: 17090912
5 4 0 3 3 38 39 36 0 37 616 575 0 0 562 0 0 407 470 0 0 2 9 106 0
求:16 出:18 数:1
一番高いモンスター: 5539
召喚 ID: 511
スコア: 17096341
1 2 0 1 0 38 39 36 0 37 616 575 0 0 562 0 0 407 470 0 0 2 9 106 0
求:16 出:18 数:1
一番高いモンスター: -1
スコア: 17096341
1 2 0 1 0 38 39 36 0 37 616 575 0 0 562 0 0 407 470 0 0 2 9 106 0
求:16 出:18 数:1
一番高いモンスター: -1
スコア: 17096341
1 2 0 1 0 38 39 36 0 37 616 575 0 0 562 0 0 407 470 0 0 2 9 106 0
求:16 出:18 数:1
一番高いモンスター: -1
スコア: 17096341
1 2 0 1 0 38 39 36 0 37 616 575 0 0 562 0 0 407 470 0 0 2 9 106 0
求:16 出:18 数:1
一番高いモンスター: -1
スコア: 17096341
1 2 0 1 0 38 39 36 0 37 616 575 0 0 562 0 0 407 470 0 0 2 9 106 0
求:16 出:18 数:1
一番高いモンスター: -1
スコア: 17096341
1 2 0 1 0 38 39 36 0 37 616 575 0 0 562 0 0 407 470 0 0 2 9 106 0
求:16 出:18 数:1
一番高いモンスター: -1
スコア: 17096341
1 2 0 1 0 38 39 36 0 37 616 575 0 0 562 0 0 407 470 0 0 2 9 106 0
求:16 出:18 数:1
一番高いモンスター: -1
スコア: 17096341
1 2 0 1 0 38 39 36 0 37 616 575 0 0 562 0 0 407 470 0 0 2 9 106 0
求:16 出:18 数:1
一番高いモンスター: -1
スコア: 17096341
1 2 0 1 0 38 39 36 0 37 616 575 0 0 562 0 0 407 470 0 0 2 9 106 0
求:16 出:18 数:1
一番高いモンスター: -1
スコア: 17096341
1 4 0 2 3 39 40 37 0 38 622 577 0 0 563 0 0 407 471 0 0 2 9 106 0
求:16 出:18 数:1
一番高いモンスター: 3530
召喚 ID: 630
スコア: 17099799
1 0 0 0 2 39 40 37 0 38 622 577 0 0 563 0 0 407 471 0 0 2 9 106 0
求:16 出:18 数:1
一番高いモンスター: -1
スコア: 17099799
1 0 0 0 2 39 40 37 0 38 622 577 0 0 563 0 0 407 471 0 0 2 9 106 0
求:16 出:18 数:1
一番高いモンスター: -1
スコア: 17099799
1 0 0 0 2 39 40 37 0 38 622 577 0 0 563 0 0 407 471 0 0 2 9 106 0
求:16 出:18 数:1
一番高いモンスター: -1
スコア: 17099799
1 0 0 0 2 39 40 37 0 38 622 577 0 0 563 0 0 407 471 0 0 2 9 106 0
求:16 出:18 数:1
一番高いモンスター: -1
スコア: 17099799
1 0 0 0 2 39 40 37 0 38 622 577 0 0 563 0 0 407 471 0 0 2 9 106 0
求:16 出:18 数:1
一番高いモンスター: -1
スコア: 17099799
1 0 0 0 2 39 40 37 0 38 622 577 0 0 563 0 0 407 471 0 0 2 9 106 0
求:16 出:18 数:1
一番高いモンスター: -1
スコア: 17099799
1 0 0 0 2 39 40 37 0 38 622 577 0 0 563 0 0 407 471 0 0 2 9 106 0
求:16 出:18 数:1
一番高いモンスター: -1
スコア: 17099799
1 0 0 0 2 39 40 37 0 38 622 577 0 0 563 0 0 407 471 0 0 2 9 106 0
求:16 出:18 数:1
一番高いモンスター: -1
スコア: 17099799
2 4 0 3 4 42 41 37 0 39 622 578 0 0 566 0 0 407 471 0 0 2 9 107 0
求:16 出:18 数:1
一番高いモンスター: 5041
召喚 ID: 602
スコア: 17104630
0 0 0 2 1 42 41 37 0 39 622 578 0 0 566 0 0 407 471 0 0 2 9 107 0
求:16 出:18 数:1
一番高いモンスター: -1
スコア: 17104630
0 0 0 2 1 42 41 37 0 39 622 578 0 0 566 0 0 407 471 0 0 2 9 107 0
求:16 出:18 数:1
一番高いモンスター: -1
スコア: 17104630
0 0 0 2 1 42 41 37 0 39 622 578 0 0 566 0 0 407 471 0 0 2 9 107 0
求:16 出:18 数:1
一番高いモンスター: -1
スコア: 17104630
0 0 0 2 1 42 41 37 0 39 622 578 0 0 566 0 0 407 471 0 0 2 9 107 0
求:16 出:18 数:1
一番高いモンスター: -1
スコア: 17104630
0 0 0 2 1 42 41 37 0 39 622 578 0 0 566 0 0 407 471 0 0 2 9 107 0
求:16 出:18 数:1
一番高いモンスター: -1
スコア: 17104630
0 0 0 2 1 42 41 37 0 39 622 578 0 0 566 0 0 407 471 0 0 2 9 107 0
求:16 出:18 数:1
一番高いモンスター: -1
スコア: 17104630
0 0 0 2 1 42 41 37 0 39 622 578 0 0 566 0 0 407 471 0 0 2 9 107 0
求:16 出:18 数:1
一番高いモンスター: -1
スコア: 17104630
0 0 0 2 1 42 41 37 0 39 622 578 0 0 566 0 0 407 471 0 0 2 9 107 0
求:16 出:18 数:1
一番高いモンスター: -1
スコア: 17104630
2 3 2 3 2 43 43 38 0 39 623 580 0 0 567 0 0 408 473 0 0 2 9 107 0
求:16 出:18 数:1
一番高いモンスター: 5025
召喚 ID: 637
スコア: 17109289
1 0 0 1 0 43 43 38 0 39 623 580 0 0 567 0 0 408 473 0 0 2 9 107 0
求:16 出:18 数:1
一番高いモンスター: -1
スコア: 17109289
1 0 0 1 0 43 43 38 0 39 623 580 0 0 567 0 0 408 473 0 0 2 9 107 0
求:16 出:18 数:1
一番高いモンスター: -1
スコア: 17109289
1 0 0 1 0 43 43 38 0 39 623 580 0 0 567 0 0 408 473 0 0 2 9 107 0
求:16 出:18 数:1
一番高いモンスター: -1
スコア: 17109289
1 0 0 1 0 43 43 38 0 39 623 580 0 0 567 0 0 408 473 0 0 2 9 107 0
求:16 出:18 数:1
一番高いモンスター: -1
スコア: 17109289
1 0 0 1 0 43 43 38 0 39 623 580 0 0 567 0 0 408 473 0 0 2 9 107 0
求:16 出:18 数:1
一番高いモンスター: -1
スコア: 17109289
1 0 0 1 0 43 43 38 0 39 623 580 0 0 567 0 0 408 473 0 0 2 9 107 0
求:16 出:18 数:1
一番高いモンスター: -1
スコア: 17109289
1 0 0 1 0 43 43 38 0 39 623 580 0 0 567 0 0 408 473 0 0 2 9 107 0
求:16 出:18 数:1
一番高いモンスター: -1
スコア: 17109289
1 0 0 1 0 43 43 38 0 39 623 580 0 0 567 0 0 408 473 0 0 2 9 107 0
求:16 出:18 数:1
一番高いモンスター: -1
スコア: 17109289
3 5 1 4 2 43 44 40 0 40 623 580 0 0 569 0 0 408 474 0 0 2 9 107 0
求:16 出:18 数:1
一番高いモンスター: 6528
召喚 ID: 632
スコア: 17115737
0 0 0 1 1 43 44 40 0 40 623 580 0 0 569 0 0 408 474 0 0 2 9 107 0
求:16 出:18 数:1
一番高いモンスター: -1
スコア: 17115737
0 0 0 1 1 43 44 40 0 40 623 580 0 0 569 0 0 408 474 0 0 2 9 107 0
求:16 出:18 数:1
一番高いモンスター: -1
スコア: 17115737
0 0 0 1 1 43 44 40 0 40 623 580 0 0 569 0 0 408 474 0 0 2 9 107 0
求:16 出:18 数:1
一番高いモンスター: -1
スコア: 17115737
0 0 0 1 1 43 44 40 0 40 623 580 0 0 569 0 0 408 474 0 0 2 9 107 0
求:16 出:18 数:1
一番高いモンスター: -1
スコア: 17115737
0 0 0 1 1 43 44 40 0 40 623 580 0 0 569 0 0 408 474 0 0 2 9 107 0
求:16 出:18 数:1
一番高いモンスター: -1
スコア: 17115737
0 0 0 1 1 43 44 40 0 40 623 580 0 0 569 0 0 408 474 0 0 2 9 107 0
求:16 出:18 数:1
一番高いモンスター: -1
スコア: 17115737
0 0 0 1 1 43 44 40 0 40 623 580 0 0 569 0 0 408 474 0 0 2 9 107 0
求:16 出:18 数:1
一番高いモンスター: -1
スコア: 17115737
0 0 0 1 1 43 44 40 0 40 623 580 0 0 569 0 0 408 474 0 0 2 9 107 0
求:16 出:18 数:1
一番高いモンスター: -1
スコア: 17115737
0 0 0 1 1 43 44 40 0 40 623 580 0 0 569 0 0 408 474 0 0 2 9 107 0
求:16 出:18 数:1
一番高いモンスター: -1
スコア: 17115737
2 2 4 1 7 43 44 42 0 40 623 580 0 0 570 0 0 409 475 0 0 2 9 108 0
求:16 出:18 数:1
一番高いモンスター: 5553
召喚 ID: 902
スコア: 17121217
0 0 4 1 0 43 44 42 0 40 623 580 0 0 570 0 0 409 475 0 0 2 9 108 0
求:16 出:18 数:1
一番高いモンスター: -1
スコア: 17121217
0 0 4 1 0 43 44 42 0 40 623 580 0 0 570 0 0 409 475 0 0 2 9 108 0
求:16 出:18 数:1
一番高いモンスター: -1
スコア: 17121217
0 0 4 1 0 43 44 42 0 40 623 580 0 0 570 0 0 409 475 0 0 2 9 108 0
求:16 出:18 数:1
一番高いモンスター: -1
スコア: 17121217
0 0 4 1 0 43 44 42 0 40 623 580 0 0 570 0 0 409 475 0 0 2 9 108 0
求:16 出:18 数:1
一番高いモンスター: -1
スコア: 17121217
0 0 4 1 0 43 44 42 0 40 623 580 0 0 570 0 0 409 475 0 0 2 9 108 0
求:16 出:18 数:1
一番高いモンスター: -1
スコア: 17121217
0 0 4 1 0 43 44 42 0 40 623 580 0 0 570 0 0 409 475 0 0 2 9 108 0
求:16 出:18 数:1
一番高いモンスター: -1
スコア: 17121217
0 0 4 1 0 43 44 42 0 40 623 580 0 0 570 0 0 409 475 0 0 2 9 108 0
求:16 出:18 数:1
一番高いモンスター: -1
スコア: 17121217
0 0 4 1 0 43 44 42 0 40 623 580 0 0 570 0 0 409 475 0 0 2 9 108 0
求:16 出:18 数:1
一番高いモンスター: -1
スコア: 17121217
1 3 5 5 1 47 44 43 0 42 623 580 0 0 570 0 0 410 476 0 0 2 9 109 0
求:16 出:18 数:1
一番高いモンスター: 6561
召喚 ID: 899
スコア: 17127702
1 0 1 0 0 47 44 43 0 42 623 580 0 0 570 0 0 410 476 0 0 2 9 109 0
求:16 出:18 数:1
一番高いモンスター: -1
スコア: 17127702
1 0 1 0 0 47 44 43 0 42 623 580 0 0 570 0 0 410 476 0 0 2 9 109 0
求:16 出:18 数:1
一番高いモンスター: -1
スコア: 17127702
1 0 1 0 0 47 44 43 0 42 623 580 0 0 570 0 0 410 476 0 0 2 9 109 0
求:16 出:18 数:1
一番高いモンスター: -1
スコア: 17127702
1 0 1 0 0 47 44 43 0 42 623 580 0 0 570 0 0 410 476 0 0 2 9 109 0
求:16 出:18 数:1
一番高いモンスター: -1
スコア: 17127702
1 0 1 0 0 47 44 43 0 42 623 580 0 0 570 0 0 410 476 0 0 2 9 109 0
求:16 出:18 数:1
一番高いモンスター: -1
スコア: 17127702
1 0 1 0 0 47 44 43 0 42 623 580 0 0 570 0 0 410 476 0 0 2 9 109 0
求:16 出:18 数:1
一番高いモンスター: -1
スコア: 17127702
1 0 1 0 0 47 44 43 0 42 623 580 0 0 570 0 0 410 476 0 0 2 9 109 0
求:16 出:18 数:1
一番高いモンスター: -1
スコア: 17127702
1 2 3 2 2 47 45 44 0 42 623 585 0 0 571 0 0 412 476 0 0 2 9 111 0
求:16 出:18 数:1
一番高いモンスター: 4035
召喚 ID: 771
スコア: 17131658
0 0 0 0 2 47 45 44 0 42 623 585 0 0 571 0 0 412 476 0 0 2 9 111 0
求:16 出:18 数:1
一番高いモンスター: -1
スコア: 17131658
0 0 0 0 2 47 45 44 0 42 623 585 0 0 571 0 0 412 476 0 0 2 9 111 0
求:16 出:18 数:1
一番高いモンスター: -1
スコア: 17131658
0 0 0 0 2 47 45 44 0 42 623 585 0 0 571 0 0 412 476 0 0 2 9 111 0
求:16 出:18 数:1
一番高いモンスター: -1
スコア: 17131658
0 0 0 0 2 47 45 44 0 42 623 585 0 0 571 0 0 412 476 0 0 2 9 111 0
求:16 出:18 数:1
一番高いモンスター: -1
スコア: 17131658
0 0 0 0 2 47 45 44 0 42 623 585 0 0 571 0 0 412 476 0 0 2 9 111 0
求:16 出:18 数:1
一番高いモンスター: -1
スコア: 17131658
0 0 0 0 2 47 45 44 0 42 623 585 0 0 571 0 0 412 476 0 0 2 9 111 0
求:16 出:18 数:1
一番高いモンスター: -1
スコア: 17131658
0 0 0 0 2 47 45 44 0 42 623 585 0 0 571 0 0 412 476 0 0 2 9 111 0
求:16 出:18 数:1
一番高いモンスター: -1
スコア: 17131658
0 0 0 0 2 47 45 44 0 42 623 585 0 0 571 0 0 412 476 0 0 2 9 111 0
求:16 出:18 数:1
一番高いモンスター: -1
スコア: 17131658
1 2 2 1 3 47 45 48 0 44 627 586 0 0 572 0 0 413 476 0 0 2 9 111 0
求:16 出:18 数:1
一番高いモンスター: 3534
召喚 ID: 925
スコア: 17135120
0 1 1 0 0 47 45 48 0 44 627 586 0 0 572 0 0 413 476 0 0 2 9 111 0
求:16 出:18 数:1
一番高いモンスター: -1
スコア: 17135120
0 1 1 0 0 47 45 48 0 44 627 586 0 0 572 0 0 413 476 0 0 2 9 111 0
求:16 出:18 数:1
一番高いモンスター: -1
スコア: 17135120
0 1 1 0 0 47 45 48 0 44 627 586 0 0 572 0 0 413 476 0 0 2 9 111 0
求:16 出:18 数:1
一番高いモンスター: -1
スコア: 17135120
0 1 1 0 0 47 45 48 0 44 627 586 0 0 572 0 0 413 476 0 0 2 9 111 0
求:16 出:18 数:1
一番高いモンスター: -1
スコア: 17135120
0 1 1 0 0 47 45 48 0 44 627 586 0 0 572 0 0 413 476 0 0 2 9 111 0
求:16 出:18 数:1
一番高いモンスター: -1
スコア: 17135120
0 1 1 0 0 47 45 48 0 44 627 586 0 0 572 0 0 413 476 0 0 2 9 111 0
求:16 出:18 数:1
一番高いモンスター: -1
スコア: 17135120
0 1 1 0 0 47 45 48 0 44 627 586 0 0 572 0 0 413 476 0 0 2 9 111 0
求:16 出:18 数:1
一番高いモンスター: -1
スコア: 17135120
0 1 1 0 0 47 45 48 0 44 627 586 0 0 572 0 0 413 476 0 0 2 9 111 0
求:16 出:18 数:1
一番高いモンスター: -1
スコア: 17135120
3 4 2 0 3 48 45 48 0 46 630 587 0 0 572 0 0 413 478 0 0 2 9 112 0
求:16 出:18 数:1
一番高いモンスター: 5554
召喚 ID: 665
スコア: 17140577
1 0 0 0 0 48 45 48 0 46 630 587 0 0 572 0 0 413 478 0 0 2 9 112 0
求:16 出:18 数:1
一番高いモンスター: -1
スコア: 17140577
1 0 0 0 0 48 45 48 0 46 630 587 0 0 572 0 0 413 478 0 0 2 9 112 0
求:16 出:18 数:1
一番高いモンスター: -1
スコア: 17140577
1 0 0 0 0 48 45 48 0 46 630 587 0 0 572 0 0 413 478 0 0 2 9 112 0
求:16 出:18 数:1
一番高いモンスター: -1
スコア: 17140577
1 0 0 0 0 48 45 48 0 46 630 587 0 0 572 0 0 413 478 0 0 2 9 112 0
求:16 出:18 数:1
一番高いモンスター: -1
スコア: 17140577
1 0 0 0 0 48 45 48 0 46 630 587 0 0 572 0 0 413 478 0 0 2 9 112 0
求:16 出:18 数:1
一番高いモンスター: -1
スコア: 17140577
1 0 0 0 0 48 45 48 0 46 630 587 0 0 572 0 0 413 478 0 0 2 9 112 0
求:16 出:18 数:1
一番高いモンスター: -1
スコア: 17140577
1 0 0 0 0 48 45 48 0 46 630 587 0 0 572 0 0 413 478 0 0 2 9 112 0
求:16 出:18 数:1
一番高いモンスター: -1
スコア: 17140577
1 0 0 0 0 48 45 48 0 46 630 587 0 0 572 0 0 413 478 0 0 2 9 112 0
求:16 出:18 数:1
一番高いモンスター: -1
スコア: 17140577
1 0 0 0 0 48 45 48 0 46 630 587 0 0 572 0 0 413 478 0 0 2 9 112 0
求:16 出:18 数:1
一番高いモンスター: -1
スコア: 17140577
3 2 0 3 1 49 46 50 0 46 633 590 0 0 573 0 0 414 478 0 0 2 9 112 0
求:16 出:18 数:1
一番高いモンスター: 3518
召喚 ID: 517
スコア: 17143997
0 1 0 1 0 49 46 50 0 46 633 590 0 0 573 0 0 414 478 0 0 2 9 112 0
求:16 出:18 数:1
一番高いモンスター: -1
スコア: 17143997
0 1 0 1 0 49 46 50 0 46 633 590 0 0 573 0 0 414 478 0 0 2 9 112 0
求:16 出:18 数:1
一番高いモンスター: -1
スコア: 17143997
0 1 0 1 0 49 46 50 0 46 633 590 0 0 573 0 0 414 478 0 0 2 9 112 0
求:16 出:18 数:1
一番高いモンスター: -1
スコア: 17143997
0 1 0 1 0 49 46 50 0 46 633 590 0 0 573 0 0 414 478 0 0 2 9 112 0
求:16 出:18 数:1
一番高いモンスター: -1
スコア: 17143997
0 1 0 1 0 49 46 50 0 46 633 590 0 0 573 0 0 414 478 0 0 2 9 112 0
求:16 出:18 数:1
一番高いモンスター: -1
スコア: 17143997
0 1 0 1 0 49 46 50 0 46 633 590 0 0 573 0 0 414 478 0 0 2 9 112 0
求:16 出:18 数:1
一番高いモンスター: -1
スコア: 17143997
0 1 0 1 0 49 46 50 0 46 633 590 0 0 573 0 0 414 478 0 0 2 9 112 0
求:16 出:18 数:1
一番高いモンスター: -1
スコア: 17143997
0 1 0 1 0 49 46 50 0 46 633 590 0 0 573 0 0 414 478 0 0 2 9 112 0
求:16 出:18 数:1
一番高いモンスター: -1
スコア: 17143997
1 2 3 2 0 50 47 50 0 48 635 593 0 0 573 0 0 417 479 0 0 2 9 113 0
求:16 出:18 数:1
一番高いモンスター: 4035
召喚 ID: 771
スコア: 17147952
0 0 0 0 0 50 47 50 0 48 635 593 0 0 573 0 0 417 479 0 0 2 9 113 0
求:16 出:18 数:1
一番高いモンスター: -1
スコア: 17147952
0 0 0 0 0 50 47 50 0 48 635 593 0 0 573 0 0 417 479 0 0 2 9 113 0
求:16 出:18 数:1
一番高いモンスター: -1
スコア: 17147952
0 0 0 0 0 50 47 50 0 48 635 593 0 0 573 0 0 417 479 0 0 2 9 113 0
求:16 出:18 数:1
一番高いモンスター: -1
スコア: 17147952
0 0 0 0 0 50 47 50 0 48 635 593 0 0 573 0 0 417 479 0 0 2 9 113 0
求:16 出:18 数:1
一番高いモンスター: -1
スコア: 17147952
0 0 0 0 0 50 47 50 0 48 635 593 0 0 573 0 0 417 479 0 0 2 9 113 0
求:16 出:18 数:1
一番高いモンスター: -1
スコア: 17147952
0 0 0 0 0 50 47 50 0 48 635 593 0 0 573 0 0 417 479 0 0 2 9 113 0
求:16 出:18 数:1
一番高いモンスター: -1
スコア: 17147952
0 0 0 0 0 50 47 50 0 48 635 593 0 0 573 0 0 417 479 0 0 2 9 113 0
求:16 出:18 数:1
一番高いモンスター: -1
スコア: 17147952
0 0 0 0 0 50 47 50 0 48 635 593 0 0 573 0 0 417 479 0 0 2 9 113 0
求:16 出:18 数:1
一番高いモンスター: -1
スコア: 17147952
0 0 0 0 0 50 47 50 0 48 635 593 0 0 573 0 0 417 479 0 0 2 9 113 0
求:16 出:18 数:1
一番高いモンスター: -1
スコア: 17147952
2 2 1 4 3 52 49 52 0 49 636 593 0 0 573 0 0 417 479 0 0 2 9 113 0
求:16 出:18 数:1
一番高いモンスター: 4004
召喚 ID: 886
スコア: 17151886
1 1 0 0 2 52 49 52 0 49 636 593 0 0 573 0 0 417 479 0 0 2 9 113 0
求:16 出:18 数:1
一番高いモンスター: -1
スコア: 17151886
1 1 0 0 2 52 49 52 0 49 636 593 0 0 573 0 0 417 479 0 0 2 9 113 0
求:16 出:18 数:1
一番高いモンスター: -1
スコア: 17151886
1 1 0 0 2 52 49 52 0 49 636 593 0 0 573 0 0 417 479 0 0 2 9 113 0
求:16 出:18 数:1
一番高いモンスター: -1
スコア: 17151886
1 1 0 0 2 52 49 52 0 49 636 593 0 0 573 0 0 417 479 0 0 2 9 113 0
求:16 出:18 数:1
一番高いモンスター: -1
スコア: 17151886
1 1 0 0 2 52 49 52 0 49 636 593 0 0 573 0 0 417 479 0 0 2 9 113 0
求:16 出:18 数:1
一番高いモンスター: -1
スコア: 17151886
1 1 0 0 2 52 49 52 0 49 636 593 0 0 573 0 0 417 479 0 0 2 9 113 0
求:16 出:18 数:1
一番高いモンスター: -1
スコア: 17151886
1 1 0 0 2 52 49 52 0 49 636 593 0 0 573 0 0 417 479 0 0 2 9 113 0
求:16 出:18 数:1
一番高いモンスター: -1
スコア: 17151886
1 1 0 0 2 52 49 52 0 49 636 593 0 0 573 0 0 417 479 0 0 2 9 113 0
求:16 出:18 数:1
一番高いモンスター: -1
スコア: 17151886
2 5 3 1 3 54 50 52 0 51 637 597 0 0 573 0 0 417 479 0 0 2 9 113 0
求:16 出:18 数:1
一番高いモンスター: 5554
召喚 ID: 665
スコア: 17157341
0 1 1 1 0 54 50 52 0 51 637 597 0 0 573 0 0 417 479 0 0 2 9 113 0
求:16 出:18 数:1
一番高いモンスター: -1
スコア: 17157341
0 1 1 1 0 54 50 52 0 51 637 597 0 0 573 0 0 417 479 0 0 2 9 113 0
求:16 出:18 数:1
一番高いモンスター: -1
スコア: 17157341
0 1 1 1 0 54 50 52 0 51 637 597 0 0 573 0 0 417 479 0 0 2 9 113 0
求:16 出:18 数:1
一番高いモンスター: -1
スコア: 17157341
0 1 1 1 0 54 50 52 0 51 637 597 0 0 573 0 0 417 479 0 0 2 9 113 0
求:16 出:18 数:1
一番高いモンスター: -1
スコア: 17157341
0 1 1 1 0 54 50 52 0 51 637 597 0 0 573 0 0 417 479 0 0 2 9 113 0
求:16 出:18 数:1
一番高いモンスター: -1
スコア: 17157341
0 1 1 1 0 54 50 52 0 51 637 597 0 0 573 0 0 417 479 0 0 2 9 113 0
求:16 出:18 数:1
一番高いモンスター: -1
スコア: 17157341
0 1 1 1 0 54 50 52 0 51 637 597 0 0 573 0 0 417 479 0 0 2 9 113 0
求:16 出:18 数:1
一番高いモンスター: -1
スコア: 17157341
0 1 1 1 0 54 50 52 0 51 637 597 0 0 573 0 0 417 479 0 0 2 9 113 0
求:16 出:18 数:1
一番高いモンスター: -1
スコア: 17157341
2 2 2 2 1 56 55 53 0 51 640 597 0 0 575 0 0 417 479 0 0 2 9 114 0
求:16 出:18 数:1
一番高いモンスター: 3018
召喚 ID: 684
スコア: 17160198
1 0 1 1 0 56 55 53 0 51 640 597 0 0 575 0 0 417 479 0 0 2 9 114 0
求:16 出:18 数:1
一番高いモンスター: -1
スコア: 17160198
1 0 1 1 0 56 55 53 0 51 640 597 0 0 575 0 0 417 479 0 0 2 9 114 0
求:16 出:18 数:1
一番高いモンスター: -1
スコア: 17160198
1 0 1 1 0 56 55 53 0 51 640 597 0 0 575 0 0 417 479 0 0 2 9 114 0
求:16 出:18 数:1
一番高いモンスター: -1
スコア: 17160198
1 0 1 1 0 56 55 53 0 51 640 597 0 0 575 0 0 417 479 0 0 2 9 114 0
求:16 出:18 数:1
一番高いモンスター: -1
スコア: 17160198
1 0 1 1 0 56 55 53 0 51 640 597 0 0 575 0 0 417 479 0 0 2 9 114 0
求:16 出:18 数:1
一番高いモンスター: -1
スコア: 17160198
1 0 1 1 0 56 55 53 0 51 640 597 0 0 575 0 0 417 479 0 0 2 9 114 0
求:16 出:18 数:1
一番高いモンスター: -1
スコア: 17160198
1 0 1 1 0 56 55 53 0 51 640 597 0 0 575 0 0 417 479 0 0 2 9 114 0
求:16 出:18 数:1
一番高いモンスター: -1
スコア: 17160198
1 0 1 1 0 56 55 53 0 51 640 597 0 0 575 0 0 417 479 0 0 2 9 114 0
求:16 出:18 数:1
一番高いモンスター: -1
スコア: 17160198
3 3 2 4 1 58 57 53 0 52 641 597 0 0 577 0 0 419 479 0 0 2 9 114 0
求:16 出:18 数:1
一番高いモンスター: 4541
召喚 ID: 881
スコア: 17164670
0 3 0 0 1 58 57 53 0 52 641 597 0 0 577 0 0 419 479 0 0 2 9 114 0
求:16 出:18 数:1
一番高いモンスター: -1
スコア: 17164670
0 3 0 0 1 58 57 53 0 52 641 597 0 0 577 0 0 419 479 0 0 2 9 114 0
求:16 出:18 数:1
一番高いモンスター: -1
スコア: 17164670
0 3 0 0 1 58 57 53 0 52 641 597 0 0 577 0 0 419 479 0 0 2 9 114 0
求:16 出:18 数:1
一番高いモンスター: -1
スコア: 17164670
0 3 0 0 1 58 57 53 0 52 641 597 0 0 577 0 0 419 479 0 0 2 9 114 0
求:16 出:18 数:1
一番高いモンスター: -1
スコア: 17164670
0 3 0 0 1 58 57 53 0 52 641 597 0 0 577 0 0 419 479 0 0 2 9 114 0
求:16 出:18 数:1
一番高いモンスター: -1
スコア: 17164670
0 3 0 0 1 58 57 53 0 52 641 597 0 0 577 0 0 419 479 0 0 2 9 114 0
求:16 出:18 数:1
一番高いモンスター: -1
スコア: 17164670
0 3 0 0 1 58 57 53 0 52 641 597 0 0 577 0 0 419 479 0 0 2 9 114 0
求:16 出:18 数:1
一番高いモンスター: -1
