スコア: 64323228
103 99 111 120 98 5 20 41 0 7 201 71 3 3 268 5 0 7 9 0 0 0 0 2 0
求:16 出:14 数:5
一番高いモンスター: 10098
召喚 ID: 953
スコア: 64330772
102 93 110 119 87 5 20 41 0 7 201 71 3 3 268 5 0 7 9 0 0 0 0 2 0
求:12 出:14 数:5
一番高いモンスター: 10098
召喚 ID: 953
スコア: 64338313
101 87 109 118 76 5 20 41 0 7 201 71 3 3 268 5 0 7 9 0 0 0 0 2 0
求:16 出:18 数:5
一番高いモンスター: 10098
召喚 ID: 953
スコア: 64345852
100 81 108 117 65 5 20 41 0 7 201 71 3 3 268 5 0 7 9 0 0 0 0 2 0
求:12 出:14 数:5
一番高いモンスター: 10098
召喚 ID: 953
スコア: 64353389
99 75 107 116 54 5 20 41 0 7 201 71 3 3 268 5 0 7 9 0 0 0 0 2 0
求:16 出:14 数:5
一番高いモンスター: 10098
召喚 ID: 953
スコア: 64360924
98 69 106 115 43 5 20 41 0 7 201 71 3 3 268 5 0 7 9 0 0 0 0 2 0
求:12 出:7 数:5
一番高いモンスター: 10098
召喚 ID: 953
スコア: 64368456
97 63 105 114 32 5 20 41 0 7 201 71 3 3 268 5 2 7 9 0 0 0 0 2 0
求:19 出:14 数:5
一番高いモンスター: 10098
召喚 ID: 953
スコア: 64375986
96 57 104 113 21 5 20 41 0 7 201 71 3 3 263 5 7 7 9 5 0 0 0 2 0
求:12 出:7 数:5
一番高いモンスター: 10098
召喚 ID: 953
スコア: 64383514
95 51 103 112 10 5 20 41 0 7 201 71 3 3 263 5 7 7 9 5 0 0 0 2 0
求:15 出:14 数:5
一番高いモンスター: 10094
召喚 ID: 547
スコア: 64392440
79 50 107 114 9 6 23 42 0 8 201 73 3 3 263 5 7 7 12 5 0 0 0 3 0
求:12 出:7 数:5
一番高いモンスター: 10094
召喚 ID: 547
スコア: 64401363
62 48 107 114 8 6 23 42 0 8 201 73 3 3 263 5 7 7 12 5 0 0 0 3 0
求:15 出:14 数:5
一番高いモンスター: 10094
召喚 ID: 547
スコア: 64410283
45 46 107 114 7 6 23 42 0 8 201 73 3 3 263 5 7 7 12 5 0 0 0 3 0
求:12 出:7 数:5
一番高いモンスター: 10094
召喚 ID: 547
スコア: 64419201
28 44 107 114 6 6 23 42 0 8 201 73 3 3 263 5 7 7 12 5 0 0 0 3 0
求:15 出:18 数:5
一番高いモンスター: 10094
召喚 ID: 547
スコア: 64428116
11 42 107 114 5 6 23 42 0 8 201 73 3 3 263 5 7 7 12 5 0 0 0 3 0
求:12 出:14 数:5
一番高いモンスター: 10094
召喚 ID: 606
スコア: 64437478
9 35 101 112 2 6 23 42 0 8 201 73 3 3 263 5 7 7 12 5 0 0 0 3 0
求:15 出:14 数:5
一番高いモンスター: 10087
召喚 ID: 850
スコア: 64446589
6 33 99 101 0 6 23 42 0 8 201 73 3 3 263 5 7 7 12 5 0 0 0 3 0
求:12 出:7 数:5
一番高いモンスター: 10078
召喚 ID: 743
スコア: 64455368
0 27 91 101 0 6 23 42 0 8 201 73 3 3 263 5 7 7 12 5 0 0 0 3 0
求:15 出:14 数:5
一番高いモンスター: 10036
召喚 ID: 847
スコア: 64463916
0 27 84 88 0 6 23 42 0 8 201 73 3 3 263 5 7 7 12 5 0 0 0 3 0
求:12 出:7 数:5
一番高いモンスター: 10036
召喚 ID: 847
スコア: 64472461
4 27 77 77 3 7 27 44 0 8 202 73 3 3 264 5 7 7 14 5 0 0 0 3 0
求:15 出:18 数:5
一番高いモンスター: 10094
召喚 ID: 606
スコア: 64481820
2 20 71 75 0 7 27 44 0 8 202 73 3 3 264 5 7 7 14 5 0 0 0 3 0
求:12 出:14 数:5
一番高いモンスター: 10060
召喚 ID: 803
スコア: 64491181
1 14 71 62 0 7 27 44 0 8 202 73 3 3 264 5 7 7 14 5 0 0 0 3 0
求:15 出:14 数:5
一番高いモンスター: 10060
召喚 ID: 803
スコア: 64500539
0 8 71 49 0 7 27 44 0 8 202 73 3 3 264 5 7 7 14 5 0 0 0 3 0
求:12 出:7 数:5
一番高いモンスター: 10036
召喚 ID: 847
スコア: 64509082
0 8 64 36 0 7 27 44 0 8 202 73 3 3 264 5 7 7 14 5 0 0 0 3 0
求:15 出:14 数:5
一番高いモンスター: 10036
召喚 ID: 847
スコア: 64517622
0 8 57 23 0 7 27 44 0 8 202 73 3 3 264 5 7 7 14 5 0 0 0 3 0
求:12 出:7 数:5
一番高いモンスター: 10036
召喚 ID: 847
スコア: 64526159
0 8 50 10 0 7 27 44 0 8 202 73 3 3 264 5 7 7 14 5 0 0 0 3 0
求:15 出:14 数:5
一番高いモンスター: 10017
召喚 ID: 788
スコア: 64535516
0 1 41 6 0 7 27 44 0 8 202 73 3 3 264 5 7 7 14 5 0 0 0 3 0
求:12 出:14 数:5
一番高いモンスター: 8061
召喚 ID: 772
スコア: 64543445
0 0 29 3 0 7 27 44 0 8 202 73 3 3 264 5 7 7 14 5 0 0 0 3 0
求:15 出:18 数:5
一番高いモンスター: 8007
召喚 ID: 726
スコア: 64551123
2 3 14 4 3 8 29 44 0 10 203 75 3 3 266 5 7 7 14 5 0 0 0 3 0
求:12 出:14 数:5
一番高いモンスター: 9548
召喚 ID: 716
スコア: 64560489
1 0 6 0 0 8 29 44 0 10 203 75 3 3 266 5 7 7 14 5 0 0 0 3 0
求:15 出:18 数:5
一番高いモンスター: 3531
召喚 ID: 724
スコア: 64563966
0 0 0 0 0 8 29 44 0 10 203 75 3 3 266 5 7 7 14 5 0 0 0 3 0
求:12 出:14 数:5
一番高いモンスター: -1
スコア: 64563966
0 0 0 0 0 8 29 44 0 10 203 75 3 3 266 5 7 7 14 5 0 0 0 3 0
求:15 出:18 数:5
一番高いモンスター: -1
スコア: 64563966
0 0 0 0 0 8 29 44 0 10 203 75 3 3 266 5 7 7 14 5 0 0 0 3 0
求:12 出:7 数:5
一番高いモンスター: -1
スコア: 64563966
0 0 0 0 0 8 29 44 0 10 203 75 3 3 266 5 7 7 14 5 0 0 0 3 0
求:15 出:18 数:5
一番高いモンスター: -1
スコア: 64563966
0 0 0 0 0 8 29 44 0 10 203 75 3 3 266 5 7 7 14 5 0 0 0 3 0
求:12 出:14 数:5
一番高いモンスター: -1
スコア: 64563966
0 0 0 0 0 8 29 44 0 10 203 75 3 3 266 5 7 7 14 5 0 0 0 3 0
求:15 出:18 数:5
一番高いモンスター: -1
スコア: 64563966
0 0 0 0 0 8 29 44 0 10 203 75 3 3 266 5 7 7 14 5 0 0 0 3 0
求:12 出:7 数:5
一番高いモンスター: -1
スコア: 64563966
4 2 4 2 5 8 29 45 0 11 203 75 3 3 267 5 7 7 14 5 0 0 0 3 0
求:15 出:18 数:5
一番高いモンスター: 6036
召喚 ID: 747
スコア: 64569705
2 0 0 0 3 8 29 45 0 11 203 75 3 3 267 5 7 7 14 5 0 0 0 3 0
求:12 出:14 数:5
一番高いモンスター: -1
スコア: 64569705
2 0 0 0 3 8 29 45 0 11 203 75 3 3 267 5 7 7 14 5 0 0 0 3 0
求:15 出:18 数:5
一番高いモンスター: -1
スコア: 64569705
2 0 0 0 3 8 29 45 0 11 203 75 3 3 267 5 7 7 14 5 0 0 0 3 0
求:12 出:14 数:5
一番高いモンスター: -1
スコア: 64569705
2 0 0 0 3 8 29 45 0 11 203 75 3 3 267 5 7 7 14 5 0 0 0 3 0
求:15 出:14 数:5
一番高いモンスター: -1
スコア: 64569705
2 0 0 0 3 8 29 45 0 11 203 75 3 3 267 5 7 7 14 5 0 0 0 3 0
求:12 出:14 数:5
一番高いモンスター: -1
スコア: 64569705
2 0 0 0 3 8 29 45 0 11 203 75 3 3 267 5 7 7 14 5 0 0 0 3 0
求:15 出:18 数:5
一番高いモンスター: -1
スコア: 64569705
2 0 0 0 3 8 29 45 0 11 203 75 3 3 267 5 7 7 14 5 0 0 0 3 0
求:12 出:14 数:5
一番高いモンスター: -1
スコア: 64569705
2 0 0 0 3 8 29 45 0 11 203 75 3 3 267 5 7 7 14 5 0 0 0 3 0
求:15 出:14 数:5
一番高いモンスター: -1
スコア: 64569705
2 0 0 0 3 8 29 45 0 11 203 75 3 3 267 5 7 7 14 5 0 0 0 3 0
求:12 出:14 数:5
一番高いモンスター: -1
スコア: 64569705
3 2 0 3 4 9 31 46 0 14 203 77 3 3 269 5 7 8 15 5 0 0 0 3 0
求:15 出:18 数:5
一番高いモンスター: 4021
召喚 ID: 982
スコア: 64573653
1 1 0 2 0 9 31 46 0 14 203 77 3 3 269 5 7 8 15 5 0 0 0 3 0
求:12 出:14 数:5
一番高いモンスター: -1
スコア: 64573653
1 1 0 2 0 9 31 46 0 14 203 77 3 3 269 5 7 8 15 5 0 0 0 3 0
求:15 出:14 数:5
一番高いモンスター: -1
スコア: 64573653
1 1 0 2 0 9 31 46 0 14 203 77 3 3 269 5 7 8 15 5 0 0 0 3 0
求:12 出:14 数:5
一番高いモンスター: -1
スコア: 64573653
1 1 0 2 0 9 31 46 0 14 203 77 3 3 269 5 7 8 15 5 0 0 0 3 0
求:15 出:14 数:5
一番高いモンスター: -1
スコア: 64573653
1 1 0 2 0 9 31 46 0 14 203 77 3 3 269 5 7 8 15 5 0 0 0 3 0
求:12 出:7 数:5
一番高いモンスター: -1
スコア: 64573653
1 1 0 2 0 9 31 46 0 14 203 77 3 3 269 5 7 8 15 5 0 0 0 3 0
求:15 出:14 数:5
一番高いモンスター: -1
スコア: 64573653
1 1 0 2 0 9 31 46 0 14 203 77 3 3 269 5 7 8 15 5 0 0 0 3 0
求:12 出:7 数:5
一番高いモンスター: -1
スコア: 64573653
1 1 0 2 0 9 31 46 0 14 203 77 3 3 269 5 7 8 15 5 0 0 0 3 0
求:15 出:18 数:5
一番高いモンスター: -1
スコア: 64573653
4 3 1 3 2 11 35 47 0 14 204 78 3 3 270 5 7 9 15 5 0 0 0 3 0
求:12 出:14 数:5
一番高いモンスター: 5545
召喚 ID: 541
スコア: 64579068
0 1 0 0 1 11 35 47 0 14 204 78 3 3 270 5 7 9 15 5 0 0 0 3 0
求:15 出:18 数:5
一番高いモンスター: -1
スコア: 64579068
0 1 0 0 1 11 35 47 0 14 204 78 3 3 270 5 7 9 15 5 0 0 0 3 0
求:12 出:14 数:5
一番高いモンスター: -1
スコア: 64579068
0 1 0 0 1 11 35 47 0 14 204 78 3 3 270 5 7 9 15 5 0 0 0 3 0
求:15 出:14 数:5
一番高いモンスター: -1
スコア: 64579068
0 1 0 0 1 11 35 47 0 14 204 78 3 3 270 5 7 9 15 5 0 0 0 3 0
求:12 出:14 数:5
一番高いモンスター: -1
スコア: 64579068
0 1 0 0 1 11 35 47 0 14 204 78 3 3 270 5 7 9 15 5 0 0 0 3 0
求:15 出:18 数:5
一番高いモンスター: -1
スコア: 64579068
0 1 0 0 1 11 35 47 0 14 204 78 3 3 270 5 7 9 15 5 0 0 0 3 0
求:12 出:7 数:5
一番高いモンスター: -1
スコア: 64579068
0 1 0 0 1 11 35 47 0 14 204 78 3 3 270 5 7 9 15 5 0 0 0 3 0
求:15 出:18 数:5
一番高いモンスター: -1
スコア: 64579068
0 1 0 0 1 11 35 47 0 14 204 78 3 3 270 5 7 9 15 5 0 0 0 3 0
求:12 出:14 数:5
一番高いモンスター: -1
スコア: 64579068
4 3 2 1 1 12 38 48 0 14 205 78 3 3 270 5 7 10 17 5 0 0 0 5 0
求:15 出:18 数:5
一番高いモンスター: 5006
召喚 ID: 549
スコア: 64583974
0 1 0 0 0 12 38 48 0 14 205 78 3 3 270 5 7 10 17 5 0 0 0 5 0
求:12 出:14 数:5
一番高いモンスター: -1
スコア: 64583974
0 1 0 0 0 12 38 48 0 14 205 78 3 3 270 5 7 10 17 5 0 0 0 5 0
求:15 出:18 数:5
一番高いモンスター: -1
スコア: 64583974
0 1 0 0 0 12 38 48 0 14 205 78 3 3 270 5 7 10 17 5 0 0 0 5 0
求:12 出:7 数:5
一番高いモンスター: -1
