スコア: 70753539
65 52 64 46 52 24 99 128 0 61 276 141 2 1 339 15 12 55 52 10 4 2 5 4 1
求:13 出:14 数:5
一番高いモンスター: 129751
スコア: 70753539
65 52 64 46 52 24 99 128 0 61 276 141 2 1 339 15 12 55 52 10 4 2 7 4 1
求:19 出:14 数:5
一番高いモンスター: 129751
スコア: 70753539
65 52 64 46 52 24 99 128 0 61 276 141 2 1 334 15 12 55 52 10 4 2 7 4 1
求:24 出:22 数:5
一番高いモンスター: 129751
スコア: 70753539
65 52 64 46 52 24 99 128 0 61 276 141 2 1 334 15 12 55 52 10 4 2 2 4 6
求:13 出:7 数:5
一番高いモンスター: 129751
スコア: 70753539
65 52 64 46 52 24 99 128 0 61 276 141 2 1 334 15 12 55 52 10 4 2 2 4 6
求:19 出:17 数:5
一番高いモンスター: 129751
スコア: 70753539
65 52 64 46 52 24 99 128 0 61 276 141 2 1 334 15 12 55 52 10 4 2 2 4 6
求:21 出:24 数:5
一番高いモンスター: 129751
スコア: 70753539
65 52 64 46 52 24 99 128 0 61 276 141 2 1 334 15 12 55 52 10 4 2 2 4 6
求:13 出:14 数:5
一番高いモンスター: 129751
スコア: 70753539
66 57 64 49 55 24 99 129 0 61 278 142 2 1 335 15 12 56 53 10 4 2 2 5 6
求:19 出:17 数:5
一番高いモンスター: 129751
スコア: 70753539
66 57 64 49 55 24 99 129 0 61 278 142 2 1 335 15 12 56 53 10 4 2 4 5 6
求:21 出:24 数:5
一番高いモンスター: 129751
スコア: 70753539
66 57 64 49 55 24 99 129 0 61 278 142 2 1 335 15 12 56 53 10 4 2 5 5 6
求:13 出:14 数:5
一番高いモンスター: 129751
スコア: 70753539
66 57 64 49 55 24 99 129 0 61 278 142 2 1 335 15 12 56 53 10 4 2 5 5 6
求:19 出:14 数:5
一番高いモンスター: 129751
スコア: 70753539
66 57 64 49 55 24 99 129 0 61 278 142 2 1 335 15 12 56 53 10 4 2 5 5 6
求:21 出:17 数:5
一番高いモンスター: 129751
スコア: 70753539
66 57 64 49 55 24 99 129 0 61 278 142 2 1 335 15 12 51 53 10 4 2 7 5 6
求:13 出:14 数:5
一番高いモンスター: 129751
スコア: 70753539
66 57 64 49 55 24 99 129 0 61 278 142 2 1 335 15 12 51 53 10 4 2 7 5 6
求:19 出:14 数:5
一番高いモンスター: 129751
スコア: 70753539
66 57 64 49 55 24 99 129 0 61 278 142 2 1 335 15 12 51 53 10 4 2 7 5 6
求:21 出:22 数:5
一番高いモンスター: 129751
スコア: 70753539
66 61 66 50 58 24 99 131 0 61 280 144 2 1 337 15 12 52 54 10 4 3 2 5 6
求:13 出:14 数:5
一番高いモンスター: 129751
スコア: 70753539
66 61 66 50 58 24 99 131 0 61 280 144 2 1 337 15 12 52 54 10 4 3 2 5 6
求:19 出:18 数:5
一番高いモンスター: 129751
スコア: 70753539
66 61 66 50 58 24 99 131 0 61 280 144 2 1 337 15 12 52 49 10 4 3 2 5 6
求:22 出:17 数:5
一番高いモンスター: 129751
スコア: 70753539
66 61 66 50 58 24 99 131 0 61 280 144 2 1 337 15 12 47 49 10 4 3 2 5 6
求:13 出:14 数:5
一番高いモンスター: 129751
スコア: 70753539
66 61 66 50 58 24 99 131 0 61 280 144 2 1 337 15 12 47 49 10 4 3 2 5 6
求:19 出:14 数:5
一番高いモンスター: 129751
スコア: 70753539
66 61 66 50 58 24 99 131 0 61 280 144 2 1 337 15 12 47 49 14 4 3 2 5 6
求:22 出:24 数:5
一番高いモンスター: 129751
スコア: 70753539
66 61 66 50 58 24 99 131 0 61 280 144 2 1 337 15 12 47 49 15 4 3 2 5 1
求:13 出:7 数:5
一番高いモンスター: 129751
スコア: 70753539
66 61 66 50 58 24 99 131 0 61 280 144 2 1 337 15 12 47 49 15 4 3 2 5 1
求:16 出:18 数:5
一番高いモンスター: 129751
スコア: 70753539
66 61 66 50 58 24 99 131 0 61 280 144 2 1 337 15 12 47 49 15 4 3 2 5 1
求:24 出:18 数:5
一番高いモンスター: 129751
スコア: 70753539
66 61 66 50 58 24 99 131 0 61 280 144 2 1 337 15 12 47 44 15 4 3 2 5 1
求:13 出:14 数:5
一番高いモンスター: 129751
スコア: 70753539
67 63 66 50 60 29 100 133 0 63 281 144 2 1 338 15 12 47 44 15 4 3 2 8 1
求:16 出:17 数:5
一番高いモンスター: 129751
スコア: 70753539
67 63 66 50 60 29 100 133 0 63 281 144 2 1 338 15 12 42 44 15 4 3 2 8 1
求:24 出:23 数:5
一番高いモンスター: 129751
スコア: 70753539
67 63 66 50 60 29 100 133 0 63 281 144 2 1 338 15 12 42 44 15 4 7 2 3 6
求:13 出:7 数:5
一番高いモンスター: 129751
スコア: 70753539
67 63 66 50 60 29 100 133 0 63 281 144 2 1 338 15 12 42 44 15 4 7 2 3 6
求:16 出:18 数:5
一番高いモンスター: 129751
スコア: 70753539
67 63 66 50 60 29 100 133 0 63 281 144 2 1 338 15 12 42 44 15 4 7 2 3 6
求:22 出:21 数:5
一番高いモンスター: 129751
スコア: 70753539
67 63 66 50 60 29 100 133 0 63 281 144 2 1 338 15 12 42 44 15 4 2 3 3 6
求:13 出:7 数:5
一番高いモンスター: 129751
スコア: 70753539
67 63 66 50 60 29 100 133 0 63 281 144 2 1 338 15 12 42 44 15 4 2 3 3 6
求:16 出:14 数:5
一番高いモンスター: 129751
スコア: 70753539
67 63 66 50 60 29 100 133 0 63 281 144 2 1 338 15 12 42 44 15 4 2 3 3 6
求:21 出:18 数:5
一番高いモンスター: 129751
スコア: 70753539
67 63 66 50 60 29 100 133 0 63 281 144 2 1 338 15 12 42 39 15 4 2 3 3 6
求:13 出:7 数:5
一番高いモンスター: 129751
スコア: 70753539
68 65 68 52 65 30 101 134 0 64 281 144 2 1 338 15 12 43 41 15 4 2 3 4 6
求:16 出:14 数:5
一番高いモンスター: 129751
スコア: 70753539
68 65 68 52 65 30 101 134 0 64 281 144 2 1 338 15 12 43 41 15 4 2 3 4 6
求:21 出:24 数:5
一番高いモンスター: 129751
スコア: 70753539
68 65 68 52 65 30 101 134 0 64 281 144 2 1 338 15 12 43 41 15 4 2 3 4 6
求:13 出:14 数:5
一番高いモンスター: 129751
スコア: 70753539
68 65 68 52 65 30 101 134 0 64 281 144 2 1 338 15 12 43 41 15 4 2 3 4 6
求:16 出:17 数:5
一番高いモンスター: 129751
スコア: 70753539
68 65 68 52 65 30 101 134 0 64 281 144 2 1 338 15 12 43 41 15 4 2 5 4 6
求:21 出:24 数:5
一番高いモンスター: 129751
スコア: 70753539
68 65 68 52 65 30 101 134 0 64 281 144 2 1 338 15 12 43 41 15 4 2 6 4 6
求:13 出:14 数:5
一番高いモンスター: 129751
スコア: 70753539
68 65 68 52 65 30 101 134 0 64 281 144 2 1 338 15 12 43 41 15 4 2 6 4 6
求:16 出:17 数:5
一番高いモンスター: 129751
スコア: 70753539
68 65 68 52 65 30 101 134 0 64 281 144 2 1 338 15 12 43 41 15 4 2 6 4 6
求:21 出:17 数:5
一番高いモンスター: 129751
スコア: 70753539
68 65 68 52 65 30 101 134 0 64 281 144 2 1 338 15 12 43 41 15 4 2 6 4 6
求:13 出:7 数:5
一番高いモンスター: 129751
スコア: 70753539
70 66 72 54 66 31 103 135 0 67 281 144 2 1 338 15 12 43 42 15 4 2 6 6 6
求:16 出:17 数:5
一番高いモンスター: 129751
スコア: 70753539
70 66 72 54 66 31 103 135 0 67 281 144 2 1 338 15 12 43 42 15 4 2 6 6 6
求:21 出:17 数:5
一番高いモンスター: 129751
スコア: 70753539
70 66 72 54 66 31 103 135 0 67 281 144 2 1 338 15 12 43 42 15 4 2 6 6 6
求:13 出:14 数:5
一番高いモンスター: 129751
スコア: 70753539
70 66 72 54 66 31 103 135 0 67 281 144 2 1 338 15 12 43 42 15 4 4 6 6 6
求:16 出:17 数:5
一番高いモンスター: 129751
スコア: 70753539
70 66 72 54 66 31 103 135 0 67 281 144 2 1 338 15 12 43 42 15 4 4 6 6 6
求:20 出:17 数:5
一番高いモンスター: 129751
スコア: 70753539
70 66 72 54 66 31 103 135 0 67 281 144 2 1 338 15 12 38 42 15 4 4 6 6 6
求:13 出:7 数:5
一番高いモンスター: 129751
スコア: 70753539
70 66 72 54 66 31 103 135 0 67 281 144 2 1 338 15 12 38 42 15 4 4 6 6 6
求:16 出:18 数:5
一番高いモンスター: 129751
スコア: 70753539
70 66 72 54 66 31 103 135 0 67 281 144 2 1 338 15 12 38 42 15 4 4 6 6 6
求:20 出:22 数:5
一番高いモンスター: 129751
スコア: 70753539
70 66 72 54 66 31 103 135 0 67 281 144 2 1 338 15 12 38 42 15 9 6 1 6 6
求:13 出:14 数:5
一番高いモンスター: 129751
スコア: 70753539
71 70 74 55 68 32 104 136 0 68 282 146 2 1 338 15 12 38 43 15 9 6 1 8 6
求:16 出:18 数:5
一番高いモンスター: 129751
スコア: 70753539
71 70 74 55 68 32 104 136 0 68 282 146 2 1 338 15 12 38 43 15 9 6 2 8 6
求:22 出:18 数:5
一番高いモンスター: 129751
スコア: 70753539
71 70 74 55 68 32 104 136 0 68 282 146 2 1 338 15 12 38 38 15 9 7 2 8 6
求:13 出:14 数:5
一番高いモンスター: 129751
スコア: 70753539
71 70 74 55 68 32 104 136 0 68 282 146 2 1 338 15 12 38 38 15 9 7 2 8 6
求:16 出:14 数:5
一番高いモンスター: 129751
スコア: 70753539
71 70 74 55 68 32 104 136 0 68 282 146 2 1 338 15 12 38 38 15 9 7 2 8 6
求:22 出:20 数:5
一番高いモンスター: 129751
スコア: 70753539
71 70 74 55 68 32 104 136 0 68 282 146 2 1 338 15 12 38 38 15 9 7 5 8 6
求:13 出:14 数:5
一番高いモンスター: 129751
スコア: 70753539
71 70 74 55 68 32 104 136 0 68 282 146 2 1 338 15 12 38 38 15 9 7 5 8 6
求:16 出:17 数:5
一番高いモンスター: 129751
