スコア: 16284894
115 112 134 105 123 4 12 35 0 5 565 531 0 0 530 0 0 369 423 0 0 0 1 80 0
求:16 出:18 数:6
一番高いモンスター: 50801
召喚 ID: 385
スコア: 16333693
115 112 134 105 123 0 8 24 0 5 565 531 0 0 530 0 0 369 423 0 0 0 1 80 0
求:16 出:18 数:4
一番高いモンスター: 48387
スコア: 16333693
115 112 134 105 123 0 8 24 0 5 565 531 0 0 530 0 0 369 425 0 0 0 1 80 0
求:16 出:18 数:3
一番高いモンスター: 48387
スコア: 16333693
115 112 134 105 123 0 8 24 0 5 565 531 0 0 530 0 0 369 426 0 0 0 1 80 0
求:16 出:18 数:10
一番高いモンスター: 48387
スコア: 16333693
115 112 134 105 123 0 8 24 0 5 565 531 0 0 530 0 0 369 419 0 0 0 1 80 0
求:16 出:18 数:12
一番高いモンスター: 48387
スコア: 16333693
115 112 134 105 123 0 8 24 0 5 565 531 0 0 530 0 0 369 417 0 0 0 1 80 0
求:16 出:18 数:5
一番高いモンスター: 48387
スコア: 16333693
115 112 134 105 123 0 8 24 0 5 565 531 0 0 530 0 0 369 424 0 0 0 1 80 0
求:16 出:18 数:5
一番高いモンスター: 48387
スコア: 16333693
115 112 134 105 123 0 8 24 0 5 565 531 0 0 530 0 0 369 424 0 0 0 1 80 0
求:16 出:18 数:4
一番高いモンスター: 48387
スコア: 16333693
118 113 135 105 124 3 10 26 0 7 565 531 0 0 531 0 0 371 427 0 0 0 1 80 0
求:16 出:18 数:9
一番高いモンスター: 48387
スコア: 16333693
118 113 135 105 124 3 10 26 0 7 565 531 0 0 531 0 0 371 422 0 0 0 1 80 0
求:16 出:18 数:3
一番高いモンスター: 48387
スコア: 16333693
118 113 135 105 124 3 10 26 0 7 565 531 0 0 531 0 0 371 428 0 0 0 1 80 0
求:16 出:18 数:4
一番高いモンスター: 48387
スコア: 16333693
118 113 135 105 124 3 10 26 0 7 565 531 0 0 531 0 0 371 427 0 0 0 1 80 0
求:16 出:18 数:11
一番高いモンスター: 48387
スコア: 16333693
118 113 135 105 124 3 10 26 0 7 565 531 0 0 531 0 0 371 420 0 0 0 1 80 0
求:16 出:18 数:8
一番高いモンスター: 48387
スコア: 16333693
118 113 135 105 124 3 10 26 0 7 565 531 0 0 531 0 0 371 423 0 0 0 1 80 0
求:16 出:18 数:11
一番高いモンスター: 48387
スコア: 16333693
118 113 135 105 124 3 10 26 0 7 565 531 0 0 531 0 0 371 420 0 0 0 1 80 0
求:16 出:18 数:9
一番高いモンスター: 48387
スコア: 16333693
118 113 135 105 124 3 10 26 0 7 565 531 0 0 531 0 0 371 422 0 0 0 9 80 0
求:16 出:18 数:3
一番高いモンスター: 48387
スコア: 16333693
118 113 135 105 124 3 10 26 0 7 565 531 0 0 531 0 0 371 428 0 0 0 9 80 0
求:16 出:18 数:5
一番高いモンスター: 48387
