スコア: 84578550
159 156 156 172 165 171 235 299 107 234 365 184 3 0 371 13 9 41 42 11 10 0 4 19 0
求:8 出:14 数:5
一番高いモンスター: 108786	id:407
召喚 ID: 407
スコア: 84665362
159 156 156 172 165 166 230 297 106 232 365 184 3 0 366 13 9 41 42 11 10 0 4 19 0
求:13 出:18 数:5
一番高いモンスター: 108786	id:407
召喚 ID: 407
スコア: 84752148
159 156 156 172 165 161 225 295 100 230 365 184 3 5 366 13 9 41 37 11 10 0 4 19 0
求:16 出:17 数:5
一番高いモンスター: 108786	id:407
召喚 ID: 407
スコア: 84838908
159 156 156 172 165 156 220 293 94 228 365 184 3 5 366 13 14 36 37 11 10 0 4 19 0
求:8 出:14 数:5
一番高いモンスター: 108786	id:407
召喚 ID: 407
スコア: 84925616
159 156 156 172 165 151 215 291 88 226 365 184 3 5 361 13 14 36 37 11 10 0 4 19 0
求:12 出:10 数:5
一番高いモンスター: 108786	id:407
召喚 ID: 407
スコア: 85012298
159 156 156 172 165 146 210 289 82 224 365 184 3 5 361 13 14 36 37 11 10 0 4 19 0
求:19 出:18 数:5
一番高いモンスター: 108786	id:407
召喚 ID: 407
スコア: 85098954
159 156 156 172 165 141 205 287 76 222 365 184 3 5 361 13 14 36 37 11 10 0 4 19 0
求:8 出:7 数:5
一番高いモンスター: 108786	id:407
召喚 ID: 407
スコア: 85185584
159 156 156 172 165 136 200 285 75 220 365 184 3 5 361 13 14 36 37 11 10 0 4 19 0
求:12 出:7 数:5
一番高いモンスター: 108786	id:407
召喚 ID: 407
スコア: 85272188
159 156 156 172 165 131 195 283 69 218 365 184 3 5 361 13 14 36 37 11 10 0 4 19 0
求:19 出:10 数:5
一番高いモンスター: 108786	id:407
召喚 ID: 407
スコア: 85358766
162 158 156 175 165 127 192 282 63 218 366 186 3 5 361 13 14 38 38 11 10 0 4 19 0
求:8 出:7 数:5
一番高いモンスター: 108786	id:407
召喚 ID: 407
スコア: 85445318
162 158 156 175 165 122 187 280 57 216 366 186 3 5 361 13 14 38 38 11 10 0 4 19 0
求:12 出:7 数:5
一番高いモンスター: 108786	id:407
召喚 ID: 407
スコア: 85531844
162 158 156 175 165 117 182 278 51 214 366 186 3 5 361 13 14 38 38 11 10 0 4 19 0
求:19 出:10 数:5
一番高いモンスター: 108786	id:407
召喚 ID: 407
スコア: 85618344
162 158 156 175 165 112 177 276 45 212 366 186 3 5 361 13 14 38 38 11 10 1 4 19 0
スコア: 85618344
162 158 156 175 165 112 177 276 45 212 366 186 3 5 361 13 14 38 38 11 10 1 4 19 0
求:12 出:17 数:5
一番高いモンスター: 108786	id:407
召喚 ID: 407
スコア: 85704818
162 158 156 175 165 107 172 274 39 210 366 186 8 5 361 13 14 33 38 11 10 1 4 19 0
求:19 出:10 数:5
一番高いモンスター: 108786	id:407
召喚 ID: 407
スコア: 85791266
162 158 156 175 165 102 167 272 33 208 366 186 8 5 361 13 14 33 38 11 10 1 4 19 0
求:8 出:10 数:5
一番高いモンスター: 108786	id:407
召喚 ID: 407
スコア: 85877689
162 158 156 175 165 97 162 270 32 206 361 186 8 5 361 13 14 33 38 11 10 1 4 19 0
求:13 出:7 数:5
一番高いモンスター: 108786	id:407
召喚 ID: 407
スコア: 85964086
162 158 156 175 165 92 157 268 26 204 361 186 8 5 361 13 14 33 38 11 10 1 4 19 0
求:19 出:10 数:5
一番高いモンスター: 108786	id:407
召喚 ID: 407
スコア: 86050457
165 161 159 177 166 88 152 267 20 203 363 189 8 5 361 13 14 33 38 11 10 1 4 19 0
スコア: 86050457
165 161 159 177 166 88 152 267 20 203 363 189 8 5 361 13 14 33 38 11 10 2 4 19 0
求:13 出:7 数:5
一番高いモンスター: 108786	id:407
召喚 ID: 407
スコア: 86136802
165 161 159 177 166 83 147 265 14 201 363 189 8 5 361 13 14 33 38 11 10 4 4 19 0
求:19 出:18 数:5
一番高いモンスター: 108786	id:407
召喚 ID: 407
スコア: 86223121
165 161 159 177 166 78 142 263 8 199 363 189 8 5 361 13 14 33 38 11 10 4 4 19 0
求:8 出:7 数:5
一番高いモンスター: 108786	id:407
召喚 ID: 407
スコア: 86309414
165 161 159 177 166 73 137 261 2 197 363 189 8 5 361 13 14 33 38 11 10 4 4 19 0
求:13 出:7 数:5
一番高いモンスター: 82129	id:276
召喚 ID: 276
スコア: 86373188
165 161 159 177 166 66 132 259 2 192 363 189 8 5 361 13 14 33 38 11 10 4 4 19 0
求:19 出:23 数:5
一番高いモンスター: 82129	id:276
召喚 ID: 276
スコア: 86436943
165 161 159 177 166 59 127 257 2 187 363 189 8 5 361 13 14 33 38 16 10 4 4 14 0
求:8 出:10 数:5
一番高いモンスター: 82129	id:276
召喚 ID: 276
スコア: 86500679
165 161 159 177 166 52 122 255 7 182 358 189 8 5 361 13 14 33 38 16 10 4 4 14 0
求:13 出:7 数:5
一番高いモンスター: 108786	id:407
召喚 ID: 407
スコア: 86586946
165 161 159 177 166 47 117 253 1 180 358 189 8 5 361 13 14 33 38 16 10 5 4 14 0
求:15 出:18 数:5
一番高いモンスター: 82129	id:276
召喚 ID: 276
スコア: 86650663
167 163 162 178 166 41 112 253 1 178 358 190 8 5 361 13 14 36 39 16 10 5 4 15 0
求:8 出:14 数:5
一番高いモンスター: 82129	id:276
召喚 ID: 276
スコア: 86714361
167 163 162 178 166 34 107 251 1 173 358 190 8 5 356 13 14 36 39 16 10 5 4 15 0
求:13 出:10 数:5
一番高いモンスター: 82129	id:276
召喚 ID: 276
スコア: 86778040
167 163 162 178 166 27 102 249 1 168 358 190 8 5 356 13 14 36 39 16 10 5 4 15 0
求:15 出:18 数:5
一番高いモンスター: 82129	id:276
召喚 ID: 276
スコア: 86841700
167 163 162 178 166 20 97 247 2 163 358 190 8 5 356 13 14 36 39 16 10 5 4 15 0
求:8 出:10 数:5
一番高いモンスター: 82129	id:276
召喚 ID: 276
スコア: 86905341
167 163 162 178 166 13 92 245 6 158 353 190 8 5 356 13 14 36 39 16 10 5 4 15 0
求:13 出:14 数:5
一番高いモンスター: 108786	id:407
召喚 ID: 407
スコア: 86991582
167 163 162 178 166 8 87 243 4 156 353 190 8 5 356 13 14 36 39 16 10 5 4 15 0
一番高いモンスター: 103733	id:265
召喚 ID: 265
スコア: 87075866
167 163 162 178 166 3 85 239 0 152 353 190 8 5 356 13 14 36 39 16 10 5 4 15 0
求:8 出:7 数:5
一番高いモンスター: 57222	id:453
スコア: 87075866
167 163 162 178 166 3 85 239 0 152 353 190 8 5 356 13 14 36 39 16 10 5 4 15 0
求:13 出:18 数:5
一番高いモンスター: 57222	id:453
スコア: 87075866
167 163 162 178 166 3 85 239 0 152 353 190 8 10 356 13 14 36 34 16 10 5 4 15 0
求:15 出:14 数:5
一番高いモンスター: 57222	id:453
スコア: 87075866
167 163 162 178 166 3 85 239 0 152 353 190 8 10 356 13 14 36 34 16 10 5 4 15 0
