スコア: 78180803
25 12 14 19 14 85 164 215 0 144 362 210 2 1 407 15 7 80 83 11 6 0 4 30 0
スコア: 78180803
25 12 14 19 14 85 164 215 0 144 362 210 2 1 407 15 7 80 83 11 6 0 4 30 0
求:8 出:7 数:5
一番高いモンスター: 534239
スコア: 78180803
25 12 14 19 14 85 164 215 0 144 362 210 2 1 407 15 7 80 83 11 6 0 4 30 0
求:13 出:18 数:5
一番高いモンスター: 534239
スコア: 78180803
25 12 14 19 14 85 164 215 0 144 362 210 2 6 407 15 7 80 78 11 6 0 4 30 0
求:16 出:17 数:5
一番高いモンスター: 534239
スコア: 78180803
25 12 14 19 14 85 164 215 0 144 362 210 2 6 407 15 7 80 78 11 6 0 4 30 0
求:21 出:23 数:1
一番高いモンスター: 534239
スコア: 78180803
25 12 14 19 14 85 164 215 0 144 362 210 2 6 407 15 7 80 78 11 6 0 4 30 0
求:8 出:7 数:5
一番高いモンスター: 534239
