スコア: 0
458 480 462 455 433 254 245 243 0 241 211 199 0 0 197 0 0 178 169 0 0 0 0 115 0
一番高いモンスター: 82129
スコア: 0
458 480 462 455 433 254 245 243 0 241 211 199 0 0 197 0 0 178 169 0 0 0 0 115 0
一番高いモンスター: 82129
スコア: 0
458 480 462 455 433 254 245 243 0 241 211 199 0 0 197 0 0 178 169 0 0 0 0 115 0
一番高いモンスター: 82129
スコア: 0
461 482 465 459 435 256 247 243 0 241 211 199 0 0 197 0 0 179 170 0 0 0 0 115 0
一番高いモンスター: 82129
スコア: 0
461 482 465 459 435 256 247 243 0 241 211 199 0 0 197 0 0 179 170 0 0 0 0 115 0
一番高いモンスター: 82129
スコア: 0
461 482 465 459 435 256 247 243 0 241 211 199 0 0 197 0 0 179 170 0 0 0 0 115 0
一番高いモンスター: 82129
スコア: 0
461 482 465 459 435 256 247 243 0 241 211 199 0 0 197 0 0 179 170 0 0 0 0 115 0
一番高いモンスター: 82129
