スコア: 91271382
22 31 87 159 15 20 110 259 16 174 331 150 2 0 337 7 3 5 6 2 10 5 4 7 0
求:8 出:14 数:5
一番高いモンスター: 129751	id:147
召喚 ID: 147
スコア: 91396845
22 31 87 159 15 20 110 259 20 174 326 148 0 0 333 7 3 5 6 2 10 5 4 7 0
求:12 出:14 数:5
一番高いモンスター: 108786	id:407
召喚 ID: 407
スコア: 91483009
22 31 87 159 15 15 105 257 15 172 326 148 0 0 333 7 3 5 6 2 10 5 4 7 0
求:19 出:20 数:5
一番高いモンスター: 108786	id:407
召喚 ID: 407
スコア: 91569147
22 31 87 159 15 10 100 255 9 170 326 148 0 0 333 7 3 5 6 7 5 5 4 7 0
求:8 出:14 数:5
一番高いモンスター: 108786	id:407
召喚 ID: 407
スコア: 91655259
22 31 87 159 15 5 95 253 3 168 326 148 0 0 328 7 3 5 6 7 5 5 4 7 0
求:12 出:14 数:5
一番高いモンスター: 92160	id:322
スコア: 91655259
22 31 87 159 15 5 95 253 3 168 326 148 0 0 328 7 3 5 6 7 5 5 4 7 0
一番高いモンスター: 92160	id:322
スコア: 91655259
22 31 87 159 15 5 95 253 3 168 326 148 0 0 328 7 3 5 6 7 5 5 4 7 0
求:8 出:14 数:5
一番高いモンスター: 92160	id:322
スコア: 91655259
22 31 87 159 15 5 95 253 3 168 326 148 0 0 328 7 3 5 6 7 5 5 4 7 0
求:12 出:14 数:5
一番高いモンスター: 92160	id:322
