スコア: 12869014
26 17 22 13 24 137 149 214 1 206 518 483 0 0 482 0 0 343 393 2 0 0 0 90 0
出:12 求:10 数:8
一番高いモンスター: 82129
召喚 ID: 276
スコア: 12943000
26 17 22 13 24 130 144 212 1 201 519 483 0 0 482 0 0 343 393 2 0 0 0 90 0
出:16 求:18 数:6
一番高いモンスター: 82129
召喚 ID: 276
スコア: 13016964
26 17 22 13 24 123 139 210 1 196 519 483 0 0 482 0 0 343 395 2 0 0 0 90 0
出:21 求:23 数:4
一番高いモンスター: 82129
召喚 ID: 276
スコア: 13090906
28 17 22 16 30 116 134 209 1 193 521 484 0 0 483 0 0 343 397 2 0 0 0 93 0
出:8 求:7 数:10
一番高いモンスター: 82129
召喚 ID: 276
スコア: 13164825
28 17 22 16 30 109 129 207 1 188 521 484 0 0 483 0 0 343 397 2 0 0 0 93 0
出:12 求:10 数:8
一番高いモンスター: 82129
召喚 ID: 276
スコア: 13238722
28 17 22 16 30 102 124 205 1 183 521 484 0 0 483 0 0 343 397 2 0 0 0 93 0
出:16 求:18 数:6
一番高いモンスター: 82129
召喚 ID: 276
スコア: 13312597
28 17 22 16 30 95 119 203 1 178 521 484 0 0 483 0 0 343 397 2 0 0 0 93 0
出:21 求:23 数:4
一番高いモンスター: 82129
召喚 ID: 276
スコア: 13386450
28 17 22 16 30 88 114 201 1 173 521 484 0 0 483 0 0 343 397 2 0 0 0 93 0
出:8 求:7 数:10
一番高いモンスター: 82129
召喚 ID: 276
スコア: 13460281
28 17 22 16 30 81 109 199 1 168 521 484 0 0 483 0 0 343 397 2 0 0 0 93 0
出:12 求:10 数:8
一番高いモンスター: 82129
召喚 ID: 276
スコア: 13534090
28 17 22 16 30 74 104 197 1 163 521 484 0 0 483 0 0 343 397 2 0 0 0 93 0
出:16 求:18 数:6
一番高いモンスター: 82129
召喚 ID: 276
スコア: 13607876
28 17 22 16 30 67 99 195 1 158 521 484 0 0 483 0 0 343 397 2 0 0 0 93 0
出:21 求:23 数:4
一番高いモンスター: 82129
召喚 ID: 276
スコア: 13681640
28 17 22 16 30 60 94 193 1 153 521 484 0 0 483 0 0 343 397 2 0 0 0 93 0
出:8 求:7 数:10
一番高いモンスター: 82129
召喚 ID: 276
スコア: 13755382
29 17 25 19 32 54 90 191 1 149 522 487 0 0 483 0 0 345 399 2 0 0 0 93 0
出:12 求:10 数:8
一番高いモンスター: 82129
召喚 ID: 276
スコア: 13829102
29 17 25 19 32 47 85 189 1 144 522 487 0 0 483 0 0 345 399 2 0 0 0 93 0
出:16 求:18 数:6
一番高いモンスター: 82129
召喚 ID: 276
スコア: 13902800
29 17 25 19 32 40 80 187 1 139 522 487 0 0 483 0 0 345 399 2 0 0 0 93 0
出:21 求:23 数:4
一番高いモンスター: 82129
召喚 ID: 276
スコア: 13976476
29 17 25 19 32 33 75 185 1 134 522 487 0 0 483 0 0 345 399 2 0 0 0 93 0
出:8 求:7 数:10
一番高いモンスター: 82129
召喚 ID: 276
スコア: 14050130
29 17 25 19 32 26 70 183 1 129 522 487 0 0 483 0 0 345 399 2 0 0 0 93 0
出:12 求:10 数:8
一番高いモンスター: 82129
召喚 ID: 276
スコア: 14123762
29 17 25 19 32 19 65 181 1 124 522 487 0 0 483 0 0 345 399 2 0 0 0 93 0
出:16 求:18 数:6
一番高いモンスター: 82129
召喚 ID: 276
スコア: 14197372
29 17 25 19 32 12 60 179 1 119 522 487 0 0 483 0 0 345 399 2 0 0 0 93 0
出:21 求:23 数:4
一番高いモンスター: 82129
召喚 ID: 276
スコア: 14270959
29 17 25 19 32 5 55 177 1 114 522 487 0 0 483 0 0 345 399 2 0 0 0 93 0
出:8 求:7 数:10
一番高いモンスター: 76238
スコア: 14270959
29 17 25 19 32 5 55 177 1 114 522 487 0 0 483 0 0 345 399 2 0 0 0 93 0
出:12 求:10 数:8
一番高いモンスター: 76238
スコア: 14270959
31 23 26 21 33 6 58 178 1 115 523 487 0 0 484 0 0 345 399 2 0 0 0 93 0
出:16 求:18 数:6
一番高いモンスター: 76238
スコア: 14270959
31 23 26 21 33 6 58 178 1 115 523 487 0 0 484 0 0 345 399 2 0 0 0 93 0
出:21 求:23 数:4
一番高いモンスター: 76238
スコア: 14270959
31 23 26 21 33 6 58 178 1 115 523 487 0 0 484 0 0 345 399 2 0 0 0 93 0
出:8 求:7 数:10
一番高いモンスター: 76238
スコア: 14270959
31 23 26 21 33 6 58 178 1 115 523 487 0 0 484 0 0 345 399 2 0 0 0 93 0
出:12 求:10 数:8
一番高いモンスター: 76238
スコア: 14270959
31 23 26 21 33 6 58 178 1 115 523 487 0 0 484 0 0 345 399 2 0 0 0 93 0
出:16 求:18 数:6
一番高いモンスター: 76238
スコア: 14270959
31 23 26 21 33 6 58 178 1 115 523 487 0 0 484 0 0 345 399 2 0 0 0 93 0
出:21 求:23 数:4
一番高いモンスター: 76238
スコア: 14270959
31 23 26 21 33 6 58 178 1 115 523 487 0 0 484 0 0 345 399 2 0 0 0 93 0
出:8 求:7 数:10
一番高いモンスター: 76238
スコア: 14270959
31 23 26 21 33 6 58 178 1 115 523 487 0 0 484 0 0 345 399 2 0 0 0 93 0
出:12 求:10 数:8
