スコア: 77597708
2 1 0 0 0 71 158 206 0 130 346 203 2 1 400 15 7 77 80 11 7 1 5 29 2
求:21 出:23 数:1
一番高いモンスター: 800949
召喚 ID: 43
スコア: 78180803
2 1 0 0 0 71 158 206 0 130 346 203 2 1 400 15 7 77 80 11 6 0 4 28 0
求:8 出:7 数:5
一番高いモンスター: 534239
スコア: 78180803
2 1 0 0 0 71 158 206 0 130 346 203 2 1 400 15 7 77 80 11 6 0 4 28 0
求:13 出:7 数:5
一番高いモンスター: 534239
スコア: 78180803
2 1 0 0 0 71 158 206 0 130 346 203 2 1 400 15 7 77 80 11 6 0 4 28 0
求:16 出:18 数:5
一番高いモンスター: 534239
スコア: 78180803
2 1 0 0 0 71 158 206 0 130 346 203 2 1 400 15 7 77 80 11 6 0 4 28 0
求:21 出:18 数:1
一番高いモンスター: 534239
スコア: 78180803
2 1 0 0 0 71 158 206 0 130 346 203 2 1 400 15 7 77 80 11 6 0 4 28 0
求:8 出:7 数:5
一番高いモンスター: 534239
スコア: 78180803
2 1 0 0 0 71 158 206 0 130 346 203 2 1 400 15 7 77 80 11 6 0 4 28 0
求:13 出:7 数:5
一番高いモンスター: 534239
スコア: 78180803
4 2 2 3 1 74 160 206 0 130 349 205 2 1 400 15 7 78 80 11 6 0 4 28 0
求:16 出:18 数:5
一番高いモンスター: 534239
スコア: 78180803
4 2 2 3 1 74 160 206 0 130 349 205 2 1 400 15 7 78 80 11 6 0 4 28 0
求:21 出:18 数:1
一番高いモンスター: 534239
スコア: 78180803
4 2 2 3 1 74 160 206 0 130 349 205 2 1 400 15 7 78 80 11 6 0 4 28 0
求:8 出:7 数:5
一番高いモンスター: 534239
スコア: 78180803
4 2 2 3 1 74 160 206 0 130 349 205 2 1 400 15 7 78 80 11 6 0 4 28 0
求:13 出:7 数:5
一番高いモンスター: 534239
スコア: 78180803
4 2 2 3 1 74 160 206 0 130 349 205 2 1 400 15 7 78 80 11 6 0 4 28 0
求:16 出:18 数:5
一番高いモンスター: 534239
スコア: 78180803
4 2 2 3 1 74 160 206 0 130 349 205 2 1 400 15 7 78 80 11 6 0 4 28 0
求:21 出:23 数:1
一番高いモンスター: 534239
スコア: 78180803
4 2 2 3 1 74 160 206 0 130 349 205 2 1 400 15 7 78 80 11 6 0 4 28 0
求:8 出:7 数:5
一番高いモンスター: 534239
スコア: 78180803
4 2 2 3 1 74 160 206 0 130 349 205 2 1 400 15 7 78 80 11 6 0 4 28 0
求:13 出:14 数:5
一番高いモンスター: 534239
スコア: 78180803
4 2 2 3 1 74 160 206 0 130 349 205 2 1 400 15 7 78 80 11 6 0 4 28 0
求:16 出:14 数:5
一番高いモンスター: 534239
スコア: 78180803
6 5 5 5 4 75 160 207 0 131 351 206 2 1 401 15 7 78 80 11 6 0 4 28 0
求:21 出:23 数:1
一番高いモンスター: 534239
スコア: 78180803
6 5 5 5 4 75 160 207 0 131 351 206 2 1 401 15 7 78 80 11 6 0 4 28 0
求:8 出:7 数:5
一番高いモンスター: 534239
スコア: 78180803
6 5 5 5 4 75 160 207 0 131 351 206 2 1 401 15 7 78 80 11 6 0 4 28 0
求:13 出:7 数:5
一番高いモンスター: 534239
スコア: 78180803
6 5 5 5 4 75 160 207 0 131 351 206 2 1 401 15 7 78 80 11 6 0 4 28 0
求:16 出:18 数:5
一番高いモンスター: 534239
スコア: 78180803
6 5 5 5 4 75 160 207 0 131 351 206 2 1 401 15 7 78 80 11 6 0 4 28 0
求:21 出:23 数:1
一番高いモンスター: 534239
スコア: 78180803
6 5 5 5 4 75 160 207 0 131 351 206 2 1 401 15 7 78 80 11 6 0 4 28 0
求:8 出:7 数:5
一番高いモンスター: 534239
スコア: 78180803
6 5 5 5 4 75 160 207 0 131 351 206 2 1 401 15 7 78 80 11 6 0 4 28 0
求:13 出:14 数:5
一番高いモンスター: 534239
スコア: 78180803
6 5 5 5 4 75 160 207 0 131 351 206 2 1 401 15 7 78 80 11 6 0 4 28 0
求:16 出:14 数:5
一番高いモンスター: 534239
スコア: 78180803
6 5 5 5 4 75 160 207 0 131 351 206 2 1 401 15 7 78 80 11 6 0 4 28 0
求:21 出:23 数:1
一番高いモンスター: 534239
スコア: 78180803
8 6 8 7 7 76 160 208 0 134 352 207 2 1 403 15 7 78 80 11 6 0 4 28 0
求:8 出:7 数:5
一番高いモンスター: 534239
スコア: 78180803
8 6 8 7 7 76 160 208 0 134 352 207 2 1 403 15 7 78 80 11 6 0 4 28 0
求:13 出:14 数:5
一番高いモンスター: 534239
スコア: 78180803
8 6 8 7 7 76 160 208 0 134 352 207 2 1 403 15 7 78 80 11 6 0 4 28 0
求:16 出:18 数:5
一番高いモンスター: 534239
スコア: 78180803
8 6 8 7 7 76 160 208 0 134 352 207 2 1 403 15 7 78 80 11 6 0 4 28 0
求:21 出:18 数:1
一番高いモンスター: 534239
スコア: 78180803
8 6 8 7 7 76 160 208 0 134 352 207 2 1 403 15 7 78 80 11 6 0 4 28 0
求:8 出:7 数:5
一番高いモンスター: 534239
スコア: 78180803
8 6 8 7 7 76 160 208 0 134 352 207 2 1 403 15 7 78 80 11 6 0 4 28 0
求:13 出:7 数:5
一番高いモンスター: 534239
スコア: 78180803
8 6 8 7 7 76 160 208 0 134 352 207 2 1 403 15 7 78 80 11 6 0 4 28 0
求:16 出:18 数:5
一番高いモンスター: 534239
スコア: 78180803
8 6 8 7 7 76 160 208 0 134 352 207 2 1 403 15 7 78 80 11 6 0 4 28 0
求:21 出:18 数:1
一番高いモンスター: 534239
スコア: 78180803
8 6 8 7 7 76 160 208 0 134 352 207 2 1 403 15 7 78 80 11 6 0 4 28 0
求:8 出:7 数:5
一番高いモンスター: 534239
スコア: 78180803
13 6 10 11 8 77 160 208 0 136 355 207 2 1 404 15 7 79 80 11 6 0 4 28 0
求:13 出:7 数:5
一番高いモンスター: 534239
スコア: 78180803
13 6 10 11 8 77 160 208 0 136 355 207 2 1 404 15 7 79 80 11 6 0 4 28 0
求:16 出:18 数:5
一番高いモンスター: 534239
スコア: 78180803
13 6 10 11 8 77 160 208 0 136 355 207 2 1 404 15 7 79 80 11 6 0 4 28 0
求:21 出:18 数:1
一番高いモンスター: 534239
スコア: 78180803
13 6 10 11 8 77 160 208 0 136 355 207 2 1 404 15 7 79 80 11 6 0 4 28 0
求:8 出:7 数:5
一番高いモンスター: 534239
スコア: 78180803
13 6 10 11 8 77 160 208 0 136 355 207 2 1 404 15 7 79 80 11 6 0 4 28 0
求:13 出:7 数:5
一番高いモンスター: 534239
スコア: 78180803
13 6 10 11 8 77 160 208 0 136 355 207 2 1 404 15 7 79 80 11 6 0 4 28 0
求:16 出:18 数:5
一番高いモンスター: 534239
スコア: 78180803
13 6 10 11 8 77 160 208 0 136 355 207 2 1 404 15 7 79 80 11 6 0 4 28 0
求:21 出:23 数:1
一番高いモンスター: 534239
スコア: 78180803
13 6 10 11 8 77 160 208 0 136 355 207 2 1 404 15 7 79 80 11 6 0 4 28 0
求:8 出:7 数:5
一番高いモンスター: 534239
スコア: 78180803
13 6 10 11 8 77 160 208 0 136 355 207 2 1 404 15 7 79 80 11 6 0 4 28 0
求:13 出:14 数:5
一番高いモンスター: 534239
スコア: 78180803
13 6 10 11 8 77 160 208 0 136 355 207 2 1 404 15 7 79 80 11 6 0 4 28 0
求:16 出:14 数:5
一番高いモンスター: 534239
スコア: 78180803
15 8 10 13 9 78 160 211 0 137 360 207 2 1 405 15 7 79 81 11 6 0 4 29 0
求:21 出:18 数:1
一番高いモンスター: 534239
スコア: 78180803
15 8 10 13 9 78 160 211 0 137 360 207 2 1 405 15 7 79 81 11 6 0 4 29 0
求:8 出:7 数:5
一番高いモンスター: 534239
スコア: 78180803
15 8 10 13 9 78 160 211 0 139 360 207 2 1 405 15 7 79 81 11 6 0 4 29 0
求:13 出:14 数:5
一番高いモンスター: 534239
スコア: 78180803
15 8 10 13 9 78 160 211 0 139 360 207 2 1 405 15 7 79 81 11 6 0 4 29 0
求:16 出:14 数:5
一番高いモンスター: 534239
スコア: 78180803
15 8 10 13 9 78 160 211 0 139 360 207 2 1 405 15 7 79 81 11 6 0 4 29 0
求:21 出:23 数:1
一番高いモンスター: 534239
スコア: 78180803
15 8 10 13 9 78 160 211 0 139 360 207 2 1 405 15 7 79 81 11 6 0 4 29 0
求:8 出:7 数:5
一番高いモンスター: 534239
スコア: 78180803
15 8 10 13 9 78 160 211 0 139 360 207 2 1 405 15 7 79 81 11 6 0 4 29 0
求:13 出:14 数:5
一番高いモンスター: 534239
スコア: 78180803
15 8 10 13 9 78 160 211 0 139 360 207 2 1 405 15 7 79 81 11 6 0 4 29 0
求:16 出:14 数:5
一番高いモンスター: 534239
スコア: 78180803
15 8 10 13 9 78 160 211 0 139 360 207 2 1 405 15 7 79 81 11 6 0 4 29 0
求:21 出:23 数:1
一番高いモンスター: 534239
スコア: 78180803
19 9 11 14 10 79 162 213 0 141 360 209 2 1 407 15 7 80 81 11 6 0 4 29 0
求:8 出:7 数:5
一番高いモンスター: 534239
スコア: 78180803
19 9 11 14 10 79 162 213 0 141 360 209 2 1 407 15 7 80 81 11 6 0 4 29 0
求:13 出:14 数:5
一番高いモンスター: 534239
スコア: 78180803
19 9 11 14 10 79 162 213 0 141 360 209 2 1 407 15 7 80 81 11 6 0 4 29 0
求:16 出:18 数:5
一番高いモンスター: 534239
スコア: 78180803
19 9 11 14 10 79 162 213 0 141 360 209 2 1 407 15 7 80 81 11 6 0 4 29 0
求:21 出:18 数:1
一番高いモンスター: 534239
スコア: 78180803
19 9 11 14 10 79 162 213 0 141 360 209 2 1 407 15 7 80 81 11 6 0 4 29 0
求:8 出:7 数:5
一番高いモンスター: 534239
スコア: 78180803
19 9 11 14 10 79 162 213 0 141 360 209 2 1 407 15 7 80 81 11 6 0 4 29 0
求:13 出:7 数:5
一番高いモンスター: 534239
スコア: 78180803
19 9 11 14 10 79 162 213 0 141 360 209 2 1 407 15 7 80 81 11 6 0 4 29 0
求:16 出:18 数:5
一番高いモンスター: 534239
スコア: 78180803
19 9 11 14 10 79 162 213 0 141 360 209 2 1 407 15 7 80 81 11 6 0 4 29 0
求:21 出:18 数:1
一番高いモンスター: 534239
スコア: 78180803
19 9 11 14 10 79 162 213 0 141 360 209 2 1 407 15 7 80 81 11 6 0 4 29 0
求:8 出:7 数:5
一番高いモンスター: 534239
スコア: 78180803
24 9 12 17 13 82 164 214 0 141 360 209 2 1 407 15 7 80 82 11 6 0 4 30 0
求:13 出:7 数:5
一番高いモンスター: 534239
スコア: 78180803
24 9 12 17 13 82 164 214 0 141 360 209 2 1 407 15 7 80 82 11 6 0 4 30 0
求:16 出:14 数:5
一番高いモンスター: 534239
スコア: 78180803
24 9 12 17 13 82 164 214 0 141 360 209 2 1 407 15 7 80 82 11 6 0 4 30 0
求:21 出:23 数:1
一番高いモンスター: 534239
スコア: 78180803
24 9 12 17 13 82 164 214 0 141 360 209 2 1 407 15 7 80 82 11 6 0 4 30 0
求:8 出:7 数:5
一番高いモンスター: 534239
スコア: 78180803
24 9 12 17 13 82 164 214 0 141 360 209 2 1 407 15 7 80 82 11 6 0 4 30 0
求:13 出:7 数:5
一番高いモンスター: 534239
スコア: 78180803
24 9 12 17 13 82 164 214 0 141 360 209 2 1 407 15 7 80 82 11 6 0 4 30 0
求:16 出:14 数:5
一番高いモンスター: 534239
スコア: 78180803
24 9 12 17 13 82 164 214 0 141 360 209 2 1 407 15 7 80 82 11 6 0 4 30 0
求:21 出:23 数:1
一番高いモンスター: 534239
スコア: 78180803
24 9 12 17 13 82 164 214 0 141 360 209 2 1 407 15 7 80 82 11 6 0 4 30 0
求:8 出:7 数:5
一番高いモンスター: 534239
スコア: 78180803
24 9 12 17 13 82 164 214 0 141 360 209 2 1 407 15 7 80 82 11 6 0 4 30 0
求:13 出:14 数:5
一番高いモンスター: 534239
スコア: 78180803
25 12 14 19 14 85 164 215 0 144 362 210 2 1 407 15 7 80 83 11 6 0 4 30 0
求:16 出:18 数:5
一番高いモンスター: 534239
スコア: 78180803
25 12 14 19 14 85 164 215 0 144 362 210 2 1 407 15 7 80 83 11 6 0 4 30 0
求:21 出:18 数:1
一番高いモンスター: 534239
