スコア: 46482494
71 59 69 87 75 30 42 66 1 70 322 243 2 4 358 5 3 194 197 1 0 0 0 1 0
一番高いモンスター: 129751
スコア: 46482494
71 59 69 87 75 30 42 66 1 70 322 243 4 4 358 5 3 194 197 1 0 0 0 1 0
求:12 出:18 数:5
一番高いモンスター: 162747
召喚 ID: 221
スコア: 46636823
71 59 69 87 75 30 42 66 1 70 320 242 1 0 355 5 3 194 193 1 0 0 0 1 0
求:19 出:17 数:5
一番高いモンスター: 82129
スコア: 46636823
71 59 69 87 75 30 42 66 1 70 320 242 1 0 355 5 3 189 193 6 0 0 0 1 0
求:13 出:14 数:5
一番高いモンスター: 82129
スコア: 46636823
71 59 69 87 75 30 42 66 1 70 320 242 6 0 350 5 3 189 193 6 0 0 0 1 0
一番高いモンスター: 174306
召喚 ID: 196
スコア: 46797420
71 59 69 87 75 30 42 66 1 70 317 239 1 0 347 5 3 189 193 6 0 0 0 1 0
求:13 出:14 数:5
一番高いモンスター: 82129
スコア: 46797420
71 59 69 87 75 30 42 66 1 70 317 239 4 0 347 5 3 189 193 6 0 0 0 1 0
一番高いモンスター: 129751
スコア: 46797420
71 59 69 87 75 30 42 66 1 70 317 239 4 0 347 5 3 189 193 6 0 0 0 1 0
求:13 出:14 数:5
一番高いモンスター: 129751
スコア: 46797420
71 59 69 87 75 30 42 66 1 70 317 239 4 0 347 5 3 189 193 6 0 0 0 1 0
一番高いモンスター: 129751
スコア: 46797420
73 61 69 90 77 32 43 68 1 72 319 239 4 0 347 5 3 190 194 6 0 0 0 1 0
求:13 出:18 数:5
一番高いモンスター: 129751
スコア: 46797420
73 61 69 90 77 32 43 68 1 72 319 239 4 5 347 5 3 190 189 6 0 0 0 1 0
一番高いモンスター: 187869
召喚 ID: 153
スコア: 46968654
73 61 69 90 77 32 43 68 1 72 317 233 2 1 347 5 3 190 189 6 0 0 0 1 0
求:13 出:14 数:5
一番高いモンスター: 129751
スコア: 46968654
73 61 69 90 77 32 43 68 1 72 317 233 2 1 347 5 3 190 189 6 0 0 0 1 0
求:16 出:17 数:5
一番高いモンスター: 129751
スコア: 46968654
73 61 69 90 77 32 43 68 1 72 317 233 2 1 347 5 3 185 189 6 0 0 0 1 0
求:13 出:18 数:5
一番高いモンスター: 129751
スコア: 46968654
73 61 69 90 77 32 43 68 1 72 317 233 2 5 347 5 3 185 184 6 0 0 0 1 0
求:16 出:17 数:5
一番高いモンスター: 187869
召喚 ID: 153
スコア: 47139837
73 61 69 90 77 32 43 68 1 72 315 227 0 0 347 5 3 185 184 6 0 0 0 1 0
求:12 出:14 数:5
一番高いモンスター: 82129
スコア: 47139837
73 61 69 90 77 32 43 68 1 72 315 227 2 0 342 5 3 185 184 6 0 0 0 1 0
求:16 出:17 数:5
一番高いモンスター: 129751
スコア: 47139837
73 61 69 90 77 32 43 68 1 72 315 227 2 0 342 5 3 185 184 6 0 0 0 1 0
求:13 出:14 数:5
一番高いモンスター: 129751
スコア: 47139837
74 62 70 93 80 32 44 68 1 72 316 230 2 0 343 5 3 188 184 6 0 0 0 3 0
求:16 出:17 数:5
一番高いモンスター: 129751
スコア: 47139837
74 62 70 93 80 32 44 68 1 72 316 230 2 0 343 5 3 188 184 6 0 0 0 3 0
求:13 出:14 数:5
一番高いモンスター: 129751
スコア: 47139837
74 62 70 93 80 32 44 68 1 72 316 230 2 1 343 5 3 188 184 6 0 0 0 3 0
求:16 出:17 数:5
一番高いモンスター: 129751
スコア: 47139837
74 62 70 93 80 32 44 68 1 72 316 230 2 1 343 5 3 188 184 6 0 0 0 3 0
求:13 出:17 数:5
一番高いモンスター: 129751
スコア: 47139837
74 62 70 93 80 32 44 68 1 72 316 230 2 3 343 5 3 183 184 6 0 0 0 3 0
求:16 出:18 数:5
一番高いモンスター: 129751
スコア: 47139837
74 62 70 93 80 32 44 68 1 72 316 230 2 3 343 5 3 183 179 6 0 0 0 3 0
求:12 出:14 数:5
一番高いモンスター: 129751
スコア: 47139837
74 62 70 93 80 32 44 68 1 72 316 230 2 3 343 5 3 183 179 6 0 0 0 3 0
一番高いモンスター: 129751
スコア: 47139837
74 62 70 93 80 32 44 68 1 72 316 230 2 3 343 5 3 183 179 6 0 0 0 3 0
求:12 出:17 数:5
一番高いモンスター: 129751
スコア: 47139837
74 62 70 93 80 32 44 68 1 72 316 230 2 3 343 5 3 178 179 6 0 0 0 3 0
求:16 出:18 数:5
一番高いモンスター: 129751
スコア: 47139837
74 62 70 93 80 32 44 68 1 72 316 230 2 3 343 5 3 178 179 6 0 0 0 3 0
求:12 出:14 数:5
一番高いモンスター: 129751
スコア: 47139837
76 62 72 97 81 35 45 70 1 73 316 230 2 3 346 5 3 178 180 6 0 0 0 3 0
一番高いモンスター: 129751
スコア: 47139837
76 62 72 97 81 35 45 70 1 73 316 230 2 3 346 5 3 178 180 6 0 0 0 3 0
求:12 出:18 数:5
一番高いモンスター: 129751
スコア: 47139837
76 62 72 97 81 35 45 70 1 73 316 230 4 3 346 5 3 178 175 6 0 0 0 3 0
求:16 出:17 数:5
一番高いモンスター: 129751
スコア: 47139837
76 62 72 97 81 35 45 70 1 73 316 230 4 3 346 5 3 178 175 6 0 0 0 3 0
求:13 出:14 数:5
一番高いモンスター: 129751
スコア: 47139837
76 62 72 97 81 35 45 70 1 73 316 230 4 3 346 5 3 178 175 6 0 0 0 3 0
一番高いモンスター: 129751
スコア: 47139837
76 62 72 97 81 35 45 70 1 73 316 230 4 3 346 5 3 178 175 6 0 0 0 3 0
求:13 出:17 数:5
一番高いモンスター: 129751
スコア: 47139837
76 62 72 97 81 35 45 70 1 73 316 230 4 3 346 5 3 176 175 6 0 0 0 3 0
求:16 出:17 数:5
一番高いモンスター: 129751
スコア: 47139837
76 62 72 97 81 35 45 70 1 73 316 230 4 3 346 5 3 176 175 6 0 0 0 3 0
求:13 出:17 数:5
一番高いモンスター: 129751
スコア: 47139837
76 62 72 97 81 35 45 70 1 73 316 230 4 3 346 5 3 176 175 6 0 0 0 3 0
求:16 出:17 数:5
一番高いモンスター: 129751
スコア: 47139837
78 62 76 98 82 38 45 71 1 76 317 231 4 3 346 5 3 177 176 6 0 0 0 4 0
求:13 出:14 数:5
一番高いモンスター: 129751
スコア: 47139837
78 62 76 98 82 38 45 71 1 76 317 231 11 3 346 5 3 177 176 6 0 0 0 4 0
求:16 出:23 数:5
一番高いモンスター: 187041
召喚 ID: 178
スコア: 47315140
78 62 76 98 82 38 45 71 1 76 314 229 5 1 344 5 7 177 176 6 0 0 0 0 0
求:13 出:14 数:5
一番高いモンスター: 174306
召喚 ID: 196
スコア: 47474920
78 62 76 98 82 38 45 71 1 76 311 226 0 1 341 5 7 177 176 6 0 0 0 0 0
一番高いモンスター: 111793
スコア: 47474920
78 62 76 98 82 38 45 71 1 76 311 226 0 1 341 5 7 177 176 6 0 0 0 0 0
求:12 出:14 数:5
一番高いモンスター: 111793
スコア: 47474920
78 62 76 98 82 38 45 71 1 76 311 226 0 1 341 5 7 177 176 6 0 0 0 0 0
一番高いモンスター: 111793
スコア: 47474920
78 62 76 98 82 38 45 71 1 76 311 226 0 1 341 5 7 177 176 6 0 0 0 0 0
求:12 出:14 数:5
一番高いモンスター: 111793
スコア: 47474920
78 62 76 98 82 38 45 71 1 76 311 226 0 1 341 5 7 177 176 6 0 0 0 0 0
一番高いモンスター: 111793
スコア: 47474920
78 62 76 98 82 38 45 71 1 76 311 226 0 1 341 5 7 177 176 6 0 0 0 0 0
求:12 出:14 数:5
一番高いモンスター: 111793
スコア: 47474920
81 65 76 100 82 39 45 72 1 80 312 228 1 2 342 5 7 177 178 6 0 0 0 0 0
一番高いモンスター: 111793
スコア: 47474920
81 65 76 100 82 39 45 72 1 80 312 228 1 2 342 5 7 177 178 6 0 0 0 0 0
求:12 出:14 数:5
一番高いモンスター: 111793
スコア: 47474920
81 65 76 100 82 39 45 72 1 80 312 228 1 2 342 5 7 177 178 6 0 0 0 0 0
求:15 出:18 数:5
一番高いモンスター: 111793
スコア: 47474920
81 65 76 100 82 39 45 72 1 80 312 228 1 2 342 5 7 177 173 6 0 0 0 0 0
求:12 出:14 数:5
一番高いモンスター: 111793
スコア: 47474920
81 65 76 100 82 39 45 72 1 80 312 228 1 2 342 5 7 177 173 6 0 0 0 0 0
一番高いモンスター: 111793
スコア: 47474920
81 65 76 100 82 39 45 72 1 80 312 228 1 2 342 5 7 177 173 6 0 0 0 0 0
求:12 出:17 数:5
一番高いモンスター: 111793
スコア: 47474920
81 65 76 100 82 39 45 72 1 80 312 228 1 2 342 5 7 172 173 6 0 0 0 0 0
求:15 出:18 数:5
一番高いモンスター: 111793
スコア: 47474920
81 65 76 100 82 39 45 72 1 80 312 228 1 2 342 5 7 172 173 6 0 0 0 0 0
求:12 出:18 数:5
一番高いモンスター: 111793
スコア: 47474920
81 65 76 100 82 39 45 72 1 80 312 228 5 2 342 5 7 172 168 6 0 0 0 0 0
一番高いモンスター: 174306
召喚 ID: 196
スコア: 47634652
81 65 76 100 82 39 45 72 1 80 309 225 0 2 339 5 7 172 168 6 0 0 0 0 0
求:12 出:14 数:5
一番高いモンスター: 111793
スコア: 47634652
81 66 78 104 83 40 46 73 1 82 312 226 0 2 340 5 7 173 169 6 0 0 0 0 0
一番高いモンスター: 111793
スコア: 47634652
81 66 78 104 83 40 46 73 1 82 312 226 1 2 340 5 7 173 169 6 0 0 0 0 0
求:12 出:17 数:5
一番高いモンスター: 111793
スコア: 47634652
81 66 78 104 83 40 46 73 1 82 312 226 1 2 340 5 7 173 169 6 0 0 0 0 0
求:15 出:17 数:5
一番高いモンスター: 111793
スコア: 47634652
81 66 78 104 83 40 46 73 1 82 312 226 1 2 340 10 7 168 169 6 0 0 0 0 0
求:12 出:14 数:5
一番高いモンスター: 111793
スコア: 47634652
81 66 78 104 83 40 46 73 1 82 312 226 1 4 340 10 7 168 169 6 0 0 0 0 0
求:19 出:18 数:5
一番高いモンスター: 111793
スコア: 47634652
81 66 78 104 83 40 46 73 1 82 312 226 6 4 340 10 7 168 164 6 0 0 0 0 0
求:13 出:14 数:5
一番高いモンスター: 187041
召喚 ID: 178
スコア: 47809535
81 66 78 104 83 40 46 73 1 82 309 224 0 2 338 10 7 168 164 6 0 0 0 0 0
一番高いモンスター: 111793
スコア: 47809535
81 66 78 104 83 40 46 73 1 82 309 224 0 2 338 10 7 168 164 6 0 0 0 0 0
求:12 出:17 数:5
一番高いモンスター: 111793
スコア: 47809535
81 66 78 104 83 40 46 73 1 82 309 224 0 2 338 10 7 163 164 6 0 0 0 0 0
一番高いモンスター: 111793
スコア: 47809535
83 67 79 105 85 40 48 75 1 84 310 227 0 2 340 10 7 164 164 6 0 0 0 0 0
求:12 出:14 数:5
一番高いモンスター: 111793
スコア: 47809535
83 67 79 105 85 40 48 75 1 84 310 227 0 4 340 10 7 164 164 6 0 0 0 0 0
一番高いモンスター: 111793
スコア: 47809535
83 67 79 105 85 40 48 75 1 84 310 227 0 4 340 10 7 164 164 6 0 0 0 0 0
求:12 出:14 数:5
一番高いモンスター: 111793
スコア: 47809535
83 67 79 105 85 40 48 75 1 84 310 227 0 4 340 10 7 164 164 6 0 0 0 0 0
求:19 出:17 数:5
一番高いモンスター: 111793
スコア: 47809535
83 67 79 105 85 40 48 75 1 84 310 227 0 4 340 10 7 159 164 11 0 0 0 0 0
求:12 出:14 数:5
一番高いモンスター: 111793
スコア: 47809535
83 67 79 105 85 40 48 75 1 84 310 227 0 4 340 10 7 159 164 11 0 0 0 0 0
一番高いモンスター: 111793
スコア: 47809535
83 67 79 105 85 40 48 75 1 84 310 227 5 4 340 10 7 159 164 11 0 0 0 0 0
求:13 出:18 数:5
一番高いモンスター: 174306
召喚 ID: 196
スコア: 47969171
83 67 79 105 85 40 48 75 1 84 307 224 0 9 337 10 7 159 159 11 0 0 0 0 0
一番高いモンスター: 111793
スコア: 47969171
83 67 79 105 85 40 48 75 1 84 307 224 0 9 337 10 7 159 159 11 0 0 0 0 0
求:12 出:17 数:5
一番高いモンスター: 111793
スコア: 47969171
84 69 81 108 87 41 50 75 1 84 308 225 5 9 338 10 7 155 161 11 0 0 0 1 0
一番高いモンスター: 187869
召喚 ID: 153
スコア: 48140097
84 69 81 108 87 41 50 75 1 84 306 219 3 4 338 10 7 155 161 11 0 0 0 1 0
求:12 出:14 数:5
一番高いモンスター: 162747
召喚 ID: 221
スコア: 48292906
84 69 81 108 87 41 50 75 1 84 304 218 0 0 335 10 7 155 161 11 0 0 0 1 0
求:16 出:18 数:5
一番高いモンスター: 82129
スコア: 48292906
84 69 81 108 87 41 50 75 1 84 304 218 0 0 335 10 7 155 161 11 0 0 0 1 0
求:12 出:14 数:5
一番高いモンスター: 82129
スコア: 48292906
84 69 81 108 87 41 50 75 1 84 304 218 0 0 335 10 7 155 161 11 0 0 0 1 0
求:16 出:18 数:5
一番高いモンスター: 82129
スコア: 48292906
84 69 81 108 87 41 50 75 1 84 304 218 0 0 335 10 7 155 161 11 0 0 0 1 0
求:12 出:14 数:5
一番高いモンスター: 82129
スコア: 48292906
84 69 81 108 87 41 50 75 1 84 304 218 0 0 335 10 7 155 161 11 0 0 0 1 0
求:16 出:18 数:5
一番高いモンスター: 82129
スコア: 48292906
84 69 81 108 87 41 50 75 1 84 304 218 0 0 335 10 7 155 161 11 0 0 0 1 0
求:12 出:18 数:5
一番高いモンスター: 82129
スコア: 48292906
84 69 81 108 87 41 50 75 1 84 304 218 5 0 335 10 7 155 156 11 0 0 0 1 0
求:16 出:18 数:5
一番高いモンスター: 174306
召喚 ID: 196
スコア: 48451778
84 69 81 108 87 41 50 75 1 84 301 215 0 0 332 10 7 155 156 11 0 0 0 1 0
求:12 出:14 数:5
一番高いモンスター: 82129
スコア: 48451778
86 72 84 110 88 41 51 75 1 86 302 215 0 0 334 10 7 157 157 12 0 0 0 1 0
一番高いモンスター: 82129
スコア: 48451778
86 72 84 110 88 41 51 75 1 86 302 215 0 0 334 10 7 157 157 12 0 0 0 1 0
求:12 出:17 数:5
一番高いモンスター: 82129
スコア: 48451778
86 72 84 110 88 41 51 75 1 86 302 215 0 0 334 10 7 152 157 12 0 0 0 1 0
一番高いモンスター: 82129
スコア: 48451778
86 72 84 110 88 41 51 75 1 86 302 215 0 0 334 10 7 152 157 12 0 0 0 1 0
求:12 出:14 数:5
一番高いモンスター: 82129
スコア: 48451778
86 72 84 110 88 41 51 75 1 86 302 215 0 0 334 10 7 152 157 12 0 0 0 1 0
求:16 出:18 数:5
一番高いモンスター: 82129
スコア: 48451778
86 72 84 110 88 41 51 75 1 86 302 215 0 0 334 10 7 152 157 12 0 0 0 1 0
求:12 出:18 数:5
一番高いモンスター: 82129
スコア: 48451778
86 72 84 110 88 41 51 75 1 86 302 215 6 0 334 10 7 152 152 12 0 0 0 1 0
一番高いモンスター: 174306
召喚 ID: 196
スコア: 48610555
86 72 84 110 88 41 51 75 1 86 299 212 1 0 331 10 7 152 152 12 0 0 0 1 0
求:13 出:17 数:5
一番高いモンスター: 82129
スコア: 48610555
86 72 84 110 88 41 51 75 1 86 299 212 5 5 331 10 7 147 152 12 0 0 0 1 0
一番高いモンスター: 187869
召喚 ID: 153
スコア: 48781430
88 73 89 113 88 43 52 77 1 86 298 206 3 0 331 10 7 147 154 12 0 0 0 2 0
求:13 出:18 数:5
一番高いモンスター: 129751
スコア: 48781430
88 73 89 113 88 43 52 77 1 86 298 206 3 4 331 10 7 147 149 12 0 0 0 2 0
一番高いモンスター: 162747
召喚 ID: 221
スコア: 48933690
88 73 89 113 88 43 52 77 1 86 296 205 0 1 328 10 7 147 149 12 0 0 0 2 0
求:12 出:18 数:5
一番高いモンスター: 111793
スコア: 48933690
88 73 89 113 88 43 52 77 1 86 296 205 5 1 328 10 7 147 144 12 0 0 0 2 0
求:16 出:17 数:5
一番高いモンスター: 174306
召喚 ID: 196
スコア: 49092419
88 73 89 113 88 43 52 77 1 86 293 202 0 1 325 10 7 147 144 12 0 0 0 2 0
求:12 出:14 数:5
一番高いモンスター: 111793
スコア: 49092419
88 73 89 113 88 43 52 77 1 86 293 202 0 1 325 10 7 147 144 12 0 0 0 2 0
求:16 出:17 数:5
一番高いモンスター: 111793
スコア: 49092419
88 73 89 113 88 43 52 77 1 86 293 202 0 1 325 10 7 147 144 12 0 0 0 2 0
求:12 出:17 数:5
一番高いモンスター: 111793
スコア: 49092419
88 73 89 113 88 43 52 77 1 86 293 202 5 1 325 10 7 142 144 16 0 0 0 2 0
求:16 出:18 数:5
一番高いモンスター: 174306
召喚 ID: 196
スコア: 49251100
88 73 89 113 88 43 52 77 1 86 290 199 0 1 322 10 7 142 144 16 0 0 0 2 0
求:12 出:14 数:5
一番高いモンスター: 111793
スコア: 49251100
94 73 92 114 92 45 53 79 1 86 290 199 0 1 322 10 7 142 144 16 0 0 0 3 0
一番高いモンスター: 111793
スコア: 49251100
94 73 92 114 92 45 53 79 1 86 290 199 0 1 322 10 7 142 144 16 0 0 0 3 0
求:12 出:14 数:5
一番高いモンスター: 111793
スコア: 49251100
94 73 92 114 92 45 53 79 1 86 290 199 0 1 322 10 7 142 144 16 0 0 0 3 0
一番高いモンスター: 111793
スコア: 49251100
94 73 92 114 92 45 53 79 1 86 290 199 0 1 322 10 7 142 144 16 0 0 0 3 0
求:12 出:14 数:5
一番高いモンスター: 111793
スコア: 49251100
94 73 92 114 92 45 53 79 1 86 290 199 0 1 322 10 7 142 144 16 0 0 0 3 0
求:16 出:18 数:5
一番高いモンスター: 111793
スコア: 49251100
94 73 92 114 92 45 53 79 1 86 290 199 0 1 322 10 7 142 144 16 0 0 0 3 0
求:12 出:14 数:5
一番高いモンスター: 111793
スコア: 49251100
94 73 92 114 92 45 53 79 1 86 290 199 0 1 322 10 7 142 144 16 0 0 0 3 0
一番高いモンスター: 111793
スコア: 49251100
94 73 92 114 92 45 53 79 1 86 290 199 0 1 322 10 7 142 144 16 0 0 0 3 0
求:12 出:14 数:5
一番高いモンスター: 111793
スコア: 49251100
94 73 92 114 92 45 53 79 1 86 290 199 5 1 322 10 7 142 144 16 0 0 0 3 0
求:16 出:18 数:5
一番高いモンスター: 174306
召喚 ID: 196
スコア: 49409734
94 73 92 114 92 45 53 79 1 86 287 196 0 1 319 10 7 142 144 16 0 0 0 3 0
求:12 出:18 数:5
一番高いモンスター: 111793
スコア: 49409734
96 75 93 116 94 47 53 81 1 86 287 197 4 1 321 10 7 144 140 16 0 0 0 4 0
求:16 出:17 数:5
一番高いモンスター: 129751
スコア: 49409734
96 75 93 116 94 47 53 81 1 86 287 197 4 1 321 10 7 144 140 16 0 0 0 4 0
求:13 出:17 数:5
一番高いモンスター: 129751
スコア: 49409734
96 75 93 116 94 47 53 81 1 86 287 197 4 6 321 10 7 139 140 16 0 0 0 4 0
求:16 出:18 数:5
一番高いモンスター: 187869
召喚 ID: 153
スコア: 49580557
96 75 93 116 94 47 53 81 1 86 285 191 2 1 321 10 7 139 140 16 0 0 0 4 0
求:13 出:14 数:5
一番高いモンスター: 129751
スコア: 49580557
96 75 93 116 94 47 53 81 1 86 285 191 2 1 321 10 7 139 140 16 0 0 0 4 0
一番高いモンスター: 129751
スコア: 49580557
96 75 93 116 94 47 53 81 1 86 285 191 2 1 321 10 7 139 140 16 0 0 0 4 0
求:13 出:18 数:5
一番高いモンスター: 129751
スコア: 49580557
96 75 93 116 94 47 53 81 1 86 285 191 2 6 321 10 7 139 135 16 0 0 0 4 0
一番高いモンスター: 187869
召喚 ID: 153
スコア: 49751329
96 75 93 116 94 47 53 81 1 86 283 185 0 1 321 10 7 139 135 16 0 0 0 4 0
求:12 出:14 数:5
一番高いモンスター: 111793
スコア: 49751329
96 75 93 116 94 47 53 81 1 86 283 185 0 1 321 10 7 139 135 16 0 0 0 4 0
求:16 出:17 数:5
一番高いモンスター: 111793
スコア: 49751329
98 76 95 120 97 48 53 82 1 86 284 188 1 1 322 10 7 140 135 16 0 0 0 4 0
求:12 出:17 数:5
一番高いモンスター: 111793
