スコア: 61949537
69 70 71 87 64 37 46 57 0 42 192 56 0 5 269 10 10 7 8 10 0 0 0 2 0
一番高いモンスター: 534239
召喚 ID: 113
スコア: 62368008
69 70 71 87 64 37 46 57 0 42 192 56 0 5 269 8 8 5 7 7 0 0 0 2 0
求:12 出:15 数:5
一番高いモンスター: 534239
召喚 ID: 113
スコア: 62786353
69 70 71 87 64 37 46 57 0 42 192 56 5 5 269 1 6 3 6 4 0 0 0 2 0
求:15 出:16 数:5
一番高いモンスター: 357845
召喚 ID: 109
スコア: 63131543
69 70 71 87 64 37 46 57 0 42 192 56 5 5 269 5 0 2 2 1 0 0 0 2 0
求:12 出:14 数:5
一番高いモンスター: 238767
召喚 ID: 57
スコア: 63353854
69 70 71 87 64 37 46 57 0 42 192 56 5 5 269 0 0 0 0 0 0 0 0 2 0
求:15 出:23 数:5
